[ 2016-11-21T01:30:18+08:00 ] ::1 /
INFO: [ app_begin ] --START--
INFO: Run Behavior\ReadHtmlCache [ RunTime:0.001000s ]
INFO: [ app_begin ] --END-- [ RunTime:0.001000s ]
SQL: SHOW COLUMNS FROM `df_product` [ RunTime:0.004000s ]
SQL: SELECT * FROM `df_product` ORDER BY sort desc,id desc LIMIT 0,4   [ RunTime:0.001000s ]
SQL: SHOW COLUMNS FROM `df_news` [ RunTime:0.003001s ]
SQL: SELECT * FROM `df_news` WHERE ( type=1 ) ORDER BY sort desc,id desc LIMIT 0,5   [ RunTime:0.000000s ]
SQL: SELECT * FROM `df_news` WHERE ( type=2 ) ORDER BY sort desc,id desc LIMIT 0,5   [ RunTime:0.000000s ]
SQL: SELECT * FROM `df_news` WHERE ( type=3 ) ORDER BY sort desc,id desc LIMIT 0,5   [ RunTime:0.000000s ]
SQL: SHOW COLUMNS FROM `df_case` [ RunTime:0.003000s ]
SQL: SELECT * FROM `df_case` ORDER BY sort desc,id desc LIMIT 0,5   [ RunTime:0.001000s ]
SQL: SELECT * FROM `df_case` ORDER BY sort desc,id desc LIMIT 5,2   [ RunTime:0.000000s ]
SQL: SELECT * FROM `df_case` ORDER BY sort desc,id desc LIMIT 7,4   [ RunTime:0.000000s ]
SQL: SHOW COLUMNS FROM `df_cooperative` [ RunTime:0.003000s ]
SQL: SELECT * FROM `df_cooperative` ORDER BY sort desc,id desc LIMIT 0,10   [ RunTime:0.001000s ]
INFO: [ view_parse ] --START--
INFO: [ template_filter ] --START--
INFO: Run Behavior\ContentReplace [ RunTime:0.000000s ]
INFO: [ template_filter ] --END-- [ RunTime:0.000000s ]
INFO: Run Behavior\ParseTemplate [ RunTime:0.019001s ]
INFO: [ view_parse ] --END-- [ RunTime:0.019001s ]
INFO: [ view_filter ] --START--
INFO: Run Behavior\WriteHtmlCache [ RunTime:0.001000s ]
INFO: [ view_filter ] --END-- [ RunTime:0.001000s ]
INFO: [ app_end ] --START--
INFO: Run Behavior\ShowPageTrace [ RunTime:0.001000s ]
INFO: [ app_end ] --END-- [ RunTime:0.001000s ]

[ 2016-11-21T01:30:19+08:00 ] ::1 /
INFO: [ app_begin ] --START--
INFO: Run Behavior\ReadHtmlCache [ RunTime:0.001000s ]
INFO: [ app_begin ] --END-- [ RunTime:0.001000s ]
SQL: SHOW COLUMNS FROM `df_product` [ RunTime:0.008000s ]
SQL: SELECT * FROM `df_product` ORDER BY sort desc,id desc LIMIT 0,4   [ RunTime:0.001001s ]
SQL: SHOW COLUMNS FROM `df_news` [ RunTime:0.008000s ]
SQL: SELECT * FROM `df_news` WHERE ( type=1 ) ORDER BY sort desc,id desc LIMIT 0,5   [ RunTime:0.002000s ]
SQL: SELECT * FROM `df_news` WHERE ( type=2 ) ORDER BY sort desc,id desc LIMIT 0,5   [ RunTime:0.001000s ]
SQL: SELECT * FROM `df_news` WHERE ( type=3 ) ORDER BY sort desc,id desc LIMIT 0,5   [ RunTime:0.001000s ]
SQL: SHOW COLUMNS FROM `df_case` [ RunTime:0.007001s ]
SQL: SELECT * FROM `df_case` ORDER BY sort desc,id desc LIMIT 0,5   [ RunTime:0.001000s ]
SQL: SELECT * FROM `df_case` ORDER BY sort desc,id desc LIMIT 5,2   [ RunTime:0.001000s ]
SQL: SELECT * FROM `df_case` ORDER BY sort desc,id desc LIMIT 7,4   [ RunTime:0.001000s ]
SQL: SHOW COLUMNS FROM `df_cooperative` [ RunTime:0.008000s ]
SQL: SELECT * FROM `df_cooperative` ORDER BY sort desc,id desc LIMIT 0,10   [ RunTime:0.000000s ]
INFO: [ view_parse ] --START--
INFO: [ template_filter ] --START--
INFO: Run Behavior\ContentReplace [ RunTime:0.000000s ]
INFO: [ template_filter ] --END-- [ RunTime:0.000000s ]
INFO: Run Behavior\ParseTemplate [ RunTime:0.028002s ]
INFO: [ view_parse ] --END-- [ RunTime:0.028002s ]
INFO: [ view_filter ] --START--
INFO: Run Behavior\WriteHtmlCache [ RunTime:0.001000s ]
INFO: [ view_filter ] --END-- [ RunTime:0.001000s ]
INFO: [ app_end ] --START--
INFO: Run Behavior\ShowPageTrace [ RunTime:0.001000s ]
INFO: [ app_end ] --END-- [ RunTime:0.001000s ]

[ 2016-11-21T01:30:22+08:00 ] ::1 /aboutus/index.html
INFO: [ app_begin ] --START--
INFO: Run Behavior\ReadHtmlCache [ RunTime:0.000000s ]
INFO: [ app_begin ] --END-- [ RunTime:0.000000s ]
SQL: SHOW COLUMNS FROM `df_honor` [ RunTime:0.004000s ]
SQL: SELECT * FROM `df_honor`  [ RunTime:0.001000s ]
SQL: SHOW COLUMNS FROM `df_show` [ RunTime:0.003000s ]
SQL: SELECT * FROM `df_show` WHERE ( id=1 ) LIMIT 1   [ RunTime:0.000000s ]
SQL: SELECT * FROM `df_show` WHERE ( id=2 ) LIMIT 1   [ RunTime:0.000000s ]
INFO: [ view_parse ] --START--
INFO: [ template_filter ] --START--
INFO: Run Behavior\ContentReplace [ RunTime:0.000000s ]
INFO: [ template_filter ] --END-- [ RunTime:0.000000s ]
INFO: Run Behavior\ParseTemplate [ RunTime:0.011001s ]
INFO: [ view_parse ] --END-- [ RunTime:0.011001s ]
INFO: [ view_filter ] --START--
INFO: Run Behavior\WriteHtmlCache [ RunTime:0.000000s ]
INFO: [ view_filter ] --END-- [ RunTime:0.000000s ]
INFO: [ app_end ] --START--
INFO: Run Behavior\ShowPageTrace [ RunTime:0.001000s ]
INFO: [ app_end ] --END-- [ RunTime:0.001000s ]

[ 2016-11-21T01:30:25+08:00 ] ::1 /index/index.html
INFO: [ app_begin ] --START--
INFO: Run Behavior\ReadHtmlCache [ RunTime:0.001000s ]
INFO: [ app_begin ] --END-- [ RunTime:0.002000s ]
SQL: SHOW COLUMNS FROM `df_product` [ RunTime:0.007001s ]
SQL: SELECT * FROM `df_product` ORDER BY sort desc,id desc LIMIT 0,4   [ RunTime:0.001000s ]
SQL: SHOW COLUMNS FROM `df_news` [ RunTime:0.006000s ]
SQL: SELECT * FROM `df_news` WHERE ( type=1 ) ORDER BY sort desc,id desc LIMIT 0,5   [ RunTime:0.001000s ]
SQL: SELECT * FROM `df_news` WHERE ( type=2 ) ORDER BY sort desc,id desc LIMIT 0,5   [ RunTime:0.000000s ]
SQL: SELECT * FROM `df_news` WHERE ( type=3 ) ORDER BY sort desc,id desc LIMIT 0,5   [ RunTime:0.001000s ]
SQL: SHOW COLUMNS FROM `df_case` [ RunTime:0.005001s ]
SQL: SELECT * FROM `df_case` ORDER BY sort desc,id desc LIMIT 0,5   [ RunTime:0.001000s ]
SQL: SELECT * FROM `df_case` ORDER BY sort desc,id desc LIMIT 5,2   [ RunTime:0.000000s ]
SQL: SELECT * FROM `df_case` ORDER BY sort desc,id desc LIMIT 7,4   [ RunTime:0.000000s ]
SQL: SHOW COLUMNS FROM `df_cooperative` [ RunTime:0.006000s ]
SQL: SELECT * FROM `df_cooperative` ORDER BY sort desc,id desc LIMIT 0,10   [ RunTime:0.001000s ]
INFO: [ view_parse ] --START--
INFO: [ template_filter ] --START--
INFO: Run Behavior\ContentReplace [ RunTime:0.000000s ]
INFO: [ template_filter ] --END-- [ RunTime:0.000000s ]
INFO: Run Behavior\ParseTemplate [ RunTime:0.035002s ]
INFO: [ view_parse ] --END-- [ RunTime:0.035002s ]
INFO: [ view_filter ] --START--
INFO: Run Behavior\WriteHtmlCache [ RunTime:0.001000s ]
INFO: [ view_filter ] --END-- [ RunTime:0.001000s ]
INFO: [ app_end ] --START--
INFO: Run Behavior\ShowPageTrace [ RunTime:0.001000s ]
INFO: [ app_end ] --END-- [ RunTime:0.002000s ]

[ 2016-11-21T01:30:49+08:00 ] ::1 /index/index.htmlhttp://localhost/index/index.html
INFO: [ app_begin ] --START--
INFO: Run Behavior\ReadHtmlCache [ RunTime:0.001000s ]
INFO: [ app_begin ] --END-- [ RunTime:0.001000s ]
ERR: 非法操作:index.htmlhttp:

[ 2016-11-21T01:30:52+08:00 ] ::1 /index/index.html
INFO: [ app_begin ] --START--
INFO: Run Behavior\ReadHtmlCache [ RunTime:0.000000s ]
INFO: [ app_begin ] --END-- [ RunTime:0.001001s ]
SQL: SHOW COLUMNS FROM `df_product` [ RunTime:0.010001s ]
SQL: SELECT * FROM `df_product` ORDER BY sort desc,id desc LIMIT 0,4   [ RunTime:0.001000s ]
SQL: SHOW COLUMNS FROM `df_news` [ RunTime:0.009001s ]
SQL: SELECT * FROM `df_news` WHERE ( type=1 ) ORDER BY sort desc,id desc LIMIT 0,5   [ RunTime:0.001000s ]
SQL: SELECT * FROM `df_news` WHERE ( type=2 ) ORDER BY sort desc,id desc LIMIT 0,5   [ RunTime:0.001000s ]
SQL: SELECT * FROM `df_news` WHERE ( type=3 ) ORDER BY sort desc,id desc LIMIT 0,5   [ RunTime:0.001000s ]
SQL: SHOW COLUMNS FROM `df_case` [ RunTime:0.009000s ]
SQL: SELECT * FROM `df_case` ORDER BY sort desc,id desc LIMIT 0,5   [ RunTime:0.000000s ]
SQL: SELECT * FROM `df_case` ORDER BY sort desc,id desc LIMIT 5,2   [ RunTime:0.001000s ]
SQL: SELECT * FROM `df_case` ORDER BY sort desc,id desc LIMIT 7,4   [ RunTime:0.001000s ]
SQL: SHOW COLUMNS FROM `df_cooperative` [ RunTime:0.009000s ]
SQL: SELECT * FROM `df_cooperative` ORDER BY sort desc,id desc LIMIT 0,10   [ RunTime:0.001000s ]
INFO: [ view_parse ] --START--
INFO: [ template_filter ] --START--
INFO: Run Behavior\ContentReplace [ RunTime:0.001000s ]
INFO: [ template_filter ] --END-- [ RunTime:0.001000s ]
INFO: Run Behavior\ParseTemplate [ RunTime:0.035002s ]
INFO: [ view_parse ] --END-- [ RunTime:0.035002s ]
INFO: [ view_filter ] --START--
INFO: Run Behavior\WriteHtmlCache [ RunTime:0.000000s ]
INFO: [ view_filter ] --END-- [ RunTime:0.000000s ]
INFO: [ app_end ] --START--
INFO: Run Behavior\ShowPageTrace [ RunTime:0.001000s ]
INFO: [ app_end ] --END-- [ RunTime:0.001000s ]

[ 2016-11-21T01:30:59+08:00 ] ::1 /index/index.html
INFO: [ app_begin ] --START--
INFO: Run Behavior\ReadHtmlCache [ RunTime:0.001000s ]
INFO: [ app_begin ] --END-- [ RunTime:0.001000s ]
SQL: SHOW COLUMNS FROM `df_product` [ RunTime:0.012001s ]
SQL: SELECT * FROM `df_product` ORDER BY sort desc,id desc LIMIT 0,4   [ RunTime:0.001000s ]
SQL: SHOW COLUMNS FROM `df_news` [ RunTime:0.011001s ]
SQL: SELECT * FROM `df_news` WHERE ( type=1 ) ORDER BY sort desc,id desc LIMIT 0,5   [ RunTime:0.002000s ]
SQL: SELECT * FROM `df_news` WHERE ( type=2 ) ORDER BY sort desc,id desc LIMIT 0,5   [ RunTime:0.000000s ]
SQL: SELECT * FROM `df_news` WHERE ( type=3 ) ORDER BY sort desc,id desc LIMIT 0,5   [ RunTime:0.001000s ]
SQL: SHOW COLUMNS FROM `df_case` [ RunTime:0.012001s ]
SQL: SELECT * FROM `df_case` ORDER BY sort desc,id desc LIMIT 0,5   [ RunTime:0.001000s ]
SQL: SELECT * FROM `df_case` ORDER BY sort desc,id desc LIMIT 5,2   [ RunTime:0.001000s ]
SQL: SELECT * FROM `df_case` ORDER BY sort desc,id desc LIMIT 7,4   [ RunTime:0.001000s ]
SQL: SHOW COLUMNS FROM `df_cooperative` [ RunTime:0.012001s ]
SQL: SELECT * FROM `df_cooperative` ORDER BY sort desc,id desc LIMIT 0,10   [ RunTime:0.001000s ]
INFO: [ view_parse ] --START--
INFO: [ template_filter ] --START--
INFO: Run Behavior\ContentReplace [ RunTime:0.001000s ]
INFO: [ template_filter ] --END-- [ RunTime:0.001000s ]
INFO: Run Behavior\ParseTemplate [ RunTime:0.045002s ]
INFO: [ view_parse ] --END-- [ RunTime:0.046002s ]
INFO: [ view_filter ] --START--
INFO: Run Behavior\WriteHtmlCache [ RunTime:0.000000s ]
INFO: [ view_filter ] --END-- [ RunTime:0.000000s ]
INFO: [ app_end ] --START--
INFO: Run Behavior\ShowPageTrace [ RunTime:0.001001s ]
INFO: [ app_end ] --END-- [ RunTime:0.001001s ]

[ 2016-11-21T01:31:38+08:00 ] ::1 /news/index.html
INFO: [ app_begin ] --START--
INFO: Run Behavior\ReadHtmlCache [ RunTime:0.001000s ]
INFO: [ app_begin ] --END-- [ RunTime:0.001000s ]
NOTIC: [2048] Declaration of Home\Controller\NewsController::show() should be compatible with that of Think\Controller::show() D:\phpStudy\WWW\Application\Home\Controller\NewsController.class.php 第 50 行.
SQL: SHOW COLUMNS FROM `df_news` [ RunTime:0.010000s ]
SQL: SELECT COUNT(*) AS tp_count FROM `df_news` WHERE ( `type` = 1 ) LIMIT 1   [ RunTime:0.000000s ]
SQL: SELECT * FROM `df_news` WHERE ( `type` = 1 ) ORDER BY sort desc,id desc LIMIT 0,15   [ RunTime:0.003001s ]
INFO: [ view_parse ] --START--
INFO: [ template_filter ] --START--
INFO: Run Behavior\ContentReplace [ RunTime:0.000000s ]
INFO: [ template_filter ] --END-- [ RunTime:0.000000s ]
INFO: Run Behavior\ParseTemplate [ RunTime:0.028001s ]
INFO: [ view_parse ] --END-- [ RunTime:0.028001s ]
INFO: [ view_filter ] --START--
INFO: Run Behavior\WriteHtmlCache [ RunTime:0.001000s ]
INFO: [ view_filter ] --END-- [ RunTime:0.001000s ]
INFO: [ app_end ] --START--
INFO: Run Behavior\ShowPageTrace [ RunTime:0.001000s ]
INFO: [ app_end ] --END-- [ RunTime:0.001000s ]

[ 2016-11-21T01:31:40+08:00 ] ::1 /product/index.html
INFO: [ app_begin ] --START--
INFO: Run Behavior\ReadHtmlCache [ RunTime:0.000000s ]
INFO: [ app_begin ] --END-- [ RunTime:0.002000s ]
NOTIC: [2048] Declaration of Home\Controller\ProductController::show() should be compatible with that of Think\Controller::show() D:\phpStudy\WWW\Application\Home\Controller\ProductController.class.php 第 52 行.
SQL: SHOW COLUMNS FROM `df_product` [ RunTime:0.009000s ]
SQL: SELECT COUNT(*) AS tp_count FROM `df_product` WHERE ( `type` = 1 ) LIMIT 1   [ RunTime:0.001000s ]
SQL: SELECT * FROM `df_product` WHERE ( `type` = 1 ) ORDER BY sort desc,id desc LIMIT 0,12   [ RunTime:0.002000s ]
INFO: [ view_parse ] --START--
INFO: [ template_filter ] --START--
INFO: Run Behavior\ContentReplace [ RunTime:0.000000s ]
INFO: [ template_filter ] --END-- [ RunTime:0.000000s ]
INFO: Run Behavior\ParseTemplate [ RunTime:0.031002s ]
INFO: [ view_parse ] --END-- [ RunTime:0.031002s ]
INFO: [ view_filter ] --START--
INFO: Run Behavior\WriteHtmlCache [ RunTime:0.000000s ]
INFO: [ view_filter ] --END-- [ RunTime:0.002000s ]
INFO: [ app_end ] --START--
INFO: Run Behavior\ShowPageTrace [ RunTime:0.001000s ]
INFO: [ app_end ] --END-- [ RunTime:0.001000s ]

[ 2016-11-21T18:40:07+08:00 ] ::1 /about/index.html
INFO: [ app_begin ] --START--
INFO: Run Behavior\ReadHtmlCache [ RunTime:0.000000s ]
INFO: [ app_begin ] --END-- [ RunTime:0.000000s ]
ERR: 无法加载控制器:About

[ 2016-11-21T18:40:08+08:00 ] ::1 /
INFO: [ app_begin ] --START--
INFO: Run Behavior\ReadHtmlCache [ RunTime:0.000000s ]
INFO: [ app_begin ] --END-- [ RunTime:0.000000s ]
SQL: SHOW COLUMNS FROM `df_product` [ RunTime:0.008001s ]
SQL: SELECT * FROM `df_product` ORDER BY sort desc,id desc LIMIT 0,4   [ RunTime:0.002000s ]
SQL: SHOW COLUMNS FROM `df_news` [ RunTime:0.007000s ]
SQL: SELECT * FROM `df_news` WHERE ( type=1 ) ORDER BY sort desc,id desc LIMIT 0,5   [ RunTime:0.002000s ]
SQL: SELECT * FROM `df_news` WHERE ( type=2 ) ORDER BY sort desc,id desc LIMIT 0,5   [ RunTime:0.000000s ]
SQL: SELECT * FROM `df_news` WHERE ( type=3 ) ORDER BY sort desc,id desc LIMIT 0,5   [ RunTime:0.000000s ]
SQL: SHOW COLUMNS FROM `df_case` [ RunTime:0.005001s ]
SQL: SELECT * FROM `df_case` ORDER BY sort desc,id desc LIMIT 0,5   [ RunTime:0.001000s ]
SQL: SELECT * FROM `df_case` ORDER BY sort desc,id desc LIMIT 5,2   [ RunTime:0.000000s ]
SQL: SELECT * FROM `df_case` ORDER BY sort desc,id desc LIMIT 7,4   [ RunTime:0.000000s ]
SQL: SHOW COLUMNS FROM `df_cooperative` [ RunTime:0.004000s ]
SQL: SELECT * FROM `df_cooperative` ORDER BY sort desc,id desc LIMIT 0,10   [ RunTime:0.001000s ]
INFO: [ view_parse ] --START--
INFO: [ template_filter ] --START--
INFO: Run Behavior\ContentReplace [ RunTime:0.000000s ]
INFO: [ template_filter ] --END-- [ RunTime:0.000000s ]
INFO: Run Behavior\ParseTemplate [ RunTime:0.027002s ]
INFO: [ view_parse ] --END-- [ RunTime:0.027002s ]
INFO: [ view_filter ] --START--
INFO: Run Behavior\WriteHtmlCache [ RunTime:0.000000s ]
INFO: [ view_filter ] --END-- [ RunTime:0.000000s ]
INFO: [ app_end ] --START--
INFO: Run Behavior\ShowPageTrace [ RunTime:0.001000s ]
INFO: [ app_end ] --END-- [ RunTime:0.001000s ]

[ 2016-11-21T18:40:09+08:00 ] ::1 /
INFO: [ app_begin ] --START--
INFO: Run Behavior\ReadHtmlCache [ RunTime:0.001000s ]
INFO: [ app_begin ] --END-- [ RunTime:0.001000s ]
SQL: SHOW COLUMNS FROM `df_product` [ RunTime:0.008000s ]
SQL: SELECT * FROM `df_product` ORDER BY sort desc,id desc LIMIT 0,4   [ RunTime:0.001000s ]
SQL: SHOW COLUMNS FROM `df_news` [ RunTime:0.007001s ]
SQL: SELECT * FROM `df_news` WHERE ( type=1 ) ORDER BY sort desc,id desc LIMIT 0,5   [ RunTime:0.002000s ]
SQL: SELECT * FROM `df_news` WHERE ( type=2 ) ORDER BY sort desc,id desc LIMIT 0,5   [ RunTime:0.001000s ]
SQL: SELECT * FROM `df_news` WHERE ( type=3 ) ORDER BY sort desc,id desc LIMIT 0,5   [ RunTime:0.000000s ]
SQL: SHOW COLUMNS FROM `df_case` [ RunTime:0.006000s ]
SQL: SELECT * FROM `df_case` ORDER BY sort desc,id desc LIMIT 0,5   [ RunTime:0.001000s ]
SQL: SELECT * FROM `df_case` ORDER BY sort desc,id desc LIMIT 5,2   [ RunTime:0.001000s ]
SQL: SELECT * FROM `df_case` ORDER BY sort desc,id desc LIMIT 7,4   [ RunTime:0.001000s ]
SQL: SHOW COLUMNS FROM `df_cooperative` [ RunTime:0.005001s ]
SQL: SELECT * FROM `df_cooperative` ORDER BY sort desc,id desc LIMIT 0,10   [ RunTime:0.000000s ]
INFO: [ view_parse ] --START--
INFO: [ template_filter ] --START--
INFO: Run Behavior\ContentReplace [ RunTime:0.000000s ]
INFO: [ template_filter ] --END-- [ RunTime:0.001000s ]
INFO: Run Behavior\ParseTemplate [ RunTime:0.034002s ]
INFO: [ view_parse ] --END-- [ RunTime:0.034002s ]
INFO: [ view_filter ] --START--
INFO: Run Behavior\WriteHtmlCache [ RunTime:0.000000s ]
INFO: [ view_filter ] --END-- [ RunTime:0.001000s ]
INFO: [ app_end ] --START--
INFO: Run Behavior\ShowPageTrace [ RunTime:0.001000s ]
INFO: [ app_end ] --END-- [ RunTime:0.001000s ]

