[ 2016-11-20T00:28:27+08:00 ] ::1 /
INFO: [ app_begin ] --START--
INFO: Run Behavior\ReadHtmlCache [ RunTime:0.001000s ]
INFO: [ app_begin ] --END-- [ RunTime:0.002000s ]
SQL: SHOW COLUMNS FROM `df_product` [ RunTime:0.009000s ]
SQL: SELECT * FROM `df_product` ORDER BY sort desc,id desc LIMIT 0,4   [ RunTime:0.002000s ]
SQL: SHOW COLUMNS FROM `df_news` [ RunTime:0.006001s ]
SQL: SELECT * FROM `df_news` WHERE ( type=1 ) ORDER BY sort desc,id desc LIMIT 0,5   [ RunTime:0.002000s ]
SQL: SELECT * FROM `df_news` WHERE ( type=2 ) ORDER BY sort desc,id desc LIMIT 0,5   [ RunTime:0.000000s ]
SQL: SELECT * FROM `df_news` WHERE ( type=3 ) ORDER BY sort desc,id desc LIMIT 0,5   [ RunTime:0.000000s ]
SQL: SHOW COLUMNS FROM `df_case` [ RunTime:0.004000s ]
SQL: SELECT * FROM `df_case` ORDER BY sort desc,id desc LIMIT 0,5   [ RunTime:0.001000s ]
SQL: SELECT * FROM `df_case` ORDER BY sort desc,id desc LIMIT 5,2   [ RunTime:0.000000s ]
SQL: SELECT * FROM `df_case` ORDER BY sort desc,id desc LIMIT 7,4   [ RunTime:0.000000s ]
SQL: SHOW COLUMNS FROM `df_cooperative` [ RunTime:0.004000s ]
SQL: SELECT * FROM `df_cooperative` ORDER BY sort desc,id desc LIMIT 0,10   [ RunTime:0.000000s ]
INFO: [ view_parse ] --START--
INFO: [ template_filter ] --START--
INFO: Run Behavior\ContentReplace [ RunTime:0.000000s ]
INFO: [ template_filter ] --END-- [ RunTime:0.000000s ]
INFO: Run Behavior\ParseTemplate [ RunTime:0.022002s ]
INFO: [ view_parse ] --END-- [ RunTime:0.022002s ]
INFO: [ view_filter ] --START--
INFO: Run Behavior\WriteHtmlCache [ RunTime:0.000000s ]
INFO: [ view_filter ] --END-- [ RunTime:0.000000s ]
INFO: [ app_end ] --START--
INFO: Run Behavior\ShowPageTrace [ RunTime:0.001000s ]
INFO: [ app_end ] --END-- [ RunTime:0.001000s ]

[ 2016-11-20T00:28:39+08:00 ] ::1 /
INFO: [ app_begin ] --START--
INFO: Run Behavior\ReadHtmlCache [ RunTime:0.000000s ]
INFO: [ app_begin ] --END-- [ RunTime:0.000000s ]
SQL: SHOW COLUMNS FROM `df_product` [ RunTime:0.003000s ]
SQL: SELECT * FROM `df_product` ORDER BY sort desc,id desc LIMIT 0,4   [ RunTime:0.001000s ]
SQL: SHOW COLUMNS FROM `df_news` [ RunTime:0.002000s ]
SQL: SELECT * FROM `df_news` WHERE ( type=1 ) ORDER BY sort desc,id desc LIMIT 0,5   [ RunTime:0.001000s ]
SQL: SELECT * FROM `df_news` WHERE ( type=2 ) ORDER BY sort desc,id desc LIMIT 0,5   [ RunTime:0.000000s ]
SQL: SELECT * FROM `df_news` WHERE ( type=3 ) ORDER BY sort desc,id desc LIMIT 0,5   [ RunTime:0.000000s ]
SQL: SHOW COLUMNS FROM `df_case` [ RunTime:0.003000s ]
SQL: SELECT * FROM `df_case` ORDER BY sort desc,id desc LIMIT 0,5   [ RunTime:0.000000s ]
SQL: SELECT * FROM `df_case` ORDER BY sort desc,id desc LIMIT 5,2   [ RunTime:0.000000s ]
SQL: SELECT * FROM `df_case` ORDER BY sort desc,id desc LIMIT 7,4   [ RunTime:0.000000s ]
SQL: SHOW COLUMNS FROM `df_cooperative` [ RunTime:0.002000s ]
SQL: SELECT * FROM `df_cooperative` ORDER BY sort desc,id desc LIMIT 0,10   [ RunTime:0.001000s ]
INFO: [ view_parse ] --START--
INFO: [ template_filter ] --START--
INFO: Run Behavior\ContentReplace [ RunTime:0.000000s ]
INFO: [ template_filter ] --END-- [ RunTime:0.000000s ]
INFO: Run Behavior\ParseTemplate [ RunTime:0.017001s ]
INFO: [ view_parse ] --END-- [ RunTime:0.017001s ]
INFO: [ view_filter ] --START--
INFO: Run Behavior\WriteHtmlCache [ RunTime:0.000000s ]
INFO: [ view_filter ] --END-- [ RunTime:0.000000s ]
INFO: [ app_end ] --START--
INFO: Run Behavior\ShowPageTrace [ RunTime:0.001000s ]
INFO: [ app_end ] --END-- [ RunTime:0.001000s ]

[ 2016-11-20T00:35:18+08:00 ] ::1 /
INFO: [ app_begin ] --START--
INFO: Run Behavior\ReadHtmlCache [ RunTime:0.000000s ]
INFO: [ app_begin ] --END-- [ RunTime:0.000000s ]
SQL: SHOW COLUMNS FROM `df_product` [ RunTime:0.012000s ]
SQL: SELECT * FROM `df_product` ORDER BY sort desc,id desc LIMIT 0,4   [ RunTime:0.002000s ]
SQL: SHOW COLUMNS FROM `df_news` [ RunTime:0.008001s ]
SQL: SELECT * FROM `df_news` WHERE ( type=1 ) ORDER BY sort desc,id desc LIMIT 0,5   [ RunTime:0.001000s ]
SQL: SELECT * FROM `df_news` WHERE ( type=2 ) ORDER BY sort desc,id desc LIMIT 0,5   [ RunTime:0.000000s ]
SQL: SELECT * FROM `df_news` WHERE ( type=3 ) ORDER BY sort desc,id desc LIMIT 0,5   [ RunTime:0.001000s ]
SQL: SHOW COLUMNS FROM `df_case` [ RunTime:0.008001s ]
SQL: SELECT * FROM `df_case` ORDER BY sort desc,id desc LIMIT 0,5   [ RunTime:0.000000s ]
SQL: SELECT * FROM `df_case` ORDER BY sort desc,id desc LIMIT 5,2   [ RunTime:0.000000s ]
SQL: SELECT * FROM `df_case` ORDER BY sort desc,id desc LIMIT 7,4   [ RunTime:0.000000s ]
SQL: SHOW COLUMNS FROM `df_cooperative` [ RunTime:0.008000s ]
SQL: SELECT * FROM `df_cooperative` ORDER BY sort desc,id desc LIMIT 0,10   [ RunTime:0.001000s ]
INFO: [ view_parse ] --START--
INFO: [ template_filter ] --START--
INFO: Run Behavior\ContentReplace [ RunTime:0.000000s ]
INFO: [ template_filter ] --END-- [ RunTime:0.000000s ]
INFO: Run Behavior\ParseTemplate [ RunTime:0.048003s ]
INFO: [ view_parse ] --END-- [ RunTime:0.048003s ]
INFO: [ view_filter ] --START--
INFO: Run Behavior\WriteHtmlCache [ RunTime:0.001000s ]
INFO: [ view_filter ] --END-- [ RunTime:0.001000s ]
INFO: [ app_end ] --START--
INFO: Run Behavior\ShowPageTrace [ RunTime:0.001000s ]
INFO: [ app_end ] --END-- [ RunTime:0.001000s ]

[ 2016-11-20T00:37:32+08:00 ] ::1 /
INFO: [ app_begin ] --START--
INFO: Run Behavior\ReadHtmlCache [ RunTime:0.001000s ]
INFO: [ app_begin ] --END-- [ RunTime:0.001000s ]
SQL: SHOW COLUMNS FROM `df_product` [ RunTime:0.011001s ]
SQL: SELECT * FROM `df_product` ORDER BY sort desc,id desc LIMIT 0,4   [ RunTime:0.001000s ]
SQL: SHOW COLUMNS FROM `df_news` [ RunTime:0.008001s ]
SQL: SELECT * FROM `df_news` WHERE ( type=1 ) ORDER BY sort desc,id desc LIMIT 0,5   [ RunTime:0.001000s ]
SQL: SELECT * FROM `df_news` WHERE ( type=2 ) ORDER BY sort desc,id desc LIMIT 0,5   [ RunTime:0.001000s ]
SQL: SELECT * FROM `df_news` WHERE ( type=3 ) ORDER BY sort desc,id desc LIMIT 0,5   [ RunTime:0.001000s ]
SQL: SHOW COLUMNS FROM `df_case` [ RunTime:0.009000s ]
SQL: SELECT * FROM `df_case` ORDER BY sort desc,id desc LIMIT 0,5   [ RunTime:0.001000s ]
SQL: SELECT * FROM `df_case` ORDER BY sort desc,id desc LIMIT 5,2   [ RunTime:0.001000s ]
SQL: SELECT * FROM `df_case` ORDER BY sort desc,id desc LIMIT 7,4   [ RunTime:0.001000s ]
SQL: SHOW COLUMNS FROM `df_cooperative` [ RunTime:0.007000s ]
SQL: SELECT * FROM `df_cooperative` ORDER BY sort desc,id desc LIMIT 0,10   [ RunTime:0.000000s ]
INFO: [ view_parse ] --START--
INFO: [ template_filter ] --START--
INFO: Run Behavior\ContentReplace [ RunTime:0.000000s ]
INFO: [ template_filter ] --END-- [ RunTime:0.000000s ]
INFO: Run Behavior\ParseTemplate [ RunTime:0.036002s ]
INFO: [ view_parse ] --END-- [ RunTime:0.036002s ]
INFO: [ view_filter ] --START--
INFO: Run Behavior\WriteHtmlCache [ RunTime:0.001000s ]
INFO: [ view_filter ] --END-- [ RunTime:0.001000s ]
INFO: [ app_end ] --START--
INFO: Run Behavior\ShowPageTrace [ RunTime:0.001000s ]
INFO: [ app_end ] --END-- [ RunTime:0.001000s ]

[ 2016-11-20T01:05:17+08:00 ] 127.0.0.1 /%E3%80%90%E6%AF%8F%E6%97%A5%E6%9B%B4%E6%96%B0pv130.com%E3%80%91081811_158-1pon-whole1.avi
INFO: [ app_begin ] --START--
INFO: Run Behavior\ReadHtmlCache [ RunTime:0.001000s ]
INFO: [ app_begin ] --END-- [ RunTime:0.001000s ]
ERR: 无法加载控制器:【每日更新pv130.com】081811_158-1pon-whole1.avi

[ 2016-11-20T01:05:17+08:00 ] 127.0.0.1 /【每日更新pv130.com】081811_158-1pon-whole1.avi
INFO: [ app_begin ] --START--
INFO: Run Behavior\ReadHtmlCache [ RunTime:0.000000s ]
INFO: [ app_begin ] --END-- [ RunTime:0.001000s ]
ERR: 无法加载控制器:【每日更新pv130.com】081811_158-1pon-whole1.avi

[ 2016-11-20T01:05:18+08:00 ] 127.0.0.1 /%E3%80%90%E6%AF%8F%E6%97%A5%E6%9B%B4%E6%96%B0pv130.com%E3%80%91081811_158-1pon-whole1.avi
INFO: [ app_begin ] --START--
INFO: Run Behavior\ReadHtmlCache [ RunTime:0.000000s ]
INFO: [ app_begin ] --END-- [ RunTime:0.000000s ]
ERR: 无法加载控制器:【每日更新pv130.com】081811_158-1pon-whole1.avi

[ 2016-11-20T01:05:18+08:00 ] 127.0.0.1 /【每日更新pv130.com】081811_158-1pon-whole1.avi
INFO: [ app_begin ] --START--
INFO: Run Behavior\ReadHtmlCache [ RunTime:0.001000s ]
INFO: [ app_begin ] --END-- [ RunTime:0.001000s ]
ERR: 无法加载控制器:【每日更新pv130.com】081811_158-1pon-whole1.avi

[ 2016-11-20T01:05:18+08:00 ] 127.0.0.1 /%E3%80%90%E6%AF%8F%E6%97%A5%E6%9B%B4%E6%96%B0pv130.com%E3%80%91081811_158-1pon-whole1.avi
INFO: [ app_begin ] --START--
INFO: Run Behavior\ReadHtmlCache [ RunTime:0.000000s ]
INFO: [ app_begin ] --END-- [ RunTime:0.000000s ]
ERR: 无法加载控制器:【每日更新pv130.com】081811_158-1pon-whole1.avi

[ 2016-11-20T01:05:19+08:00 ] 127.0.0.1 /【每日更新pv130.com】081811_158-1pon-whole1.avi
INFO: [ app_begin ] --START--
INFO: Run Behavior\ReadHtmlCache [ RunTime:0.001000s ]
INFO: [ app_begin ] --END-- [ RunTime:0.001000s ]
ERR: 无法加载控制器:【每日更新pv130.com】081811_158-1pon-whole1.avi

[ 2016-11-20T01:05:19+08:00 ] 127.0.0.1 /%E3%80%90%E6%AF%8F%E6%97%A5%E6%9B%B4%E6%96%B0pv130.com%E3%80%91081811_158-1pon-whole1.avi
INFO: [ app_begin ] --START--
INFO: Run Behavior\ReadHtmlCache [ RunTime:0.000000s ]
INFO: [ app_begin ] --END-- [ RunTime:0.001000s ]
ERR: 无法加载控制器:【每日更新pv130.com】081811_158-1pon-whole1.avi

[ 2016-11-20T01:05:19+08:00 ] 127.0.0.1 /【每日更新pv130.com】081811_158-1pon-whole1.avi
INFO: [ app_begin ] --START--
INFO: Run Behavior\ReadHtmlCache [ RunTime:0.000000s ]
INFO: [ app_begin ] --END-- [ RunTime:0.000000s ]
ERR: 无法加载控制器:【每日更新pv130.com】081811_158-1pon-whole1.avi

[ 2016-11-20T01:05:19+08:00 ] 127.0.0.1 /%E3%80%90%E6%AF%8F%E6%97%A5%E6%9B%B4%E6%96%B0pv130.com%E3%80%91081811_158-1pon-whole1.avi
INFO: [ app_begin ] --START--
INFO: Run Behavior\ReadHtmlCache [ RunTime:0.000000s ]
INFO: [ app_begin ] --END-- [ RunTime:0.000000s ]
ERR: 无法加载控制器:【每日更新pv130.com】081811_158-1pon-whole1.avi

[ 2016-11-20T01:05:19+08:00 ] 127.0.0.1 /【每日更新pv130.com】081811_158-1pon-whole1.avi
INFO: [ app_begin ] --START--
INFO: Run Behavior\ReadHtmlCache [ RunTime:0.001000s ]
INFO: [ app_begin ] --END-- [ RunTime:0.001000s ]
ERR: 无法加载控制器:【每日更新pv130.com】081811_158-1pon-whole1.avi

[ 2016-11-20T01:05:19+08:00 ] 127.0.0.1 /%E3%80%90%E6%AF%8F%E6%97%A5%E6%9B%B4%E6%96%B0pv130.com%E3%80%91081811_158-1pon-whole1.avi
INFO: [ app_begin ] --START--
INFO: Run Behavior\ReadHtmlCache [ RunTime:0.000000s ]
INFO: [ app_begin ] --END-- [ RunTime:0.001000s ]
ERR: 无法加载控制器:【每日更新pv130.com】081811_158-1pon-whole1.avi

[ 2016-11-20T01:05:19+08:00 ] 127.0.0.1 /【每日更新pv130.com】081811_158-1pon-whole1.avi
INFO: [ app_begin ] --START--
INFO: Run Behavior\ReadHtmlCache [ RunTime:0.001000s ]
INFO: [ app_begin ] --END-- [ RunTime:0.001000s ]
ERR: 无法加载控制器:【每日更新pv130.com】081811_158-1pon-whole1.avi

[ 2016-11-20T01:05:19+08:00 ] 127.0.0.1 /%E3%80%90%E6%AF%8F%E6%97%A5%E6%9B%B4%E6%96%B0pv130.com%E3%80%91081811_158-1pon-whole1.avi
INFO: [ app_begin ] --START--
INFO: Run Behavior\ReadHtmlCache [ RunTime:0.000000s ]
INFO: [ app_begin ] --END-- [ RunTime:0.000000s ]
ERR: 无法加载控制器:【每日更新pv130.com】081811_158-1pon-whole1.avi

[ 2016-11-20T01:05:19+08:00 ] 127.0.0.1 /【每日更新pv130.com】081811_158-1pon-whole1.avi
INFO: [ app_begin ] --START--
INFO: Run Behavior\ReadHtmlCache [ RunTime:0.000000s ]
INFO: [ app_begin ] --END-- [ RunTime:0.000000s ]
ERR: 无法加载控制器:【每日更新pv130.com】081811_158-1pon-whole1.avi

[ 2016-11-20T01:05:19+08:00 ] 127.0.0.1 /%E3%80%90%E6%AF%8F%E6%97%A5%E6%9B%B4%E6%96%B0pv130.com%E3%80%91081811_158-1pon-whole1.avi
INFO: [ app_begin ] --START--
INFO: Run Behavior\ReadHtmlCache [ RunTime:0.000000s ]
INFO: [ app_begin ] --END-- [ RunTime:0.000000s ]
ERR: 无法加载控制器:【每日更新pv130.com】081811_158-1pon-whole1.avi

[ 2016-11-20T01:05:19+08:00 ] 127.0.0.1 /【每日更新pv130.com】081811_158-1pon-whole1.avi
INFO: [ app_begin ] --START--
INFO: Run Behavior\ReadHtmlCache [ RunTime:0.000000s ]
INFO: [ app_begin ] --END-- [ RunTime:0.001000s ]
ERR: 无法加载控制器:【每日更新pv130.com】081811_158-1pon-whole1.avi

[ 2016-11-20T01:05:19+08:00 ] 127.0.0.1 /%E3%80%90%E6%AF%8F%E6%97%A5%E6%9B%B4%E6%96%B0pv130.com%E3%80%91081811_158-1pon-whole1.avi
INFO: [ app_begin ] --START--
INFO: Run Behavior\ReadHtmlCache [ RunTime:0.001001s ]
INFO: [ app_begin ] --END-- [ RunTime:0.001001s ]
ERR: 无法加载控制器:【每日更新pv130.com】081811_158-1pon-whole1.avi

[ 2016-11-20T01:05:19+08:00 ] 127.0.0.1 /【每日更新pv130.com】081811_158-1pon-whole1.avi
INFO: [ app_begin ] --START--
INFO: Run Behavior\ReadHtmlCache [ RunTime:0.000000s ]
INFO: [ app_begin ] --END-- [ RunTime:0.001000s ]
ERR: 无法加载控制器:【每日更新pv130.com】081811_158-1pon-whole1.avi

[ 2016-11-20T01:05:19+08:00 ] 127.0.0.1 /%E3%80%90%E6%AF%8F%E6%97%A5%E6%9B%B4%E6%96%B0pv130.com%E3%80%91081811_158-1pon-whole1.avi
INFO: [ app_begin ] --START--
INFO: Run Behavior\ReadHtmlCache [ RunTime:0.000000s ]
INFO: [ app_begin ] --END-- [ RunTime:0.000000s ]
ERR: 无法加载控制器:【每日更新pv130.com】081811_158-1pon-whole1.avi

[ 2016-11-20T01:05:19+08:00 ] 127.0.0.1 /【每日更新pv130.com】081811_158-1pon-whole1.avi
INFO: [ app_begin ] --START--
INFO: Run Behavior\ReadHtmlCache [ RunTime:0.000000s ]
INFO: [ app_begin ] --END-- [ RunTime:0.001000s ]
ERR: 无法加载控制器:【每日更新pv130.com】081811_158-1pon-whole1.avi

[ 2016-11-20T01:05:19+08:00 ] 127.0.0.1 /%E3%80%90%E6%AF%8F%E6%97%A5%E6%9B%B4%E6%96%B0pv130.com%E3%80%91081811_158-1pon-whole1.avi
INFO: [ app_begin ] --START--
INFO: Run Behavior\ReadHtmlCache [ RunTime:0.001000s ]
INFO: [ app_begin ] --END-- [ RunTime:0.001000s ]
ERR: 无法加载控制器:【每日更新pv130.com】081811_158-1pon-whole1.avi

[ 2016-11-20T01:05:19+08:00 ] 127.0.0.1 /【每日更新pv130.com】081811_158-1pon-whole1.avi
INFO: [ app_begin ] --START--
INFO: Run Behavior\ReadHtmlCache [ RunTime:0.000000s ]
INFO: [ app_begin ] --END-- [ RunTime:0.000000s ]
ERR: 无法加载控制器:【每日更新pv130.com】081811_158-1pon-whole1.avi

[ 2016-11-20T01:05:19+08:00 ] 127.0.0.1 /%E3%80%90%E6%AF%8F%E6%97%A5%E6%9B%B4%E6%96%B0pv130.com%E3%80%91081811_158-1pon-whole1.avi
INFO: [ app_begin ] --START--
INFO: Run Behavior\ReadHtmlCache [ RunTime:0.000000s ]
INFO: [ app_begin ] --END-- [ RunTime:0.001000s ]
ERR: 无法加载控制器:【每日更新pv130.com】081811_158-1pon-whole1.avi

[ 2016-11-20T01:05:19+08:00 ] 127.0.0.1 /【每日更新pv130.com】081811_158-1pon-whole1.avi
INFO: [ app_begin ] --START--
INFO: Run Behavior\ReadHtmlCache [ RunTime:0.001000s ]
INFO: [ app_begin ] --END-- [ RunTime:0.001000s ]
ERR: 无法加载控制器:【每日更新pv130.com】081811_158-1pon-whole1.avi

[ 2016-11-20T01:05:20+08:00 ] 127.0.0.1 /%E3%80%90%E6%AF%8F%E6%97%A5%E6%9B%B4%E6%96%B0pv130.com%E3%80%91081811_158-1pon-whole1.avi
INFO: [ app_begin ] --START--
INFO: Run Behavior\ReadHtmlCache [ RunTime:0.001000s ]
INFO: [ app_begin ] --END-- [ RunTime:0.001000s ]
ERR: 无法加载控制器:【每日更新pv130.com】081811_158-1pon-whole1.avi

[ 2016-11-20T01:05:20+08:00 ] 127.0.0.1 /【每日更新pv130.com】081811_158-1pon-whole1.avi
INFO: [ app_begin ] --START--
INFO: Run Behavior\ReadHtmlCache [ RunTime:0.000000s ]
INFO: [ app_begin ] --END-- [ RunTime:0.000000s ]
ERR: 无法加载控制器:【每日更新pv130.com】081811_158-1pon-whole1.avi

[ 2016-11-20T01:05:20+08:00 ] 127.0.0.1 /%E3%80%90%E6%AF%8F%E6%97%A5%E6%9B%B4%E6%96%B0pv130.com%E3%80%91081811_158-1pon-whole1.avi
INFO: [ app_begin ] --START--
INFO: Run Behavior\ReadHtmlCache [ RunTime:0.001000s ]
INFO: [ app_begin ] --END-- [ RunTime:0.001000s ]
ERR: 无法加载控制器:【每日更新pv130.com】081811_158-1pon-whole1.avi

[ 2016-11-20T01:05:20+08:00 ] 127.0.0.1 /【每日更新pv130.com】081811_158-1pon-whole1.avi
INFO: [ app_begin ] --START--
INFO: Run Behavior\ReadHtmlCache [ RunTime:0.000000s ]
INFO: [ app_begin ] --END-- [ RunTime:0.000000s ]
ERR: 无法加载控制器:【每日更新pv130.com】081811_158-1pon-whole1.avi

[ 2016-11-20T01:05:20+08:00 ] 127.0.0.1 /%E3%80%90%E6%AF%8F%E6%97%A5%E6%9B%B4%E6%96%B0pv130.com%E3%80%91081811_158-1pon-whole1.avi
INFO: [ app_begin ] --START--
INFO: Run Behavior\ReadHtmlCache [ RunTime:0.001000s ]
INFO: [ app_begin ] --END-- [ RunTime:0.001000s ]
ERR: 无法加载控制器:【每日更新pv130.com】081811_158-1pon-whole1.avi

[ 2016-11-20T01:05:20+08:00 ] 127.0.0.1 /【每日更新pv130.com】081811_158-1pon-whole1.avi
INFO: [ app_begin ] --START--
INFO: Run Behavior\ReadHtmlCache [ RunTime:0.001000s ]
INFO: [ app_begin ] --END-- [ RunTime:0.002000s ]
ERR: 无法加载控制器:【每日更新pv130.com】081811_158-1pon-whole1.avi

[ 2016-11-20T01:05:20+08:00 ] 127.0.0.1 /%E3%80%90%E6%AF%8F%E6%97%A5%E6%9B%B4%E6%96%B0pv130.com%E3%80%91081811_158-1pon-whole1.avi
INFO: [ app_begin ] --START--
INFO: Run Behavior\ReadHtmlCache [ RunTime:0.000000s ]
INFO: [ app_begin ] --END-- [ RunTime:0.001000s ]
ERR: 无法加载控制器:【每日更新pv130.com】081811_158-1pon-whole1.avi

[ 2016-11-20T01:05:20+08:00 ] 127.0.0.1 /【每日更新pv130.com】081811_158-1pon-whole1.avi
INFO: [ app_begin ] --START--
INFO: Run Behavior\ReadHtmlCache [ RunTime:0.000000s ]
INFO: [ app_begin ] --END-- [ RunTime:0.000000s ]
ERR: 无法加载控制器:【每日更新pv130.com】081811_158-1pon-whole1.avi

[ 2016-11-20T01:05:20+08:00 ] 127.0.0.1 /%E3%80%90%E6%AF%8F%E6%97%A5%E6%9B%B4%E6%96%B0pv130.com%E3%80%91081811_158-1pon-whole1.avi
INFO: [ app_begin ] --START--
INFO: Run Behavior\ReadHtmlCache [ RunTime:0.000000s ]
INFO: [ app_begin ] --END-- [ RunTime:0.000000s ]
ERR: 无法加载控制器:【每日更新pv130.com】081811_158-1pon-whole1.avi

[ 2016-11-20T01:05:20+08:00 ] 127.0.0.1 /【每日更新pv130.com】081811_158-1pon-whole1.avi
INFO: [ app_begin ] --START--
INFO: Run Behavior\ReadHtmlCache [ RunTime:0.001000s ]
INFO: [ app_begin ] --END-- [ RunTime:0.001000s ]
ERR: 无法加载控制器:【每日更新pv130.com】081811_158-1pon-whole1.avi

[ 2016-11-20T01:05:20+08:00 ] 127.0.0.1 /%E3%80%90%E6%AF%8F%E6%97%A5%E6%9B%B4%E6%96%B0pv130.com%E3%80%91081811_158-1pon-whole1.avi
INFO: [ app_begin ] --START--
INFO: Run Behavior\ReadHtmlCache [ RunTime:0.000000s ]
INFO: [ app_begin ] --END-- [ RunTime:0.001000s ]
ERR: 无法加载控制器:【每日更新pv130.com】081811_158-1pon-whole1.avi

[ 2016-11-20T01:05:20+08:00 ] 127.0.0.1 /【每日更新pv130.com】081811_158-1pon-whole1.avi
INFO: [ app_begin ] --START--
INFO: Run Behavior\ReadHtmlCache [ RunTime:0.001000s ]
INFO: [ app_begin ] --END-- [ RunTime:0.001000s ]
ERR: 无法加载控制器:【每日更新pv130.com】081811_158-1pon-whole1.avi

[ 2016-11-20T01:05:20+08:00 ] 127.0.0.1 /%E3%80%90%E6%AF%8F%E6%97%A5%E6%9B%B4%E6%96%B0pv130.com%E3%80%91081811_158-1pon-whole1.avi
INFO: [ app_begin ] --START--
INFO: Run Behavior\ReadHtmlCache [ RunTime:0.000000s ]
INFO: [ app_begin ] --END-- [ RunTime:0.000000s ]
ERR: 无法加载控制器:【每日更新pv130.com】081811_158-1pon-whole1.avi

[ 2016-11-20T01:05:20+08:00 ] 127.0.0.1 /【每日更新pv130.com】081811_158-1pon-whole1.avi
INFO: [ app_begin ] --START--
INFO: Run Behavior\ReadHtmlCache [ RunTime:0.000000s ]
INFO: [ app_begin ] --END-- [ RunTime:0.001000s ]
ERR: 无法加载控制器:【每日更新pv130.com】081811_158-1pon-whole1.avi

[ 2016-11-20T01:05:20+08:00 ] 127.0.0.1 /%E3%80%90%E6%AF%8F%E6%97%A5%E6%9B%B4%E6%96%B0pv130.com%E3%80%91081811_158-1pon-whole1.avi
INFO: [ app_begin ] --START--
INFO: Run Behavior\ReadHtmlCache [ RunTime:0.000000s ]
INFO: [ app_begin ] --END-- [ RunTime:0.001000s ]
ERR: 无法加载控制器:【每日更新pv130.com】081811_158-1pon-whole1.avi

[ 2016-11-20T01:05:20+08:00 ] 127.0.0.1 /【每日更新pv130.com】081811_158-1pon-whole1.avi
INFO: [ app_begin ] --START--
INFO: Run Behavior\ReadHtmlCache [ RunTime:0.000000s ]
INFO: [ app_begin ] --END-- [ RunTime:0.000000s ]
ERR: 无法加载控制器:【每日更新pv130.com】081811_158-1pon-whole1.avi

[ 2016-11-20T01:05:21+08:00 ] 127.0.0.1 /%E3%80%90%E6%AF%8F%E6%97%A5%E6%9B%B4%E6%96%B0pv130.com%E3%80%91081811_158-1pon-whole1.avi
INFO: [ app_begin ] --START--
INFO: Run Behavior\ReadHtmlCache [ RunTime:0.000000s ]
INFO: [ app_begin ] --END-- [ RunTime:0.001000s ]
ERR: 无法加载控制器:【每日更新pv130.com】081811_158-1pon-whole1.avi

[ 2016-11-20T01:05:21+08:00 ] 127.0.0.1 /【每日更新pv130.com】081811_158-1pon-whole1.avi
INFO: [ app_begin ] --START--
INFO: Run Behavior\ReadHtmlCache [ RunTime:0.001000s ]
INFO: [ app_begin ] --END-- [ RunTime:0.001000s ]
ERR: 无法加载控制器:【每日更新pv130.com】081811_158-1pon-whole1.avi

[ 2016-11-20T01:05:21+08:00 ] 127.0.0.1 /%E3%80%90%E6%AF%8F%E6%97%A5%E6%9B%B4%E6%96%B0pv130.com%E3%80%91081811_158-1pon-whole1.avi
INFO: [ app_begin ] --START--
INFO: Run Behavior\ReadHtmlCache [ RunTime:0.001001s ]
INFO: [ app_begin ] --END-- [ RunTime:0.001001s ]
ERR: 无法加载控制器:【每日更新pv130.com】081811_158-1pon-whole1.avi

[ 2016-11-20T01:05:21+08:00 ] 127.0.0.1 /【每日更新pv130.com】081811_158-1pon-whole1.avi
INFO: [ app_begin ] --START--
INFO: Run Behavior\ReadHtmlCache [ RunTime:0.000000s ]
INFO: [ app_begin ] --END-- [ RunTime:0.002000s ]
ERR: 无法加载控制器:【每日更新pv130.com】081811_158-1pon-whole1.avi

[ 2016-11-20T01:05:21+08:00 ] 127.0.0.1 /%E3%80%90%E6%AF%8F%E6%97%A5%E6%9B%B4%E6%96%B0pv130.com%E3%80%91081811_158-1pon-whole1.avi
INFO: [ app_begin ] --START--
INFO: Run Behavior\ReadHtmlCache [ RunTime:0.000000s ]
INFO: [ app_begin ] --END-- [ RunTime:0.001000s ]
ERR: 无法加载控制器:【每日更新pv130.com】081811_158-1pon-whole1.avi

[ 2016-11-20T01:05:21+08:00 ] 127.0.0.1 /【每日更新pv130.com】081811_158-1pon-whole1.avi
INFO: [ app_begin ] --START--
INFO: Run Behavior\ReadHtmlCache [ RunTime:0.001000s ]
INFO: [ app_begin ] --END-- [ RunTime:0.001000s ]
ERR: 无法加载控制器:【每日更新pv130.com】081811_158-1pon-whole1.avi

[ 2016-11-20T01:05:21+08:00 ] 127.0.0.1 /%E3%80%90%E6%AF%8F%E6%97%A5%E6%9B%B4%E6%96%B0pv130.com%E3%80%91081811_158-1pon-whole1.avi
INFO: [ app_begin ] --START--
INFO: Run Behavior\ReadHtmlCache [ RunTime:0.000000s ]
INFO: [ app_begin ] --END-- [ RunTime:0.002001s ]
ERR: 无法加载控制器:【每日更新pv130.com】081811_158-1pon-whole1.avi

[ 2016-11-20T01:05:21+08:00 ] 127.0.0.1 /【每日更新pv130.com】081811_158-1pon-whole1.avi
INFO: [ app_begin ] --START--
INFO: Run Behavior\ReadHtmlCache [ RunTime:0.001000s ]
INFO: [ app_begin ] --END-- [ RunTime:0.001000s ]
ERR: 无法加载控制器:【每日更新pv130.com】081811_158-1pon-whole1.avi

[ 2016-11-20T01:05:21+08:00 ] 127.0.0.1 /%E3%80%90%E6%AF%8F%E6%97%A5%E6%9B%B4%E6%96%B0pv130.com%E3%80%91081811_158-1pon-whole1.avi
INFO: [ app_begin ] --START--
INFO: Run Behavior\ReadHtmlCache [ RunTime:0.000000s ]
INFO: [ app_begin ] --END-- [ RunTime:0.001000s ]
ERR: 无法加载控制器:【每日更新pv130.com】081811_158-1pon-whole1.avi

[ 2016-11-20T01:05:21+08:00 ] 127.0.0.1 /【每日更新pv130.com】081811_158-1pon-whole1.avi
INFO: [ app_begin ] --START--
INFO: Run Behavior\ReadHtmlCache [ RunTime:0.001000s ]
INFO: [ app_begin ] --END-- [ RunTime:0.001000s ]
ERR: 无法加载控制器:【每日更新pv130.com】081811_158-1pon-whole1.avi

[ 2016-11-20T01:05:21+08:00 ] 127.0.0.1 /%E3%80%90%E6%AF%8F%E6%97%A5%E6%9B%B4%E6%96%B0pv130.com%E3%80%91081811_158-1pon-whole1.avi
INFO: [ app_begin ] --START--
INFO: Run Behavior\ReadHtmlCache [ RunTime:0.001000s ]
INFO: [ app_begin ] --END-- [ RunTime:0.001000s ]
ERR: 无法加载控制器:【每日更新pv130.com】081811_158-1pon-whole1.avi

[ 2016-11-20T01:05:21+08:00 ] 127.0.0.1 /【每日更新pv130.com】081811_158-1pon-whole1.avi
INFO: [ app_begin ] --START--
INFO: Run Behavior\ReadHtmlCache [ RunTime:0.001000s ]
INFO: [ app_begin ] --END-- [ RunTime:0.001000s ]
ERR: 无法加载控制器:【每日更新pv130.com】081811_158-1pon-whole1.avi

[ 2016-11-20T01:05:21+08:00 ] 127.0.0.1 /%E3%80%90%E6%AF%8F%E6%97%A5%E6%9B%B4%E6%96%B0pv130.com%E3%80%91081811_158-1pon-whole1.avi
INFO: [ app_begin ] --START--
INFO: Run Behavior\ReadHtmlCache [ RunTime:0.001000s ]
INFO: [ app_begin ] --END-- [ RunTime:0.001000s ]
ERR: 无法加载控制器:【每日更新pv130.com】081811_158-1pon-whole1.avi

[ 2016-11-20T01:05:21+08:00 ] 127.0.0.1 /【每日更新pv130.com】081811_158-1pon-whole1.avi
INFO: [ app_begin ] --START--
INFO: Run Behavior\ReadHtmlCache [ RunTime:0.000000s ]
INFO: [ app_begin ] --END-- [ RunTime:0.001000s ]
ERR: 无法加载控制器:【每日更新pv130.com】081811_158-1pon-whole1.avi

[ 2016-11-20T01:05:22+08:00 ] 127.0.0.1 /%E3%80%90%E6%AF%8F%E6%97%A5%E6%9B%B4%E6%96%B0pv130.com%E3%80%91081811_158-1pon-whole1.avi
INFO: [ app_begin ] --START--
INFO: Run Behavior\ReadHtmlCache [ RunTime:0.001000s ]
INFO: [ app_begin ] --END-- [ RunTime:0.001000s ]
ERR: 无法加载控制器:【每日更新pv130.com】081811_158-1pon-whole1.avi

[ 2016-11-20T01:05:22+08:00 ] 127.0.0.1 /【每日更新pv130.com】081811_158-1pon-whole1.avi
INFO: [ app_begin ] --START--
INFO: Run Behavior\ReadHtmlCache [ RunTime:0.001000s ]
INFO: [ app_begin ] --END-- [ RunTime:0.001000s ]
ERR: 无法加载控制器:【每日更新pv130.com】081811_158-1pon-whole1.avi

[ 2016-11-20T01:05:22+08:00 ] 127.0.0.1 /%E3%80%90%E6%AF%8F%E6%97%A5%E6%9B%B4%E6%96%B0pv130.com%E3%80%91081811_158-1pon-whole1.avi
INFO: [ app_begin ] --START--
INFO: Run Behavior\ReadHtmlCache [ RunTime:0.001000s ]
INFO: [ app_begin ] --END-- [ RunTime:0.001000s ]
ERR: 无法加载控制器:【每日更新pv130.com】081811_158-1pon-whole1.avi

[ 2016-11-20T01:05:22+08:00 ] 127.0.0.1 /【每日更新pv130.com】081811_158-1pon-whole1.avi
INFO: [ app_begin ] --START--
INFO: Run Behavior\ReadHtmlCache [ RunTime:0.000000s ]
INFO: [ app_begin ] --END-- [ RunTime:0.001000s ]
ERR: 无法加载控制器:【每日更新pv130.com】081811_158-1pon-whole1.avi

[ 2016-11-20T01:05:22+08:00 ] 127.0.0.1 /%E3%80%90%E6%AF%8F%E6%97%A5%E6%9B%B4%E6%96%B0pv130.com%E3%80%91081811_158-1pon-whole1.avi
INFO: [ app_begin ] --START--
INFO: Run Behavior\ReadHtmlCache [ RunTime:0.001000s ]
INFO: [ app_begin ] --END-- [ RunTime:0.001000s ]
ERR: 无法加载控制器:【每日更新pv130.com】081811_158-1pon-whole1.avi

[ 2016-11-20T01:05:22+08:00 ] 127.0.0.1 /【每日更新pv130.com】081811_158-1pon-whole1.avi
INFO: [ app_begin ] --START--
INFO: Run Behavior\ReadHtmlCache [ RunTime:0.000000s ]
INFO: [ app_begin ] --END-- [ RunTime:0.000000s ]
ERR: 无法加载控制器:【每日更新pv130.com】081811_158-1pon-whole1.avi

[ 2016-11-20T01:05:22+08:00 ] 127.0.0.1 /%E3%80%90%E6%AF%8F%E6%97%A5%E6%9B%B4%E6%96%B0pv130.com%E3%80%91081811_158-1pon-whole1.avi
INFO: [ app_begin ] --START--
INFO: Run Behavior\ReadHtmlCache [ RunTime:0.001000s ]
INFO: [ app_begin ] --END-- [ RunTime:0.001000s ]
ERR: 无法加载控制器:【每日更新pv130.com】081811_158-1pon-whole1.avi

[ 2016-11-20T01:05:22+08:00 ] 127.0.0.1 /【每日更新pv130.com】081811_158-1pon-whole1.avi
INFO: [ app_begin ] --START--
INFO: Run Behavior\ReadHtmlCache [ RunTime:0.000000s ]
INFO: [ app_begin ] --END-- [ RunTime:0.001000s ]
ERR: 无法加载控制器:【每日更新pv130.com】081811_158-1pon-whole1.avi

[ 2016-11-20T01:05:22+08:00 ] 127.0.0.1 /%E3%80%90%E6%AF%8F%E6%97%A5%E6%9B%B4%E6%96%B0pv130.com%E3%80%91081811_158-1pon-whole1.avi
INFO: [ app_begin ] --START--
INFO: Run Behavior\ReadHtmlCache [ RunTime:0.000000s ]
INFO: [ app_begin ] --END-- [ RunTime:0.001000s ]
ERR: 无法加载控制器:【每日更新pv130.com】081811_158-1pon-whole1.avi

[ 2016-11-20T01:05:22+08:00 ] 127.0.0.1 /【每日更新pv130.com】081811_158-1pon-whole1.avi
INFO: [ app_begin ] --START--
INFO: Run Behavior\ReadHtmlCache [ RunTime:0.000000s ]
INFO: [ app_begin ] --END-- [ RunTime:0.001000s ]
ERR: 无法加载控制器:【每日更新pv130.com】081811_158-1pon-whole1.avi

[ 2016-11-20T01:05:22+08:00 ] 127.0.0.1 /%E3%80%90%E6%AF%8F%E6%97%A5%E6%9B%B4%E6%96%B0pv130.com%E3%80%91081811_158-1pon-whole1.avi
INFO: [ app_begin ] --START--
INFO: Run Behavior\ReadHtmlCache [ RunTime:0.000000s ]
INFO: [ app_begin ] --END-- [ RunTime:0.001000s ]
ERR: 无法加载控制器:【每日更新pv130.com】081811_158-1pon-whole1.avi

[ 2016-11-20T01:05:22+08:00 ] 127.0.0.1 /【每日更新pv130.com】081811_158-1pon-whole1.avi
INFO: [ app_begin ] --START--
INFO: Run Behavior\ReadHtmlCache [ RunTime:0.000000s ]
INFO: [ app_begin ] --END-- [ RunTime:0.000000s ]
ERR: 无法加载控制器:【每日更新pv130.com】081811_158-1pon-whole1.avi

[ 2016-11-20T01:05:22+08:00 ] 127.0.0.1 /%E3%80%90%E6%AF%8F%E6%97%A5%E6%9B%B4%E6%96%B0pv130.com%E3%80%91081811_158-1pon-whole1.avi
INFO: [ app_begin ] --START--
INFO: Run Behavior\ReadHtmlCache [ RunTime:0.000000s ]
INFO: [ app_begin ] --END-- [ RunTime:0.001001s ]
ERR: 无法加载控制器:【每日更新pv130.com】081811_158-1pon-whole1.avi

[ 2016-11-20T01:05:22+08:00 ] 127.0.0.1 /【每日更新pv130.com】081811_158-1pon-whole1.avi
INFO: [ app_begin ] --START--
INFO: Run Behavior\ReadHtmlCache [ RunTime:0.001000s ]
INFO: [ app_begin ] --END-- [ RunTime:0.001000s ]
ERR: 无法加载控制器:【每日更新pv130.com】081811_158-1pon-whole1.avi

[ 2016-11-20T01:05:23+08:00 ] 127.0.0.1 /%E3%80%90%E6%AF%8F%E6%97%A5%E6%9B%B4%E6%96%B0pv130.com%E3%80%91081811_158-1pon-whole1.avi
INFO: [ app_begin ] --START--
INFO: Run Behavior\ReadHtmlCache [ RunTime:0.001000s ]
INFO: [ app_begin ] --END-- [ RunTime:0.001000s ]
ERR: 无法加载控制器:【每日更新pv130.com】081811_158-1pon-whole1.avi

[ 2016-11-20T01:05:23+08:00 ] 127.0.0.1 /【每日更新pv130.com】081811_158-1pon-whole1.avi
INFO: [ app_begin ] --START--
INFO: Run Behavior\ReadHtmlCache [ RunTime:0.000000s ]
INFO: [ app_begin ] --END-- [ RunTime:0.001000s ]
ERR: 无法加载控制器:【每日更新pv130.com】081811_158-1pon-whole1.avi

[ 2016-11-20T01:05:23+08:00 ] 127.0.0.1 /%E3%80%90%E6%AF%8F%E6%97%A5%E6%9B%B4%E6%96%B0pv130.com%E3%80%91081811_158-1pon-whole1.avi
INFO: [ app_begin ] --START--
INFO: Run Behavior\ReadHtmlCache [ RunTime:0.001000s ]
INFO: [ app_begin ] --END-- [ RunTime:0.001000s ]
ERR: 无法加载控制器:【每日更新pv130.com】081811_158-1pon-whole1.avi

[ 2016-11-20T01:05:23+08:00 ] 127.0.0.1 /【每日更新pv130.com】081811_158-1pon-whole1.avi
INFO: [ app_begin ] --START--
INFO: Run Behavior\ReadHtmlCache [ RunTime:0.000000s ]
INFO: [ app_begin ] --END-- [ RunTime:0.001000s ]
ERR: 无法加载控制器:【每日更新pv130.com】081811_158-1pon-whole1.avi

[ 2016-11-20T01:05:23+08:00 ] 127.0.0.1 /%E3%80%90%E6%AF%8F%E6%97%A5%E6%9B%B4%E6%96%B0pv130.com%E3%80%91081811_158-1pon-whole1.avi
INFO: [ app_begin ] --START--
INFO: Run Behavior\ReadHtmlCache [ RunTime:0.001000s ]
INFO: [ app_begin ] --END-- [ RunTime:0.001000s ]
ERR: 无法加载控制器:【每日更新pv130.com】081811_158-1pon-whole1.avi

[ 2016-11-20T01:05:23+08:00 ] 127.0.0.1 /【每日更新pv130.com】081811_158-1pon-whole1.avi
INFO: [ app_begin ] --START--
INFO: Run Behavior\ReadHtmlCache [ RunTime:0.001001s ]
INFO: [ app_begin ] --END-- [ RunTime:0.001001s ]
ERR: 无法加载控制器:【每日更新pv130.com】081811_158-1pon-whole1.avi

[ 2016-11-20T01:05:23+08:00 ] 127.0.0.1 /%E3%80%90%E6%AF%8F%E6%97%A5%E6%9B%B4%E6%96%B0pv130.com%E3%80%91081811_158-1pon-whole1.avi
INFO: [ app_begin ] --START--
INFO: Run Behavior\ReadHtmlCache [ RunTime:0.001000s ]
INFO: [ app_begin ] --END-- [ RunTime:0.001000s ]
ERR: 无法加载控制器:【每日更新pv130.com】081811_158-1pon-whole1.avi

[ 2016-11-20T01:05:23+08:00 ] 127.0.0.1 /【每日更新pv130.com】081811_158-1pon-whole1.avi
INFO: [ app_begin ] --START--
INFO: Run Behavior\ReadHtmlCache [ RunTime:0.001000s ]
INFO: [ app_begin ] --END-- [ RunTime:0.001000s ]
ERR: 无法加载控制器:【每日更新pv130.com】081811_158-1pon-whole1.avi

[ 2016-11-20T01:05:23+08:00 ] 127.0.0.1 /%E3%80%90%E6%AF%8F%E6%97%A5%E6%9B%B4%E6%96%B0pv130.com%E3%80%91081811_158-1pon-whole1.avi
INFO: [ app_begin ] --START--
INFO: Run Behavior\ReadHtmlCache [ RunTime:0.001001s ]
INFO: [ app_begin ] --END-- [ RunTime:0.001001s ]
ERR: 无法加载控制器:【每日更新pv130.com】081811_158-1pon-whole1.avi

[ 2016-11-20T01:05:23+08:00 ] 127.0.0.1 /【每日更新pv130.com】081811_158-1pon-whole1.avi
INFO: [ app_begin ] --START--
INFO: Run Behavior\ReadHtmlCache [ RunTime:0.000000s ]
INFO: [ app_begin ] --END-- [ RunTime:0.001000s ]
ERR: 无法加载控制器:【每日更新pv130.com】081811_158-1pon-whole1.avi

[ 2016-11-20T01:05:23+08:00 ] 127.0.0.1 /%E3%80%90%E6%AF%8F%E6%97%A5%E6%9B%B4%E6%96%B0pv130.com%E3%80%91081811_158-1pon-whole1.avi
INFO: [ app_begin ] --START--
INFO: Run Behavior\ReadHtmlCache [ RunTime:0.001000s ]
INFO: [ app_begin ] --END-- [ RunTime:0.001000s ]
ERR: 无法加载控制器:【每日更新pv130.com】081811_158-1pon-whole1.avi

[ 2016-11-20T01:05:23+08:00 ] 127.0.0.1 /【每日更新pv130.com】081811_158-1pon-whole1.avi
INFO: [ app_begin ] --START--
INFO: Run Behavior\ReadHtmlCache [ RunTime:0.000000s ]
INFO: [ app_begin ] --END-- [ RunTime:0.000000s ]
ERR: 无法加载控制器:【每日更新pv130.com】081811_158-1pon-whole1.avi

[ 2016-11-20T01:05:23+08:00 ] 127.0.0.1 /%E3%80%90%E6%AF%8F%E6%97%A5%E6%9B%B4%E6%96%B0pv130.com%E3%80%91081811_158-1pon-whole1.avi
INFO: [ app_begin ] --START--
INFO: Run Behavior\ReadHtmlCache [ RunTime:0.001000s ]
INFO: [ app_begin ] --END-- [ RunTime:0.001000s ]
ERR: 无法加载控制器:【每日更新pv130.com】081811_158-1pon-whole1.avi

[ 2016-11-20T01:05:23+08:00 ] 127.0.0.1 /R_XMP_5.2.3.5016-RCMD523.exe?fid=Jzo0KWinaP+5+VVVlVr6wqMcK62QjHsCAAAAALELDeyFcqO4LNmkhB9ZKDgZksSz&mid=666&threshold=150&tid=B3760A17AED4C159339A6972101C4324&srcid=0
INFO: [ app_begin ] --START--
INFO: Run Behavior\ReadHtmlCache [ RunTime:0.000000s ]
INFO: [ app_begin ] --END-- [ RunTime:0.001000s ]
ERR: 无法加载控制器:R_XMP_5.2.3.5016-RCMD523.exe

[ 2016-11-20T01:05:23+08:00 ] 127.0.0.1 /R_XMP_5.2.3.5016-RCMD523.exe?fid=Jzo0KWinaP+5+VVVlVr6wqMcK62QjHsCAAAAALELDeyFcqO4LNmkhB9ZKDgZksSz&mid=666&threshold=150&tid=B3760A17AED4C159339A6972101C4324&srcid=0
INFO: [ app_begin ] --START--
INFO: Run Behavior\ReadHtmlCache [ RunTime:0.000000s ]
INFO: [ app_begin ] --END-- [ RunTime:0.001000s ]
ERR: 无法加载控制器:R_XMP_5.2.3.5016-RCMD523.exe

[ 2016-11-20T01:05:23+08:00 ] 127.0.0.1 /【每日更新pv130.com】081811_158-1pon-whole1.avi
INFO: [ app_begin ] --START--
INFO: Run Behavior\ReadHtmlCache [ RunTime:0.000000s ]
INFO: [ app_begin ] --END-- [ RunTime:0.000000s ]
ERR: 无法加载控制器:【每日更新pv130.com】081811_158-1pon-whole1.avi

[ 2016-11-20T01:05:23+08:00 ] 127.0.0.1 /R_XMP_5.2.3.5016-RCMD523.exe?fid=Jzo0KWinaP+5+VVVlVr6wqMcK62QjHsCAAAAALELDeyFcqO4LNmkhB9ZKDgZksSz&mid=666&threshold=150&tid=B3760A17AED4C159339A6972101C4324&srcid=0
INFO: [ app_begin ] --START--
INFO: Run Behavior\ReadHtmlCache [ RunTime:0.000000s ]
INFO: [ app_begin ] --END-- [ RunTime:0.000000s ]
ERR: 无法加载控制器:R_XMP_5.2.3.5016-RCMD523.exe

[ 2016-11-20T01:05:24+08:00 ] 127.0.0.1 /R_XMP_5.2.3.5016-RCMD523.exe?fid=Jzo0KWinaP+5+VVVlVr6wqMcK62QjHsCAAAAALELDeyFcqO4LNmkhB9ZKDgZksSz&mid=666&threshold=150&tid=B3760A17AED4C159339A6972101C4324&srcid=0
INFO: [ app_begin ] --START--
INFO: Run Behavior\ReadHtmlCache [ RunTime:0.001000s ]
INFO: [ app_begin ] --END-- [ RunTime:0.001000s ]
ERR: 无法加载控制器:R_XMP_5.2.3.5016-RCMD523.exe

[ 2016-11-20T01:05:24+08:00 ] 127.0.0.1 /%E3%80%90%E6%AF%8F%E6%97%A5%E6%9B%B4%E6%96%B0pv130.com%E3%80%91081811_158-1pon-whole1.avi
INFO: [ app_begin ] --START--
INFO: Run Behavior\ReadHtmlCache [ RunTime:0.000000s ]
INFO: [ app_begin ] --END-- [ RunTime:0.001000s ]
ERR: 无法加载控制器:【每日更新pv130.com】081811_158-1pon-whole1.avi

[ 2016-11-20T01:05:24+08:00 ] 127.0.0.1 /【每日更新pv130.com】081811_158-1pon-whole1.avi
INFO: [ app_begin ] --START--
INFO: Run Behavior\ReadHtmlCache [ RunTime:0.001000s ]
INFO: [ app_begin ] --END-- [ RunTime:0.001000s ]
ERR: 无法加载控制器:【每日更新pv130.com】081811_158-1pon-whole1.avi

[ 2016-11-20T01:05:24+08:00 ] 127.0.0.1 /%E3%80%90%E6%AF%8F%E6%97%A5%E6%9B%B4%E6%96%B0pv130.com%E3%80%91081811_158-1pon-whole1.avi
INFO: [ app_begin ] --START--
INFO: Run Behavior\ReadHtmlCache [ RunTime:0.000000s ]
INFO: [ app_begin ] --END-- [ RunTime:0.001000s ]
ERR: 无法加载控制器:【每日更新pv130.com】081811_158-1pon-whole1.avi

[ 2016-11-20T01:05:24+08:00 ] 127.0.0.1 /【每日更新pv130.com】081811_158-1pon-whole1.avi
INFO: [ app_begin ] --START--
INFO: Run Behavior\ReadHtmlCache [ RunTime:0.000000s ]
INFO: [ app_begin ] --END-- [ RunTime:0.001000s ]
ERR: 无法加载控制器:【每日更新pv130.com】081811_158-1pon-whole1.avi

[ 2016-11-20T01:05:24+08:00 ] 127.0.0.1 /%E3%80%90%E6%AF%8F%E6%97%A5%E6%9B%B4%E6%96%B0pv130.com%E3%80%91081811_158-1pon-whole1.avi
INFO: [ app_begin ] --START--
INFO: Run Behavior\ReadHtmlCache [ RunTime:0.001000s ]
INFO: [ app_begin ] --END-- [ RunTime:0.001000s ]
ERR: 无法加载控制器:【每日更新pv130.com】081811_158-1pon-whole1.avi

[ 2016-11-20T01:05:24+08:00 ] 127.0.0.1 /【每日更新pv130.com】081811_158-1pon-whole1.avi
INFO: [ app_begin ] --START--
INFO: Run Behavior\ReadHtmlCache [ RunTime:0.000000s ]
INFO: [ app_begin ] --END-- [ RunTime:0.000000s ]
ERR: 无法加载控制器:【每日更新pv130.com】081811_158-1pon-whole1.avi

[ 2016-11-20T01:05:24+08:00 ] 127.0.0.1 /%E3%80%90%E6%AF%8F%E6%97%A5%E6%9B%B4%E6%96%B0pv130.com%E3%80%91081811_158-1pon-whole1.avi
INFO: [ app_begin ] --START--
INFO: Run Behavior\ReadHtmlCache [ RunTime:0.001000s ]
INFO: [ app_begin ] --END-- [ RunTime:0.001000s ]
ERR: 无法加载控制器:【每日更新pv130.com】081811_158-1pon-whole1.avi

[ 2016-11-20T01:05:24+08:00 ] 127.0.0.1 /【每日更新pv130.com】081811_158-1pon-whole1.avi
INFO: [ app_begin ] --START--
INFO: Run Behavior\ReadHtmlCache [ RunTime:0.001001s ]
INFO: [ app_begin ] --END-- [ RunTime:0.001001s ]
ERR: 无法加载控制器:【每日更新pv130.com】081811_158-1pon-whole1.avi

[ 2016-11-20T01:05:24+08:00 ] 127.0.0.1 /%E3%80%90%E6%AF%8F%E6%97%A5%E6%9B%B4%E6%96%B0pv130.com%E3%80%91081811_158-1pon-whole1.avi
INFO: [ app_begin ] --START--
INFO: Run Behavior\ReadHtmlCache [ RunTime:0.001000s ]
INFO: [ app_begin ] --END-- [ RunTime:0.001000s ]
ERR: 无法加载控制器:【每日更新pv130.com】081811_158-1pon-whole1.avi

[ 2016-11-20T01:05:24+08:00 ] 127.0.0.1 /【每日更新pv130.com】081811_158-1pon-whole1.avi
INFO: [ app_begin ] --START--
INFO: Run Behavior\ReadHtmlCache [ RunTime:0.001000s ]
INFO: [ app_begin ] --END-- [ RunTime:0.001000s ]
ERR: 无法加载控制器:【每日更新pv130.com】081811_158-1pon-whole1.avi

[ 2016-11-20T01:05:25+08:00 ] 127.0.0.1 /%E3%80%90%E6%AF%8F%E6%97%A5%E6%9B%B4%E6%96%B0pv130.com%E3%80%91081811_158-1pon-whole1.avi
INFO: [ app_begin ] --START--
INFO: Run Behavior\ReadHtmlCache [ RunTime:0.000000s ]
INFO: [ app_begin ] --END-- [ RunTime:0.001000s ]
ERR: 无法加载控制器:【每日更新pv130.com】081811_158-1pon-whole1.avi

[ 2016-11-20T01:05:25+08:00 ] 127.0.0.1 /【每日更新pv130.com】081811_158-1pon-whole1.avi
INFO: [ app_begin ] --START--
INFO: Run Behavior\ReadHtmlCache [ RunTime:0.000000s ]
INFO: [ app_begin ] --END-- [ RunTime:0.000000s ]
ERR: 无法加载控制器:【每日更新pv130.com】081811_158-1pon-whole1.avi

[ 2016-11-20T01:05:25+08:00 ] 127.0.0.1 /%E3%80%90%E6%AF%8F%E6%97%A5%E6%9B%B4%E6%96%B0pv130.com%E3%80%91081811_158-1pon-whole1.avi
INFO: [ app_begin ] --START--
INFO: Run Behavior\ReadHtmlCache [ RunTime:0.001000s ]
INFO: [ app_begin ] --END-- [ RunTime:0.001000s ]
ERR: 无法加载控制器:【每日更新pv130.com】081811_158-1pon-whole1.avi

[ 2016-11-20T01:05:25+08:00 ] 127.0.0.1 /【每日更新pv130.com】081811_158-1pon-whole1.avi
INFO: [ app_begin ] --START--
INFO: Run Behavior\ReadHtmlCache [ RunTime:0.001000s ]
INFO: [ app_begin ] --END-- [ RunTime:0.001000s ]
ERR: 无法加载控制器:【每日更新pv130.com】081811_158-1pon-whole1.avi

[ 2016-11-20T01:05:25+08:00 ] 127.0.0.1 /%E3%80%90%E6%AF%8F%E6%97%A5%E6%9B%B4%E6%96%B0pv130.com%E3%80%91081811_158-1pon-whole1.avi
INFO: [ app_begin ] --START--
INFO: Run Behavior\ReadHtmlCache [ RunTime:0.000000s ]
INFO: [ app_begin ] --END-- [ RunTime:0.000000s ]
ERR: 无法加载控制器:【每日更新pv130.com】081811_158-1pon-whole1.avi

[ 2016-11-20T01:05:25+08:00 ] 127.0.0.1 /【每日更新pv130.com】081811_158-1pon-whole1.avi
INFO: [ app_begin ] --START--
INFO: Run Behavior\ReadHtmlCache [ RunTime:0.000000s ]
INFO: [ app_begin ] --END-- [ RunTime:0.001000s ]
ERR: 无法加载控制器:【每日更新pv130.com】081811_158-1pon-whole1.avi

[ 2016-11-20T01:05:25+08:00 ] 127.0.0.1 /%E3%80%90%E6%AF%8F%E6%97%A5%E6%9B%B4%E6%96%B0pv130.com%E3%80%91081811_158-1pon-whole1.avi
INFO: [ app_begin ] --START--
INFO: Run Behavior\ReadHtmlCache [ RunTime:0.001000s ]
INFO: [ app_begin ] --END-- [ RunTime:0.001000s ]
ERR: 无法加载控制器:【每日更新pv130.com】081811_158-1pon-whole1.avi

[ 2016-11-20T01:05:25+08:00 ] 127.0.0.1 /【每日更新pv130.com】081811_158-1pon-whole1.avi
INFO: [ app_begin ] --START--
INFO: Run Behavior\ReadHtmlCache [ RunTime:0.000000s ]
INFO: [ app_begin ] --END-- [ RunTime:0.000000s ]
ERR: 无法加载控制器:【每日更新pv130.com】081811_158-1pon-whole1.avi

[ 2016-11-20T01:05:26+08:00 ] 127.0.0.1 /%E3%80%90%E6%AF%8F%E6%97%A5%E6%9B%B4%E6%96%B0pv130.com%E3%80%91081811_158-1pon-whole1.avi
INFO: [ app_begin ] --START--
INFO: Run Behavior\ReadHtmlCache [ RunTime:0.001000s ]
INFO: [ app_begin ] --END-- [ RunTime:0.001000s ]
ERR: 无法加载控制器:【每日更新pv130.com】081811_158-1pon-whole1.avi

[ 2016-11-20T01:05:26+08:00 ] 127.0.0.1 /【每日更新pv130.com】081811_158-1pon-whole1.avi
INFO: [ app_begin ] --START--
INFO: Run Behavior\ReadHtmlCache [ RunTime:0.001000s ]
INFO: [ app_begin ] --END-- [ RunTime:0.001000s ]
ERR: 无法加载控制器:【每日更新pv130.com】081811_158-1pon-whole1.avi

[ 2016-11-20T01:05:26+08:00 ] 127.0.0.1 /%E3%80%90%E6%AF%8F%E6%97%A5%E6%9B%B4%E6%96%B0pv130.com%E3%80%91081811_158-1pon-whole1.avi
INFO: [ app_begin ] --START--
INFO: Run Behavior\ReadHtmlCache [ RunTime:0.001000s ]
INFO: [ app_begin ] --END-- [ RunTime:0.001000s ]
ERR: 无法加载控制器:【每日更新pv130.com】081811_158-1pon-whole1.avi

[ 2016-11-20T01:05:26+08:00 ] 127.0.0.1 /【每日更新pv130.com】081811_158-1pon-whole1.avi
INFO: [ app_begin ] --START--
INFO: Run Behavior\ReadHtmlCache [ RunTime:0.001000s ]
INFO: [ app_begin ] --END-- [ RunTime:0.001000s ]
ERR: 无法加载控制器:【每日更新pv130.com】081811_158-1pon-whole1.avi

[ 2016-11-20T01:05:26+08:00 ] 127.0.0.1 /%E3%80%90%E6%AF%8F%E6%97%A5%E6%9B%B4%E6%96%B0pv130.com%E3%80%91081811_158-1pon-whole1.avi
INFO: [ app_begin ] --START--
INFO: Run Behavior\ReadHtmlCache [ RunTime:0.001000s ]
INFO: [ app_begin ] --END-- [ RunTime:0.001000s ]
ERR: 无法加载控制器:【每日更新pv130.com】081811_158-1pon-whole1.avi

[ 2016-11-20T01:05:26+08:00 ] 127.0.0.1 /【每日更新pv130.com】081811_158-1pon-whole1.avi
INFO: [ app_begin ] --START--
INFO: Run Behavior\ReadHtmlCache [ RunTime:0.001000s ]
INFO: [ app_begin ] --END-- [ RunTime:0.001000s ]
ERR: 无法加载控制器:【每日更新pv130.com】081811_158-1pon-whole1.avi

[ 2016-11-20T01:05:26+08:00 ] 127.0.0.1 /%E3%80%90%E6%AF%8F%E6%97%A5%E6%9B%B4%E6%96%B0pv130.com%E3%80%91081811_158-1pon-whole1.avi
INFO: [ app_begin ] --START--
INFO: Run Behavior\ReadHtmlCache [ RunTime:0.001000s ]
INFO: [ app_begin ] --END-- [ RunTime:0.001000s ]
ERR: 无法加载控制器:【每日更新pv130.com】081811_158-1pon-whole1.avi

[ 2016-11-20T01:05:26+08:00 ] 127.0.0.1 /【每日更新pv130.com】081811_158-1pon-whole1.avi
INFO: [ app_begin ] --START--
INFO: Run Behavior\ReadHtmlCache [ RunTime:0.000000s ]
INFO: [ app_begin ] --END-- [ RunTime:0.000000s ]
ERR: 无法加载控制器:【每日更新pv130.com】081811_158-1pon-whole1.avi

[ 2016-11-20T01:05:26+08:00 ] 127.0.0.1 /%E3%80%90%E6%AF%8F%E6%97%A5%E6%9B%B4%E6%96%B0pv130.com%E3%80%91081811_158-1pon-whole1.avi
INFO: [ app_begin ] --START--
INFO: Run Behavior\ReadHtmlCache [ RunTime:0.000000s ]
INFO: [ app_begin ] --END-- [ RunTime:0.001000s ]
ERR: 无法加载控制器:【每日更新pv130.com】081811_158-1pon-whole1.avi

[ 2016-11-20T01:05:26+08:00 ] 127.0.0.1 /【每日更新pv130.com】081811_158-1pon-whole1.avi
INFO: [ app_begin ] --START--
INFO: Run Behavior\ReadHtmlCache [ RunTime:0.001000s ]
INFO: [ app_begin ] --END-- [ RunTime:0.001000s ]
ERR: 无法加载控制器:【每日更新pv130.com】081811_158-1pon-whole1.avi

[ 2016-11-20T01:05:26+08:00 ] 127.0.0.1 /%E3%80%90%E6%AF%8F%E6%97%A5%E6%9B%B4%E6%96%B0pv130.com%E3%80%91081811_158-1pon-whole1.avi
INFO: [ app_begin ] --START--
INFO: Run Behavior\ReadHtmlCache [ RunTime:0.001000s ]
INFO: [ app_begin ] --END-- [ RunTime:0.001000s ]
ERR: 无法加载控制器:【每日更新pv130.com】081811_158-1pon-whole1.avi

[ 2016-11-20T01:05:26+08:00 ] 127.0.0.1 /【每日更新pv130.com】081811_158-1pon-whole1.avi
INFO: [ app_begin ] --START--
INFO: Run Behavior\ReadHtmlCache [ RunTime:0.000000s ]
INFO: [ app_begin ] --END-- [ RunTime:0.001000s ]
ERR: 无法加载控制器:【每日更新pv130.com】081811_158-1pon-whole1.avi

[ 2016-11-20T01:05:26+08:00 ] 127.0.0.1 /%E3%80%90%E6%AF%8F%E6%97%A5%E6%9B%B4%E6%96%B0pv130.com%E3%80%91081811_158-1pon-whole1.avi
INFO: [ app_begin ] --START--
INFO: Run Behavior\ReadHtmlCache [ RunTime:0.000000s ]
INFO: [ app_begin ] --END-- [ RunTime:0.000000s ]
ERR: 无法加载控制器:【每日更新pv130.com】081811_158-1pon-whole1.avi

[ 2016-11-20T01:05:26+08:00 ] 127.0.0.1 /【每日更新pv130.com】081811_158-1pon-whole1.avi
INFO: [ app_begin ] --START--
INFO: Run Behavior\ReadHtmlCache [ RunTime:0.000000s ]
INFO: [ app_begin ] --END-- [ RunTime:0.001000s ]
ERR: 无法加载控制器:【每日更新pv130.com】081811_158-1pon-whole1.avi

[ 2016-11-20T01:05:27+08:00 ] 127.0.0.1 /%E3%80%90%E6%AF%8F%E6%97%A5%E6%9B%B4%E6%96%B0pv130.com%E3%80%91081811_158-1pon-whole1.avi
INFO: [ app_begin ] --START--
INFO: Run Behavior\ReadHtmlCache [ RunTime:0.001000s ]
INFO: [ app_begin ] --END-- [ RunTime:0.001000s ]
ERR: 无法加载控制器:【每日更新pv130.com】081811_158-1pon-whole1.avi

[ 2016-11-20T01:05:27+08:00 ] 127.0.0.1 /【每日更新pv130.com】081811_158-1pon-whole1.avi
INFO: [ app_begin ] --START--
INFO: Run Behavior\ReadHtmlCache [ RunTime:0.001000s ]
INFO: [ app_begin ] --END-- [ RunTime:0.001000s ]
ERR: 无法加载控制器:【每日更新pv130.com】081811_158-1pon-whole1.avi

[ 2016-11-20T01:05:27+08:00 ] 127.0.0.1 /%E3%80%90%E6%AF%8F%E6%97%A5%E6%9B%B4%E6%96%B0pv130.com%E3%80%91081811_158-1pon-whole1.avi
INFO: [ app_begin ] --START--
INFO: Run Behavior\ReadHtmlCache [ RunTime:0.000000s ]
INFO: [ app_begin ] --END-- [ RunTime:0.001000s ]
ERR: 无法加载控制器:【每日更新pv130.com】081811_158-1pon-whole1.avi

[ 2016-11-20T01:05:27+08:00 ] 127.0.0.1 /【每日更新pv130.com】081811_158-1pon-whole1.avi
INFO: [ app_begin ] --START--
INFO: Run Behavior\ReadHtmlCache [ RunTime:0.001000s ]
INFO: [ app_begin ] --END-- [ RunTime:0.001000s ]
ERR: 无法加载控制器:【每日更新pv130.com】081811_158-1pon-whole1.avi

[ 2016-11-20T01:05:27+08:00 ] 127.0.0.1 /%E3%80%90%E6%AF%8F%E6%97%A5%E6%9B%B4%E6%96%B0pv130.com%E3%80%91081811_158-1pon-whole1.avi
INFO: [ app_begin ] --START--
INFO: Run Behavior\ReadHtmlCache [ RunTime:0.000000s ]
INFO: [ app_begin ] --END-- [ RunTime:0.000000s ]
ERR: 无法加载控制器:【每日更新pv130.com】081811_158-1pon-whole1.avi

[ 2016-11-20T01:05:27+08:00 ] 127.0.0.1 /【每日更新pv130.com】081811_158-1pon-whole1.avi
INFO: [ app_begin ] --START--
INFO: Run Behavior\ReadHtmlCache [ RunTime:0.000000s ]
INFO: [ app_begin ] --END-- [ RunTime:0.000000s ]
ERR: 无法加载控制器:【每日更新pv130.com】081811_158-1pon-whole1.avi

[ 2016-11-20T01:05:27+08:00 ] 127.0.0.1 /%E3%80%90%E6%AF%8F%E6%97%A5%E6%9B%B4%E6%96%B0pv130.com%E3%80%91081811_158-1pon-whole1.avi
INFO: [ app_begin ] --START--
INFO: Run Behavior\ReadHtmlCache [ RunTime:0.000000s ]
INFO: [ app_begin ] --END-- [ RunTime:0.001000s ]
ERR: 无法加载控制器:【每日更新pv130.com】081811_158-1pon-whole1.avi

[ 2016-11-20T01:05:27+08:00 ] 127.0.0.1 /【每日更新pv130.com】081811_158-1pon-whole1.avi
INFO: [ app_begin ] --START--
INFO: Run Behavior\ReadHtmlCache [ RunTime:0.001000s ]
INFO: [ app_begin ] --END-- [ RunTime:0.001000s ]
ERR: 无法加载控制器:【每日更新pv130.com】081811_158-1pon-whole1.avi

[ 2016-11-20T01:05:27+08:00 ] 127.0.0.1 /%E3%80%90%E6%AF%8F%E6%97%A5%E6%9B%B4%E6%96%B0pv130.com%E3%80%91081811_158-1pon-whole1.avi
INFO: [ app_begin ] --START--
INFO: Run Behavior\ReadHtmlCache [ RunTime:0.000000s ]
INFO: [ app_begin ] --END-- [ RunTime:0.001000s ]
ERR: 无法加载控制器:【每日更新pv130.com】081811_158-1pon-whole1.avi

[ 2016-11-20T01:05:27+08:00 ] 127.0.0.1 /【每日更新pv130.com】081811_158-1pon-whole1.avi
INFO: [ app_begin ] --START--
INFO: Run Behavior\ReadHtmlCache [ RunTime:0.000000s ]
INFO: [ app_begin ] --END-- [ RunTime:0.001000s ]
ERR: 无法加载控制器:【每日更新pv130.com】081811_158-1pon-whole1.avi

[ 2016-11-20T01:05:27+08:00 ] 127.0.0.1 /%E3%80%90%E6%AF%8F%E6%97%A5%E6%9B%B4%E6%96%B0pv130.com%E3%80%91081811_158-1pon-whole1.avi
INFO: [ app_begin ] --START--
INFO: Run Behavior\ReadHtmlCache [ RunTime:0.001000s ]
INFO: [ app_begin ] --END-- [ RunTime:0.001000s ]
ERR: 无法加载控制器:【每日更新pv130.com】081811_158-1pon-whole1.avi

[ 2016-11-20T01:05:27+08:00 ] 127.0.0.1 /【每日更新pv130.com】081811_158-1pon-whole1.avi
INFO: [ app_begin ] --START--
INFO: Run Behavior\ReadHtmlCache [ RunTime:0.001000s ]
INFO: [ app_begin ] --END-- [ RunTime:0.001000s ]
ERR: 无法加载控制器:【每日更新pv130.com】081811_158-1pon-whole1.avi

[ 2016-11-20T01:05:27+08:00 ] 127.0.0.1 /%E3%80%90%E6%AF%8F%E6%97%A5%E6%9B%B4%E6%96%B0pv130.com%E3%80%91081811_158-1pon-whole1.avi
INFO: [ app_begin ] --START--
INFO: Run Behavior\ReadHtmlCache [ RunTime:0.000000s ]
INFO: [ app_begin ] --END-- [ RunTime:0.000000s ]
ERR: 无法加载控制器:【每日更新pv130.com】081811_158-1pon-whole1.avi

[ 2016-11-20T01:05:27+08:00 ] 127.0.0.1 /【每日更新pv130.com】081811_158-1pon-whole1.avi
INFO: [ app_begin ] --START--
INFO: Run Behavior\ReadHtmlCache [ RunTime:0.000000s ]
INFO: [ app_begin ] --END-- [ RunTime:0.001000s ]
ERR: 无法加载控制器:【每日更新pv130.com】081811_158-1pon-whole1.avi

[ 2016-11-20T01:33:48+08:00 ] 127.0.0.1 /tracker/?info_hash=20v%1F%7C%E6%E8y%85%D6%C9o21%27W%BBM%AA%5B&peer_id=-XL0012-t%C5D%88%EE%CF50%ABdg%CD&ip=192.168.1.105&port=15000&uploaded=0&downloaded=0&left=1325925786&numwant=200&key=26663&compact=1&event=started
INFO: [ app_begin ] --START--
INFO: Run Behavior\ReadHtmlCache [ RunTime:0.000000s ]
INFO: [ app_begin ] --END-- [ RunTime:0.001000s ]
ERR: 无法加载控制器:Tracker

[ 2016-11-20T01:34:07+08:00 ] 127.0.0.1 /tracker/?info_hash=20v%1F%7C%E6%E8y%85%D6%C9o21%27W%BBM%AA%5B&peer_id=-XL0012-t%C5D%88%EE%CF50%ABdg%CD&ip=192.168.1.105&port=15000&uploaded=0&downloaded=0&left=1325925786&numwant=200&key=16963&compact=1&event=started
INFO: [ app_begin ] --START--
INFO: Run Behavior\ReadHtmlCache [ RunTime:0.001000s ]
INFO: [ app_begin ] --END-- [ RunTime:0.002000s ]
ERR: 无法加载控制器:Tracker

[ 2016-11-20T01:38:20+08:00 ] 127.0.0.1 /announce?info_hash=%84%CFr%9E%ABi%A5%5Et%91W%168%02%A6m%AC%60%26D&peer_id=-XL0012-t%C5D%88%EE%CF50%ABdg%CD&ip=192.168.1.105&port=15000&uploaded=0&downloaded=0&left=1614831392&numwant=200&key=6655&compact=1&event=started
INFO: [ app_begin ] --START--
INFO: Run Behavior\ReadHtmlCache [ RunTime:0.001000s ]
INFO: [ app_begin ] --END-- [ RunTime:0.002000s ]
ERR: 无法加载控制器:Announce

[ 2016-11-20T01:38:20+08:00 ] 127.0.0.1 /announce.php?info_hash=%84%CFr%9E%ABi%A5%5Et%91W%168%02%A6m%AC%60%26D&peer_id=-XL0012-t%C5D%88%EE%CF50%ABdg%CD&ip=192.168.1.105&port=15000&uploaded=0&downloaded=0&left=1614831392&numwant=200&key=7327&compact=1&event=started
INFO: [ app_begin ] --START--
INFO: Run Behavior\ReadHtmlCache [ RunTime:0.000000s ]
INFO: [ app_begin ] --END-- [ RunTime:0.001000s ]
ERR: 无法加载控制器:Announce.php

[ 2016-11-20T01:38:22+08:00 ] 127.0.0.1 /announce?info_hash=%84%CFr%9E%ABi%A5%5Et%91W%168%02%A6m%AC%60%26D&peer_id=-XL0012-t%C5D%88%EE%CF50%ABdg%CD&ip=192.168.1.105&port=15000&uploaded=0&downloaded=0&left=1614831392&numwant=200&key=7136&compact=1&event=started
INFO: [ app_begin ] --START--
INFO: Run Behavior\ReadHtmlCache [ RunTime:0.001001s ]
INFO: [ app_begin ] --END-- [ RunTime:0.001001s ]
ERR: 无法加载控制器:Announce

[ 2016-11-20T01:38:22+08:00 ] 127.0.0.1 /announce?info_hash=%84%CFr%9E%ABi%A5%5Et%91W%168%02%A6m%AC%60%26D&peer_id=-XL0012-t%C5D%88%EE%CF50%ABdg%CD&ip=192.168.1.105&port=15000&uploaded=0&downloaded=0&left=1614831392&numwant=200&key=8235&compact=1&event=started
INFO: [ app_begin ] --START--
INFO: Run Behavior\ReadHtmlCache [ RunTime:0.001000s ]
INFO: [ app_begin ] --END-- [ RunTime:0.001000s ]
ERR: 无法加载控制器:Announce

[ 2016-11-20T01:38:23+08:00 ] 127.0.0.1 /announce?info_hash=%84%CFr%9E%ABi%A5%5Et%91W%168%02%A6m%AC%60%26D&peer_id=-XL0012-t%C5D%88%EE%CF50%ABdg%CD&ip=192.168.1.105&port=15000&uploaded=0&downloaded=0&left=1614831392&numwant=200&key=2555&compact=1&event=started
INFO: [ app_begin ] --START--
INFO: Run Behavior\ReadHtmlCache [ RunTime:0.001000s ]
INFO: [ app_begin ] --END-- [ RunTime:0.001000s ]
ERR: 无法加载控制器:Announce

[ 2016-11-20T01:38:24+08:00 ] 127.0.0.1 /announce?info_hash=%84%CFr%9E%ABi%A5%5Et%91W%168%02%A6m%AC%60%26D&peer_id=-XL0012-t%C5D%88%EE%CF50%ABdg%CD&ip=192.168.1.105&port=15000&uploaded=0&downloaded=0&left=1614831392&numwant=200&key=9905&compact=1&event=started
INFO: [ app_begin ] --START--
INFO: Run Behavior\ReadHtmlCache [ RunTime:0.000000s ]
INFO: [ app_begin ] --END-- [ RunTime:0.001000s ]
ERR: 无法加载控制器:Announce

[ 2016-11-20T01:38:25+08:00 ] 127.0.0.1 /announce.php?info_hash=%84%CFr%9E%ABi%A5%5Et%91W%168%02%A6m%AC%60%26D&peer_id=-XL0012-t%C5D%88%EE%CF50%ABdg%CD&ip=192.168.1.105&port=15000&uploaded=0&downloaded=0&left=1614831392&numwant=200&key=25203&compact=1&event=started
INFO: [ app_begin ] --START--
INFO: Run Behavior\ReadHtmlCache [ RunTime:0.000000s ]
INFO: [ app_begin ] --END-- [ RunTime:0.001000s ]
ERR: 无法加载控制器:Announce.php

[ 2016-11-20T01:38:27+08:00 ] 127.0.0.1 /announce?info_hash=%84%CFr%9E%ABi%A5%5Et%91W%168%02%A6m%AC%60%26D&peer_id=-XL0012-t%C5D%88%EE%CF50%ABdg%CD&ip=192.168.1.105&port=15000&uploaded=0&downloaded=0&left=1614831392&numwant=200&key=24783&compact=1&event=started
INFO: [ app_begin ] --START--
INFO: Run Behavior\ReadHtmlCache [ RunTime:0.001000s ]
INFO: [ app_begin ] --END-- [ RunTime:0.002000s ]
ERR: 无法加载控制器:Announce

[ 2016-11-20T01:38:35+08:00 ] 127.0.0.1 /announce.php?info_hash=%84%CFr%9E%ABi%A5%5Et%91W%168%02%A6m%AC%60%26D&peer_id=-XL0012-t%C5D%88%EE%CF50%ABdg%CD&ip=192.168.1.105&port=15000&uploaded=0&downloaded=0&left=1614831392&numwant=200&key=17557&compact=1&event=started
INFO: [ app_begin ] --START--
INFO: Run Behavior\ReadHtmlCache [ RunTime:0.000000s ]
INFO: [ app_begin ] --END-- [ RunTime:0.001001s ]
ERR: 无法加载控制器:Announce.php

[ 2016-11-20T01:38:36+08:00 ] 127.0.0.1 /announce?info_hash=%84%CFr%9E%ABi%A5%5Et%91W%168%02%A6m%AC%60%26D&peer_id=-XL0012-t%C5D%88%EE%CF50%ABdg%CD&ip=192.168.1.105&port=15000&uploaded=0&downloaded=0&left=1614831392&numwant=200&key=1170&compact=1&event=started
INFO: [ app_begin ] --START--
INFO: Run Behavior\ReadHtmlCache [ RunTime:0.000000s ]
INFO: [ app_begin ] --END-- [ RunTime:0.001000s ]
ERR: 无法加载控制器:Announce

[ 2016-11-20T01:38:49+08:00 ] 127.0.0.1 /announce?info_hash=%84%CFr%9E%ABi%A5%5Et%91W%168%02%A6m%AC%60%26D&peer_id=-XL0012-t%C5D%88%EE%CF50%ABdg%CD&ip=192.168.1.105&port=15000&uploaded=0&downloaded=0&left=1614831392&numwant=200&key=28107&compact=1&event=started
INFO: [ app_begin ] --START--
INFO: Run Behavior\ReadHtmlCache [ RunTime:0.000000s ]
INFO: [ app_begin ] --END-- [ RunTime:0.001001s ]
ERR: 无法加载控制器:Announce

[ 2016-11-20T01:38:55+08:00 ] 127.0.0.1 /announce.php?info_hash=%84%CFr%9E%ABi%A5%5Et%91W%168%02%A6m%AC%60%26D&peer_id=-XL0012-t%C5D%88%EE%CF50%ABdg%CD&ip=192.168.1.105&port=15000&uploaded=0&downloaded=16384&left=1614815008&numwant=200&key=6555&compact=1&event=started
INFO: [ app_begin ] --START--
INFO: Run Behavior\ReadHtmlCache [ RunTime:0.001000s ]
INFO: [ app_begin ] --END-- [ RunTime:0.002000s ]
ERR: 无法加载控制器:Announce.php

[ 2016-11-20T01:41:31+08:00 ] 127.0.0.1 /tracker/?info_hash=20v%1F%7C%E6%E8y%85%D6%C9o21%27W%BBM%AA%5B&peer_id=-XL0012-t%C5D%88%EE%CF50%ABdg%CD&ip=192.168.1.105&port=15000&uploaded=0&downloaded=0&left=1325925786&numwant=200&key=32530&compact=1&event=started
INFO: [ app_begin ] --START--
INFO: Run Behavior\ReadHtmlCache [ RunTime:0.001000s ]
INFO: [ app_begin ] --END-- [ RunTime:0.001000s ]
ERR: 无法加载控制器:Tracker

[ 2016-11-20T15:14:42+08:00 ] ::1 /
INFO: [ app_begin ] --START--
INFO: Run Behavior\ReadHtmlCache [ RunTime:0.000000s ]
INFO: [ app_begin ] --END-- [ RunTime:0.001000s ]
SQL: SHOW COLUMNS FROM `df_product` [ RunTime:0.023002s ]
SQL: SELECT * FROM `df_product` ORDER BY sort desc,id desc LIMIT 0,4   [ RunTime:0.002000s ]
SQL: SHOW COLUMNS FROM `df_news` [ RunTime:0.013001s ]
SQL: SELECT * FROM `df_news` WHERE ( type=1 ) ORDER BY sort desc,id desc LIMIT 0,5   [ RunTime:0.002000s ]
SQL: SELECT * FROM `df_news` WHERE ( type=2 ) ORDER BY sort desc,id desc LIMIT 0,5   [ RunTime:0.000000s ]
SQL: SELECT * FROM `df_news` WHERE ( type=3 ) ORDER BY sort desc,id desc LIMIT 0,5   [ RunTime:0.000000s ]
SQL: SHOW COLUMNS FROM `df_case` [ RunTime:0.014001s ]
SQL: SELECT * FROM `df_case` ORDER BY sort desc,id desc LIMIT 0,5   [ RunTime:0.001000s ]
SQL: SELECT * FROM `df_case` ORDER BY sort desc,id desc LIMIT 5,2   [ RunTime:0.001000s ]
SQL: SELECT * FROM `df_case` ORDER BY sort desc,id desc LIMIT 7,4   [ RunTime:0.001000s ]
SQL: SHOW COLUMNS FROM `df_cooperative` [ RunTime:0.013001s ]
SQL: SELECT * FROM `df_cooperative` ORDER BY sort desc,id desc LIMIT 0,10   [ RunTime:0.001000s ]
INFO: [ view_parse ] --START--
INFO: [ template_filter ] --START--
INFO: Run Behavior\ContentReplace [ RunTime:0.000000s ]
INFO: [ template_filter ] --END-- [ RunTime:0.001000s ]
INFO: Run Behavior\ParseTemplate [ RunTime:0.051003s ]
INFO: [ view_parse ] --END-- [ RunTime:0.051003s ]
INFO: [ view_filter ] --START--
INFO: Run Behavior\WriteHtmlCache [ RunTime:0.001000s ]
INFO: [ view_filter ] --END-- [ RunTime:0.001000s ]
INFO: [ app_end ] --START--
INFO: Run Behavior\ShowPageTrace [ RunTime:0.002000s ]
INFO: [ app_end ] --END-- [ RunTime:0.002000s ]

[ 2016-11-20T15:14:43+08:00 ] ::1 /
INFO: [ app_begin ] --START--
INFO: Run Behavior\ReadHtmlCache [ RunTime:0.000000s ]
INFO: [ app_begin ] --END-- [ RunTime:0.000000s ]
SQL: SHOW COLUMNS FROM `df_product` [ RunTime:0.017001s ]
SQL: SELECT * FROM `df_product` ORDER BY sort desc,id desc LIMIT 0,4   [ RunTime:0.001000s ]
SQL: SHOW COLUMNS FROM `df_news` [ RunTime:0.014000s ]
SQL: SELECT * FROM `df_news` WHERE ( type=1 ) ORDER BY sort desc,id desc LIMIT 0,5   [ RunTime:0.002001s ]
SQL: SELECT * FROM `df_news` WHERE ( type=2 ) ORDER BY sort desc,id desc LIMIT 0,5   [ RunTime:0.001000s ]
SQL: SELECT * FROM `df_news` WHERE ( type=3 ) ORDER BY sort desc,id desc LIMIT 0,5   [ RunTime:0.000000s ]
SQL: SHOW COLUMNS FROM `df_case` [ RunTime:0.013000s ]
SQL: SELECT * FROM `df_case` ORDER BY sort desc,id desc LIMIT 0,5   [ RunTime:0.000000s ]
SQL: SELECT * FROM `df_case` ORDER BY sort desc,id desc LIMIT 5,2   [ RunTime:0.001000s ]
SQL: SELECT * FROM `df_case` ORDER BY sort desc,id desc LIMIT 7,4   [ RunTime:0.001000s ]
SQL: SHOW COLUMNS FROM `df_cooperative` [ RunTime:0.013000s ]
SQL: SELECT * FROM `df_cooperative` ORDER BY sort desc,id desc LIMIT 0,10   [ RunTime:0.001000s ]
INFO: [ view_parse ] --START--
INFO: [ template_filter ] --START--
INFO: Run Behavior\ContentReplace [ RunTime:0.000000s ]
INFO: [ template_filter ] --END-- [ RunTime:0.000000s ]
INFO: Run Behavior\ParseTemplate [ RunTime:0.049002s ]
INFO: [ view_parse ] --END-- [ RunTime:0.049002s ]
INFO: [ view_filter ] --START--
INFO: Run Behavior\WriteHtmlCache [ RunTime:0.000000s ]
INFO: [ view_filter ] --END-- [ RunTime:0.000000s ]
INFO: [ app_end ] --START--
INFO: Run Behavior\ShowPageTrace [ RunTime:0.001001s ]
INFO: [ app_end ] --END-- [ RunTime:0.001001s ]

