[ 2017-07-19T19:09:23+08:00 ] ::1 /
INFO: [ app_begin ] --START--
INFO: Run Behavior\ReadHtmlCache [ RunTime:0.001000s ]
INFO: [ app_begin ] --END-- [ RunTime:0.002000s ]
SQL: SHOW COLUMNS FROM `kr_producttype` [ RunTime:0.003001s ]
ERR: 1146:Table 'kangrui.kr_producttype' doesn't exist
 [ SQL语句 ] : SHOW COLUMNS FROM `kr_producttype`
SQL: SELECT * FROM `kr_producttype`  [ RunTime:0.000000s ]
ERR: 1146:Table 'kangrui.kr_producttype' doesn't exist
 [ SQL语句 ] : SELECT * FROM `kr_producttype` 
SQL: SHOW COLUMNS FROM `kr_healthy` [ RunTime:0.004000s ]
SQL: SELECT * FROM `kr_healthy` ORDER BY sort desc,id desc LIMIT 0,8   [ RunTime:0.002000s ]
SQL: SHOW COLUMNS FROM `kr_news` [ RunTime:0.003000s ]
SQL: SELECT * FROM `kr_news` ORDER BY sort desc,id desc LIMIT 0,6   [ RunTime:0.000000s ]
INFO: [ view_parse ] --START--
INFO: [ template_filter ] --START--
INFO: Run Behavior\ContentReplace [ RunTime:0.000000s ]
INFO: [ template_filter ] --END-- [ RunTime:0.000000s ]
NOTIC: [8] Undefined variable: key D:\phpStudy\WWW\Application\Runtime\Cache\Home\2a94b8bda04ff446dcedd42276fc99ee.php 第 67 行.
INFO: Run Behavior\ParseTemplate [ RunTime:0.021001s ]
INFO: [ view_parse ] --END-- [ RunTime:0.021001s ]
INFO: [ view_filter ] --START--
INFO: Run Behavior\WriteHtmlCache [ RunTime:0.001000s ]
INFO: [ view_filter ] --END-- [ RunTime:0.001000s ]
INFO: [ app_end ] --START--
INFO: Run Behavior\ShowPageTrace [ RunTime:0.001001s ]
INFO: [ app_end ] --END-- [ RunTime:0.001001s ]

[ 2017-07-19T19:10:40+08:00 ] ::1 /
INFO: [ app_begin ] --START--
INFO: Run Behavior\ReadHtmlCache [ RunTime:0.001000s ]
INFO: [ app_begin ] --END-- [ RunTime:0.001000s ]
SQL: SHOW COLUMNS FROM `kr_producttype` [ RunTime:0.004000s ]
ERR: 1146:Table 'kangrui.kr_producttype' doesn't exist
 [ SQL语句 ] : SHOW COLUMNS FROM `kr_producttype`
SQL: SELECT * FROM `kr_producttype`  [ RunTime:0.001000s ]
ERR: 1146:Table 'kangrui.kr_producttype' doesn't exist
 [ SQL语句 ] : SELECT * FROM `kr_producttype` 
SQL: SHOW COLUMNS FROM `kr_healthy` [ RunTime:0.004001s ]
SQL: SELECT * FROM `kr_healthy` ORDER BY sort desc,id desc LIMIT 0,8   [ RunTime:0.000000s ]
SQL: SHOW COLUMNS FROM `kr_news` [ RunTime:0.004000s ]
SQL: SELECT * FROM `kr_news` ORDER BY sort desc,id desc LIMIT 0,6   [ RunTime:0.001000s ]
INFO: [ view_parse ] --START--
INFO: [ template_filter ] --START--
INFO: Run Behavior\ContentReplace [ RunTime:0.000000s ]
INFO: [ template_filter ] --END-- [ RunTime:0.000000s ]
NOTIC: [8] Undefined variable: key D:\phpStudy\WWW\Application\Runtime\Cache\Home\2a94b8bda04ff446dcedd42276fc99ee.php 第 67 行.
INFO: Run Behavior\ParseTemplate [ RunTime:0.023001s ]
INFO: [ view_parse ] --END-- [ RunTime:0.023001s ]
INFO: [ view_filter ] --START--
INFO: Run Behavior\WriteHtmlCache [ RunTime:0.001000s ]
INFO: [ view_filter ] --END-- [ RunTime:0.001000s ]
INFO: [ app_end ] --START--
INFO: Run Behavior\ShowPageTrace [ RunTime:0.001000s ]
INFO: [ app_end ] --END-- [ RunTime:0.001000s ]

[ 2017-07-19T19:11:12+08:00 ] ::1 /
INFO: [ app_begin ] --START--
INFO: Run Behavior\ReadHtmlCache [ RunTime:0.000000s ]
INFO: [ app_begin ] --END-- [ RunTime:0.000000s ]
SQL: SHOW COLUMNS FROM `kr_producttype` [ RunTime:0.004001s ]
ERR: 1146:Table 'kangrui.kr_producttype' doesn't exist
 [ SQL语句 ] : SHOW COLUMNS FROM `kr_producttype`
SQL: SELECT * FROM `kr_producttype`  [ RunTime:0.001000s ]
ERR: 1146:Table 'kangrui.kr_producttype' doesn't exist
 [ SQL语句 ] : SELECT * FROM `kr_producttype` 
SQL: SHOW COLUMNS FROM `kr_healthy` [ RunTime:0.003000s ]
SQL: SELECT * FROM `kr_healthy` ORDER BY sort desc,id desc LIMIT 0,8   [ RunTime:0.000000s ]
SQL: SHOW COLUMNS FROM `kr_news` [ RunTime:0.004000s ]
SQL: SELECT * FROM `kr_news` ORDER BY sort desc,id desc LIMIT 0,6   [ RunTime:0.001000s ]
INFO: [ view_parse ] --START--
INFO: [ template_filter ] --START--
INFO: Run Behavior\ContentReplace [ RunTime:0.000000s ]
INFO: [ template_filter ] --END-- [ RunTime:0.001000s ]
NOTIC: [8] Undefined variable: key D:\phpStudy\WWW\Application\Runtime\Cache\Home\2a94b8bda04ff446dcedd42276fc99ee.php 第 67 行.
INFO: Run Behavior\ParseTemplate [ RunTime:0.014001s ]
INFO: [ view_parse ] --END-- [ RunTime:0.014001s ]
INFO: [ view_filter ] --START--
INFO: Run Behavior\WriteHtmlCache [ RunTime:0.000000s ]
INFO: [ view_filter ] --END-- [ RunTime:0.000000s ]
INFO: [ app_end ] --START--
INFO: Run Behavior\ShowPageTrace [ RunTime:0.001000s ]
INFO: [ app_end ] --END-- [ RunTime:0.001000s ]

[ 2017-07-19T19:12:27+08:00 ] ::1 /
INFO: [ app_begin ] --START--
INFO: Run Behavior\ReadHtmlCache [ RunTime:0.000000s ]
INFO: [ app_begin ] --END-- [ RunTime:0.000000s ]
SQL: SHOW COLUMNS FROM `kr_producttype` [ RunTime:0.003000s ]
ERR: 1146:Table 'kangrui.kr_producttype' doesn't exist
 [ SQL语句 ] : SHOW COLUMNS FROM `kr_producttype`
SQL: SELECT * FROM `kr_producttype`  [ RunTime:0.000000s ]
ERR: 1146:Table 'kangrui.kr_producttype' doesn't exist
 [ SQL语句 ] : SELECT * FROM `kr_producttype` 
SQL: SHOW COLUMNS FROM `kr_healthy` [ RunTime:0.003000s ]
SQL: SELECT * FROM `kr_healthy` ORDER BY sort desc,id desc LIMIT 0,8   [ RunTime:0.000000s ]
SQL: SHOW COLUMNS FROM `kr_news` [ RunTime:0.003000s ]
SQL: SELECT * FROM `kr_news` ORDER BY sort desc,id desc LIMIT 0,6   [ RunTime:0.000000s ]
INFO: [ view_parse ] --START--
INFO: [ template_filter ] --START--
INFO: Run Behavior\ContentReplace [ RunTime:0.000000s ]
INFO: [ template_filter ] --END-- [ RunTime:0.000000s ]
NOTIC: [8] Undefined variable: key D:\phpStudy\WWW\Application\Runtime\Cache\Home\2a94b8bda04ff446dcedd42276fc99ee.php 第 67 行.
INFO: Run Behavior\ParseTemplate [ RunTime:0.010001s ]
INFO: [ view_parse ] --END-- [ RunTime:0.010001s ]
INFO: [ view_filter ] --START--
INFO: Run Behavior\WriteHtmlCache [ RunTime:0.000000s ]
INFO: [ view_filter ] --END-- [ RunTime:0.001000s ]
INFO: [ app_end ] --START--
INFO: Run Behavior\ShowPageTrace [ RunTime:0.000000s ]
INFO: [ app_end ] --END-- [ RunTime:0.000000s ]

[ 2017-07-19T19:12:36+08:00 ] ::1 /
INFO: [ app_begin ] --START--
INFO: Run Behavior\ReadHtmlCache [ RunTime:0.000000s ]
INFO: [ app_begin ] --END-- [ RunTime:0.000000s ]
SQL: SHOW COLUMNS FROM `kr_producttype` [ RunTime:0.004000s ]
ERR: 1146:Table 'kangrui.kr_producttype' doesn't exist
 [ SQL语句 ] : SHOW COLUMNS FROM `kr_producttype`
SQL: SELECT * FROM `kr_producttype`  [ RunTime:0.000000s ]
ERR: 1146:Table 'kangrui.kr_producttype' doesn't exist
 [ SQL语句 ] : SELECT * FROM `kr_producttype` 
SQL: SHOW COLUMNS FROM `kr_healthy` [ RunTime:0.002000s ]
SQL: SELECT * FROM `kr_healthy` ORDER BY sort desc,id desc LIMIT 0,8   [ RunTime:0.000000s ]
SQL: SHOW COLUMNS FROM `kr_news` [ RunTime:0.002001s ]
SQL: SELECT * FROM `kr_news` ORDER BY sort desc,id desc LIMIT 0,6   [ RunTime:0.000000s ]
INFO: [ view_parse ] --START--
INFO: [ template_filter ] --START--
INFO: Run Behavior\ContentReplace [ RunTime:0.000000s ]
INFO: [ template_filter ] --END-- [ RunTime:0.000000s ]
NOTIC: [8] Undefined variable: key D:\phpStudy\WWW\Application\Runtime\Cache\Home\2a94b8bda04ff446dcedd42276fc99ee.php 第 67 行.
INFO: Run Behavior\ParseTemplate [ RunTime:0.011000s ]
INFO: [ view_parse ] --END-- [ RunTime:0.011000s ]
INFO: [ view_filter ] --START--
INFO: Run Behavior\WriteHtmlCache [ RunTime:0.000000s ]
INFO: [ view_filter ] --END-- [ RunTime:0.000000s ]
INFO: [ app_end ] --START--
INFO: Run Behavior\ShowPageTrace [ RunTime:0.001000s ]
INFO: [ app_end ] --END-- [ RunTime:0.001000s ]

[ 2017-07-19T19:12:59+08:00 ] ::1 /
INFO: [ app_begin ] --START--
INFO: Run Behavior\ReadHtmlCache [ RunTime:0.001000s ]
INFO: [ app_begin ] --END-- [ RunTime:0.001000s ]
SQL: SHOW COLUMNS FROM `kr_producttype` [ RunTime:0.003001s ]
ERR: 1146:Table 'kangrui.kr_producttype' doesn't exist
 [ SQL语句 ] : SHOW COLUMNS FROM `kr_producttype`
SQL: SELECT * FROM `kr_producttype`  [ RunTime:0.000000s ]
ERR: 1146:Table 'kangrui.kr_producttype' doesn't exist
 [ SQL语句 ] : SELECT * FROM `kr_producttype` 
SQL: SHOW COLUMNS FROM `kr_healthy` [ RunTime:0.002000s ]
SQL: SELECT * FROM `kr_healthy` ORDER BY sort desc,id desc LIMIT 0,8   [ RunTime:0.000000s ]
SQL: SHOW COLUMNS FROM `kr_news` [ RunTime:0.002000s ]
SQL: SELECT * FROM `kr_news` ORDER BY sort desc,id desc LIMIT 0,6   [ RunTime:0.001000s ]
INFO: [ view_parse ] --START--
INFO: [ template_filter ] --START--
INFO: Run Behavior\ContentReplace [ RunTime:0.000000s ]
INFO: [ template_filter ] --END-- [ RunTime:0.000000s ]
NOTIC: [8] Undefined variable: key D:\phpStudy\WWW\Application\Runtime\Cache\Home\2a94b8bda04ff446dcedd42276fc99ee.php 第 67 行.
INFO: Run Behavior\ParseTemplate [ RunTime:0.009001s ]
INFO: [ view_parse ] --END-- [ RunTime:0.009001s ]
INFO: [ view_filter ] --START--
INFO: Run Behavior\WriteHtmlCache [ RunTime:0.001000s ]
INFO: [ view_filter ] --END-- [ RunTime:0.001000s ]
INFO: [ app_end ] --START--
INFO: Run Behavior\ShowPageTrace [ RunTime:0.000000s ]
INFO: [ app_end ] --END-- [ RunTime:0.000000s ]

[ 2017-07-19T19:13:27+08:00 ] ::1 /
INFO: [ app_begin ] --START--
INFO: Run Behavior\ReadHtmlCache [ RunTime:0.001000s ]
INFO: [ app_begin ] --END-- [ RunTime:0.001000s ]
SQL: SHOW COLUMNS FROM `kr_producttype` [ RunTime:0.004000s ]
ERR: 1146:Table 'kangrui.kr_producttype' doesn't exist
 [ SQL语句 ] : SHOW COLUMNS FROM `kr_producttype`
SQL: SELECT * FROM `kr_producttype`  [ RunTime:0.000000s ]
ERR: 1146:Table 'kangrui.kr_producttype' doesn't exist
 [ SQL语句 ] : SELECT * FROM `kr_producttype` 
SQL: SHOW COLUMNS FROM `kr_healthy` [ RunTime:0.003000s ]
SQL: SELECT * FROM `kr_healthy` ORDER BY sort desc,id desc LIMIT 0,8   [ RunTime:0.000000s ]
SQL: SHOW COLUMNS FROM `kr_news` [ RunTime:0.002001s ]
SQL: SELECT * FROM `kr_news` ORDER BY sort desc,id desc LIMIT 0,6   [ RunTime:0.000000s ]
INFO: [ view_parse ] --START--
INFO: [ template_filter ] --START--
INFO: Run Behavior\ContentReplace [ RunTime:0.000000s ]
INFO: [ template_filter ] --END-- [ RunTime:0.000000s ]
NOTIC: [8] Undefined variable: key D:\phpStudy\WWW\Application\Runtime\Cache\Home\2a94b8bda04ff446dcedd42276fc99ee.php 第 67 行.
INFO: Run Behavior\ParseTemplate [ RunTime:0.010000s ]
INFO: [ view_parse ] --END-- [ RunTime:0.010000s ]
INFO: [ view_filter ] --START--
INFO: Run Behavior\WriteHtmlCache [ RunTime:0.000000s ]
INFO: [ view_filter ] --END-- [ RunTime:0.000000s ]
INFO: [ app_end ] --START--
INFO: Run Behavior\ShowPageTrace [ RunTime:0.001000s ]
INFO: [ app_end ] --END-- [ RunTime:0.001000s ]

[ 2017-07-19T19:13:43+08:00 ] ::1 /
INFO: [ app_begin ] --START--
INFO: Run Behavior\ReadHtmlCache [ RunTime:0.001000s ]
INFO: [ app_begin ] --END-- [ RunTime:0.001000s ]
SQL: SHOW COLUMNS FROM `kr_producttype` [ RunTime:0.002000s ]
ERR: 1146:Table 'kangrui.kr_producttype' doesn't exist
 [ SQL语句 ] : SHOW COLUMNS FROM `kr_producttype`
SQL: SELECT * FROM `kr_producttype`  [ RunTime:0.000000s ]
ERR: 1146:Table 'kangrui.kr_producttype' doesn't exist
 [ SQL语句 ] : SELECT * FROM `kr_producttype` 
SQL: SHOW COLUMNS FROM `kr_healthy` [ RunTime:0.002000s ]
SQL: SELECT * FROM `kr_healthy` ORDER BY sort desc,id desc LIMIT 0,8   [ RunTime:0.001000s ]
SQL: SHOW COLUMNS FROM `kr_news` [ RunTime:0.002000s ]
SQL: SELECT * FROM `kr_news` ORDER BY sort desc,id desc LIMIT 0,6   [ RunTime:0.000000s ]
INFO: [ view_parse ] --START--
INFO: [ template_filter ] --START--
INFO: Run Behavior\ContentReplace [ RunTime:0.000000s ]
INFO: [ template_filter ] --END-- [ RunTime:0.000000s ]
NOTIC: [8] Undefined variable: key D:\phpStudy\WWW\Application\Runtime\Cache\Home\2a94b8bda04ff446dcedd42276fc99ee.php 第 67 行.
INFO: Run Behavior\ParseTemplate [ RunTime:0.010001s ]
INFO: [ view_parse ] --END-- [ RunTime:0.010001s ]
INFO: [ view_filter ] --START--
INFO: Run Behavior\WriteHtmlCache [ RunTime:0.001000s ]
INFO: [ view_filter ] --END-- [ RunTime:0.001000s ]
INFO: [ app_end ] --START--
INFO: Run Behavior\ShowPageTrace [ RunTime:0.000000s ]
INFO: [ app_end ] --END-- [ RunTime:0.000000s ]

[ 2017-07-19T19:13:53+08:00 ] ::1 /
INFO: [ app_begin ] --START--
INFO: Run Behavior\ReadHtmlCache [ RunTime:0.000000s ]
INFO: [ app_begin ] --END-- [ RunTime:0.001000s ]
SQL: SHOW COLUMNS FROM `kr_producttype` [ RunTime:0.002000s ]
ERR: 1146:Table 'kangrui.kr_producttype' doesn't exist
 [ SQL语句 ] : SHOW COLUMNS FROM `kr_producttype`
SQL: SELECT * FROM `kr_producttype`  [ RunTime:0.000000s ]
ERR: 1146:Table 'kangrui.kr_producttype' doesn't exist
 [ SQL语句 ] : SELECT * FROM `kr_producttype` 
SQL: SHOW COLUMNS FROM `kr_healthy` [ RunTime:0.002000s ]
SQL: SELECT * FROM `kr_healthy` ORDER BY sort desc,id desc LIMIT 0,8   [ RunTime:0.001000s ]
SQL: SHOW COLUMNS FROM `kr_news` [ RunTime:0.002000s ]
SQL: SELECT * FROM `kr_news` ORDER BY sort desc,id desc LIMIT 0,6   [ RunTime:0.000000s ]
INFO: [ view_parse ] --START--
INFO: [ template_filter ] --START--
INFO: Run Behavior\ContentReplace [ RunTime:0.000000s ]
INFO: [ template_filter ] --END-- [ RunTime:0.000000s ]
NOTIC: [8] Undefined variable: key D:\phpStudy\WWW\Application\Runtime\Cache\Home\2a94b8bda04ff446dcedd42276fc99ee.php 第 67 行.
INFO: Run Behavior\ParseTemplate [ RunTime:0.011001s ]
INFO: [ view_parse ] --END-- [ RunTime:0.011001s ]
INFO: [ view_filter ] --START--
INFO: Run Behavior\WriteHtmlCache [ RunTime:0.000000s ]
INFO: [ view_filter ] --END-- [ RunTime:0.000000s ]
INFO: [ app_end ] --START--
INFO: Run Behavior\ShowPageTrace [ RunTime:0.001000s ]
INFO: [ app_end ] --END-- [ RunTime:0.001000s ]

[ 2017-07-19T19:14:08+08:00 ] ::1 /
INFO: [ app_begin ] --START--
INFO: Run Behavior\ReadHtmlCache [ RunTime:0.001000s ]
INFO: [ app_begin ] --END-- [ RunTime:0.001000s ]
SQL: SHOW COLUMNS FROM `kr_producttype` [ RunTime:0.002000s ]
ERR: 1146:Table 'kangrui.kr_producttype' doesn't exist
 [ SQL语句 ] : SHOW COLUMNS FROM `kr_producttype`
SQL: SELECT * FROM `kr_producttype`  [ RunTime:0.001000s ]
ERR: 1146:Table 'kangrui.kr_producttype' doesn't exist
 [ SQL语句 ] : SELECT * FROM `kr_producttype` 
SQL: SHOW COLUMNS FROM `kr_healthy` [ RunTime:0.002000s ]
SQL: SELECT * FROM `kr_healthy` ORDER BY sort desc,id desc LIMIT 0,8   [ RunTime:0.001000s ]
SQL: SHOW COLUMNS FROM `kr_news` [ RunTime:0.003000s ]
SQL: SELECT * FROM `kr_news` ORDER BY sort desc,id desc LIMIT 0,6   [ RunTime:0.000000s ]
INFO: [ view_parse ] --START--
INFO: [ template_filter ] --START--
INFO: Run Behavior\ContentReplace [ RunTime:0.000000s ]
INFO: [ template_filter ] --END-- [ RunTime:0.000000s ]
NOTIC: [8] Undefined variable: key D:\phpStudy\WWW\Application\Runtime\Cache\Home\2a94b8bda04ff446dcedd42276fc99ee.php 第 67 行.
INFO: Run Behavior\ParseTemplate [ RunTime:0.012001s ]
INFO: [ view_parse ] --END-- [ RunTime:0.012001s ]
INFO: [ view_filter ] --START--
INFO: Run Behavior\WriteHtmlCache [ RunTime:0.001000s ]
INFO: [ view_filter ] --END-- [ RunTime:0.001000s ]
INFO: [ app_end ] --START--
INFO: Run Behavior\ShowPageTrace [ RunTime:0.001000s ]
INFO: [ app_end ] --END-- [ RunTime:0.001000s ]

[ 2017-07-19T19:14:13+08:00 ] ::1 /
INFO: [ app_begin ] --START--
INFO: Run Behavior\ReadHtmlCache [ RunTime:0.000000s ]
INFO: [ app_begin ] --END-- [ RunTime:0.001000s ]
SQL: SHOW COLUMNS FROM `kr_producttype` [ RunTime:0.002000s ]
ERR: 1146:Table 'kangrui.kr_producttype' doesn't exist
 [ SQL语句 ] : SHOW COLUMNS FROM `kr_producttype`
SQL: SELECT * FROM `kr_producttype`  [ RunTime:0.001000s ]
ERR: 1146:Table 'kangrui.kr_producttype' doesn't exist
 [ SQL语句 ] : SELECT * FROM `kr_producttype` 
SQL: SHOW COLUMNS FROM `kr_healthy` [ RunTime:0.002000s ]
SQL: SELECT * FROM `kr_healthy` ORDER BY sort desc,id desc LIMIT 0,8   [ RunTime:0.001000s ]
SQL: SHOW COLUMNS FROM `kr_news` [ RunTime:0.003000s ]
SQL: SELECT * FROM `kr_news` ORDER BY sort desc,id desc LIMIT 0,6   [ RunTime:0.001000s ]
INFO: [ view_parse ] --START--
INFO: [ template_filter ] --START--
INFO: Run Behavior\ContentReplace [ RunTime:0.000000s ]
INFO: [ template_filter ] --END-- [ RunTime:0.000000s ]
NOTIC: [8] Undefined variable: key D:\phpStudy\WWW\Application\Runtime\Cache\Home\2a94b8bda04ff446dcedd42276fc99ee.php 第 67 行.
INFO: Run Behavior\ParseTemplate [ RunTime:0.012001s ]
INFO: [ view_parse ] --END-- [ RunTime:0.012001s ]
INFO: [ view_filter ] --START--
INFO: Run Behavior\WriteHtmlCache [ RunTime:0.000000s ]
INFO: [ view_filter ] --END-- [ RunTime:0.000000s ]
INFO: [ app_end ] --START--
INFO: Run Behavior\ShowPageTrace [ RunTime:0.001000s ]
INFO: [ app_end ] --END-- [ RunTime:0.001000s ]

[ 2017-07-19T19:14:29+08:00 ] ::1 /
INFO: [ app_begin ] --START--
INFO: Run Behavior\ReadHtmlCache [ RunTime:0.000000s ]
INFO: [ app_begin ] --END-- [ RunTime:0.000000s ]
SQL: SHOW COLUMNS FROM `kr_producttype` [ RunTime:0.007000s ]
ERR: 1146:Table 'kangrui.kr_producttype' doesn't exist
 [ SQL语句 ] : SHOW COLUMNS FROM `kr_producttype`
SQL: SELECT * FROM `kr_producttype`  [ RunTime:0.000000s ]
ERR: 1146:Table 'kangrui.kr_producttype' doesn't exist
 [ SQL语句 ] : SELECT * FROM `kr_producttype` 
SQL: SHOW COLUMNS FROM `kr_healthy` [ RunTime:0.004000s ]
SQL: SELECT * FROM `kr_healthy` ORDER BY sort desc,id desc LIMIT 0,8   [ RunTime:0.000000s ]
SQL: SHOW COLUMNS FROM `kr_news` [ RunTime:0.003000s ]
SQL: SELECT * FROM `kr_news` ORDER BY sort desc,id desc LIMIT 0,6   [ RunTime:0.000000s ]
INFO: [ view_parse ] --START--
INFO: [ template_filter ] --START--
INFO: Run Behavior\ContentReplace [ RunTime:0.000000s ]
INFO: [ template_filter ] --END-- [ RunTime:0.000000s ]
NOTIC: [8] Undefined variable: key D:\phpStudy\WWW\Application\Runtime\Cache\Home\2a94b8bda04ff446dcedd42276fc99ee.php 第 67 行.
INFO: Run Behavior\ParseTemplate [ RunTime:0.010000s ]
INFO: [ view_parse ] --END-- [ RunTime:0.010000s ]
INFO: [ view_filter ] --START--
INFO: Run Behavior\WriteHtmlCache [ RunTime:0.001001s ]
INFO: [ view_filter ] --END-- [ RunTime:0.001001s ]
INFO: [ app_end ] --START--
INFO: Run Behavior\ShowPageTrace [ RunTime:0.000000s ]
INFO: [ app_end ] --END-- [ RunTime:0.000000s ]

[ 2017-07-19T19:14:48+08:00 ] ::1 /
INFO: [ app_begin ] --START--
INFO: Run Behavior\ReadHtmlCache [ RunTime:0.000000s ]
INFO: [ app_begin ] --END-- [ RunTime:0.000000s ]
SQL: SHOW COLUMNS FROM `kr_producttype` [ RunTime:0.004000s ]
ERR: 1146:Table 'kangrui.kr_producttype' doesn't exist
 [ SQL语句 ] : SHOW COLUMNS FROM `kr_producttype`
SQL: SELECT * FROM `kr_producttype`  [ RunTime:0.001000s ]
ERR: 1146:Table 'kangrui.kr_producttype' doesn't exist
 [ SQL语句 ] : SELECT * FROM `kr_producttype` 
SQL: SHOW COLUMNS FROM `kr_healthy` [ RunTime:0.003001s ]
SQL: SELECT * FROM `kr_healthy` ORDER BY sort desc,id desc LIMIT 0,8   [ RunTime:0.000000s ]
SQL: SHOW COLUMNS FROM `kr_news` [ RunTime:0.002000s ]
SQL: SELECT * FROM `kr_news` ORDER BY sort desc,id desc LIMIT 0,6   [ RunTime:0.000000s ]
INFO: [ view_parse ] --START--
INFO: [ template_filter ] --START--
INFO: Run Behavior\ContentReplace [ RunTime:0.000000s ]
INFO: [ template_filter ] --END-- [ RunTime:0.000000s ]
NOTIC: [8] Undefined variable: key D:\phpStudy\WWW\Application\Runtime\Cache\Home\2a94b8bda04ff446dcedd42276fc99ee.php 第 67 行.
INFO: Run Behavior\ParseTemplate [ RunTime:0.011000s ]
INFO: [ view_parse ] --END-- [ RunTime:0.011000s ]
INFO: [ view_filter ] --START--
INFO: Run Behavior\WriteHtmlCache [ RunTime:0.001000s ]
INFO: [ view_filter ] --END-- [ RunTime:0.001000s ]
INFO: [ app_end ] --START--
INFO: Run Behavior\ShowPageTrace [ RunTime:0.000000s ]
INFO: [ app_end ] --END-- [ RunTime:0.000000s ]

[ 2017-07-19T19:14:56+08:00 ] ::1 /
INFO: [ app_begin ] --START--
INFO: Run Behavior\ReadHtmlCache [ RunTime:0.001000s ]
INFO: [ app_begin ] --END-- [ RunTime:0.001000s ]
SQL: SHOW COLUMNS FROM `kr_producttype` [ RunTime:0.002000s ]
ERR: 1146:Table 'kangrui.kr_producttype' doesn't exist
 [ SQL语句 ] : SHOW COLUMNS FROM `kr_producttype`
SQL: SELECT * FROM `kr_producttype`  [ RunTime:0.001000s ]
ERR: 1146:Table 'kangrui.kr_producttype' doesn't exist
 [ SQL语句 ] : SELECT * FROM `kr_producttype` 
SQL: SHOW COLUMNS FROM `kr_healthy` [ RunTime:0.002000s ]
SQL: SELECT * FROM `kr_healthy` ORDER BY sort desc,id desc LIMIT 0,8   [ RunTime:0.001000s ]
SQL: SHOW COLUMNS FROM `kr_news` [ RunTime:0.002000s ]
SQL: SELECT * FROM `kr_news` ORDER BY sort desc,id desc LIMIT 0,6   [ RunTime:0.000000s ]
INFO: [ view_parse ] --START--
INFO: [ template_filter ] --START--
INFO: Run Behavior\ContentReplace [ RunTime:0.000000s ]
INFO: [ template_filter ] --END-- [ RunTime:0.000000s ]
NOTIC: [8] Undefined variable: key D:\phpStudy\WWW\Application\Runtime\Cache\Home\2a94b8bda04ff446dcedd42276fc99ee.php 第 67 行.
INFO: Run Behavior\ParseTemplate [ RunTime:0.010001s ]
INFO: [ view_parse ] --END-- [ RunTime:0.010001s ]
INFO: [ view_filter ] --START--
INFO: Run Behavior\WriteHtmlCache [ RunTime:0.000000s ]
INFO: [ view_filter ] --END-- [ RunTime:0.000000s ]
INFO: [ app_end ] --START--
INFO: Run Behavior\ShowPageTrace [ RunTime:0.001000s ]
INFO: [ app_end ] --END-- [ RunTime:0.001000s ]

[ 2017-07-19T19:15:30+08:00 ] ::1 /
INFO: [ app_begin ] --START--
INFO: Run Behavior\ReadHtmlCache [ RunTime:0.000000s ]
INFO: [ app_begin ] --END-- [ RunTime:0.000000s ]
SQL: SHOW COLUMNS FROM `kr_producttype` [ RunTime:0.004000s ]
ERR: 1146:Table 'kangrui.kr_producttype' doesn't exist
 [ SQL语句 ] : SHOW COLUMNS FROM `kr_producttype`
SQL: SELECT * FROM `kr_producttype`  [ RunTime:0.001000s ]
ERR: 1146:Table 'kangrui.kr_producttype' doesn't exist
 [ SQL语句 ] : SELECT * FROM `kr_producttype` 
SQL: SHOW COLUMNS FROM `kr_healthy` [ RunTime:0.004000s ]
SQL: SELECT * FROM `kr_healthy` ORDER BY sort desc,id desc LIMIT 0,8   [ RunTime:0.001000s ]
SQL: SHOW COLUMNS FROM `kr_news` [ RunTime:0.003000s ]
SQL: SELECT * FROM `kr_news` ORDER BY sort desc,id desc LIMIT 0,6   [ RunTime:0.000000s ]
INFO: [ view_parse ] --START--
INFO: [ template_filter ] --START--
INFO: Run Behavior\ContentReplace [ RunTime:0.000000s ]
INFO: [ template_filter ] --END-- [ RunTime:0.000000s ]
NOTIC: [8] Undefined variable: key D:\phpStudy\WWW\Application\Runtime\Cache\Home\2a94b8bda04ff446dcedd42276fc99ee.php 第 67 行.
INFO: Run Behavior\ParseTemplate [ RunTime:0.010001s ]
INFO: [ view_parse ] --END-- [ RunTime:0.011001s ]
INFO: [ view_filter ] --START--
INFO: Run Behavior\WriteHtmlCache [ RunTime:0.000000s ]
INFO: [ view_filter ] --END-- [ RunTime:0.000000s ]
INFO: [ app_end ] --START--
INFO: Run Behavior\ShowPageTrace [ RunTime:0.001000s ]
INFO: [ app_end ] --END-- [ RunTime:0.001000s ]

[ 2017-07-19T19:15:50+08:00 ] ::1 /
INFO: [ app_begin ] --START--
INFO: Run Behavior\ReadHtmlCache [ RunTime:0.000000s ]
INFO: [ app_begin ] --END-- [ RunTime:0.001000s ]
SQL: SHOW COLUMNS FROM `kr_producttype` [ RunTime:0.004000s ]
ERR: 1146:Table 'kangrui.kr_producttype' doesn't exist
 [ SQL语句 ] : SHOW COLUMNS FROM `kr_producttype`
SQL: SELECT * FROM `kr_producttype`  [ RunTime:0.000000s ]
ERR: 1146:Table 'kangrui.kr_producttype' doesn't exist
 [ SQL语句 ] : SELECT * FROM `kr_producttype` 
SQL: SHOW COLUMNS FROM `kr_healthy` [ RunTime:0.003000s ]
SQL: SELECT * FROM `kr_healthy` ORDER BY sort desc,id desc LIMIT 0,8   [ RunTime:0.001000s ]
SQL: SHOW COLUMNS FROM `kr_news` [ RunTime:0.003001s ]
SQL: SELECT * FROM `kr_news` ORDER BY sort desc,id desc LIMIT 0,6   [ RunTime:0.001000s ]
INFO: [ view_parse ] --START--
INFO: [ template_filter ] --START--
INFO: Run Behavior\ContentReplace [ RunTime:0.000000s ]
INFO: [ template_filter ] --END-- [ RunTime:0.000000s ]
NOTIC: [8] Undefined variable: key D:\phpStudy\WWW\Application\Runtime\Cache\Home\2a94b8bda04ff446dcedd42276fc99ee.php 第 67 行.
INFO: Run Behavior\ParseTemplate [ RunTime:0.009000s ]
INFO: [ view_parse ] --END-- [ RunTime:0.009000s ]
INFO: [ view_filter ] --START--
INFO: Run Behavior\WriteHtmlCache [ RunTime:0.000000s ]
INFO: [ view_filter ] --END-- [ RunTime:0.000000s ]
INFO: [ app_end ] --START--
INFO: Run Behavior\ShowPageTrace [ RunTime:0.001000s ]
INFO: [ app_end ] --END-- [ RunTime:0.001000s ]

[ 2017-07-19T19:16:40+08:00 ] ::1 /
INFO: [ app_begin ] --START--
INFO: Run Behavior\ReadHtmlCache [ RunTime:0.000000s ]
INFO: [ app_begin ] --END-- [ RunTime:0.000000s ]
SQL: SHOW COLUMNS FROM `kr_producttype` [ RunTime:0.003000s ]
ERR: 1146:Table 'kangrui.kr_producttype' doesn't exist
 [ SQL语句 ] : SHOW COLUMNS FROM `kr_producttype`
SQL: SELECT * FROM `kr_producttype`  [ RunTime:0.000000s ]
ERR: 1146:Table 'kangrui.kr_producttype' doesn't exist
 [ SQL语句 ] : SELECT * FROM `kr_producttype` 
SQL: SHOW COLUMNS FROM `kr_healthy` [ RunTime:0.002000s ]
SQL: SELECT * FROM `kr_healthy` ORDER BY sort desc,id desc LIMIT 0,8   [ RunTime:0.001000s ]
SQL: SHOW COLUMNS FROM `kr_news` [ RunTime:0.003000s ]
SQL: SELECT * FROM `kr_news` ORDER BY sort desc,id desc LIMIT 0,6   [ RunTime:0.000000s ]
INFO: [ view_parse ] --START--
INFO: [ template_filter ] --START--
INFO: Run Behavior\ContentReplace [ RunTime:0.000000s ]
INFO: [ template_filter ] --END-- [ RunTime:0.000000s ]
NOTIC: [8] Undefined variable: key D:\phpStudy\WWW\Application\Runtime\Cache\Home\2a94b8bda04ff446dcedd42276fc99ee.php 第 67 行.
INFO: Run Behavior\ParseTemplate [ RunTime:0.016001s ]
INFO: [ view_parse ] --END-- [ RunTime:0.016001s ]
INFO: [ view_filter ] --START--
INFO: Run Behavior\WriteHtmlCache [ RunTime:0.000000s ]
INFO: [ view_filter ] --END-- [ RunTime:0.000000s ]
INFO: [ app_end ] --START--
INFO: Run Behavior\ShowPageTrace [ RunTime:0.000000s ]
INFO: [ app_end ] --END-- [ RunTime:0.000000s ]

[ 2017-07-19T19:17:07+08:00 ] ::1 /
INFO: [ app_begin ] --START--
INFO: Run Behavior\ReadHtmlCache [ RunTime:0.000000s ]
INFO: [ app_begin ] --END-- [ RunTime:0.000000s ]
SQL: SHOW COLUMNS FROM `kr_producttype` [ RunTime:0.003000s ]
ERR: 1146:Table 'kangrui.kr_producttype' doesn't exist
 [ SQL语句 ] : SHOW COLUMNS FROM `kr_producttype`
SQL: SELECT * FROM `kr_producttype`  [ RunTime:0.001000s ]
ERR: 1146:Table 'kangrui.kr_producttype' doesn't exist
 [ SQL语句 ] : SELECT * FROM `kr_producttype` 
SQL: SHOW COLUMNS FROM `kr_healthy` [ RunTime:0.002000s ]
SQL: SELECT * FROM `kr_healthy` ORDER BY sort desc,id desc LIMIT 0,8   [ RunTime:0.001000s ]
SQL: SHOW COLUMNS FROM `kr_news` [ RunTime:0.002000s ]
SQL: SELECT * FROM `kr_news` ORDER BY sort desc,id desc LIMIT 0,6   [ RunTime:0.001000s ]
INFO: [ view_parse ] --START--
INFO: [ template_filter ] --START--
INFO: Run Behavior\ContentReplace [ RunTime:0.000000s ]
INFO: [ template_filter ] --END-- [ RunTime:0.001000s ]
NOTIC: [8] Undefined variable: key D:\phpStudy\WWW\Application\Runtime\Cache\Home\2a94b8bda04ff446dcedd42276fc99ee.php 第 67 行.
INFO: Run Behavior\ParseTemplate [ RunTime:0.009001s ]
INFO: [ view_parse ] --END-- [ RunTime:0.009001s ]
INFO: [ view_filter ] --START--
INFO: Run Behavior\WriteHtmlCache [ RunTime:0.001000s ]
INFO: [ view_filter ] --END-- [ RunTime:0.001000s ]
INFO: [ app_end ] --START--
INFO: Run Behavior\ShowPageTrace [ RunTime:0.000000s ]
INFO: [ app_end ] --END-- [ RunTime:0.000000s ]

[ 2017-07-19T19:17:20+08:00 ] ::1 /
INFO: [ app_begin ] --START--
INFO: Run Behavior\ReadHtmlCache [ RunTime:0.001000s ]
INFO: [ app_begin ] --END-- [ RunTime:0.001000s ]
SQL: SHOW COLUMNS FROM `kr_producttype` [ RunTime:0.003000s ]
ERR: 1146:Table 'kangrui.kr_producttype' doesn't exist
 [ SQL语句 ] : SHOW COLUMNS FROM `kr_producttype`
SQL: SELECT * FROM `kr_producttype`  [ RunTime:0.001001s ]
ERR: 1146:Table 'kangrui.kr_producttype' doesn't exist
 [ SQL语句 ] : SELECT * FROM `kr_producttype` 
SQL: SHOW COLUMNS FROM `kr_healthy` [ RunTime:0.003000s ]
SQL: SELECT * FROM `kr_healthy` ORDER BY sort desc,id desc LIMIT 0,8   [ RunTime:0.000000s ]
SQL: SHOW COLUMNS FROM `kr_news` [ RunTime:0.005000s ]
SQL: SELECT * FROM `kr_news` ORDER BY sort desc,id desc LIMIT 0,6   [ RunTime:0.000000s ]
INFO: [ view_parse ] --START--
INFO: [ template_filter ] --START--
INFO: Run Behavior\ContentReplace [ RunTime:0.000000s ]
INFO: [ template_filter ] --END-- [ RunTime:0.000000s ]
NOTIC: [8] Undefined variable: key D:\phpStudy\WWW\Application\Runtime\Cache\Home\2a94b8bda04ff446dcedd42276fc99ee.php 第 67 行.
INFO: Run Behavior\ParseTemplate [ RunTime:0.010001s ]
INFO: [ view_parse ] --END-- [ RunTime:0.010001s ]
INFO: [ view_filter ] --START--
INFO: Run Behavior\WriteHtmlCache [ RunTime:0.000000s ]
INFO: [ view_filter ] --END-- [ RunTime:0.000000s ]
INFO: [ app_end ] --START--
INFO: Run Behavior\ShowPageTrace [ RunTime:0.001000s ]
INFO: [ app_end ] --END-- [ RunTime:0.001000s ]

[ 2017-07-19T19:17:24+08:00 ] ::1 /
INFO: [ app_begin ] --START--
INFO: Run Behavior\ReadHtmlCache [ RunTime:0.000000s ]
INFO: [ app_begin ] --END-- [ RunTime:0.000000s ]
SQL: SHOW COLUMNS FROM `kr_producttype` [ RunTime:0.003000s ]
ERR: 1146:Table 'kangrui.kr_producttype' doesn't exist
 [ SQL语句 ] : SHOW COLUMNS FROM `kr_producttype`
SQL: SELECT * FROM `kr_producttype`  [ RunTime:0.000000s ]
ERR: 1146:Table 'kangrui.kr_producttype' doesn't exist
 [ SQL语句 ] : SELECT * FROM `kr_producttype` 
SQL: SHOW COLUMNS FROM `kr_healthy` [ RunTime:0.003001s ]
SQL: SELECT * FROM `kr_healthy` ORDER BY sort desc,id desc LIMIT 0,8   [ RunTime:0.001000s ]
SQL: SHOW COLUMNS FROM `kr_news` [ RunTime:0.004000s ]
SQL: SELECT * FROM `kr_news` ORDER BY sort desc,id desc LIMIT 0,6   [ RunTime:0.000000s ]
INFO: [ view_parse ] --START--
INFO: [ template_filter ] --START--
INFO: Run Behavior\ContentReplace [ RunTime:0.000000s ]
INFO: [ template_filter ] --END-- [ RunTime:0.000000s ]
NOTIC: [8] Undefined variable: key D:\phpStudy\WWW\Application\Runtime\Cache\Home\2a94b8bda04ff446dcedd42276fc99ee.php 第 67 行.
INFO: Run Behavior\ParseTemplate [ RunTime:0.010000s ]
INFO: [ view_parse ] --END-- [ RunTime:0.010000s ]
INFO: [ view_filter ] --START--
INFO: Run Behavior\WriteHtmlCache [ RunTime:0.000000s ]
INFO: [ view_filter ] --END-- [ RunTime:0.000000s ]
INFO: [ app_end ] --START--
INFO: Run Behavior\ShowPageTrace [ RunTime:0.001001s ]
INFO: [ app_end ] --END-- [ RunTime:0.001001s ]

[ 2017-07-19T19:17:26+08:00 ] ::1 /
INFO: [ app_begin ] --START--
INFO: Run Behavior\ReadHtmlCache [ RunTime:0.001000s ]
INFO: [ app_begin ] --END-- [ RunTime:0.001000s ]
SQL: SHOW COLUMNS FROM `kr_producttype` [ RunTime:0.003000s ]
ERR: 1146:Table 'kangrui.kr_producttype' doesn't exist
 [ SQL语句 ] : SHOW COLUMNS FROM `kr_producttype`
SQL: SELECT * FROM `kr_producttype`  [ RunTime:0.000000s ]
ERR: 1146:Table 'kangrui.kr_producttype' doesn't exist
 [ SQL语句 ] : SELECT * FROM `kr_producttype` 
SQL: SHOW COLUMNS FROM `kr_healthy` [ RunTime:0.003000s ]
SQL: SELECT * FROM `kr_healthy` ORDER BY sort desc,id desc LIMIT 0,8   [ RunTime:0.000000s ]
SQL: SHOW COLUMNS FROM `kr_news` [ RunTime:0.003000s ]
SQL: SELECT * FROM `kr_news` ORDER BY sort desc,id desc LIMIT 0,6   [ RunTime:0.001000s ]
INFO: [ view_parse ] --START--
INFO: [ template_filter ] --START--
INFO: Run Behavior\ContentReplace [ RunTime:0.000000s ]
INFO: [ template_filter ] --END-- [ RunTime:0.000000s ]
NOTIC: [8] Undefined variable: key D:\phpStudy\WWW\Application\Runtime\Cache\Home\2a94b8bda04ff446dcedd42276fc99ee.php 第 67 行.
INFO: Run Behavior\ParseTemplate [ RunTime:0.009001s ]
INFO: [ view_parse ] --END-- [ RunTime:0.009001s ]
INFO: [ view_filter ] --START--
INFO: Run Behavior\WriteHtmlCache [ RunTime:0.000000s ]
INFO: [ view_filter ] --END-- [ RunTime:0.000000s ]
INFO: [ app_end ] --START--
INFO: Run Behavior\ShowPageTrace [ RunTime:0.000000s ]
INFO: [ app_end ] --END-- [ RunTime:0.000000s ]

[ 2017-07-19T19:17:53+08:00 ] ::1 /
INFO: [ app_begin ] --START--
INFO: Run Behavior\ReadHtmlCache [ RunTime:0.000000s ]
INFO: [ app_begin ] --END-- [ RunTime:0.001000s ]
SQL: SHOW COLUMNS FROM `kr_producttype` [ RunTime:0.002000s ]
ERR: 1146:Table 'kangrui.kr_producttype' doesn't exist
 [ SQL语句 ] : SHOW COLUMNS FROM `kr_producttype`
SQL: SELECT * FROM `kr_producttype`  [ RunTime:0.000000s ]
ERR: 1146:Table 'kangrui.kr_producttype' doesn't exist
 [ SQL语句 ] : SELECT * FROM `kr_producttype` 
SQL: SHOW COLUMNS FROM `kr_healthy` [ RunTime:0.003000s ]
SQL: SELECT * FROM `kr_healthy` ORDER BY sort desc,id desc LIMIT 0,8   [ RunTime:0.001000s ]
SQL: SHOW COLUMNS FROM `kr_news` [ RunTime:0.003000s ]
SQL: SELECT * FROM `kr_news` ORDER BY sort desc,id desc LIMIT 0,6   [ RunTime:0.000000s ]
INFO: [ view_parse ] --START--
INFO: [ template_filter ] --START--
INFO: Run Behavior\ContentReplace [ RunTime:0.000000s ]
INFO: [ template_filter ] --END-- [ RunTime:0.000000s ]
NOTIC: [8] Undefined variable: key D:\phpStudy\WWW\Application\Runtime\Cache\Home\2a94b8bda04ff446dcedd42276fc99ee.php 第 67 行.
INFO: Run Behavior\ParseTemplate [ RunTime:0.010001s ]
INFO: [ view_parse ] --END-- [ RunTime:0.010001s ]
INFO: [ view_filter ] --START--
INFO: Run Behavior\WriteHtmlCache [ RunTime:0.000000s ]
INFO: [ view_filter ] --END-- [ RunTime:0.000000s ]
INFO: [ app_end ] --START--
INFO: Run Behavior\ShowPageTrace [ RunTime:0.000000s ]
INFO: [ app_end ] --END-- [ RunTime:0.000000s ]

[ 2017-07-19T19:17:58+08:00 ] ::1 /
INFO: [ app_begin ] --START--
INFO: Run Behavior\ReadHtmlCache [ RunTime:0.000000s ]
INFO: [ app_begin ] --END-- [ RunTime:0.001000s ]
SQL: SHOW COLUMNS FROM `kr_producttype` [ RunTime:0.002000s ]
ERR: 1146:Table 'kangrui.kr_producttype' doesn't exist
 [ SQL语句 ] : SHOW COLUMNS FROM `kr_producttype`
SQL: SELECT * FROM `kr_producttype`  [ RunTime:0.000000s ]
ERR: 1146:Table 'kangrui.kr_producttype' doesn't exist
 [ SQL语句 ] : SELECT * FROM `kr_producttype` 
SQL: SHOW COLUMNS FROM `kr_healthy` [ RunTime:0.003000s ]
SQL: SELECT * FROM `kr_healthy` ORDER BY sort desc,id desc LIMIT 0,8   [ RunTime:0.000000s ]
SQL: SHOW COLUMNS FROM `kr_news` [ RunTime:0.002000s ]
SQL: SELECT * FROM `kr_news` ORDER BY sort desc,id desc LIMIT 0,6   [ RunTime:0.000000s ]
INFO: [ view_parse ] --START--
INFO: [ template_filter ] --START--
INFO: Run Behavior\ContentReplace [ RunTime:0.000000s ]
INFO: [ template_filter ] --END-- [ RunTime:0.000000s ]
NOTIC: [8] Undefined variable: key D:\phpStudy\WWW\Application\Runtime\Cache\Home\2a94b8bda04ff446dcedd42276fc99ee.php 第 67 行.
INFO: Run Behavior\ParseTemplate [ RunTime:0.011001s ]
INFO: [ view_parse ] --END-- [ RunTime:0.011001s ]
INFO: [ view_filter ] --START--
INFO: Run Behavior\WriteHtmlCache [ RunTime:0.001000s ]
INFO: [ view_filter ] --END-- [ RunTime:0.001000s ]
INFO: [ app_end ] --START--
INFO: Run Behavior\ShowPageTrace [ RunTime:0.000000s ]
INFO: [ app_end ] --END-- [ RunTime:0.000000s ]

[ 2017-07-19T19:18:03+08:00 ] ::1 /
INFO: [ app_begin ] --START--
INFO: Run Behavior\ReadHtmlCache [ RunTime:0.000000s ]
INFO: [ app_begin ] --END-- [ RunTime:0.000000s ]
SQL: SHOW COLUMNS FROM `kr_producttype` [ RunTime:0.003000s ]
ERR: 1146:Table 'kangrui.kr_producttype' doesn't exist
 [ SQL语句 ] : SHOW COLUMNS FROM `kr_producttype`
SQL: SELECT * FROM `kr_producttype`  [ RunTime:0.000000s ]
ERR: 1146:Table 'kangrui.kr_producttype' doesn't exist
 [ SQL语句 ] : SELECT * FROM `kr_producttype` 
SQL: SHOW COLUMNS FROM `kr_healthy` [ RunTime:0.003001s ]
SQL: SELECT * FROM `kr_healthy` ORDER BY sort desc,id desc LIMIT 0,8   [ RunTime:0.000000s ]
SQL: SHOW COLUMNS FROM `kr_news` [ RunTime:0.004000s ]
SQL: SELECT * FROM `kr_news` ORDER BY sort desc,id desc LIMIT 0,6   [ RunTime:0.000000s ]
INFO: [ view_parse ] --START--
INFO: [ template_filter ] --START--
INFO: Run Behavior\ContentReplace [ RunTime:0.000000s ]
INFO: [ template_filter ] --END-- [ RunTime:0.001000s ]
NOTIC: [8] Undefined variable: key D:\phpStudy\WWW\Application\Runtime\Cache\Home\2a94b8bda04ff446dcedd42276fc99ee.php 第 67 行.
INFO: Run Behavior\ParseTemplate [ RunTime:0.011000s ]
INFO: [ view_parse ] --END-- [ RunTime:0.011000s ]
INFO: [ view_filter ] --START--
INFO: Run Behavior\WriteHtmlCache [ RunTime:0.000000s ]
INFO: [ view_filter ] --END-- [ RunTime:0.001001s ]
INFO: [ app_end ] --START--
INFO: Run Behavior\ShowPageTrace [ RunTime:0.000000s ]
INFO: [ app_end ] --END-- [ RunTime:0.000000s ]

[ 2017-07-19T19:18:14+08:00 ] ::1 /
INFO: [ app_begin ] --START--
INFO: Run Behavior\ReadHtmlCache [ RunTime:0.000000s ]
INFO: [ app_begin ] --END-- [ RunTime:0.001000s ]
SQL: SHOW COLUMNS FROM `kr_producttype` [ RunTime:0.003000s ]
ERR: 1146:Table 'kangrui.kr_producttype' doesn't exist
 [ SQL语句 ] : SHOW COLUMNS FROM `kr_producttype`
SQL: SELECT * FROM `kr_producttype`  [ RunTime:0.000000s ]
ERR: 1146:Table 'kangrui.kr_producttype' doesn't exist
 [ SQL语句 ] : SELECT * FROM `kr_producttype` 
SQL: SHOW COLUMNS FROM `kr_healthy` [ RunTime:0.003000s ]
SQL: SELECT * FROM `kr_healthy` ORDER BY sort desc,id desc LIMIT 0,8   [ RunTime:0.000000s ]
SQL: SHOW COLUMNS FROM `kr_news` [ RunTime:0.004000s ]
SQL: SELECT * FROM `kr_news` ORDER BY sort desc,id desc LIMIT 0,6   [ RunTime:0.001000s ]
INFO: [ view_parse ] --START--
INFO: [ template_filter ] --START--
INFO: Run Behavior\ContentReplace [ RunTime:0.000000s ]
INFO: [ template_filter ] --END-- [ RunTime:0.000000s ]
NOTIC: [8] Undefined variable: key D:\phpStudy\WWW\Application\Runtime\Cache\Home\2a94b8bda04ff446dcedd42276fc99ee.php 第 67 行.
INFO: Run Behavior\ParseTemplate [ RunTime:0.011001s ]
INFO: [ view_parse ] --END-- [ RunTime:0.011001s ]
INFO: [ view_filter ] --START--
INFO: Run Behavior\WriteHtmlCache [ RunTime:0.001000s ]
INFO: [ view_filter ] --END-- [ RunTime:0.001000s ]
INFO: [ app_end ] --START--
INFO: Run Behavior\ShowPageTrace [ RunTime:0.000000s ]
INFO: [ app_end ] --END-- [ RunTime:0.000000s ]

[ 2017-07-19T19:18:25+08:00 ] ::1 /
INFO: [ app_begin ] --START--
INFO: Run Behavior\ReadHtmlCache [ RunTime:0.000000s ]
INFO: [ app_begin ] --END-- [ RunTime:0.001000s ]
SQL: SHOW COLUMNS FROM `kr_producttype` [ RunTime:0.003000s ]
ERR: 1146:Table 'kangrui.kr_producttype' doesn't exist
 [ SQL语句 ] : SHOW COLUMNS FROM `kr_producttype`
SQL: SELECT * FROM `kr_producttype`  [ RunTime:0.000000s ]
ERR: 1146:Table 'kangrui.kr_producttype' doesn't exist
 [ SQL语句 ] : SELECT * FROM `kr_producttype` 
SQL: SHOW COLUMNS FROM `kr_healthy` [ RunTime:0.004000s ]
SQL: SELECT * FROM `kr_healthy` ORDER BY sort desc,id desc LIMIT 0,8   [ RunTime:0.001000s ]
SQL: SHOW COLUMNS FROM `kr_news` [ RunTime:0.003000s ]
SQL: SELECT * FROM `kr_news` ORDER BY sort desc,id desc LIMIT 0,6   [ RunTime:0.001000s ]
INFO: [ view_parse ] --START--
INFO: [ template_filter ] --START--
INFO: Run Behavior\ContentReplace [ RunTime:0.000000s ]
INFO: [ template_filter ] --END-- [ RunTime:0.000000s ]
NOTIC: [8] Undefined variable: key D:\phpStudy\WWW\Application\Runtime\Cache\Home\2a94b8bda04ff446dcedd42276fc99ee.php 第 67 行.
INFO: Run Behavior\ParseTemplate [ RunTime:0.013000s ]
INFO: [ view_parse ] --END-- [ RunTime:0.013000s ]
INFO: [ view_filter ] --START--
INFO: Run Behavior\WriteHtmlCache [ RunTime:0.001000s ]
INFO: [ view_filter ] --END-- [ RunTime:0.001000s ]
INFO: [ app_end ] --START--
INFO: Run Behavior\ShowPageTrace [ RunTime:0.000000s ]
INFO: [ app_end ] --END-- [ RunTime:0.000000s ]

[ 2017-07-19T19:18:45+08:00 ] ::1 /
INFO: [ app_begin ] --START--
INFO: Run Behavior\ReadHtmlCache [ RunTime:0.000000s ]
INFO: [ app_begin ] --END-- [ RunTime:0.001000s ]
SQL: SHOW COLUMNS FROM `kr_producttype` [ RunTime:0.003000s ]
ERR: 1146:Table 'kangrui.kr_producttype' doesn't exist
 [ SQL语句 ] : SHOW COLUMNS FROM `kr_producttype`
SQL: SELECT * FROM `kr_producttype`  [ RunTime:0.001001s ]
ERR: 1146:Table 'kangrui.kr_producttype' doesn't exist
 [ SQL语句 ] : SELECT * FROM `kr_producttype` 
SQL: SHOW COLUMNS FROM `kr_healthy` [ RunTime:0.003000s ]
SQL: SELECT * FROM `kr_healthy` ORDER BY sort desc,id desc LIMIT 0,8   [ RunTime:0.001000s ]
SQL: SHOW COLUMNS FROM `kr_news` [ RunTime:0.004000s ]
SQL: SELECT * FROM `kr_news` ORDER BY sort desc,id desc LIMIT 0,6   [ RunTime:0.000000s ]
INFO: [ view_parse ] --START--
INFO: [ template_filter ] --START--
INFO: Run Behavior\ContentReplace [ RunTime:0.000000s ]
INFO: [ template_filter ] --END-- [ RunTime:0.000000s ]
NOTIC: [8] Undefined variable: key D:\phpStudy\WWW\Application\Runtime\Cache\Home\2a94b8bda04ff446dcedd42276fc99ee.php 第 67 行.
INFO: Run Behavior\ParseTemplate [ RunTime:0.012001s ]
INFO: [ view_parse ] --END-- [ RunTime:0.012001s ]
INFO: [ view_filter ] --START--
INFO: Run Behavior\WriteHtmlCache [ RunTime:0.000000s ]
INFO: [ view_filter ] --END-- [ RunTime:0.000000s ]
INFO: [ app_end ] --START--
INFO: Run Behavior\ShowPageTrace [ RunTime:0.000000s ]
INFO: [ app_end ] --END-- [ RunTime:0.001000s ]

[ 2017-07-19T19:18:54+08:00 ] ::1 /
INFO: [ app_begin ] --START--
INFO: Run Behavior\ReadHtmlCache [ RunTime:0.001000s ]
INFO: [ app_begin ] --END-- [ RunTime:0.001000s ]
SQL: SHOW COLUMNS FROM `kr_producttype` [ RunTime:0.003000s ]
ERR: 1146:Table 'kangrui.kr_producttype' doesn't exist
 [ SQL语句 ] : SHOW COLUMNS FROM `kr_producttype`
SQL: SELECT * FROM `kr_producttype`  [ RunTime:0.000000s ]
ERR: 1146:Table 'kangrui.kr_producttype' doesn't exist
 [ SQL语句 ] : SELECT * FROM `kr_producttype` 
SQL: SHOW COLUMNS FROM `kr_healthy` [ RunTime:0.003000s ]
SQL: SELECT * FROM `kr_healthy` ORDER BY sort desc,id desc LIMIT 0,8   [ RunTime:0.000000s ]
SQL: SHOW COLUMNS FROM `kr_news` [ RunTime:0.003001s ]
SQL: SELECT * FROM `kr_news` ORDER BY sort desc,id desc LIMIT 0,6   [ RunTime:0.000000s ]
INFO: [ view_parse ] --START--
INFO: [ template_filter ] --START--
INFO: Run Behavior\ContentReplace [ RunTime:0.000000s ]
INFO: [ template_filter ] --END-- [ RunTime:0.000000s ]
NOTIC: [8] Undefined variable: key D:\phpStudy\WWW\Application\Runtime\Cache\Home\2a94b8bda04ff446dcedd42276fc99ee.php 第 67 行.
INFO: Run Behavior\ParseTemplate [ RunTime:0.008000s ]
INFO: [ view_parse ] --END-- [ RunTime:0.008000s ]
INFO: [ view_filter ] --START--
INFO: Run Behavior\WriteHtmlCache [ RunTime:0.001000s ]
INFO: [ view_filter ] --END-- [ RunTime:0.001000s ]
INFO: [ app_end ] --START--
INFO: Run Behavior\ShowPageTrace [ RunTime:0.000000s ]
INFO: [ app_end ] --END-- [ RunTime:0.000000s ]

[ 2017-07-19T19:19:00+08:00 ] ::1 /
INFO: [ app_begin ] --START--
INFO: Run Behavior\ReadHtmlCache [ RunTime:0.000000s ]
INFO: [ app_begin ] --END-- [ RunTime:0.001000s ]
SQL: SHOW COLUMNS FROM `kr_producttype` [ RunTime:0.003000s ]
ERR: 1146:Table 'kangrui.kr_producttype' doesn't exist
 [ SQL语句 ] : SHOW COLUMNS FROM `kr_producttype`
SQL: SELECT * FROM `kr_producttype`  [ RunTime:0.000000s ]
ERR: 1146:Table 'kangrui.kr_producttype' doesn't exist
 [ SQL语句 ] : SELECT * FROM `kr_producttype` 
SQL: SHOW COLUMNS FROM `kr_healthy` [ RunTime:0.003000s ]
SQL: SELECT * FROM `kr_healthy` ORDER BY sort desc,id desc LIMIT 0,8   [ RunTime:0.001000s ]
SQL: SHOW COLUMNS FROM `kr_news` [ RunTime:0.003000s ]
SQL: SELECT * FROM `kr_news` ORDER BY sort desc,id desc LIMIT 0,6   [ RunTime:0.000000s ]
INFO: [ view_parse ] --START--
INFO: [ template_filter ] --START--
INFO: Run Behavior\ContentReplace [ RunTime:0.000000s ]
INFO: [ template_filter ] --END-- [ RunTime:0.000000s ]
NOTIC: [8] Undefined variable: key D:\phpStudy\WWW\Application\Runtime\Cache\Home\2a94b8bda04ff446dcedd42276fc99ee.php 第 67 行.
INFO: Run Behavior\ParseTemplate [ RunTime:0.009001s ]
INFO: [ view_parse ] --END-- [ RunTime:0.009001s ]
INFO: [ view_filter ] --START--
INFO: Run Behavior\WriteHtmlCache [ RunTime:0.000000s ]
INFO: [ view_filter ] --END-- [ RunTime:0.000000s ]
INFO: [ app_end ] --START--
INFO: Run Behavior\ShowPageTrace [ RunTime:0.001000s ]
INFO: [ app_end ] --END-- [ RunTime:0.001000s ]

[ 2017-07-19T19:19:02+08:00 ] ::1 /
INFO: [ app_begin ] --START--
INFO: Run Behavior\ReadHtmlCache [ RunTime:0.000000s ]
INFO: [ app_begin ] --END-- [ RunTime:0.000000s ]
SQL: SHOW COLUMNS FROM `kr_producttype` [ RunTime:0.003000s ]
ERR: 1146:Table 'kangrui.kr_producttype' doesn't exist
 [ SQL语句 ] : SHOW COLUMNS FROM `kr_producttype`
SQL: SELECT * FROM `kr_producttype`  [ RunTime:0.000000s ]
ERR: 1146:Table 'kangrui.kr_producttype' doesn't exist
 [ SQL语句 ] : SELECT * FROM `kr_producttype` 
SQL: SHOW COLUMNS FROM `kr_healthy` [ RunTime:0.004000s ]
SQL: SELECT * FROM `kr_healthy` ORDER BY sort desc,id desc LIMIT 0,8   [ RunTime:0.000000s ]
SQL: SHOW COLUMNS FROM `kr_news` [ RunTime:0.004001s ]
SQL: SELECT * FROM `kr_news` ORDER BY sort desc,id desc LIMIT 0,6   [ RunTime:0.000000s ]
INFO: [ view_parse ] --START--
INFO: [ template_filter ] --START--
INFO: Run Behavior\ContentReplace [ RunTime:0.000000s ]
INFO: [ template_filter ] --END-- [ RunTime:0.000000s ]
NOTIC: [8] Undefined variable: key D:\phpStudy\WWW\Application\Runtime\Cache\Home\2a94b8bda04ff446dcedd42276fc99ee.php 第 67 行.
INFO: Run Behavior\ParseTemplate [ RunTime:0.010000s ]
INFO: [ view_parse ] --END-- [ RunTime:0.011000s ]
INFO: [ view_filter ] --START--
INFO: Run Behavior\WriteHtmlCache [ RunTime:0.001000s ]
INFO: [ view_filter ] --END-- [ RunTime:0.001000s ]
INFO: [ app_end ] --START--
INFO: Run Behavior\ShowPageTrace [ RunTime:0.000000s ]
INFO: [ app_end ] --END-- [ RunTime:0.000000s ]

[ 2017-07-19T19:19:08+08:00 ] ::1 /
INFO: [ app_begin ] --START--
INFO: Run Behavior\ReadHtmlCache [ RunTime:0.001000s ]
INFO: [ app_begin ] --END-- [ RunTime:0.001000s ]
SQL: SHOW COLUMNS FROM `kr_producttype` [ RunTime:0.003000s ]
ERR: 1146:Table 'kangrui.kr_producttype' doesn't exist
 [ SQL语句 ] : SHOW COLUMNS FROM `kr_producttype`
SQL: SELECT * FROM `kr_producttype`  [ RunTime:0.001000s ]
ERR: 1146:Table 'kangrui.kr_producttype' doesn't exist
 [ SQL语句 ] : SELECT * FROM `kr_producttype` 
SQL: SHOW COLUMNS FROM `kr_healthy` [ RunTime:0.003000s ]
SQL: SELECT * FROM `kr_healthy` ORDER BY sort desc,id desc LIMIT 0,8   [ RunTime:0.000000s ]
SQL: SHOW COLUMNS FROM `kr_news` [ RunTime:0.004000s ]
SQL: SELECT * FROM `kr_news` ORDER BY sort desc,id desc LIMIT 0,6   [ RunTime:0.001001s ]
INFO: [ view_parse ] --START--
INFO: [ template_filter ] --START--
INFO: Run Behavior\ContentReplace [ RunTime:0.000000s ]
INFO: [ template_filter ] --END-- [ RunTime:0.000000s ]
NOTIC: [8] Undefined variable: key D:\phpStudy\WWW\Application\Runtime\Cache\Home\2a94b8bda04ff446dcedd42276fc99ee.php 第 67 行.
INFO: Run Behavior\ParseTemplate [ RunTime:0.010000s ]
INFO: [ view_parse ] --END-- [ RunTime:0.010000s ]
INFO: [ view_filter ] --START--
INFO: Run Behavior\WriteHtmlCache [ RunTime:0.001000s ]
INFO: [ view_filter ] --END-- [ RunTime:0.001000s ]
INFO: [ app_end ] --START--
INFO: Run Behavior\ShowPageTrace [ RunTime:0.000000s ]
INFO: [ app_end ] --END-- [ RunTime:0.000000s ]

[ 2017-07-19T19:19:39+08:00 ] ::1 /
INFO: [ app_begin ] --START--
INFO: Run Behavior\ReadHtmlCache [ RunTime:0.000000s ]
INFO: [ app_begin ] --END-- [ RunTime:0.001000s ]
SQL: SHOW COLUMNS FROM `kr_producttype` [ RunTime:0.003001s ]
ERR: 1146:Table 'kangrui.kr_producttype' doesn't exist
 [ SQL语句 ] : SHOW COLUMNS FROM `kr_producttype`
SQL: SELECT * FROM `kr_producttype`  [ RunTime:0.000000s ]
ERR: 1146:Table 'kangrui.kr_producttype' doesn't exist
 [ SQL语句 ] : SELECT * FROM `kr_producttype` 
SQL: SHOW COLUMNS FROM `kr_healthy` [ RunTime:0.003000s ]
SQL: SELECT * FROM `kr_healthy` ORDER BY sort desc,id desc LIMIT 0,8   [ RunTime:0.000000s ]
SQL: SHOW COLUMNS FROM `kr_news` [ RunTime:0.003000s ]
SQL: SELECT * FROM `kr_news` ORDER BY sort desc,id desc LIMIT 0,6   [ RunTime:0.001000s ]
INFO: [ view_parse ] --START--
INFO: [ template_filter ] --START--
INFO: Run Behavior\ContentReplace [ RunTime:0.000000s ]
INFO: [ template_filter ] --END-- [ RunTime:0.000000s ]
NOTIC: [8] Undefined variable: key D:\phpStudy\WWW\Application\Runtime\Cache\Home\2a94b8bda04ff446dcedd42276fc99ee.php 第 67 行.
INFO: Run Behavior\ParseTemplate [ RunTime:0.011001s ]
INFO: [ view_parse ] --END-- [ RunTime:0.012001s ]
INFO: [ view_filter ] --START--
INFO: Run Behavior\WriteHtmlCache [ RunTime:0.000000s ]
INFO: [ view_filter ] --END-- [ RunTime:0.000000s ]
INFO: [ app_end ] --START--
INFO: Run Behavior\ShowPageTrace [ RunTime:0.001000s ]
INFO: [ app_end ] --END-- [ RunTime:0.001000s ]

[ 2017-07-19T19:19:45+08:00 ] ::1 /
INFO: [ app_begin ] --START--
INFO: Run Behavior\ReadHtmlCache [ RunTime:0.000000s ]
INFO: [ app_begin ] --END-- [ RunTime:0.001000s ]
SQL: SHOW COLUMNS FROM `kr_producttype` [ RunTime:0.002000s ]
ERR: 1146:Table 'kangrui.kr_producttype' doesn't exist
 [ SQL语句 ] : SHOW COLUMNS FROM `kr_producttype`
SQL: SELECT * FROM `kr_producttype`  [ RunTime:0.000000s ]
ERR: 1146:Table 'kangrui.kr_producttype' doesn't exist
 [ SQL语句 ] : SELECT * FROM `kr_producttype` 
SQL: SHOW COLUMNS FROM `kr_healthy` [ RunTime:0.003000s ]
SQL: SELECT * FROM `kr_healthy` ORDER BY sort desc,id desc LIMIT 0,8   [ RunTime:0.000000s ]
SQL: SHOW COLUMNS FROM `kr_news` [ RunTime:0.003001s ]
SQL: SELECT * FROM `kr_news` ORDER BY sort desc,id desc LIMIT 0,6   [ RunTime:0.001000s ]
INFO: [ view_parse ] --START--
INFO: [ template_filter ] --START--
INFO: Run Behavior\ContentReplace [ RunTime:0.000000s ]
INFO: [ template_filter ] --END-- [ RunTime:0.001000s ]
NOTIC: [8] Undefined variable: key D:\phpStudy\WWW\Application\Runtime\Cache\Home\2a94b8bda04ff446dcedd42276fc99ee.php 第 67 行.
INFO: Run Behavior\ParseTemplate [ RunTime:0.009000s ]
INFO: [ view_parse ] --END-- [ RunTime:0.009000s ]
INFO: [ view_filter ] --START--
INFO: Run Behavior\WriteHtmlCache [ RunTime:0.001000s ]
INFO: [ view_filter ] --END-- [ RunTime:0.001000s ]
INFO: [ app_end ] --START--
INFO: Run Behavior\ShowPageTrace [ RunTime:0.000000s ]
INFO: [ app_end ] --END-- [ RunTime:0.000000s ]

[ 2017-07-19T19:19:49+08:00 ] ::1 /
INFO: [ app_begin ] --START--
INFO: Run Behavior\ReadHtmlCache [ RunTime:0.000000s ]
INFO: [ app_begin ] --END-- [ RunTime:0.000000s ]
SQL: SHOW COLUMNS FROM `kr_producttype` [ RunTime:0.003000s ]
ERR: 1146:Table 'kangrui.kr_producttype' doesn't exist
 [ SQL语句 ] : SHOW COLUMNS FROM `kr_producttype`
SQL: SELECT * FROM `kr_producttype`  [ RunTime:0.000000s ]
ERR: 1146:Table 'kangrui.kr_producttype' doesn't exist
 [ SQL语句 ] : SELECT * FROM `kr_producttype` 
SQL: SHOW COLUMNS FROM `kr_healthy` [ RunTime:0.003001s ]
SQL: SELECT * FROM `kr_healthy` ORDER BY sort desc,id desc LIMIT 0,8   [ RunTime:0.000000s ]
SQL: SHOW COLUMNS FROM `kr_news` [ RunTime:0.003000s ]
SQL: SELECT * FROM `kr_news` ORDER BY sort desc,id desc LIMIT 0,6   [ RunTime:0.001000s ]
INFO: [ view_parse ] --START--
INFO: [ template_filter ] --START--
INFO: Run Behavior\ContentReplace [ RunTime:0.000000s ]
INFO: [ template_filter ] --END-- [ RunTime:0.000000s ]
NOTIC: [8] Undefined variable: key D:\phpStudy\WWW\Application\Runtime\Cache\Home\2a94b8bda04ff446dcedd42276fc99ee.php 第 67 行.
INFO: Run Behavior\ParseTemplate [ RunTime:0.010000s ]
INFO: [ view_parse ] --END-- [ RunTime:0.010000s ]
INFO: [ view_filter ] --START--
INFO: Run Behavior\WriteHtmlCache [ RunTime:0.000000s ]
INFO: [ view_filter ] --END-- [ RunTime:0.000000s ]
INFO: [ app_end ] --START--
INFO: Run Behavior\ShowPageTrace [ RunTime:0.001001s ]
INFO: [ app_end ] --END-- [ RunTime:0.001001s ]

[ 2017-07-19T19:20:29+08:00 ] ::1 /
INFO: [ app_begin ] --START--
INFO: Run Behavior\ReadHtmlCache [ RunTime:0.001000s ]
INFO: [ app_begin ] --END-- [ RunTime:0.001000s ]
SQL: SHOW COLUMNS FROM `kr_producttype` [ RunTime:0.003000s ]
ERR: 1146:Table 'kangrui.kr_producttype' doesn't exist
 [ SQL语句 ] : SHOW COLUMNS FROM `kr_producttype`
SQL: SELECT * FROM `kr_producttype`  [ RunTime:0.001000s ]
ERR: 1146:Table 'kangrui.kr_producttype' doesn't exist
 [ SQL语句 ] : SELECT * FROM `kr_producttype` 
SQL: SHOW COLUMNS FROM `kr_healthy` [ RunTime:0.003000s ]
SQL: SELECT * FROM `kr_healthy` ORDER BY sort desc,id desc LIMIT 0,8   [ RunTime:0.000000s ]
SQL: SHOW COLUMNS FROM `kr_news` [ RunTime:0.004000s ]
SQL: SELECT * FROM `kr_news` ORDER BY sort desc,id desc LIMIT 0,6   [ RunTime:0.000000s ]
INFO: [ view_parse ] --START--
INFO: [ template_filter ] --START--
INFO: Run Behavior\ContentReplace [ RunTime:0.000000s ]
INFO: [ template_filter ] --END-- [ RunTime:0.000000s ]
NOTIC: [8] Undefined variable: key D:\phpStudy\WWW\Application\Runtime\Cache\Home\2a94b8bda04ff446dcedd42276fc99ee.php 第 67 行.
INFO: Run Behavior\ParseTemplate [ RunTime:0.012001s ]
INFO: [ view_parse ] --END-- [ RunTime:0.012001s ]
INFO: [ view_filter ] --START--
INFO: Run Behavior\WriteHtmlCache [ RunTime:0.001000s ]
INFO: [ view_filter ] --END-- [ RunTime:0.001000s ]
INFO: [ app_end ] --START--
INFO: Run Behavior\ShowPageTrace [ RunTime:0.000000s ]
INFO: [ app_end ] --END-- [ RunTime:0.000000s ]

[ 2017-07-19T19:21:03+08:00 ] ::1 /
INFO: [ app_begin ] --START--
INFO: Run Behavior\ReadHtmlCache [ RunTime:0.001000s ]
INFO: [ app_begin ] --END-- [ RunTime:0.001000s ]
SQL: SHOW COLUMNS FROM `kr_producttype` [ RunTime:0.003000s ]
ERR: 1146:Table 'kangrui.kr_producttype' doesn't exist
 [ SQL语句 ] : SHOW COLUMNS FROM `kr_producttype`
SQL: SELECT * FROM `kr_producttype`  [ RunTime:0.000000s ]
ERR: 1146:Table 'kangrui.kr_producttype' doesn't exist
 [ SQL语句 ] : SELECT * FROM `kr_producttype` 
SQL: SHOW COLUMNS FROM `kr_healthy` [ RunTime:0.003001s ]
SQL: SELECT * FROM `kr_healthy` ORDER BY sort desc,id desc LIMIT 0,8   [ RunTime:0.001000s ]
SQL: SHOW COLUMNS FROM `kr_news` [ RunTime:0.003000s ]
SQL: SELECT * FROM `kr_news` ORDER BY sort desc,id desc LIMIT 0,6   [ RunTime:0.000000s ]
INFO: [ view_parse ] --START--
INFO: [ template_filter ] --START--
INFO: Run Behavior\ContentReplace [ RunTime:0.000000s ]
INFO: [ template_filter ] --END-- [ RunTime:0.000000s ]
NOTIC: [8] Undefined variable: key D:\phpStudy\WWW\Application\Runtime\Cache\Home\2a94b8bda04ff446dcedd42276fc99ee.php 第 67 行.
INFO: Run Behavior\ParseTemplate [ RunTime:0.011000s ]
INFO: [ view_parse ] --END-- [ RunTime:0.011000s ]
INFO: [ view_filter ] --START--
INFO: Run Behavior\WriteHtmlCache [ RunTime:0.000000s ]
INFO: [ view_filter ] --END-- [ RunTime:0.000000s ]
INFO: [ app_end ] --START--
INFO: Run Behavior\ShowPageTrace [ RunTime:0.000000s ]
INFO: [ app_end ] --END-- [ RunTime:0.001001s ]

[ 2017-07-19T19:21:26+08:00 ] ::1 /
INFO: [ app_begin ] --START--
INFO: Run Behavior\ReadHtmlCache [ RunTime:0.001000s ]
INFO: [ app_begin ] --END-- [ RunTime:0.001000s ]
SQL: SHOW COLUMNS FROM `kr_producttype` [ RunTime:0.004000s ]
ERR: 1146:Table 'kangrui.kr_producttype' doesn't exist
 [ SQL语句 ] : SHOW COLUMNS FROM `kr_producttype`
SQL: SELECT * FROM `kr_producttype`  [ RunTime:0.000000s ]
ERR: 1146:Table 'kangrui.kr_producttype' doesn't exist
 [ SQL语句 ] : SELECT * FROM `kr_producttype` 
SQL: SHOW COLUMNS FROM `kr_healthy` [ RunTime:0.003000s ]
SQL: SELECT * FROM `kr_healthy` ORDER BY sort desc,id desc LIMIT 0,8   [ RunTime:0.001000s ]
SQL: SHOW COLUMNS FROM `kr_news` [ RunTime:0.003000s ]
SQL: SELECT * FROM `kr_news` ORDER BY sort desc,id desc LIMIT 0,6   [ RunTime:0.000000s ]
INFO: [ view_parse ] --START--
INFO: [ template_filter ] --START--
INFO: Run Behavior\ContentReplace [ RunTime:0.000000s ]
INFO: [ template_filter ] --END-- [ RunTime:0.000000s ]
NOTIC: [8] Undefined variable: key D:\phpStudy\WWW\Application\Runtime\Cache\Home\2a94b8bda04ff446dcedd42276fc99ee.php 第 67 行.
INFO: Run Behavior\ParseTemplate [ RunTime:0.010001s ]
INFO: [ view_parse ] --END-- [ RunTime:0.010001s ]
INFO: [ view_filter ] --START--
INFO: Run Behavior\WriteHtmlCache [ RunTime:0.000000s ]
INFO: [ view_filter ] --END-- [ RunTime:0.000000s ]
INFO: [ app_end ] --START--
INFO: Run Behavior\ShowPageTrace [ RunTime:0.001000s ]
INFO: [ app_end ] --END-- [ RunTime:0.001000s ]

[ 2017-07-19T19:22:00+08:00 ] ::1 /
INFO: [ app_begin ] --START--
INFO: Run Behavior\ReadHtmlCache [ RunTime:0.001000s ]
INFO: [ app_begin ] --END-- [ RunTime:0.001000s ]
SQL: SHOW COLUMNS FROM `kr_producttype` [ RunTime:0.003001s ]
ERR: 1146:Table 'kangrui.kr_producttype' doesn't exist
 [ SQL语句 ] : SHOW COLUMNS FROM `kr_producttype`
SQL: SELECT * FROM `kr_producttype`  [ RunTime:0.000000s ]
ERR: 1146:Table 'kangrui.kr_producttype' doesn't exist
 [ SQL语句 ] : SELECT * FROM `kr_producttype` 
SQL: SHOW COLUMNS FROM `kr_healthy` [ RunTime:0.003000s ]
SQL: SELECT * FROM `kr_healthy` ORDER BY sort desc,id desc LIMIT 0,8   [ RunTime:0.001000s ]
SQL: SHOW COLUMNS FROM `kr_news` [ RunTime:0.004000s ]
SQL: SELECT * FROM `kr_news` ORDER BY sort desc,id desc LIMIT 0,6   [ RunTime:0.001000s ]
INFO: [ view_parse ] --START--
INFO: [ template_filter ] --START--
INFO: Run Behavior\ContentReplace [ RunTime:0.000000s ]
INFO: [ template_filter ] --END-- [ RunTime:0.000000s ]
NOTIC: [8] Undefined variable: key D:\phpStudy\WWW\Application\Runtime\Cache\Home\2a94b8bda04ff446dcedd42276fc99ee.php 第 67 行.
INFO: Run Behavior\ParseTemplate [ RunTime:0.011001s ]
INFO: [ view_parse ] --END-- [ RunTime:0.011001s ]
INFO: [ view_filter ] --START--
INFO: Run Behavior\WriteHtmlCache [ RunTime:0.000000s ]
INFO: [ view_filter ] --END-- [ RunTime:0.000000s ]
INFO: [ app_end ] --START--
INFO: Run Behavior\ShowPageTrace [ RunTime:0.001000s ]
INFO: [ app_end ] --END-- [ RunTime:0.001000s ]

[ 2017-07-19T19:22:12+08:00 ] ::1 /
INFO: [ app_begin ] --START--
INFO: Run Behavior\ReadHtmlCache [ RunTime:0.001000s ]
INFO: [ app_begin ] --END-- [ RunTime:0.001000s ]
SQL: SHOW COLUMNS FROM `kr_producttype` [ RunTime:0.004000s ]
ERR: 1146:Table 'kangrui.kr_producttype' doesn't exist
 [ SQL语句 ] : SHOW COLUMNS FROM `kr_producttype`
SQL: SELECT * FROM `kr_producttype`  [ RunTime:0.000000s ]
ERR: 1146:Table 'kangrui.kr_producttype' doesn't exist
 [ SQL语句 ] : SELECT * FROM `kr_producttype` 
SQL: SHOW COLUMNS FROM `kr_healthy` [ RunTime:0.002001s ]
SQL: SELECT * FROM `kr_healthy` ORDER BY sort desc,id desc LIMIT 0,8   [ RunTime:0.000000s ]
SQL: SHOW COLUMNS FROM `kr_news` [ RunTime:0.003000s ]
SQL: SELECT * FROM `kr_news` ORDER BY sort desc,id desc LIMIT 0,6   [ RunTime:0.000000s ]
INFO: [ view_parse ] --START--
INFO: [ template_filter ] --START--
INFO: Run Behavior\ContentReplace [ RunTime:0.000000s ]
INFO: [ template_filter ] --END-- [ RunTime:0.000000s ]
NOTIC: [8] Undefined variable: key D:\phpStudy\WWW\Application\Runtime\Cache\Home\2a94b8bda04ff446dcedd42276fc99ee.php 第 67 行.
INFO: Run Behavior\ParseTemplate [ RunTime:0.011000s ]
INFO: [ view_parse ] --END-- [ RunTime:0.011000s ]
INFO: [ view_filter ] --START--
INFO: Run Behavior\WriteHtmlCache [ RunTime:0.000000s ]
INFO: [ view_filter ] --END-- [ RunTime:0.000000s ]
INFO: [ app_end ] --START--
INFO: Run Behavior\ShowPageTrace [ RunTime:0.001001s ]
INFO: [ app_end ] --END-- [ RunTime:0.001001s ]

[ 2017-07-19T19:24:15+08:00 ] ::1 /
INFO: [ app_begin ] --START--
INFO: Run Behavior\ReadHtmlCache [ RunTime:0.001000s ]
INFO: [ app_begin ] --END-- [ RunTime:0.001000s ]
SQL: SHOW COLUMNS FROM `kr_producttype` [ RunTime:0.003001s ]
ERR: 1146:Table 'kangrui.kr_producttype' doesn't exist
 [ SQL语句 ] : SHOW COLUMNS FROM `kr_producttype`
SQL: SELECT * FROM `kr_producttype`  [ RunTime:0.001000s ]
ERR: 1146:Table 'kangrui.kr_producttype' doesn't exist
 [ SQL语句 ] : SELECT * FROM `kr_producttype` 
SQL: SHOW COLUMNS FROM `kr_healthy` [ RunTime:0.003000s ]
SQL: SELECT * FROM `kr_healthy` ORDER BY sort desc,id desc LIMIT 0,8   [ RunTime:0.001000s ]
SQL: SHOW COLUMNS FROM `kr_news` [ RunTime:0.004000s ]
SQL: SELECT * FROM `kr_news` ORDER BY sort desc,id desc LIMIT 0,6   [ RunTime:0.001000s ]
INFO: [ view_parse ] --START--
INFO: [ template_filter ] --START--
INFO: Run Behavior\ContentReplace [ RunTime:0.000000s ]
INFO: [ template_filter ] --END-- [ RunTime:0.000000s ]
NOTIC: [8] Undefined variable: key D:\phpStudy\WWW\Application\Runtime\Cache\Home\2a94b8bda04ff446dcedd42276fc99ee.php 第 67 行.
INFO: Run Behavior\ParseTemplate [ RunTime:0.010001s ]
INFO: [ view_parse ] --END-- [ RunTime:0.010001s ]
INFO: [ view_filter ] --START--
INFO: Run Behavior\WriteHtmlCache [ RunTime:0.001000s ]
INFO: [ view_filter ] --END-- [ RunTime:0.001000s ]
INFO: [ app_end ] --START--
INFO: Run Behavior\ShowPageTrace [ RunTime:0.000000s ]
INFO: [ app_end ] --END-- [ RunTime:0.000000s ]

[ 2017-07-19T19:24:28+08:00 ] ::1 /
INFO: [ app_begin ] --START--
INFO: Run Behavior\ReadHtmlCache [ RunTime:0.000000s ]
INFO: [ app_begin ] --END-- [ RunTime:0.000000s ]
SQL: SHOW COLUMNS FROM `kr_producttype` [ RunTime:0.003000s ]
ERR: 1146:Table 'kangrui.kr_producttype' doesn't exist
 [ SQL语句 ] : SHOW COLUMNS FROM `kr_producttype`
SQL: SELECT * FROM `kr_producttype`  [ RunTime:0.000000s ]
ERR: 1146:Table 'kangrui.kr_producttype' doesn't exist
 [ SQL语句 ] : SELECT * FROM `kr_producttype` 
SQL: SHOW COLUMNS FROM `kr_healthy` [ RunTime:0.003000s ]
SQL: SELECT * FROM `kr_healthy` ORDER BY sort desc,id desc LIMIT 0,8   [ RunTime:0.000000s ]
SQL: SHOW COLUMNS FROM `kr_news` [ RunTime:0.003000s ]
SQL: SELECT * FROM `kr_news` ORDER BY sort desc,id desc LIMIT 0,6   [ RunTime:0.000000s ]
INFO: [ view_parse ] --START--
INFO: [ template_filter ] --START--
INFO: Run Behavior\ContentReplace [ RunTime:0.000000s ]
INFO: [ template_filter ] --END-- [ RunTime:0.000000s ]
NOTIC: [8] Undefined variable: key D:\phpStudy\WWW\Application\Runtime\Cache\Home\2a94b8bda04ff446dcedd42276fc99ee.php 第 67 行.
INFO: Run Behavior\ParseTemplate [ RunTime:0.016001s ]
INFO: [ view_parse ] --END-- [ RunTime:0.016001s ]
INFO: [ view_filter ] --START--
INFO: Run Behavior\WriteHtmlCache [ RunTime:0.000000s ]
INFO: [ view_filter ] --END-- [ RunTime:0.000000s ]
INFO: [ app_end ] --START--
INFO: Run Behavior\ShowPageTrace [ RunTime:0.001000s ]
INFO: [ app_end ] --END-- [ RunTime:0.001000s ]

[ 2017-07-19T19:25:15+08:00 ] ::1 /
INFO: [ app_begin ] --START--
INFO: Run Behavior\ReadHtmlCache [ RunTime:0.000000s ]
INFO: [ app_begin ] --END-- [ RunTime:0.001000s ]
SQL: SHOW COLUMNS FROM `kr_producttype` [ RunTime:0.003000s ]
ERR: 1146:Table 'kangrui.kr_producttype' doesn't exist
 [ SQL语句 ] : SHOW COLUMNS FROM `kr_producttype`
SQL: SELECT * FROM `kr_producttype`  [ RunTime:0.000000s ]
ERR: 1146:Table 'kangrui.kr_producttype' doesn't exist
 [ SQL语句 ] : SELECT * FROM `kr_producttype` 
SQL: SHOW COLUMNS FROM `kr_healthy` [ RunTime:0.003000s ]
SQL: SELECT * FROM `kr_healthy` ORDER BY sort desc,id desc LIMIT 0,8   [ RunTime:0.001000s ]
SQL: SHOW COLUMNS FROM `kr_news` [ RunTime:0.002001s ]
SQL: SELECT * FROM `kr_news` ORDER BY sort desc,id desc LIMIT 0,6   [ RunTime:0.001000s ]
INFO: [ view_parse ] --START--
INFO: [ template_filter ] --START--
INFO: Run Behavior\ContentReplace [ RunTime:0.001000s ]
INFO: [ template_filter ] --END-- [ RunTime:0.001000s ]
NOTIC: [8] Undefined variable: key D:\phpStudy\WWW\Application\Runtime\Cache\Home\2a94b8bda04ff446dcedd42276fc99ee.php 第 67 行.
INFO: Run Behavior\ParseTemplate [ RunTime:0.009000s ]
INFO: [ view_parse ] --END-- [ RunTime:0.009000s ]
INFO: [ view_filter ] --START--
INFO: Run Behavior\WriteHtmlCache [ RunTime:0.000000s ]
INFO: [ view_filter ] --END-- [ RunTime:0.001000s ]
INFO: [ app_end ] --START--
INFO: Run Behavior\ShowPageTrace [ RunTime:0.001000s ]
INFO: [ app_end ] --END-- [ RunTime:0.001000s ]

[ 2017-07-19T19:25:16+08:00 ] ::1 /
INFO: [ app_begin ] --START--
INFO: Run Behavior\ReadHtmlCache [ RunTime:0.000000s ]
INFO: [ app_begin ] --END-- [ RunTime:0.001000s ]
SQL: SHOW COLUMNS FROM `kr_producttype` [ RunTime:0.003000s ]
ERR: 1146:Table 'kangrui.kr_producttype' doesn't exist
 [ SQL语句 ] : SHOW COLUMNS FROM `kr_producttype`
SQL: SELECT * FROM `kr_producttype`  [ RunTime:0.000000s ]
ERR: 1146:Table 'kangrui.kr_producttype' doesn't exist
 [ SQL语句 ] : SELECT * FROM `kr_producttype` 
SQL: SHOW COLUMNS FROM `kr_healthy` [ RunTime:0.003000s ]
SQL: SELECT * FROM `kr_healthy` ORDER BY sort desc,id desc LIMIT 0,8   [ RunTime:0.000000s ]
SQL: SHOW COLUMNS FROM `kr_news` [ RunTime:0.003000s ]
SQL: SELECT * FROM `kr_news` ORDER BY sort desc,id desc LIMIT 0,6   [ RunTime:0.000000s ]
INFO: [ view_parse ] --START--
INFO: [ template_filter ] --START--
INFO: Run Behavior\ContentReplace [ RunTime:0.000000s ]
INFO: [ template_filter ] --END-- [ RunTime:0.000000s ]
NOTIC: [8] Undefined variable: key D:\phpStudy\WWW\Application\Runtime\Cache\Home\2a94b8bda04ff446dcedd42276fc99ee.php 第 67 行.
INFO: Run Behavior\ParseTemplate [ RunTime:0.009001s ]
INFO: [ view_parse ] --END-- [ RunTime:0.009001s ]
INFO: [ view_filter ] --START--
INFO: Run Behavior\WriteHtmlCache [ RunTime:0.001000s ]
INFO: [ view_filter ] --END-- [ RunTime:0.001000s ]
INFO: [ app_end ] --START--
INFO: Run Behavior\ShowPageTrace [ RunTime:0.000000s ]
INFO: [ app_end ] --END-- [ RunTime:0.000000s ]

[ 2017-07-19T19:25:28+08:00 ] ::1 /
INFO: [ app_begin ] --START--
INFO: Run Behavior\ReadHtmlCache [ RunTime:0.001000s ]
INFO: [ app_begin ] --END-- [ RunTime:0.001000s ]
SQL: SHOW COLUMNS FROM `kr_producttype` [ RunTime:0.003000s ]
ERR: 1146:Table 'kangrui.kr_producttype' doesn't exist
 [ SQL语句 ] : SHOW COLUMNS FROM `kr_producttype`
SQL: SELECT * FROM `kr_producttype`  [ RunTime:0.001000s ]
ERR: 1146:Table 'kangrui.kr_producttype' doesn't exist
 [ SQL语句 ] : SELECT * FROM `kr_producttype` 
SQL: SHOW COLUMNS FROM `kr_healthy` [ RunTime:0.003000s ]
SQL: SELECT * FROM `kr_healthy` ORDER BY sort desc,id desc LIMIT 0,8   [ RunTime:0.000000s ]
SQL: SHOW COLUMNS FROM `kr_news` [ RunTime:0.003001s ]
SQL: SELECT * FROM `kr_news` ORDER BY sort desc,id desc LIMIT 0,6   [ RunTime:0.001000s ]
INFO: [ view_parse ] --START--
INFO: [ template_filter ] --START--
INFO: Run Behavior\ContentReplace [ RunTime:0.000000s ]
INFO: [ template_filter ] --END-- [ RunTime:0.000000s ]
NOTIC: [8] Undefined variable: key D:\phpStudy\WWW\Application\Runtime\Cache\Home\2a94b8bda04ff446dcedd42276fc99ee.php 第 67 行.
INFO: Run Behavior\ParseTemplate [ RunTime:0.009000s ]
INFO: [ view_parse ] --END-- [ RunTime:0.009000s ]
INFO: [ view_filter ] --START--
INFO: Run Behavior\WriteHtmlCache [ RunTime:0.001000s ]
INFO: [ view_filter ] --END-- [ RunTime:0.001000s ]
INFO: [ app_end ] --START--
INFO: Run Behavior\ShowPageTrace [ RunTime:0.000000s ]
INFO: [ app_end ] --END-- [ RunTime:0.000000s ]

[ 2017-07-19T19:25:36+08:00 ] ::1 /
INFO: [ app_begin ] --START--
INFO: Run Behavior\ReadHtmlCache [ RunTime:0.000000s ]
INFO: [ app_begin ] --END-- [ RunTime:0.000000s ]
SQL: SHOW COLUMNS FROM `kr_producttype` [ RunTime:0.002000s ]
ERR: 1146:Table 'kangrui.kr_producttype' doesn't exist
 [ SQL语句 ] : SHOW COLUMNS FROM `kr_producttype`
SQL: SELECT * FROM `kr_producttype`  [ RunTime:0.000000s ]
ERR: 1146:Table 'kangrui.kr_producttype' doesn't exist
 [ SQL语句 ] : SELECT * FROM `kr_producttype` 
SQL: SHOW COLUMNS FROM `kr_healthy` [ RunTime:0.002000s ]
SQL: SELECT * FROM `kr_healthy` ORDER BY sort desc,id desc LIMIT 0,8   [ RunTime:0.000000s ]
SQL: SHOW COLUMNS FROM `kr_news` [ RunTime:0.003000s ]
SQL: SELECT * FROM `kr_news` ORDER BY sort desc,id desc LIMIT 0,6   [ RunTime:0.000000s ]
INFO: [ view_parse ] --START--
INFO: [ template_filter ] --START--
INFO: Run Behavior\ContentReplace [ RunTime:0.000000s ]
INFO: [ template_filter ] --END-- [ RunTime:0.000000s ]
NOTIC: [8] Undefined variable: key D:\phpStudy\WWW\Application\Runtime\Cache\Home\2a94b8bda04ff446dcedd42276fc99ee.php 第 67 行.
INFO: Run Behavior\ParseTemplate [ RunTime:0.009001s ]
INFO: [ view_parse ] --END-- [ RunTime:0.009001s ]
INFO: [ view_filter ] --START--
INFO: Run Behavior\WriteHtmlCache [ RunTime:0.000000s ]
INFO: [ view_filter ] --END-- [ RunTime:0.000000s ]
INFO: [ app_end ] --START--
INFO: Run Behavior\ShowPageTrace [ RunTime:0.000000s ]
INFO: [ app_end ] --END-- [ RunTime:0.000000s ]

[ 2017-07-19T19:25:43+08:00 ] ::1 /
INFO: [ app_begin ] --START--
INFO: Run Behavior\ReadHtmlCache [ RunTime:0.000000s ]
INFO: [ app_begin ] --END-- [ RunTime:0.000000s ]
SQL: SHOW COLUMNS FROM `kr_producttype` [ RunTime:0.003000s ]
ERR: 1146:Table 'kangrui.kr_producttype' doesn't exist
 [ SQL语句 ] : SHOW COLUMNS FROM `kr_producttype`
SQL: SELECT * FROM `kr_producttype`  [ RunTime:0.001000s ]
ERR: 1146:Table 'kangrui.kr_producttype' doesn't exist
 [ SQL语句 ] : SELECT * FROM `kr_producttype` 
SQL: SHOW COLUMNS FROM `kr_healthy` [ RunTime:0.002000s ]
SQL: SELECT * FROM `kr_healthy` ORDER BY sort desc,id desc LIMIT 0,8   [ RunTime:0.000000s ]
SQL: SHOW COLUMNS FROM `kr_news` [ RunTime:0.003001s ]
SQL: SELECT * FROM `kr_news` ORDER BY sort desc,id desc LIMIT 0,6   [ RunTime:0.000000s ]
INFO: [ view_parse ] --START--
INFO: [ template_filter ] --START--
INFO: Run Behavior\ContentReplace [ RunTime:0.000000s ]
INFO: [ template_filter ] --END-- [ RunTime:0.000000s ]
NOTIC: [8] Undefined variable: key D:\phpStudy\WWW\Application\Runtime\Cache\Home\2a94b8bda04ff446dcedd42276fc99ee.php 第 67 行.
INFO: Run Behavior\ParseTemplate [ RunTime:0.009000s ]
INFO: [ view_parse ] --END-- [ RunTime:0.009000s ]
INFO: [ view_filter ] --START--
INFO: Run Behavior\WriteHtmlCache [ RunTime:0.000000s ]
INFO: [ view_filter ] --END-- [ RunTime:0.000000s ]
INFO: [ app_end ] --START--
INFO: Run Behavior\ShowPageTrace [ RunTime:0.001000s ]
INFO: [ app_end ] --END-- [ RunTime:0.001000s ]

[ 2017-07-19T19:26:05+08:00 ] ::1 /
INFO: [ app_begin ] --START--
INFO: Run Behavior\ReadHtmlCache [ RunTime:0.001000s ]
INFO: [ app_begin ] --END-- [ RunTime:0.001000s ]
SQL: SHOW COLUMNS FROM `kr_producttype` [ RunTime:0.003000s ]
ERR: 1146:Table 'kangrui.kr_producttype' doesn't exist
 [ SQL语句 ] : SHOW COLUMNS FROM `kr_producttype`
SQL: SELECT * FROM `kr_producttype`  [ RunTime:0.001000s ]
ERR: 1146:Table 'kangrui.kr_producttype' doesn't exist
 [ SQL语句 ] : SELECT * FROM `kr_producttype` 
SQL: SHOW COLUMNS FROM `kr_healthy` [ RunTime:0.003000s ]
SQL: SELECT * FROM `kr_healthy` ORDER BY sort desc,id desc LIMIT 0,8   [ RunTime:0.001000s ]
SQL: SHOW COLUMNS FROM `kr_news` [ RunTime:0.003000s ]
SQL: SELECT * FROM `kr_news` ORDER BY sort desc,id desc LIMIT 0,6   [ RunTime:0.000000s ]
INFO: [ view_parse ] --START--
INFO: [ template_filter ] --START--
INFO: Run Behavior\ContentReplace [ RunTime:0.000000s ]
INFO: [ template_filter ] --END-- [ RunTime:0.000000s ]
NOTIC: [8] Undefined variable: key D:\phpStudy\WWW\Application\Runtime\Cache\Home\2a94b8bda04ff446dcedd42276fc99ee.php 第 67 行.
INFO: Run Behavior\ParseTemplate [ RunTime:0.010001s ]
INFO: [ view_parse ] --END-- [ RunTime:0.010001s ]
INFO: [ view_filter ] --START--
INFO: Run Behavior\WriteHtmlCache [ RunTime:0.000000s ]
INFO: [ view_filter ] --END-- [ RunTime:0.000000s ]
INFO: [ app_end ] --START--
INFO: Run Behavior\ShowPageTrace [ RunTime:0.001000s ]
INFO: [ app_end ] --END-- [ RunTime:0.001000s ]

[ 2017-07-19T19:26:31+08:00 ] ::1 /
INFO: [ app_begin ] --START--
INFO: Run Behavior\ReadHtmlCache [ RunTime:0.000000s ]
INFO: [ app_begin ] --END-- [ RunTime:0.001000s ]
SQL: SHOW COLUMNS FROM `kr_producttype` [ RunTime:0.003000s ]
ERR: 1146:Table 'kangrui.kr_producttype' doesn't exist
 [ SQL语句 ] : SHOW COLUMNS FROM `kr_producttype`
SQL: SELECT * FROM `kr_producttype`  [ RunTime:0.000000s ]
ERR: 1146:Table 'kangrui.kr_producttype' doesn't exist
 [ SQL语句 ] : SELECT * FROM `kr_producttype` 
SQL: SHOW COLUMNS FROM `kr_healthy` [ RunTime:0.003000s ]
SQL: SELECT * FROM `kr_healthy` ORDER BY sort desc,id desc LIMIT 0,8   [ RunTime:0.001001s ]
SQL: SHOW COLUMNS FROM `kr_news` [ RunTime:0.003000s ]
SQL: SELECT * FROM `kr_news` ORDER BY sort desc,id desc LIMIT 0,6   [ RunTime:0.000000s ]
INFO: [ view_parse ] --START--
INFO: [ template_filter ] --START--
INFO: Run Behavior\ContentReplace [ RunTime:0.000000s ]
INFO: [ template_filter ] --END-- [ RunTime:0.000000s ]
NOTIC: [8] Undefined variable: key D:\phpStudy\WWW\Application\Runtime\Cache\Home\2a94b8bda04ff446dcedd42276fc99ee.php 第 67 行.
INFO: Run Behavior\ParseTemplate [ RunTime:0.010000s ]
INFO: [ view_parse ] --END-- [ RunTime:0.010000s ]
INFO: [ view_filter ] --START--
INFO: Run Behavior\WriteHtmlCache [ RunTime:0.000000s ]
INFO: [ view_filter ] --END-- [ RunTime:0.001000s ]
INFO: [ app_end ] --START--
INFO: Run Behavior\ShowPageTrace [ RunTime:0.000000s ]
INFO: [ app_end ] --END-- [ RunTime:0.000000s ]

[ 2017-07-19T19:26:59+08:00 ] ::1 /
INFO: [ app_begin ] --START--
INFO: Run Behavior\ReadHtmlCache [ RunTime:0.001000s ]
INFO: [ app_begin ] --END-- [ RunTime:0.001000s ]
SQL: SHOW COLUMNS FROM `kr_producttype` [ RunTime:0.003000s ]
ERR: 1146:Table 'kangrui.kr_producttype' doesn't exist
 [ SQL语句 ] : SHOW COLUMNS FROM `kr_producttype`
SQL: SELECT * FROM `kr_producttype`  [ RunTime:0.000000s ]
ERR: 1146:Table 'kangrui.kr_producttype' doesn't exist
 [ SQL语句 ] : SELECT * FROM `kr_producttype` 
SQL: SHOW COLUMNS FROM `kr_healthy` [ RunTime:0.003000s ]
SQL: SELECT * FROM `kr_healthy` ORDER BY sort desc,id desc LIMIT 0,8   [ RunTime:0.001000s ]
SQL: SHOW COLUMNS FROM `kr_news` [ RunTime:0.002000s ]
SQL: SELECT * FROM `kr_news` ORDER BY sort desc,id desc LIMIT 0,6   [ RunTime:0.001000s ]
INFO: [ view_parse ] --START--
INFO: [ template_filter ] --START--
INFO: Run Behavior\ContentReplace [ RunTime:0.000000s ]
INFO: [ template_filter ] --END-- [ RunTime:0.000000s ]
NOTIC: [8] Undefined variable: key D:\phpStudy\WWW\Application\Runtime\Cache\Home\2a94b8bda04ff446dcedd42276fc99ee.php 第 67 行.
INFO: Run Behavior\ParseTemplate [ RunTime:0.009001s ]
INFO: [ view_parse ] --END-- [ RunTime:0.009001s ]
INFO: [ view_filter ] --START--
INFO: Run Behavior\WriteHtmlCache [ RunTime:0.000000s ]
INFO: [ view_filter ] --END-- [ RunTime:0.000000s ]
INFO: [ app_end ] --START--
INFO: Run Behavior\ShowPageTrace [ RunTime:0.001000s ]
INFO: [ app_end ] --END-- [ RunTime:0.001000s ]

[ 2017-07-19T19:27:07+08:00 ] ::1 /
INFO: [ app_begin ] --START--
INFO: Run Behavior\ReadHtmlCache [ RunTime:0.001000s ]
INFO: [ app_begin ] --END-- [ RunTime:0.001000s ]
SQL: SHOW COLUMNS FROM `kr_producttype` [ RunTime:0.003000s ]
ERR: 1146:Table 'kangrui.kr_producttype' doesn't exist
 [ SQL语句 ] : SHOW COLUMNS FROM `kr_producttype`
SQL: SELECT * FROM `kr_producttype`  [ RunTime:0.001000s ]
ERR: 1146:Table 'kangrui.kr_producttype' doesn't exist
 [ SQL语句 ] : SELECT * FROM `kr_producttype` 
SQL: SHOW COLUMNS FROM `kr_healthy` [ RunTime:0.003000s ]
SQL: SELECT * FROM `kr_healthy` ORDER BY sort desc,id desc LIMIT 0,8   [ RunTime:0.000000s ]
SQL: SHOW COLUMNS FROM `kr_news` [ RunTime:0.002000s ]
SQL: SELECT * FROM `kr_news` ORDER BY sort desc,id desc LIMIT 0,6   [ RunTime:0.000000s ]
INFO: [ view_parse ] --START--
INFO: [ template_filter ] --START--
INFO: Run Behavior\ContentReplace [ RunTime:0.000000s ]
INFO: [ template_filter ] --END-- [ RunTime:0.000000s ]
NOTIC: [8] Undefined variable: key D:\phpStudy\WWW\Application\Runtime\Cache\Home\2a94b8bda04ff446dcedd42276fc99ee.php 第 67 行.
INFO: Run Behavior\ParseTemplate [ RunTime:0.010001s ]
INFO: [ view_parse ] --END-- [ RunTime:0.010001s ]
INFO: [ view_filter ] --START--
INFO: Run Behavior\WriteHtmlCache [ RunTime:0.000000s ]
INFO: [ view_filter ] --END-- [ RunTime:0.000000s ]
INFO: [ app_end ] --START--
INFO: Run Behavior\ShowPageTrace [ RunTime:0.001000s ]
INFO: [ app_end ] --END-- [ RunTime:0.001000s ]

[ 2017-07-19T19:27:24+08:00 ] ::1 /
INFO: [ app_begin ] --START--
INFO: Run Behavior\ReadHtmlCache [ RunTime:0.000000s ]
INFO: [ app_begin ] --END-- [ RunTime:0.001000s ]
SQL: SHOW COLUMNS FROM `kr_producttype` [ RunTime:0.003000s ]
ERR: 1146:Table 'kangrui.kr_producttype' doesn't exist
 [ SQL语句 ] : SHOW COLUMNS FROM `kr_producttype`
SQL: SELECT * FROM `kr_producttype`  [ RunTime:0.000000s ]
ERR: 1146:Table 'kangrui.kr_producttype' doesn't exist
 [ SQL语句 ] : SELECT * FROM `kr_producttype` 
SQL: SHOW COLUMNS FROM `kr_healthy` [ RunTime:0.003000s ]
SQL: SELECT * FROM `kr_healthy` ORDER BY sort desc,id desc LIMIT 0,8   [ RunTime:0.000000s ]
SQL: SHOW COLUMNS FROM `kr_news` [ RunTime:0.003000s ]
SQL: SELECT * FROM `kr_news` ORDER BY sort desc,id desc LIMIT 0,6   [ RunTime:0.000000s ]
INFO: [ view_parse ] --START--
INFO: [ template_filter ] --START--
INFO: Run Behavior\ContentReplace [ RunTime:0.000000s ]
INFO: [ template_filter ] --END-- [ RunTime:0.000000s ]
NOTIC: [8] Undefined variable: key D:\phpStudy\WWW\Application\Runtime\Cache\Home\2a94b8bda04ff446dcedd42276fc99ee.php 第 67 行.
INFO: Run Behavior\ParseTemplate [ RunTime:0.009001s ]
INFO: [ view_parse ] --END-- [ RunTime:0.009001s ]
INFO: [ view_filter ] --START--
INFO: Run Behavior\WriteHtmlCache [ RunTime:0.000000s ]
INFO: [ view_filter ] --END-- [ RunTime:0.001000s ]
INFO: [ app_end ] --START--
INFO: Run Behavior\ShowPageTrace [ RunTime:0.000000s ]
INFO: [ app_end ] --END-- [ RunTime:0.000000s ]

[ 2017-07-19T19:27:33+08:00 ] ::1 /
INFO: [ app_begin ] --START--
INFO: Run Behavior\ReadHtmlCache [ RunTime:0.000000s ]
INFO: [ app_begin ] --END-- [ RunTime:0.000000s ]
SQL: SHOW COLUMNS FROM `kr_producttype` [ RunTime:0.003001s ]
ERR: 1146:Table 'kangrui.kr_producttype' doesn't exist
 [ SQL语句 ] : SHOW COLUMNS FROM `kr_producttype`
SQL: SELECT * FROM `kr_producttype`  [ RunTime:0.001000s ]
ERR: 1146:Table 'kangrui.kr_producttype' doesn't exist
 [ SQL语句 ] : SELECT * FROM `kr_producttype` 
SQL: SHOW COLUMNS FROM `kr_healthy` [ RunTime:0.002000s ]
SQL: SELECT * FROM `kr_healthy` ORDER BY sort desc,id desc LIMIT 0,8   [ RunTime:0.000000s ]
SQL: SHOW COLUMNS FROM `kr_news` [ RunTime:0.003000s ]
SQL: SELECT * FROM `kr_news` ORDER BY sort desc,id desc LIMIT 0,6   [ RunTime:0.000000s ]
INFO: [ view_parse ] --START--
INFO: [ template_filter ] --START--
INFO: Run Behavior\ContentReplace [ RunTime:0.000000s ]
INFO: [ template_filter ] --END-- [ RunTime:0.000000s ]
NOTIC: [8] Undefined variable: key D:\phpStudy\WWW\Application\Runtime\Cache\Home\2a94b8bda04ff446dcedd42276fc99ee.php 第 67 行.
INFO: Run Behavior\ParseTemplate [ RunTime:0.010000s ]
INFO: [ view_parse ] --END-- [ RunTime:0.010000s ]
INFO: [ view_filter ] --START--
INFO: Run Behavior\WriteHtmlCache [ RunTime:0.000000s ]
INFO: [ view_filter ] --END-- [ RunTime:0.000000s ]
INFO: [ app_end ] --START--
INFO: Run Behavior\ShowPageTrace [ RunTime:0.001001s ]
INFO: [ app_end ] --END-- [ RunTime:0.001001s ]

[ 2017-07-19T19:27:46+08:00 ] ::1 /
INFO: [ app_begin ] --START--
INFO: Run Behavior\ReadHtmlCache [ RunTime:0.000000s ]
INFO: [ app_begin ] --END-- [ RunTime:0.001000s ]
SQL: SHOW COLUMNS FROM `kr_producttype` [ RunTime:0.004000s ]
ERR: 1146:Table 'kangrui.kr_producttype' doesn't exist
 [ SQL语句 ] : SHOW COLUMNS FROM `kr_producttype`
SQL: SELECT * FROM `kr_producttype`  [ RunTime:0.000000s ]
ERR: 1146:Table 'kangrui.kr_producttype' doesn't exist
 [ SQL语句 ] : SELECT * FROM `kr_producttype` 
SQL: SHOW COLUMNS FROM `kr_healthy` [ RunTime:0.003001s ]
SQL: SELECT * FROM `kr_healthy` ORDER BY sort desc,id desc LIMIT 0,8   [ RunTime:0.001000s ]
SQL: SHOW COLUMNS FROM `kr_news` [ RunTime:0.003000s ]
SQL: SELECT * FROM `kr_news` ORDER BY sort desc,id desc LIMIT 0,6   [ RunTime:0.000000s ]
INFO: [ view_parse ] --START--
INFO: [ template_filter ] --START--
INFO: Run Behavior\ContentReplace [ RunTime:0.000000s ]
INFO: [ template_filter ] --END-- [ RunTime:0.000000s ]
NOTIC: [8] Undefined variable: key D:\phpStudy\WWW\Application\Runtime\Cache\Home\2a94b8bda04ff446dcedd42276fc99ee.php 第 67 行.
INFO: Run Behavior\ParseTemplate [ RunTime:0.010000s ]
INFO: [ view_parse ] --END-- [ RunTime:0.010000s ]
INFO: [ view_filter ] --START--
INFO: Run Behavior\WriteHtmlCache [ RunTime:0.000000s ]
INFO: [ view_filter ] --END-- [ RunTime:0.000000s ]
INFO: [ app_end ] --START--
INFO: Run Behavior\ShowPageTrace [ RunTime:0.001000s ]
INFO: [ app_end ] --END-- [ RunTime:0.001000s ]

[ 2017-07-19T19:28:14+08:00 ] ::1 /
INFO: [ app_begin ] --START--
INFO: Run Behavior\ReadHtmlCache [ RunTime:0.001000s ]
INFO: [ app_begin ] --END-- [ RunTime:0.001000s ]
SQL: SHOW COLUMNS FROM `kr_producttype` [ RunTime:0.002000s ]
ERR: 1146:Table 'kangrui.kr_producttype' doesn't exist
 [ SQL语句 ] : SHOW COLUMNS FROM `kr_producttype`
SQL: SELECT * FROM `kr_producttype`  [ RunTime:0.000000s ]
ERR: 1146:Table 'kangrui.kr_producttype' doesn't exist
 [ SQL语句 ] : SELECT * FROM `kr_producttype` 
SQL: SHOW COLUMNS FROM `kr_healthy` [ RunTime:0.003000s ]
SQL: SELECT * FROM `kr_healthy` ORDER BY sort desc,id desc LIMIT 0,8   [ RunTime:0.000000s ]
SQL: SHOW COLUMNS FROM `kr_news` [ RunTime:0.003000s ]
SQL: SELECT * FROM `kr_news` ORDER BY sort desc,id desc LIMIT 0,6   [ RunTime:0.000000s ]
INFO: [ view_parse ] --START--
INFO: [ template_filter ] --START--
INFO: Run Behavior\ContentReplace [ RunTime:0.000000s ]
INFO: [ template_filter ] --END-- [ RunTime:0.000000s ]
NOTIC: [8] Undefined variable: key D:\phpStudy\WWW\Application\Runtime\Cache\Home\2a94b8bda04ff446dcedd42276fc99ee.php 第 67 行.
INFO: Run Behavior\ParseTemplate [ RunTime:0.010001s ]
INFO: [ view_parse ] --END-- [ RunTime:0.010001s ]
INFO: [ view_filter ] --START--
INFO: Run Behavior\WriteHtmlCache [ RunTime:0.000000s ]
INFO: [ view_filter ] --END-- [ RunTime:0.000000s ]
INFO: [ app_end ] --START--
INFO: Run Behavior\ShowPageTrace [ RunTime:0.001000s ]
INFO: [ app_end ] --END-- [ RunTime:0.001000s ]

[ 2017-07-19T19:28:48+08:00 ] ::1 /
INFO: [ app_begin ] --START--
INFO: Run Behavior\ReadHtmlCache [ RunTime:0.000000s ]
INFO: [ app_begin ] --END-- [ RunTime:0.001000s ]
SQL: SHOW COLUMNS FROM `kr_producttype` [ RunTime:0.003000s ]
ERR: 1146:Table 'kangrui.kr_producttype' doesn't exist
 [ SQL语句 ] : SHOW COLUMNS FROM `kr_producttype`
SQL: SELECT * FROM `kr_producttype`  [ RunTime:0.000000s ]
ERR: 1146:Table 'kangrui.kr_producttype' doesn't exist
 [ SQL语句 ] : SELECT * FROM `kr_producttype` 
SQL: SHOW COLUMNS FROM `kr_healthy` [ RunTime:0.003001s ]
SQL: SELECT * FROM `kr_healthy` ORDER BY sort desc,id desc LIMIT 0,8   [ RunTime:0.001000s ]
SQL: SHOW COLUMNS FROM `kr_news` [ RunTime:0.005000s ]
SQL: SELECT * FROM `kr_news` ORDER BY sort desc,id desc LIMIT 0,6   [ RunTime:0.000000s ]
INFO: [ view_parse ] --START--
INFO: [ template_filter ] --START--
INFO: Run Behavior\ContentReplace [ RunTime:0.000000s ]
INFO: [ template_filter ] --END-- [ RunTime:0.000000s ]
NOTIC: [8] Undefined variable: key D:\phpStudy\WWW\Application\Runtime\Cache\Home\2a94b8bda04ff446dcedd42276fc99ee.php 第 67 行.
INFO: Run Behavior\ParseTemplate [ RunTime:0.010000s ]
INFO: [ view_parse ] --END-- [ RunTime:0.010000s ]
INFO: [ view_filter ] --START--
INFO: Run Behavior\WriteHtmlCache [ RunTime:0.000000s ]
INFO: [ view_filter ] --END-- [ RunTime:0.000000s ]
INFO: [ app_end ] --START--
INFO: Run Behavior\ShowPageTrace [ RunTime:0.001001s ]
INFO: [ app_end ] --END-- [ RunTime:0.001001s ]

[ 2017-07-19T19:30:48+08:00 ] ::1 /
INFO: [ app_begin ] --START--
INFO: Run Behavior\ReadHtmlCache [ RunTime:0.000000s ]
INFO: [ app_begin ] --END-- [ RunTime:0.001000s ]
SQL: SHOW COLUMNS FROM `kr_producttype` [ RunTime:0.003000s ]
ERR: 1146:Table 'kangrui.kr_producttype' doesn't exist
 [ SQL语句 ] : SHOW COLUMNS FROM `kr_producttype`
SQL: SELECT * FROM `kr_producttype`  [ RunTime:0.000000s ]
ERR: 1146:Table 'kangrui.kr_producttype' doesn't exist
 [ SQL语句 ] : SELECT * FROM `kr_producttype` 
SQL: SHOW COLUMNS FROM `kr_healthy` [ RunTime:0.003000s ]
SQL: SELECT * FROM `kr_healthy` ORDER BY sort desc,id desc LIMIT 0,8   [ RunTime:0.001000s ]
SQL: SHOW COLUMNS FROM `kr_news` [ RunTime:0.003000s ]
SQL: SELECT * FROM `kr_news` ORDER BY sort desc,id desc LIMIT 0,6   [ RunTime:0.000000s ]
INFO: [ view_parse ] --START--
INFO: [ template_filter ] --START--
INFO: Run Behavior\ContentReplace [ RunTime:0.000000s ]
INFO: [ template_filter ] --END-- [ RunTime:0.001000s ]
NOTIC: [8] Undefined variable: key D:\phpStudy\WWW\Application\Runtime\Cache\Home\2a94b8bda04ff446dcedd42276fc99ee.php 第 67 行.
INFO: Run Behavior\ParseTemplate [ RunTime:0.009001s ]
INFO: [ view_parse ] --END-- [ RunTime:0.009001s ]
INFO: [ view_filter ] --START--
INFO: Run Behavior\WriteHtmlCache [ RunTime:0.001000s ]
INFO: [ view_filter ] --END-- [ RunTime:0.001000s ]
INFO: [ app_end ] --START--
INFO: Run Behavior\ShowPageTrace [ RunTime:0.000000s ]
INFO: [ app_end ] --END-- [ RunTime:0.000000s ]

