[ 2017-08-21T00:00:14+08:00 ] ::1 /
INFO: [ app_begin ] --START--
INFO: Run Behavior\ReadHtmlCache [ RunTime:0.001000s ]
INFO: [ app_begin ] --END-- [ RunTime:0.001000s ]
SQL: SHOW COLUMNS FROM `jqg_furnituretype` [ RunTime:0.005000s ]
SQL: SELECT * FROM `jqg_furnituretype` ORDER BY sort desc,id asc  [ RunTime:0.000000s ]
SQL: SHOW COLUMNS FROM `jqg_show` [ RunTime:0.005001s ]
SQL: SELECT * FROM `jqg_show` WHERE ( type=2 )  [ RunTime:0.001000s ]
SQL: SHOW COLUMNS FROM `jqg_storytype` [ RunTime:0.004000s ]
SQL: SELECT * FROM `jqg_storytype` ORDER BY sort desc,id asc LIMIT 0,5   [ RunTime:0.001000s ]
SQL: SHOW COLUMNS FROM `jqg_interlocution` [ RunTime:0.004000s ]
SQL: SELECT * FROM `jqg_interlocution` WHERE ( type=1 ) ORDER BY sort desc,id desc LIMIT 0,6   [ RunTime:0.001000s ]
SQL: SELECT * FROM `jqg_interlocution` WHERE ( type=2 ) ORDER BY sort desc,id desc LIMIT 0,6   [ RunTime:0.000000s ]
SQL: SELECT * FROM `jqg_interlocution` WHERE ( type=3 ) ORDER BY sort desc,id desc LIMIT 0,6   [ RunTime:0.001000s ]
SQL: SELECT * FROM `jqg_interlocution` WHERE ( type=4 ) ORDER BY sort desc,id desc LIMIT 0,6   [ RunTime:0.000000s ]
SQL: SHOW COLUMNS FROM `jqg_story` [ RunTime:0.004001s ]
SQL: SELECT * FROM `jqg_story` WHERE ( type=1 ) ORDER BY sort desc,id desc LIMIT 0,4   [ RunTime:0.000000s ]
SQL: SHOW COLUMNS FROM `jqg_news` [ RunTime:0.005000s ]
SQL: SELECT * FROM `jqg_news` WHERE ( type=1 ) ORDER BY sort desc,id desc LIMIT 0,7   [ RunTime:0.000000s ]
SQL: SELECT * FROM `jqg_news` WHERE ( type=2 ) ORDER BY sort desc,id desc LIMIT 0,7   [ RunTime:0.001000s ]
INFO: [ view_parse ] --START--
INFO: [ template_filter ] --START--
INFO: Run Behavior\ContentReplace [ RunTime:0.001000s ]
INFO: [ template_filter ] --END-- [ RunTime:0.001000s ]
INFO: Run Behavior\ParseTemplate [ RunTime:0.011001s ]
INFO: [ view_parse ] --END-- [ RunTime:0.011001s ]
INFO: [ view_filter ] --START--
INFO: Run Behavior\WriteHtmlCache [ RunTime:0.000000s ]
INFO: [ view_filter ] --END-- [ RunTime:0.000000s ]
INFO: [ app_end ] --START--
INFO: Run Behavior\ShowPageTrace [ RunTime:0.001000s ]
INFO: [ app_end ] --END-- [ RunTime:0.001000s ]

[ 2017-08-21T00:00:21+08:00 ] ::1 /
INFO: [ app_begin ] --START--
INFO: Run Behavior\ReadHtmlCache [ RunTime:0.000000s ]
INFO: [ app_begin ] --END-- [ RunTime:0.000000s ]
SQL: SHOW COLUMNS FROM `jqg_furnituretype` [ RunTime:0.006000s ]
SQL: SELECT * FROM `jqg_furnituretype` ORDER BY sort desc,id asc  [ RunTime:0.000000s ]
SQL: SHOW COLUMNS FROM `jqg_show` [ RunTime:0.005001s ]
SQL: SELECT * FROM `jqg_show` WHERE ( type=2 )  [ RunTime:0.000000s ]
SQL: SHOW COLUMNS FROM `jqg_storytype` [ RunTime:0.005000s ]
SQL: SELECT * FROM `jqg_storytype` ORDER BY sort desc,id asc LIMIT 0,5   [ RunTime:0.000000s ]
SQL: SHOW COLUMNS FROM `jqg_interlocution` [ RunTime:0.005000s ]
SQL: SELECT * FROM `jqg_interlocution` WHERE ( type=1 ) ORDER BY sort desc,id desc LIMIT 0,6   [ RunTime:0.000000s ]
SQL: SELECT * FROM `jqg_interlocution` WHERE ( type=2 ) ORDER BY sort desc,id desc LIMIT 0,6   [ RunTime:0.000000s ]
SQL: SELECT * FROM `jqg_interlocution` WHERE ( type=3 ) ORDER BY sort desc,id desc LIMIT 0,6   [ RunTime:0.001000s ]
SQL: SELECT * FROM `jqg_interlocution` WHERE ( type=4 ) ORDER BY sort desc,id desc LIMIT 0,6   [ RunTime:0.001001s ]
SQL: SHOW COLUMNS FROM `jqg_story` [ RunTime:0.004000s ]
SQL: SELECT * FROM `jqg_story` WHERE ( type=1 ) ORDER BY sort desc,id desc LIMIT 0,4   [ RunTime:0.000000s ]
SQL: SHOW COLUMNS FROM `jqg_news` [ RunTime:0.004000s ]
SQL: SELECT * FROM `jqg_news` WHERE ( type=1 ) ORDER BY sort desc,id desc LIMIT 0,7   [ RunTime:0.001000s ]
SQL: SELECT * FROM `jqg_news` WHERE ( type=2 ) ORDER BY sort desc,id desc LIMIT 0,7   [ RunTime:0.000000s ]
INFO: [ view_parse ] --START--
INFO: [ template_filter ] --START--
INFO: Run Behavior\ContentReplace [ RunTime:0.001001s ]
INFO: [ template_filter ] --END-- [ RunTime:0.001001s ]
INFO: Run Behavior\ParseTemplate [ RunTime:0.009001s ]
INFO: [ view_parse ] --END-- [ RunTime:0.009001s ]
INFO: [ view_filter ] --START--
INFO: Run Behavior\WriteHtmlCache [ RunTime:0.000000s ]
INFO: [ view_filter ] --END-- [ RunTime:0.000000s ]
INFO: [ app_end ] --START--
INFO: Run Behavior\ShowPageTrace [ RunTime:0.001000s ]
INFO: [ app_end ] --END-- [ RunTime:0.001000s ]

[ 2017-08-21T00:00:31+08:00 ] ::1 /
INFO: [ app_begin ] --START--
INFO: Run Behavior\ReadHtmlCache [ RunTime:0.000000s ]
INFO: [ app_begin ] --END-- [ RunTime:0.001000s ]
SQL: SHOW COLUMNS FROM `jqg_furnituretype` [ RunTime:0.004000s ]
SQL: SELECT * FROM `jqg_furnituretype` ORDER BY sort desc,id asc  [ RunTime:0.000000s ]
SQL: SHOW COLUMNS FROM `jqg_show` [ RunTime:0.003001s ]
SQL: SELECT * FROM `jqg_show` WHERE ( type=2 )  [ RunTime:0.001000s ]
SQL: SHOW COLUMNS FROM `jqg_storytype` [ RunTime:0.004000s ]
SQL: SELECT * FROM `jqg_storytype` ORDER BY sort desc,id asc LIMIT 0,5   [ RunTime:0.000000s ]
SQL: SHOW COLUMNS FROM `jqg_interlocution` [ RunTime:0.004000s ]
SQL: SELECT * FROM `jqg_interlocution` WHERE ( type=1 ) ORDER BY sort desc,id desc LIMIT 0,6   [ RunTime:0.001000s ]
SQL: SELECT * FROM `jqg_interlocution` WHERE ( type=2 ) ORDER BY sort desc,id desc LIMIT 0,6   [ RunTime:0.000000s ]
SQL: SELECT * FROM `jqg_interlocution` WHERE ( type=3 ) ORDER BY sort desc,id desc LIMIT 0,6   [ RunTime:0.001000s ]
SQL: SELECT * FROM `jqg_interlocution` WHERE ( type=4 ) ORDER BY sort desc,id desc LIMIT 0,6   [ RunTime:0.001000s ]
SQL: SHOW COLUMNS FROM `jqg_story` [ RunTime:0.004000s ]
SQL: SELECT * FROM `jqg_story` WHERE ( type=1 ) ORDER BY sort desc,id desc LIMIT 0,4   [ RunTime:0.000000s ]
SQL: SHOW COLUMNS FROM `jqg_news` [ RunTime:0.004001s ]
SQL: SELECT * FROM `jqg_news` WHERE ( type=1 ) ORDER BY sort desc,id desc LIMIT 0,7   [ RunTime:0.001000s ]
SQL: SELECT * FROM `jqg_news` WHERE ( type=2 ) ORDER BY sort desc,id desc LIMIT 0,7   [ RunTime:0.001000s ]
INFO: [ view_parse ] --START--
INFO: [ template_filter ] --START--
INFO: Run Behavior\ContentReplace [ RunTime:0.000000s ]
INFO: [ template_filter ] --END-- [ RunTime:0.000000s ]
INFO: Run Behavior\ParseTemplate [ RunTime:0.010000s ]
INFO: [ view_parse ] --END-- [ RunTime:0.010000s ]
INFO: [ view_filter ] --START--
INFO: Run Behavior\WriteHtmlCache [ RunTime:0.001000s ]
INFO: [ view_filter ] --END-- [ RunTime:0.001000s ]
INFO: [ app_end ] --START--
INFO: Run Behavior\ShowPageTrace [ RunTime:0.001000s ]
INFO: [ app_end ] --END-- [ RunTime:0.001000s ]

[ 2017-08-21T00:01:04+08:00 ] ::1 /
INFO: [ app_begin ] --START--
INFO: Run Behavior\ReadHtmlCache [ RunTime:0.000000s ]
INFO: [ app_begin ] --END-- [ RunTime:0.001000s ]
SQL: SHOW COLUMNS FROM `jqg_furnituretype` [ RunTime:0.005001s ]
SQL: SELECT * FROM `jqg_furnituretype` ORDER BY sort desc,id asc  [ RunTime:0.000000s ]
SQL: SHOW COLUMNS FROM `jqg_show` [ RunTime:0.004000s ]
SQL: SELECT * FROM `jqg_show` WHERE ( type=2 )  [ RunTime:0.001000s ]
SQL: SHOW COLUMNS FROM `jqg_storytype` [ RunTime:0.004000s ]
SQL: SELECT * FROM `jqg_storytype` ORDER BY sort desc,id asc LIMIT 0,5   [ RunTime:0.000000s ]
SQL: SHOW COLUMNS FROM `jqg_interlocution` [ RunTime:0.004000s ]
SQL: SELECT * FROM `jqg_interlocution` WHERE ( type=1 ) ORDER BY sort desc,id desc LIMIT 0,6   [ RunTime:0.001001s ]
SQL: SELECT * FROM `jqg_interlocution` WHERE ( type=2 ) ORDER BY sort desc,id desc LIMIT 0,6   [ RunTime:0.000000s ]
SQL: SELECT * FROM `jqg_interlocution` WHERE ( type=3 ) ORDER BY sort desc,id desc LIMIT 0,6   [ RunTime:0.001000s ]
SQL: SELECT * FROM `jqg_interlocution` WHERE ( type=4 ) ORDER BY sort desc,id desc LIMIT 0,6   [ RunTime:0.001000s ]
SQL: SHOW COLUMNS FROM `jqg_story` [ RunTime:0.004000s ]
SQL: SELECT * FROM `jqg_story` WHERE ( type=1 ) ORDER BY sort desc,id desc LIMIT 0,4   [ RunTime:0.000000s ]
SQL: SHOW COLUMNS FROM `jqg_news` [ RunTime:0.004000s ]
SQL: SELECT * FROM `jqg_news` WHERE ( type=1 ) ORDER BY sort desc,id desc LIMIT 0,7   [ RunTime:0.001000s ]
SQL: SELECT * FROM `jqg_news` WHERE ( type=2 ) ORDER BY sort desc,id desc LIMIT 0,7   [ RunTime:0.001000s ]
INFO: [ view_parse ] --START--
INFO: [ template_filter ] --START--
INFO: Run Behavior\ContentReplace [ RunTime:0.000000s ]
INFO: [ template_filter ] --END-- [ RunTime:0.000000s ]
INFO: Run Behavior\ParseTemplate [ RunTime:0.010001s ]
INFO: [ view_parse ] --END-- [ RunTime:0.010001s ]
INFO: [ view_filter ] --START--
INFO: Run Behavior\WriteHtmlCache [ RunTime:0.001000s ]
INFO: [ view_filter ] --END-- [ RunTime:0.001000s ]
INFO: [ app_end ] --START--
INFO: Run Behavior\ShowPageTrace [ RunTime:0.001000s ]
INFO: [ app_end ] --END-- [ RunTime:0.001000s ]

[ 2017-08-21T00:01:10+08:00 ] ::1 /
INFO: [ app_begin ] --START--
INFO: Run Behavior\ReadHtmlCache [ RunTime:0.001000s ]
INFO: [ app_begin ] --END-- [ RunTime:0.001000s ]
SQL: SHOW COLUMNS FROM `jqg_furnituretype` [ RunTime:0.005000s ]
SQL: SELECT * FROM `jqg_furnituretype` ORDER BY sort desc,id asc  [ RunTime:0.000000s ]
SQL: SHOW COLUMNS FROM `jqg_show` [ RunTime:0.005000s ]
SQL: SELECT * FROM `jqg_show` WHERE ( type=2 )  [ RunTime:0.000000s ]
SQL: SHOW COLUMNS FROM `jqg_storytype` [ RunTime:0.005000s ]
SQL: SELECT * FROM `jqg_storytype` ORDER BY sort desc,id asc LIMIT 0,5   [ RunTime:0.000000s ]
SQL: SHOW COLUMNS FROM `jqg_interlocution` [ RunTime:0.005001s ]
SQL: SELECT * FROM `jqg_interlocution` WHERE ( type=1 ) ORDER BY sort desc,id desc LIMIT 0,6   [ RunTime:0.000000s ]
SQL: SELECT * FROM `jqg_interlocution` WHERE ( type=2 ) ORDER BY sort desc,id desc LIMIT 0,6   [ RunTime:0.001000s ]
SQL: SELECT * FROM `jqg_interlocution` WHERE ( type=3 ) ORDER BY sort desc,id desc LIMIT 0,6   [ RunTime:0.000000s ]
SQL: SELECT * FROM `jqg_interlocution` WHERE ( type=4 ) ORDER BY sort desc,id desc LIMIT 0,6   [ RunTime:0.001000s ]
SQL: SHOW COLUMNS FROM `jqg_story` [ RunTime:0.004000s ]
SQL: SELECT * FROM `jqg_story` WHERE ( type=1 ) ORDER BY sort desc,id desc LIMIT 0,4   [ RunTime:0.001000s ]
SQL: SHOW COLUMNS FROM `jqg_news` [ RunTime:0.003000s ]
SQL: SELECT * FROM `jqg_news` WHERE ( type=1 ) ORDER BY sort desc,id desc LIMIT 0,7   [ RunTime:0.000000s ]
SQL: SELECT * FROM `jqg_news` WHERE ( type=2 ) ORDER BY sort desc,id desc LIMIT 0,7   [ RunTime:0.001000s ]
INFO: [ view_parse ] --START--
INFO: [ template_filter ] --START--
INFO: Run Behavior\ContentReplace [ RunTime:0.001000s ]
INFO: [ template_filter ] --END-- [ RunTime:0.001000s ]
INFO: Run Behavior\ParseTemplate [ RunTime:0.011001s ]
INFO: [ view_parse ] --END-- [ RunTime:0.011001s ]
INFO: [ view_filter ] --START--
INFO: Run Behavior\WriteHtmlCache [ RunTime:0.000000s ]
INFO: [ view_filter ] --END-- [ RunTime:0.000000s ]
INFO: [ app_end ] --START--
INFO: Run Behavior\ShowPageTrace [ RunTime:0.001000s ]
INFO: [ app_end ] --END-- [ RunTime:0.001000s ]

[ 2017-08-21T00:01:13+08:00 ] ::1 /
INFO: [ app_begin ] --START--
INFO: Run Behavior\ReadHtmlCache [ RunTime:0.000000s ]
INFO: [ app_begin ] --END-- [ RunTime:0.001001s ]
SQL: SHOW COLUMNS FROM `jqg_furnituretype` [ RunTime:0.004000s ]
SQL: SELECT * FROM `jqg_furnituretype` ORDER BY sort desc,id asc  [ RunTime:0.000000s ]
SQL: SHOW COLUMNS FROM `jqg_show` [ RunTime:0.004000s ]
SQL: SELECT * FROM `jqg_show` WHERE ( type=2 )  [ RunTime:0.000000s ]
SQL: SHOW COLUMNS FROM `jqg_storytype` [ RunTime:0.004000s ]
SQL: SELECT * FROM `jqg_storytype` ORDER BY sort desc,id asc LIMIT 0,5   [ RunTime:0.000000s ]
SQL: SHOW COLUMNS FROM `jqg_interlocution` [ RunTime:0.005001s ]
SQL: SELECT * FROM `jqg_interlocution` WHERE ( type=1 ) ORDER BY sort desc,id desc LIMIT 0,6   [ RunTime:0.001000s ]
SQL: SELECT * FROM `jqg_interlocution` WHERE ( type=2 ) ORDER BY sort desc,id desc LIMIT 0,6   [ RunTime:0.000000s ]
SQL: SELECT * FROM `jqg_interlocution` WHERE ( type=3 ) ORDER BY sort desc,id desc LIMIT 0,6   [ RunTime:0.001000s ]
SQL: SELECT * FROM `jqg_interlocution` WHERE ( type=4 ) ORDER BY sort desc,id desc LIMIT 0,6   [ RunTime:0.000000s ]
SQL: SHOW COLUMNS FROM `jqg_story` [ RunTime:0.004000s ]
SQL: SELECT * FROM `jqg_story` WHERE ( type=1 ) ORDER BY sort desc,id desc LIMIT 0,4   [ RunTime:0.000000s ]
SQL: SHOW COLUMNS FROM `jqg_news` [ RunTime:0.005000s ]
SQL: SELECT * FROM `jqg_news` WHERE ( type=1 ) ORDER BY sort desc,id desc LIMIT 0,7   [ RunTime:0.000000s ]
SQL: SELECT * FROM `jqg_news` WHERE ( type=2 ) ORDER BY sort desc,id desc LIMIT 0,7   [ RunTime:0.001000s ]
INFO: [ view_parse ] --START--
INFO: [ template_filter ] --START--
INFO: Run Behavior\ContentReplace [ RunTime:0.001000s ]
INFO: [ template_filter ] --END-- [ RunTime:0.001000s ]
INFO: Run Behavior\ParseTemplate [ RunTime:0.010001s ]
INFO: [ view_parse ] --END-- [ RunTime:0.011001s ]
INFO: [ view_filter ] --START--
INFO: Run Behavior\WriteHtmlCache [ RunTime:0.000000s ]
INFO: [ view_filter ] --END-- [ RunTime:0.000000s ]
INFO: [ app_end ] --START--
INFO: Run Behavior\ShowPageTrace [ RunTime:0.001000s ]
INFO: [ app_end ] --END-- [ RunTime:0.001000s ]

[ 2017-08-21T00:01:27+08:00 ] ::1 /
INFO: [ app_begin ] --START--
INFO: Run Behavior\ReadHtmlCache [ RunTime:0.001000s ]
INFO: [ app_begin ] --END-- [ RunTime:0.001000s ]
SQL: SHOW COLUMNS FROM `jqg_furnituretype` [ RunTime:0.004000s ]
SQL: SELECT * FROM `jqg_furnituretype` ORDER BY sort desc,id asc  [ RunTime:0.001000s ]
SQL: SHOW COLUMNS FROM `jqg_show` [ RunTime:0.005000s ]
SQL: SELECT * FROM `jqg_show` WHERE ( type=2 )  [ RunTime:0.001001s ]
SQL: SHOW COLUMNS FROM `jqg_storytype` [ RunTime:0.005000s ]
SQL: SELECT * FROM `jqg_storytype` ORDER BY sort desc,id asc LIMIT 0,5   [ RunTime:0.001000s ]
SQL: SHOW COLUMNS FROM `jqg_interlocution` [ RunTime:0.004000s ]
SQL: SELECT * FROM `jqg_interlocution` WHERE ( type=1 ) ORDER BY sort desc,id desc LIMIT 0,6   [ RunTime:0.000000s ]
SQL: SELECT * FROM `jqg_interlocution` WHERE ( type=2 ) ORDER BY sort desc,id desc LIMIT 0,6   [ RunTime:0.001000s ]
SQL: SELECT * FROM `jqg_interlocution` WHERE ( type=3 ) ORDER BY sort desc,id desc LIMIT 0,6   [ RunTime:0.000000s ]
SQL: SELECT * FROM `jqg_interlocution` WHERE ( type=4 ) ORDER BY sort desc,id desc LIMIT 0,6   [ RunTime:0.001000s ]
SQL: SHOW COLUMNS FROM `jqg_story` [ RunTime:0.004000s ]
SQL: SELECT * FROM `jqg_story` WHERE ( type=1 ) ORDER BY sort desc,id desc LIMIT 0,4   [ RunTime:0.000000s ]
SQL: SHOW COLUMNS FROM `jqg_news` [ RunTime:0.004001s ]
SQL: SELECT * FROM `jqg_news` WHERE ( type=1 ) ORDER BY sort desc,id desc LIMIT 0,7   [ RunTime:0.000000s ]
SQL: SELECT * FROM `jqg_news` WHERE ( type=2 ) ORDER BY sort desc,id desc LIMIT 0,7   [ RunTime:0.001000s ]
INFO: [ view_parse ] --START--
INFO: [ template_filter ] --START--
INFO: Run Behavior\ContentReplace [ RunTime:0.000000s ]
INFO: [ template_filter ] --END-- [ RunTime:0.000000s ]
INFO: Run Behavior\ParseTemplate [ RunTime:0.010000s ]
INFO: [ view_parse ] --END-- [ RunTime:0.010000s ]
INFO: [ view_filter ] --START--
INFO: Run Behavior\WriteHtmlCache [ RunTime:0.001000s ]
INFO: [ view_filter ] --END-- [ RunTime:0.001000s ]
INFO: [ app_end ] --START--
INFO: Run Behavior\ShowPageTrace [ RunTime:0.000000s ]
INFO: [ app_end ] --END-- [ RunTime:0.000000s ]

[ 2017-08-21T20:40:22+08:00 ] 127.0.0.1 /
INFO: [ app_begin ] --START--
INFO: Run Behavior\ReadHtmlCache [ RunTime:0.001000s ]
INFO: [ app_begin ] --END-- [ RunTime:0.002000s ]
SQL: SHOW COLUMNS FROM `jqg_furnituretype` [ RunTime:0.006000s ]
SQL: SELECT * FROM `jqg_furnituretype` ORDER BY sort desc,id asc  [ RunTime:0.000000s ]
SQL: SHOW COLUMNS FROM `jqg_show` [ RunTime:0.004001s ]
SQL: SELECT * FROM `jqg_show` WHERE ( type=2 )  [ RunTime:0.000000s ]
SQL: SHOW COLUMNS FROM `jqg_storytype` [ RunTime:0.005000s ]
SQL: SELECT * FROM `jqg_storytype` ORDER BY sort desc,id asc LIMIT 0,5   [ RunTime:0.001000s ]
SQL: SHOW COLUMNS FROM `jqg_interlocution` [ RunTime:0.005000s ]
SQL: SELECT * FROM `jqg_interlocution` WHERE ( type=1 ) ORDER BY sort desc,id desc LIMIT 0,6   [ RunTime:0.003000s ]
SQL: SELECT * FROM `jqg_interlocution` WHERE ( type=2 ) ORDER BY sort desc,id desc LIMIT 0,6   [ RunTime:0.000000s ]
SQL: SELECT * FROM `jqg_interlocution` WHERE ( type=3 ) ORDER BY sort desc,id desc LIMIT 0,6   [ RunTime:0.001000s ]
SQL: SELECT * FROM `jqg_interlocution` WHERE ( type=4 ) ORDER BY sort desc,id desc LIMIT 0,6   [ RunTime:0.000000s ]
SQL: SHOW COLUMNS FROM `jqg_story` [ RunTime:0.005001s ]
SQL: SELECT * FROM `jqg_story` WHERE ( type=1 ) ORDER BY sort desc,id desc LIMIT 0,4   [ RunTime:0.001000s ]
SQL: SHOW COLUMNS FROM `jqg_news` [ RunTime:0.005000s ]
SQL: SELECT * FROM `jqg_news` WHERE ( type=1 ) ORDER BY sort desc,id desc LIMIT 0,7   [ RunTime:0.001000s ]
SQL: SELECT * FROM `jqg_news` WHERE ( type=2 ) ORDER BY sort desc,id desc LIMIT 0,7   [ RunTime:0.001000s ]
INFO: [ view_parse ] --START--
INFO: [ template_filter ] --START--
INFO: Run Behavior\ContentReplace [ RunTime:0.000000s ]
INFO: [ template_filter ] --END-- [ RunTime:0.000000s ]
INFO: Run Behavior\ParseTemplate [ RunTime:0.016001s ]
INFO: [ view_parse ] --END-- [ RunTime:0.016001s ]
INFO: [ view_filter ] --START--
INFO: Run Behavior\WriteHtmlCache [ RunTime:0.000000s ]
INFO: [ view_filter ] --END-- [ RunTime:0.000000s ]
INFO: [ app_end ] --START--
INFO: Run Behavior\ShowPageTrace [ RunTime:0.001000s ]
INFO: [ app_end ] --END-- [ RunTime:0.001000s ]

[ 2017-08-21T20:40:22+08:00 ] 127.0.0.1 /
INFO: [ app_begin ] --START--
INFO: Run Behavior\ReadHtmlCache [ RunTime:0.001000s ]
INFO: [ app_begin ] --END-- [ RunTime:0.002000s ]
SQL: SHOW COLUMNS FROM `jqg_furnituretype` [ RunTime:0.003000s ]
SQL: SELECT * FROM `jqg_furnituretype` ORDER BY sort desc,id asc  [ RunTime:0.000000s ]
SQL: SHOW COLUMNS FROM `jqg_show` [ RunTime:0.003000s ]
SQL: SELECT * FROM `jqg_show` WHERE ( type=2 )  [ RunTime:0.001000s ]
SQL: SHOW COLUMNS FROM `jqg_storytype` [ RunTime:0.003000s ]
SQL: SELECT * FROM `jqg_storytype` ORDER BY sort desc,id asc LIMIT 0,5   [ RunTime:0.001001s ]
SQL: SHOW COLUMNS FROM `jqg_interlocution` [ RunTime:0.003000s ]
SQL: SELECT * FROM `jqg_interlocution` WHERE ( type=1 ) ORDER BY sort desc,id desc LIMIT 0,6   [ RunTime:0.000000s ]
SQL: SELECT * FROM `jqg_interlocution` WHERE ( type=2 ) ORDER BY sort desc,id desc LIMIT 0,6   [ RunTime:0.001000s ]
SQL: SELECT * FROM `jqg_interlocution` WHERE ( type=3 ) ORDER BY sort desc,id desc LIMIT 0,6   [ RunTime:0.000000s ]
SQL: SELECT * FROM `jqg_interlocution` WHERE ( type=4 ) ORDER BY sort desc,id desc LIMIT 0,6   [ RunTime:0.000000s ]
SQL: SHOW COLUMNS FROM `jqg_story` [ RunTime:0.004000s ]
SQL: SELECT * FROM `jqg_story` WHERE ( type=1 ) ORDER BY sort desc,id desc LIMIT 0,4   [ RunTime:0.000000s ]
SQL: SHOW COLUMNS FROM `jqg_news` [ RunTime:0.004000s ]
SQL: SELECT * FROM `jqg_news` WHERE ( type=1 ) ORDER BY sort desc,id desc LIMIT 0,7   [ RunTime:0.000000s ]
SQL: SELECT * FROM `jqg_news` WHERE ( type=2 ) ORDER BY sort desc,id desc LIMIT 0,7   [ RunTime:0.001000s ]
INFO: [ view_parse ] --START--
INFO: [ template_filter ] --START--
INFO: Run Behavior\ContentReplace [ RunTime:0.001000s ]
INFO: [ template_filter ] --END-- [ RunTime:0.001000s ]
INFO: Run Behavior\ParseTemplate [ RunTime:0.010001s ]
INFO: [ view_parse ] --END-- [ RunTime:0.010001s ]
INFO: [ view_filter ] --START--
INFO: Run Behavior\WriteHtmlCache [ RunTime:0.001000s ]
INFO: [ view_filter ] --END-- [ RunTime:0.001000s ]
INFO: [ app_end ] --START--
INFO: Run Behavior\ShowPageTrace [ RunTime:0.001000s ]
INFO: [ app_end ] --END-- [ RunTime:0.001000s ]

[ 2017-08-21T20:43:00+08:00 ] ::1 /
INFO: [ app_begin ] --START--
INFO: Run Behavior\ReadHtmlCache [ RunTime:0.000000s ]
INFO: [ app_begin ] --END-- [ RunTime:0.001000s ]
SQL: SHOW COLUMNS FROM `jqg_furnituretype` [ RunTime:0.004000s ]
SQL: SELECT * FROM `jqg_furnituretype` ORDER BY sort desc,id asc  [ RunTime:0.000000s ]
SQL: SHOW COLUMNS FROM `jqg_show` [ RunTime:0.004000s ]
SQL: SELECT * FROM `jqg_show` WHERE ( type=2 )  [ RunTime:0.000000s ]
SQL: SHOW COLUMNS FROM `jqg_storytype` [ RunTime:0.004001s ]
SQL: SELECT * FROM `jqg_storytype` ORDER BY sort desc,id asc LIMIT 0,5   [ RunTime:0.000000s ]
SQL: SHOW COLUMNS FROM `jqg_interlocution` [ RunTime:0.004000s ]
SQL: SELECT * FROM `jqg_interlocution` WHERE ( type=1 ) ORDER BY sort desc,id desc LIMIT 0,6   [ RunTime:0.000000s ]
SQL: SELECT * FROM `jqg_interlocution` WHERE ( type=2 ) ORDER BY sort desc,id desc LIMIT 0,6   [ RunTime:0.001000s ]
SQL: SELECT * FROM `jqg_interlocution` WHERE ( type=3 ) ORDER BY sort desc,id desc LIMIT 0,6   [ RunTime:0.001000s ]
SQL: SELECT * FROM `jqg_interlocution` WHERE ( type=4 ) ORDER BY sort desc,id desc LIMIT 0,6   [ RunTime:0.000000s ]
SQL: SHOW COLUMNS FROM `jqg_story` [ RunTime:0.004000s ]
SQL: SELECT * FROM `jqg_story` WHERE ( type=1 ) ORDER BY sort desc,id desc LIMIT 0,4   [ RunTime:0.000000s ]
SQL: SHOW COLUMNS FROM `jqg_news` [ RunTime:0.004000s ]
SQL: SELECT * FROM `jqg_news` WHERE ( type=1 ) ORDER BY sort desc,id desc LIMIT 0,7   [ RunTime:0.000000s ]
SQL: SELECT * FROM `jqg_news` WHERE ( type=2 ) ORDER BY sort desc,id desc LIMIT 0,7   [ RunTime:0.001000s ]
INFO: [ view_parse ] --START--
INFO: [ template_filter ] --START--
INFO: Run Behavior\ContentReplace [ RunTime:0.001000s ]
INFO: [ template_filter ] --END-- [ RunTime:0.001000s ]
INFO: Run Behavior\ParseTemplate [ RunTime:0.010001s ]
INFO: [ view_parse ] --END-- [ RunTime:0.010001s ]
INFO: [ view_filter ] --START--
INFO: Run Behavior\WriteHtmlCache [ RunTime:0.001000s ]
INFO: [ view_filter ] --END-- [ RunTime:0.001000s ]
INFO: [ app_end ] --START--
INFO: Run Behavior\ShowPageTrace [ RunTime:0.000000s ]
INFO: [ app_end ] --END-- [ RunTime:0.000000s ]

[ 2017-08-21T22:49:34+08:00 ] 127.0.0.1 /
INFO: [ app_begin ] --START--
INFO: Run Behavior\ReadHtmlCache [ RunTime:0.000000s ]
INFO: [ app_begin ] --END-- [ RunTime:0.000000s ]
SQL: SHOW COLUMNS FROM `jqg_furnituretype` [ RunTime:0.005000s ]
SQL: SELECT * FROM `jqg_furnituretype` ORDER BY sort desc,id asc  [ RunTime:0.001000s ]
SQL: SHOW COLUMNS FROM `jqg_show` [ RunTime:0.004000s ]
SQL: SELECT * FROM `jqg_show` WHERE ( type=2 )  [ RunTime:0.001000s ]
SQL: SHOW COLUMNS FROM `jqg_storytype` [ RunTime:0.005000s ]
SQL: SELECT * FROM `jqg_storytype` ORDER BY sort desc,id asc LIMIT 0,5   [ RunTime:0.000000s ]
SQL: SHOW COLUMNS FROM `jqg_interlocution` [ RunTime:0.004000s ]
SQL: SELECT * FROM `jqg_interlocution` WHERE ( type=1 ) ORDER BY sort desc,id desc LIMIT 0,6   [ RunTime:0.001000s ]
SQL: SELECT * FROM `jqg_interlocution` WHERE ( type=2 ) ORDER BY sort desc,id desc LIMIT 0,6   [ RunTime:0.001000s ]
SQL: SELECT * FROM `jqg_interlocution` WHERE ( type=3 ) ORDER BY sort desc,id desc LIMIT 0,6   [ RunTime:0.000000s ]
SQL: SELECT * FROM `jqg_interlocution` WHERE ( type=4 ) ORDER BY sort desc,id desc LIMIT 0,6   [ RunTime:0.001000s ]
SQL: SHOW COLUMNS FROM `jqg_story` [ RunTime:0.005000s ]
SQL: SELECT * FROM `jqg_story` WHERE ( type=1 ) ORDER BY sort desc,id desc LIMIT 0,4   [ RunTime:0.001000s ]
SQL: SHOW COLUMNS FROM `jqg_news` [ RunTime:0.004000s ]
SQL: SELECT * FROM `jqg_news` WHERE ( type=1 ) ORDER BY sort desc,id desc LIMIT 0,7   [ RunTime:0.000000s ]
SQL: SELECT * FROM `jqg_news` WHERE ( type=2 ) ORDER BY sort desc,id desc LIMIT 0,7   [ RunTime:0.000000s ]
INFO: [ view_parse ] --START--
INFO: [ template_filter ] --START--
INFO: Run Behavior\ContentReplace [ RunTime:0.000000s ]
INFO: [ template_filter ] --END-- [ RunTime:0.000000s ]
INFO: Run Behavior\ParseTemplate [ RunTime:0.010000s ]
INFO: [ view_parse ] --END-- [ RunTime:0.010000s ]
INFO: [ view_filter ] --START--
INFO: Run Behavior\WriteHtmlCache [ RunTime:0.000000s ]
INFO: [ view_filter ] --END-- [ RunTime:0.000000s ]
INFO: [ app_end ] --START--
INFO: Run Behavior\ShowPageTrace [ RunTime:0.000000s ]
INFO: [ app_end ] --END-- [ RunTime:0.000000s ]

[ 2017-08-21T22:54:20+08:00 ] 127.0.0.1 /announce?info_hash=%3CW%0F%BA%14%B3K%24%FFkJTh%A7z%D6l%AD%86%B0&peer_id=-XL0012-C5%E0u%933%81!%B4%A5B%DD&ip=192.168.0.102&port=15000&uploaded=0&downloaded=0&left=4385836331&numwant=200&key=30001&compact=1&event=started
INFO: [ app_begin ] --START--
INFO: Run Behavior\ReadHtmlCache [ RunTime:0.000000s ]
INFO: [ app_begin ] --END-- [ RunTime:0.001000s ]
ERR: 无法加载控制器:Announce

[ 2017-08-21T22:54:20+08:00 ] 127.0.0.1 /announce?info_hash=%3CW%0F%BA%14%B3K%24%FFkJTh%A7z%D6l%AD%86%B0&peer_id=-XL0012-C5%E0u%933%81!%B4%A5B%DD&ip=192.168.0.102&port=15000&uploaded=0&downloaded=0&left=4385836331&numwant=200&key=28714&compact=1&event=started
INFO: [ app_begin ] --START--
INFO: Run Behavior\ReadHtmlCache [ RunTime:0.001000s ]
INFO: [ app_begin ] --END-- [ RunTime:0.001000s ]
ERR: 无法加载控制器:Announce

[ 2017-08-21T23:06:57+08:00 ] 127.0.0.1 /announce?info_hash=%96%A4%2F%23%81%BE_%3D%E6%5D%1B%D9%14.*C%11%5D%DF%60&peer_id=-XL0012-C5%E0u%933%81!%B4%A5B%DD&ip=192.168.0.102&port=15000&uploaded=0&downloaded=0&left=3528333052&numwant=200&key=28660&compact=1&event=started
INFO: [ app_begin ] --START--
INFO: Run Behavior\ReadHtmlCache [ RunTime:0.001000s ]
INFO: [ app_begin ] --END-- [ RunTime:0.001000s ]
ERR: 无法加载控制器:Announce

[ 2017-08-21T23:07:00+08:00 ] 127.0.0.1 /announce?info_hash=%96%A4%2F%23%81%BE_%3D%E6%5D%1B%D9%14.*C%11%5D%DF%60&peer_id=-XL0012-C5%E0u%933%81!%B4%A5B%DD&ip=192.168.0.102&port=15000&uploaded=0&downloaded=0&left=3528333052&numwant=200&key=8188&compact=1&event=started
INFO: [ app_begin ] --START--
INFO: Run Behavior\ReadHtmlCache [ RunTime:0.000000s ]
INFO: [ app_begin ] --END-- [ RunTime:0.000000s ]
ERR: 无法加载控制器:Announce

[ 2017-08-21T23:08:01+08:00 ] 127.0.0.1 /index.php
INFO: [ app_begin ] --START--
INFO: Run Behavior\ReadHtmlCache [ RunTime:0.001000s ]
INFO: [ app_begin ] --END-- [ RunTime:0.001000s ]
SQL: SHOW COLUMNS FROM `jqg_furnituretype` [ RunTime:0.005001s ]
SQL: SELECT * FROM `jqg_furnituretype` ORDER BY sort desc,id asc  [ RunTime:0.000000s ]
SQL: SHOW COLUMNS FROM `jqg_show` [ RunTime:0.005000s ]
SQL: SELECT * FROM `jqg_show` WHERE ( type=2 )  [ RunTime:0.001000s ]
SQL: SHOW COLUMNS FROM `jqg_storytype` [ RunTime:0.006000s ]
SQL: SELECT * FROM `jqg_storytype` ORDER BY sort desc,id asc LIMIT 0,5   [ RunTime:0.000000s ]
SQL: SHOW COLUMNS FROM `jqg_interlocution` [ RunTime:0.006001s ]
SQL: SELECT * FROM `jqg_interlocution` WHERE ( type=1 ) ORDER BY sort desc,id desc LIMIT 0,6   [ RunTime:0.001000s ]
SQL: SELECT * FROM `jqg_interlocution` WHERE ( type=2 ) ORDER BY sort desc,id desc LIMIT 0,6   [ RunTime:0.000000s ]
SQL: SELECT * FROM `jqg_interlocution` WHERE ( type=3 ) ORDER BY sort desc,id desc LIMIT 0,6   [ RunTime:0.001000s ]
SQL: SELECT * FROM `jqg_interlocution` WHERE ( type=4 ) ORDER BY sort desc,id desc LIMIT 0,6   [ RunTime:0.001000s ]
SQL: SHOW COLUMNS FROM `jqg_story` [ RunTime:0.006000s ]
SQL: SELECT * FROM `jqg_story` WHERE ( type=1 ) ORDER BY sort desc,id desc LIMIT 0,4   [ RunTime:0.000000s ]
SQL: SHOW COLUMNS FROM `jqg_news` [ RunTime:0.005001s ]
SQL: SELECT * FROM `jqg_news` WHERE ( type=1 ) ORDER BY sort desc,id desc LIMIT 0,7   [ RunTime:0.000000s ]
SQL: SELECT * FROM `jqg_news` WHERE ( type=2 ) ORDER BY sort desc,id desc LIMIT 0,7   [ RunTime:0.001000s ]
INFO: [ view_parse ] --START--
INFO: [ template_filter ] --START--
INFO: Run Behavior\ContentReplace [ RunTime:0.000000s ]
INFO: [ template_filter ] --END-- [ RunTime:0.000000s ]
INFO: Run Behavior\ParseTemplate [ RunTime:0.011000s ]
INFO: [ view_parse ] --END-- [ RunTime:0.011000s ]
INFO: [ view_filter ] --START--
INFO: Run Behavior\WriteHtmlCache [ RunTime:0.001000s ]
INFO: [ view_filter ] --END-- [ RunTime:0.001000s ]
INFO: [ app_end ] --START--
INFO: Run Behavior\ShowPageTrace [ RunTime:0.001000s ]
INFO: [ app_end ] --END-- [ RunTime:0.001000s ]

[ 2017-08-21T23:17:54+08:00 ] 127.0.0.1 /
INFO: [ app_begin ] --START--
INFO: Run Behavior\ReadHtmlCache [ RunTime:0.000000s ]
INFO: [ app_begin ] --END-- [ RunTime:0.000000s ]
SQL: SHOW COLUMNS FROM `jqg_furnituretype` [ RunTime:0.005000s ]
SQL: SELECT * FROM `jqg_furnituretype` ORDER BY sort desc,id asc  [ RunTime:0.000000s ]
SQL: SHOW COLUMNS FROM `jqg_show` [ RunTime:0.004001s ]
SQL: SELECT * FROM `jqg_show` WHERE ( type=2 )  [ RunTime:0.001000s ]
SQL: SHOW COLUMNS FROM `jqg_storytype` [ RunTime:0.006000s ]
SQL: SELECT * FROM `jqg_storytype` ORDER BY sort desc,id asc LIMIT 0,5   [ RunTime:0.000000s ]
SQL: SHOW COLUMNS FROM `jqg_interlocution` [ RunTime:0.005000s ]
SQL: SELECT * FROM `jqg_interlocution` WHERE ( type=1 ) ORDER BY sort desc,id desc LIMIT 0,6   [ RunTime:0.001000s ]
SQL: SELECT * FROM `jqg_interlocution` WHERE ( type=2 ) ORDER BY sort desc,id desc LIMIT 0,6   [ RunTime:0.001000s ]
SQL: SELECT * FROM `jqg_interlocution` WHERE ( type=3 ) ORDER BY sort desc,id desc LIMIT 0,6   [ RunTime:0.000000s ]
SQL: SELECT * FROM `jqg_interlocution` WHERE ( type=4 ) ORDER BY sort desc,id desc LIMIT 0,6   [ RunTime:0.001000s ]
SQL: SHOW COLUMNS FROM `jqg_story` [ RunTime:0.005001s ]
SQL: SELECT * FROM `jqg_story` WHERE ( type=1 ) ORDER BY sort desc,id desc LIMIT 0,4   [ RunTime:0.001000s ]
SQL: SHOW COLUMNS FROM `jqg_news` [ RunTime:0.004000s ]
SQL: SELECT * FROM `jqg_news` WHERE ( type=1 ) ORDER BY sort desc,id desc LIMIT 0,7   [ RunTime:0.001000s ]
SQL: SELECT * FROM `jqg_news` WHERE ( type=2 ) ORDER BY sort desc,id desc LIMIT 0,7   [ RunTime:0.001000s ]
INFO: [ view_parse ] --START--
INFO: [ template_filter ] --START--
INFO: Run Behavior\ContentReplace [ RunTime:0.000000s ]
INFO: [ template_filter ] --END-- [ RunTime:0.001000s ]
INFO: Run Behavior\ParseTemplate [ RunTime:0.009001s ]
INFO: [ view_parse ] --END-- [ RunTime:0.009001s ]
INFO: [ view_filter ] --START--
INFO: Run Behavior\WriteHtmlCache [ RunTime:0.001000s ]
INFO: [ view_filter ] --END-- [ RunTime:0.001000s ]
INFO: [ app_end ] --START--
INFO: Run Behavior\ShowPageTrace [ RunTime:0.001000s ]
INFO: [ app_end ] --END-- [ RunTime:0.001000s ]

[ 2017-08-21T23:17:54+08:00 ] 127.0.0.1 /announce?info_hash=%96%A4%2F%23%81%BE_%3D%E6%5D%1B%D9%14.*C%11%5D%DF%60&peer_id=-XL0012-%F7%B0%05b%C3t%BB%BC%B6%B6%241&ip=192.168.0.102&port=15000&uploaded=0&downloaded=0&left=3528333052&numwant=200&key=15057&compact=1&event=started
INFO: [ app_begin ] --START--
INFO: Run Behavior\ReadHtmlCache [ RunTime:0.001000s ]
INFO: [ app_begin ] --END-- [ RunTime:0.001000s ]
ERR: 无法加载控制器:Announce

[ 2017-08-21T23:17:57+08:00 ] 127.0.0.1 /announce?info_hash=%96%A4%2F%23%81%BE_%3D%E6%5D%1B%D9%14.*C%11%5D%DF%60&peer_id=-XL0012-%F7%B0%05b%C3t%BB%BC%B6%B6%241&ip=192.168.0.102&port=15000&uploaded=0&downloaded=26132480&left=3502200572&numwant=200&key=13941&compact=1&event=started
INFO: [ app_begin ] --START--
INFO: Run Behavior\ReadHtmlCache [ RunTime:0.001000s ]
INFO: [ app_begin ] --END-- [ RunTime:0.002000s ]
ERR: 无法加载控制器:Announce

[ 2017-08-21T23:26:05+08:00 ] 127.0.0.1 /
INFO: [ app_begin ] --START--
INFO: Run Behavior\ReadHtmlCache [ RunTime:0.001000s ]
INFO: [ app_begin ] --END-- [ RunTime:0.001000s ]
SQL: SHOW COLUMNS FROM `jqg_furnituretype` [ RunTime:0.005001s ]
SQL: SELECT * FROM `jqg_furnituretype` ORDER BY sort desc,id asc  [ RunTime:0.000000s ]
SQL: SHOW COLUMNS FROM `jqg_show` [ RunTime:0.004000s ]
SQL: SELECT * FROM `jqg_show` WHERE ( type=2 )  [ RunTime:0.001000s ]
SQL: SHOW COLUMNS FROM `jqg_storytype` [ RunTime:0.004000s ]
SQL: SELECT * FROM `jqg_storytype` ORDER BY sort desc,id asc LIMIT 0,5   [ RunTime:0.000000s ]
SQL: SHOW COLUMNS FROM `jqg_interlocution` [ RunTime:0.004000s ]
SQL: SELECT * FROM `jqg_interlocution` WHERE ( type=1 ) ORDER BY sort desc,id desc LIMIT 0,6   [ RunTime:0.001001s ]
SQL: SELECT * FROM `jqg_interlocution` WHERE ( type=2 ) ORDER BY sort desc,id desc LIMIT 0,6   [ RunTime:0.000000s ]
SQL: SELECT * FROM `jqg_interlocution` WHERE ( type=3 ) ORDER BY sort desc,id desc LIMIT 0,6   [ RunTime:0.000000s ]
SQL: SELECT * FROM `jqg_interlocution` WHERE ( type=4 ) ORDER BY sort desc,id desc LIMIT 0,6   [ RunTime:0.001000s ]
SQL: SHOW COLUMNS FROM `jqg_story` [ RunTime:0.004000s ]
SQL: SELECT * FROM `jqg_story` WHERE ( type=1 ) ORDER BY sort desc,id desc LIMIT 0,4   [ RunTime:0.001000s ]
SQL: SHOW COLUMNS FROM `jqg_news` [ RunTime:0.004000s ]
SQL: SELECT * FROM `jqg_news` WHERE ( type=1 ) ORDER BY sort desc,id desc LIMIT 0,7   [ RunTime:0.001000s ]
SQL: SELECT * FROM `jqg_news` WHERE ( type=2 ) ORDER BY sort desc,id desc LIMIT 0,7   [ RunTime:0.001000s ]
INFO: [ view_parse ] --START--
INFO: [ template_filter ] --START--
INFO: Run Behavior\ContentReplace [ RunTime:0.000000s ]
INFO: [ template_filter ] --END-- [ RunTime:0.000000s ]
INFO: Run Behavior\ParseTemplate [ RunTime:0.010001s ]
INFO: [ view_parse ] --END-- [ RunTime:0.010001s ]
INFO: [ view_filter ] --START--
INFO: Run Behavior\WriteHtmlCache [ RunTime:0.001000s ]
INFO: [ view_filter ] --END-- [ RunTime:0.001000s ]
INFO: [ app_end ] --START--
INFO: Run Behavior\ShowPageTrace [ RunTime:0.001000s ]
INFO: [ app_end ] --END-- [ RunTime:0.001000s ]

[ 2017-08-21T23:40:50+08:00 ] 127.0.0.1 /
INFO: [ app_begin ] --START--
INFO: Run Behavior\ReadHtmlCache [ RunTime:0.000000s ]
INFO: [ app_begin ] --END-- [ RunTime:0.000000s ]
SQL: SHOW COLUMNS FROM `jqg_furnituretype` [ RunTime:0.004000s ]
SQL: SELECT * FROM `jqg_furnituretype` ORDER BY sort desc,id asc  [ RunTime:0.000000s ]
SQL: SHOW COLUMNS FROM `jqg_show` [ RunTime:0.005001s ]
SQL: SELECT * FROM `jqg_show` WHERE ( type=2 )  [ RunTime:0.000000s ]
SQL: SHOW COLUMNS FROM `jqg_storytype` [ RunTime:0.005000s ]
SQL: SELECT * FROM `jqg_storytype` ORDER BY sort desc,id asc LIMIT 0,5   [ RunTime:0.000000s ]
SQL: SHOW COLUMNS FROM `jqg_interlocution` [ RunTime:0.005000s ]
SQL: SELECT * FROM `jqg_interlocution` WHERE ( type=1 ) ORDER BY sort desc,id desc LIMIT 0,6   [ RunTime:0.000000s ]
SQL: SELECT * FROM `jqg_interlocution` WHERE ( type=2 ) ORDER BY sort desc,id desc LIMIT 0,6   [ RunTime:0.001000s ]
SQL: SELECT * FROM `jqg_interlocution` WHERE ( type=3 ) ORDER BY sort desc,id desc LIMIT 0,6   [ RunTime:0.001000s ]
SQL: SELECT * FROM `jqg_interlocution` WHERE ( type=4 ) ORDER BY sort desc,id desc LIMIT 0,6   [ RunTime:0.001000s ]
SQL: SHOW COLUMNS FROM `jqg_story` [ RunTime:0.005001s ]
SQL: SELECT * FROM `jqg_story` WHERE ( type=1 ) ORDER BY sort desc,id desc LIMIT 0,4   [ RunTime:0.001000s ]
SQL: SHOW COLUMNS FROM `jqg_news` [ RunTime:0.004000s ]
SQL: SELECT * FROM `jqg_news` WHERE ( type=1 ) ORDER BY sort desc,id desc LIMIT 0,7   [ RunTime:0.001000s ]
SQL: SELECT * FROM `jqg_news` WHERE ( type=2 ) ORDER BY sort desc,id desc LIMIT 0,7   [ RunTime:0.001000s ]
INFO: [ view_parse ] --START--
INFO: [ template_filter ] --START--
INFO: Run Behavior\ContentReplace [ RunTime:0.000000s ]
INFO: [ template_filter ] --END-- [ RunTime:0.000000s ]
INFO: Run Behavior\ParseTemplate [ RunTime:0.012001s ]
INFO: [ view_parse ] --END-- [ RunTime:0.012001s ]
INFO: [ view_filter ] --START--
INFO: Run Behavior\WriteHtmlCache [ RunTime:0.001000s ]
INFO: [ view_filter ] --END-- [ RunTime:0.001000s ]
INFO: [ app_end ] --START--
INFO: Run Behavior\ShowPageTrace [ RunTime:0.001000s ]
INFO: [ app_end ] --END-- [ RunTime:0.001000s ]

