[ 2017-05-21T22:02:57+08:00 ] ::1 /
INFO: [ app_begin ] --START--
INFO: Run Behavior\ReadHtmlCache [ RunTime:0.000000s ]
INFO: [ app_begin ] --END-- [ RunTime:0.001000s ]
SQL: SHOW COLUMNS FROM `zr_producttype` [ RunTime:0.005001s ]
SQL: SELECT * FROM `zr_producttype`  [ RunTime:0.000000s ]
SQL: SELECT * FROM `zr_producttype` LIMIT 0,5   [ RunTime:0.000000s ]
SQL: SHOW COLUMNS FROM `zr_product` [ RunTime:0.005000s ]
SQL: SELECT * FROM `zr_product` ORDER BY sort desc,id desc LIMIT 0,8   [ RunTime:0.001000s ]
SQL: SHOW COLUMNS FROM `zr_news` [ RunTime:0.005000s ]
SQL: SELECT * FROM `zr_news` ORDER BY sort desc,id desc LIMIT 0,7   [ RunTime:0.001000s ]
SQL: SELECT * FROM `zr_news` ORDER BY sort desc,id desc LIMIT 7,14   [ RunTime:0.000000s ]
SQL: SHOW COLUMNS FROM `zr_cooperation` [ RunTime:0.005001s ]
SQL: SELECT * FROM `zr_cooperation` ORDER BY sort desc,id desc LIMIT 0,10   [ RunTime:0.001000s ]
INFO: [ view_parse ] --START--
INFO: [ template_filter ] --START--
INFO: Run Behavior\ContentReplace [ RunTime:0.000000s ]
INFO: [ template_filter ] --END-- [ RunTime:0.000000s ]
NOTIC: [8] Use of undefined constant id - assumed 'id' D:\phpStudy\WWW\Application\Runtime\Cache\Home\2a94b8bda04ff446dcedd42276fc99ee.php 第 115 行.
NOTIC: [8] Use of undefined constant id - assumed 'id' D:\phpStudy\WWW\Application\Runtime\Cache\Home\2a94b8bda04ff446dcedd42276fc99ee.php 第 115 行.
NOTIC: [8] Use of undefined constant id - assumed 'id' D:\phpStudy\WWW\Application\Runtime\Cache\Home\2a94b8bda04ff446dcedd42276fc99ee.php 第 115 行.
NOTIC: [8] Use of undefined constant id - assumed 'id' D:\phpStudy\WWW\Application\Runtime\Cache\Home\2a94b8bda04ff446dcedd42276fc99ee.php 第 115 行.
NOTIC: [8] Use of undefined constant id - assumed 'id' D:\phpStudy\WWW\Application\Runtime\Cache\Home\2a94b8bda04ff446dcedd42276fc99ee.php 第 115 行.
NOTIC: [8] Use of undefined constant id - assumed 'id' D:\phpStudy\WWW\Application\Runtime\Cache\Home\2a94b8bda04ff446dcedd42276fc99ee.php 第 115 行.
NOTIC: [8] Use of undefined constant id - assumed 'id' D:\phpStudy\WWW\Application\Runtime\Cache\Home\2a94b8bda04ff446dcedd42276fc99ee.php 第 115 行.
NOTIC: [8] Use of undefined constant id - assumed 'id' D:\phpStudy\WWW\Application\Runtime\Cache\Home\2a94b8bda04ff446dcedd42276fc99ee.php 第 115 行.
INFO: Run Behavior\ParseTemplate [ RunTime:0.015001s ]
INFO: [ view_parse ] --END-- [ RunTime:0.015001s ]
INFO: [ view_filter ] --START--
INFO: Run Behavior\WriteHtmlCache [ RunTime:0.000000s ]
INFO: [ view_filter ] --END-- [ RunTime:0.001000s ]
INFO: [ app_end ] --START--
INFO: Run Behavior\ShowPageTrace [ RunTime:0.000000s ]
INFO: [ app_end ] --END-- [ RunTime:0.000000s ]

[ 2017-05-21T22:02:58+08:00 ] ::1 /
INFO: [ app_begin ] --START--
INFO: Run Behavior\ReadHtmlCache [ RunTime:0.000000s ]
INFO: [ app_begin ] --END-- [ RunTime:0.001000s ]
SQL: SHOW COLUMNS FROM `zr_producttype` [ RunTime:0.003000s ]
SQL: SELECT * FROM `zr_producttype`  [ RunTime:0.000000s ]
SQL: SELECT * FROM `zr_producttype` LIMIT 0,5   [ RunTime:0.000000s ]
SQL: SHOW COLUMNS FROM `zr_product` [ RunTime:0.003000s ]
SQL: SELECT * FROM `zr_product` ORDER BY sort desc,id desc LIMIT 0,8   [ RunTime:0.000000s ]
SQL: SHOW COLUMNS FROM `zr_news` [ RunTime:0.003000s ]
SQL: SELECT * FROM `zr_news` ORDER BY sort desc,id desc LIMIT 0,7   [ RunTime:0.000000s ]
SQL: SELECT * FROM `zr_news` ORDER BY sort desc,id desc LIMIT 7,14   [ RunTime:0.001000s ]
SQL: SHOW COLUMNS FROM `zr_cooperation` [ RunTime:0.003000s ]
SQL: SELECT * FROM `zr_cooperation` ORDER BY sort desc,id desc LIMIT 0,10   [ RunTime:0.000000s ]
INFO: [ view_parse ] --START--
INFO: [ template_filter ] --START--
INFO: Run Behavior\ContentReplace [ RunTime:0.000000s ]
INFO: [ template_filter ] --END-- [ RunTime:0.001001s ]
NOTIC: [8] Use of undefined constant id - assumed 'id' D:\phpStudy\WWW\Application\Runtime\Cache\Home\2a94b8bda04ff446dcedd42276fc99ee.php 第 115 行.
NOTIC: [8] Use of undefined constant id - assumed 'id' D:\phpStudy\WWW\Application\Runtime\Cache\Home\2a94b8bda04ff446dcedd42276fc99ee.php 第 115 行.
NOTIC: [8] Use of undefined constant id - assumed 'id' D:\phpStudy\WWW\Application\Runtime\Cache\Home\2a94b8bda04ff446dcedd42276fc99ee.php 第 115 行.
NOTIC: [8] Use of undefined constant id - assumed 'id' D:\phpStudy\WWW\Application\Runtime\Cache\Home\2a94b8bda04ff446dcedd42276fc99ee.php 第 115 行.
NOTIC: [8] Use of undefined constant id - assumed 'id' D:\phpStudy\WWW\Application\Runtime\Cache\Home\2a94b8bda04ff446dcedd42276fc99ee.php 第 115 行.
NOTIC: [8] Use of undefined constant id - assumed 'id' D:\phpStudy\WWW\Application\Runtime\Cache\Home\2a94b8bda04ff446dcedd42276fc99ee.php 第 115 行.
NOTIC: [8] Use of undefined constant id - assumed 'id' D:\phpStudy\WWW\Application\Runtime\Cache\Home\2a94b8bda04ff446dcedd42276fc99ee.php 第 115 行.
NOTIC: [8] Use of undefined constant id - assumed 'id' D:\phpStudy\WWW\Application\Runtime\Cache\Home\2a94b8bda04ff446dcedd42276fc99ee.php 第 115 行.
INFO: Run Behavior\ParseTemplate [ RunTime:0.013001s ]
INFO: [ view_parse ] --END-- [ RunTime:0.013001s ]
INFO: [ view_filter ] --START--
INFO: Run Behavior\WriteHtmlCache [ RunTime:0.000000s ]
INFO: [ view_filter ] --END-- [ RunTime:0.000000s ]
INFO: [ app_end ] --START--
INFO: Run Behavior\ShowPageTrace [ RunTime:0.001000s ]
INFO: [ app_end ] --END-- [ RunTime:0.001000s ]

