[ 2017-08-24T19:46:56+08:00 ] ::1 /
INFO: [ app_begin ] --START--
INFO: Run Behavior\ReadHtmlCache [ RunTime:0.001000s ]
INFO: [ app_begin ] --END-- [ RunTime:0.002000s ]
SQL: SHOW COLUMNS FROM `jqg_furnituretype` [ RunTime:0.005000s ]
SQL: SELECT * FROM `jqg_furnituretype` ORDER BY sort desc,id asc  [ RunTime:0.001000s ]
SQL: SHOW COLUMNS FROM `jqg_show` [ RunTime:0.005001s ]
SQL: SELECT * FROM `jqg_show` WHERE ( type=2 )  [ RunTime:0.000000s ]
SQL: SHOW COLUMNS FROM `jqg_storytype` [ RunTime:0.004000s ]
SQL: SELECT * FROM `jqg_storytype` ORDER BY sort desc,id asc LIMIT 0,5   [ RunTime:0.001000s ]
SQL: SHOW COLUMNS FROM `jqg_interlocution` [ RunTime:0.005000s ]
SQL: SELECT * FROM `jqg_interlocution` WHERE ( type=1 ) ORDER BY sort desc,id desc LIMIT 0,6   [ RunTime:0.003000s ]
SQL: SELECT * FROM `jqg_interlocution` WHERE ( type=2 ) ORDER BY sort desc,id desc LIMIT 0,6   [ RunTime:0.000000s ]
SQL: SELECT * FROM `jqg_interlocution` WHERE ( type=3 ) ORDER BY sort desc,id desc LIMIT 0,6   [ RunTime:0.001000s ]
SQL: SELECT * FROM `jqg_interlocution` WHERE ( type=4 ) ORDER BY sort desc,id desc LIMIT 0,6   [ RunTime:0.000000s ]
SQL: SHOW COLUMNS FROM `jqg_story` [ RunTime:0.005000s ]
SQL: SELECT * FROM `jqg_story` WHERE ( type=1 ) ORDER BY sort desc,id desc LIMIT 0,4   [ RunTime:0.001000s ]
SQL: SHOW COLUMNS FROM `jqg_news` [ RunTime:0.005000s ]
SQL: SELECT * FROM `jqg_news` WHERE ( type=1 ) ORDER BY sort desc,id desc LIMIT 0,7   [ RunTime:0.002000s ]
SQL: SELECT * FROM `jqg_news` WHERE ( type=2 ) ORDER BY sort desc,id desc LIMIT 0,7   [ RunTime:0.001000s ]
INFO: [ view_parse ] --START--
INFO: [ template_filter ] --START--
INFO: Run Behavior\ContentReplace [ RunTime:0.000000s ]
INFO: [ template_filter ] --END-- [ RunTime:0.000000s ]
INFO: Run Behavior\ParseTemplate [ RunTime:0.020001s ]
INFO: [ view_parse ] --END-- [ RunTime:0.020001s ]
INFO: [ view_filter ] --START--
INFO: Run Behavior\WriteHtmlCache [ RunTime:0.001001s ]
INFO: [ view_filter ] --END-- [ RunTime:0.001001s ]
INFO: [ app_end ] --START--
INFO: Run Behavior\ShowPageTrace [ RunTime:0.001000s ]
INFO: [ app_end ] --END-- [ RunTime:0.001000s ]

