[ 2017-07-10T21:21:27+08:00 ] ::1 /
INFO: [ app_begin ] --START--
INFO: Run Behavior\ReadHtmlCache [ RunTime:0.001000s ]
INFO: [ app_begin ] --END-- [ RunTime:0.002000s ]
SQL: SHOW COLUMNS FROM `kr_producttype` [ RunTime:0.004000s ]
ERR: 1146:Table 'kangrui.kr_producttype' doesn't exist
 [ SQL语句 ] : SHOW COLUMNS FROM `kr_producttype`
SQL: SELECT * FROM `kr_producttype`  [ RunTime:0.000000s ]
ERR: 1146:Table 'kangrui.kr_producttype' doesn't exist
 [ SQL语句 ] : SELECT * FROM `kr_producttype` 
SQL: SHOW COLUMNS FROM `kr_healthy` [ RunTime:0.005000s ]
SQL: SELECT * FROM `kr_healthy` ORDER BY sort desc,id desc LIMIT 0,8   [ RunTime:0.001000s ]
SQL: SHOW COLUMNS FROM `kr_news` [ RunTime:0.004000s ]
SQL: SELECT * FROM `kr_news` ORDER BY sort desc,id desc LIMIT 0,6   [ RunTime:0.000000s ]
INFO: [ view_parse ] --START--
INFO: [ template_filter ] --START--
INFO: Run Behavior\ContentReplace [ RunTime:0.000000s ]
INFO: [ template_filter ] --END-- [ RunTime:0.000000s ]
NOTIC: [8] Undefined variable: key D:\phpStudy\WWW\Application\Runtime\Cache\Home\2a94b8bda04ff446dcedd42276fc99ee.php 第 66 行.
INFO: Run Behavior\ParseTemplate [ RunTime:0.023001s ]
INFO: [ view_parse ] --END-- [ RunTime:0.023001s ]
INFO: [ view_filter ] --START--
INFO: Run Behavior\WriteHtmlCache [ RunTime:0.000000s ]
INFO: [ view_filter ] --END-- [ RunTime:0.001000s ]
INFO: [ app_end ] --START--
INFO: Run Behavior\ShowPageTrace [ RunTime:0.001000s ]
INFO: [ app_end ] --END-- [ RunTime:0.001000s ]

[ 2017-07-10T21:21:34+08:00 ] ::1 /aboutus/index.html
INFO: [ app_begin ] --START--
INFO: Run Behavior\ReadHtmlCache [ RunTime:0.000000s ]
INFO: [ app_begin ] --END-- [ RunTime:0.001000s ]
SQL: SHOW COLUMNS FROM `kr_producttype` [ RunTime:0.004000s ]
ERR: 1146:Table 'kangrui.kr_producttype' doesn't exist
 [ SQL语句 ] : SHOW COLUMNS FROM `kr_producttype`
SQL: SELECT * FROM `kr_producttype`  [ RunTime:0.000000s ]
ERR: 1146:Table 'kangrui.kr_producttype' doesn't exist
 [ SQL语句 ] : SELECT * FROM `kr_producttype` 
SQL: SHOW COLUMNS FROM `kr_show` [ RunTime:0.005000s ]
SQL: SELECT * FROM `kr_show` WHERE ( `id` = '1' ) LIMIT 1   [ RunTime:0.001001s ]
INFO: [ view_parse ] --START--
INFO: [ template_filter ] --START--
INFO: Run Behavior\ContentReplace [ RunTime:0.001000s ]
INFO: [ template_filter ] --END-- [ RunTime:0.001000s ]
NOTIC: [8] Undefined variable: key D:\phpStudy\WWW\Application\Runtime\Cache\Home\cf431913f75eb6ba416cba7885706256.php 第 66 行.
INFO: Run Behavior\ParseTemplate [ RunTime:0.009000s ]
INFO: [ view_parse ] --END-- [ RunTime:0.009000s ]
INFO: [ view_filter ] --START--
INFO: Run Behavior\WriteHtmlCache [ RunTime:0.001000s ]
INFO: [ view_filter ] --END-- [ RunTime:0.001000s ]
INFO: [ app_end ] --START--
INFO: Run Behavior\ShowPageTrace [ RunTime:0.000000s ]
INFO: [ app_end ] --END-- [ RunTime:0.000000s ]

[ 2017-07-10T21:21:35+08:00 ] ::1 /aboutus/index.html
INFO: [ app_begin ] --START--
INFO: Run Behavior\ReadHtmlCache [ RunTime:0.000000s ]
INFO: [ app_begin ] --END-- [ RunTime:0.000000s ]
SQL: SHOW COLUMNS FROM `kr_producttype` [ RunTime:0.003000s ]
ERR: 1146:Table 'kangrui.kr_producttype' doesn't exist
 [ SQL语句 ] : SHOW COLUMNS FROM `kr_producttype`
SQL: SELECT * FROM `kr_producttype`  [ RunTime:0.001000s ]
ERR: 1146:Table 'kangrui.kr_producttype' doesn't exist
 [ SQL语句 ] : SELECT * FROM `kr_producttype` 
SQL: SHOW COLUMNS FROM `kr_show` [ RunTime:0.003000s ]
SQL: SELECT * FROM `kr_show` WHERE ( `id` = '1' ) LIMIT 1   [ RunTime:0.001000s ]
INFO: [ view_parse ] --START--
INFO: [ template_filter ] --START--
INFO: Run Behavior\ContentReplace [ RunTime:0.000000s ]
INFO: [ template_filter ] --END-- [ RunTime:0.000000s ]
NOTIC: [8] Undefined variable: key D:\phpStudy\WWW\Application\Runtime\Cache\Home\cf431913f75eb6ba416cba7885706256.php 第 66 行.
INFO: Run Behavior\ParseTemplate [ RunTime:0.007001s ]
INFO: [ view_parse ] --END-- [ RunTime:0.007001s ]
INFO: [ view_filter ] --START--
INFO: Run Behavior\WriteHtmlCache [ RunTime:0.000000s ]
INFO: [ view_filter ] --END-- [ RunTime:0.000000s ]
INFO: [ app_end ] --START--
INFO: Run Behavior\ShowPageTrace [ RunTime:0.001000s ]
INFO: [ app_end ] --END-- [ RunTime:0.001000s ]

[ 2017-07-10T21:21:36+08:00 ] ::1 /aboutus/honor.html
INFO: [ app_begin ] --START--
INFO: Run Behavior\ReadHtmlCache [ RunTime:0.000000s ]
INFO: [ app_begin ] --END-- [ RunTime:0.002000s ]
SQL: SHOW COLUMNS FROM `kr_producttype` [ RunTime:0.004000s ]
ERR: 1146:Table 'kangrui.kr_producttype' doesn't exist
 [ SQL语句 ] : SHOW COLUMNS FROM `kr_producttype`
SQL: SELECT * FROM `kr_producttype`  [ RunTime:0.000000s ]
ERR: 1146:Table 'kangrui.kr_producttype' doesn't exist
 [ SQL语句 ] : SELECT * FROM `kr_producttype` 
SQL: SHOW COLUMNS FROM `kr_honor` [ RunTime:0.006000s ]
SQL: SELECT * FROM `kr_honor` WHERE ( type=1 )  [ RunTime:0.001000s ]
SQL: SELECT * FROM `kr_honor` WHERE ( type=2 )  [ RunTime:0.000000s ]
INFO: [ view_parse ] --START--
INFO: [ template_filter ] --START--
INFO: Run Behavior\ContentReplace [ RunTime:0.000000s ]
INFO: [ template_filter ] --END-- [ RunTime:0.000000s ]
NOTIC: [8] Undefined variable: key D:\phpStudy\WWW\Application\Runtime\Cache\Home\73431856415e268c0886efc04176e258.php 第 66 行.
INFO: Run Behavior\ParseTemplate [ RunTime:0.010001s ]
INFO: [ view_parse ] --END-- [ RunTime:0.010001s ]
INFO: [ view_filter ] --START--
INFO: Run Behavior\WriteHtmlCache [ RunTime:0.001000s ]
INFO: [ view_filter ] --END-- [ RunTime:0.001000s ]
INFO: [ app_end ] --START--
INFO: Run Behavior\ShowPageTrace [ RunTime:0.000000s ]
INFO: [ app_end ] --END-- [ RunTime:0.000000s ]

[ 2017-07-10T21:21:37+08:00 ] ::1 /healthy/index.html
INFO: [ app_begin ] --START--
INFO: Run Behavior\ReadHtmlCache [ RunTime:0.000000s ]
INFO: [ app_begin ] --END-- [ RunTime:0.001000s ]
NOTIC: [2048] Declaration of Home\Controller\HealthyController::show() should be compatible with Think\Controller::show($content, $charset = '', $contentType = '', $prefix = '') D:\phpStudy\WWW\Application\Home\Controller\HealthyController.class.php 第 7 行.
SQL: SHOW COLUMNS FROM `kr_producttype` [ RunTime:0.004001s ]
ERR: 1146:Table 'kangrui.kr_producttype' doesn't exist
 [ SQL语句 ] : SHOW COLUMNS FROM `kr_producttype`
SQL: SELECT * FROM `kr_producttype`  [ RunTime:0.000000s ]
ERR: 1146:Table 'kangrui.kr_producttype' doesn't exist
 [ SQL语句 ] : SELECT * FROM `kr_producttype` 
SQL: SHOW COLUMNS FROM `kr_healthy` [ RunTime:0.003000s ]
NOTIC: [8] Undefined variable: map D:\phpStudy\WWW\Application\Home\Controller\HealthyController.class.php 第 21 行.
SQL: SELECT COUNT(*) AS tp_count FROM `kr_healthy` LIMIT 1   [ RunTime:0.000000s ]
NOTIC: [8] Undefined variable: map D:\phpStudy\WWW\Application\Home\Controller\HealthyController.class.php 第 27 行.
SQL: SELECT * FROM `kr_healthy` ORDER BY sort desc,id desc LIMIT 0,10   [ RunTime:0.001000s ]
INFO: [ view_parse ] --START--
INFO: [ template_filter ] --START--
INFO: Run Behavior\ContentReplace [ RunTime:0.000000s ]
INFO: [ template_filter ] --END-- [ RunTime:0.000000s ]
NOTIC: [8] Undefined variable: key D:\phpStudy\WWW\Application\Runtime\Cache\Home\2b5e84397868b3a7792c262017cc168e.php 第 66 行.
NOTIC: [8] Undefined variable: type D:\phpStudy\WWW\Application\Runtime\Cache\Home\2b5e84397868b3a7792c262017cc168e.php 第 84 行.
NOTIC: [8] Undefined variable: type D:\phpStudy\WWW\Application\Runtime\Cache\Home\2b5e84397868b3a7792c262017cc168e.php 第 85 行.
NOTIC: [8] Undefined variable: type D:\phpStudy\WWW\Application\Runtime\Cache\Home\2b5e84397868b3a7792c262017cc168e.php 第 93 行.
NOTIC: [8] Undefined variable: type D:\phpStudy\WWW\Application\Runtime\Cache\Home\2b5e84397868b3a7792c262017cc168e.php 第 94 行.
INFO: Run Behavior\ParseTemplate [ RunTime:0.010001s ]
INFO: [ view_parse ] --END-- [ RunTime:0.010001s ]
INFO: [ view_filter ] --START--
INFO: Run Behavior\WriteHtmlCache [ RunTime:0.000000s ]
INFO: [ view_filter ] --END-- [ RunTime:0.000000s ]
INFO: [ app_end ] --START--
INFO: Run Behavior\ShowPageTrace [ RunTime:0.001000s ]
INFO: [ app_end ] --END-- [ RunTime:0.001000s ]

[ 2017-07-10T21:24:43+08:00 ] ::1 /healthy/index.html
INFO: [ app_begin ] --START--
INFO: Run Behavior\ReadHtmlCache [ RunTime:0.001000s ]
INFO: [ app_begin ] --END-- [ RunTime:0.001000s ]
NOTIC: [2048] Declaration of Home\Controller\HealthyController::show() should be compatible with Think\Controller::show($content, $charset = '', $contentType = '', $prefix = '') D:\phpStudy\WWW\Application\Home\Controller\HealthyController.class.php 第 7 行.
SQL: SHOW COLUMNS FROM `kr_producttype` [ RunTime:0.004001s ]
ERR: 1146:Table 'kangrui.kr_producttype' doesn't exist
 [ SQL语句 ] : SHOW COLUMNS FROM `kr_producttype`
SQL: SELECT * FROM `kr_producttype`  [ RunTime:0.000000s ]
ERR: 1146:Table 'kangrui.kr_producttype' doesn't exist
 [ SQL语句 ] : SELECT * FROM `kr_producttype` 
SQL: SHOW COLUMNS FROM `kr_healthy` [ RunTime:0.005000s ]
NOTIC: [8] Undefined variable: map D:\phpStudy\WWW\Application\Home\Controller\HealthyController.class.php 第 21 行.
SQL: SELECT COUNT(*) AS tp_count FROM `kr_healthy` LIMIT 1   [ RunTime:0.000000s ]
NOTIC: [8] Undefined variable: map D:\phpStudy\WWW\Application\Home\Controller\HealthyController.class.php 第 27 行.
SQL: SELECT * FROM `kr_healthy` ORDER BY sort desc,id desc LIMIT 0,10   [ RunTime:0.000000s ]
INFO: [ view_parse ] --START--
INFO: [ template_filter ] --START--
INFO: Run Behavior\ContentReplace [ RunTime:0.000000s ]
INFO: [ template_filter ] --END-- [ RunTime:0.000000s ]
NOTIC: [8] Undefined variable: key D:\phpStudy\WWW\Application\Runtime\Cache\Home\2b5e84397868b3a7792c262017cc168e.php 第 66 行.
NOTIC: [8] Undefined variable: type D:\phpStudy\WWW\Application\Runtime\Cache\Home\2b5e84397868b3a7792c262017cc168e.php 第 84 行.
NOTIC: [8] Undefined variable: type D:\phpStudy\WWW\Application\Runtime\Cache\Home\2b5e84397868b3a7792c262017cc168e.php 第 85 行.
NOTIC: [8] Undefined variable: type D:\phpStudy\WWW\Application\Runtime\Cache\Home\2b5e84397868b3a7792c262017cc168e.php 第 93 行.
NOTIC: [8] Undefined variable: type D:\phpStudy\WWW\Application\Runtime\Cache\Home\2b5e84397868b3a7792c262017cc168e.php 第 94 行.
INFO: Run Behavior\ParseTemplate [ RunTime:0.009001s ]
INFO: [ view_parse ] --END-- [ RunTime:0.009001s ]
INFO: [ view_filter ] --START--
INFO: Run Behavior\WriteHtmlCache [ RunTime:0.001000s ]
INFO: [ view_filter ] --END-- [ RunTime:0.001000s ]
INFO: [ app_end ] --START--
INFO: Run Behavior\ShowPageTrace [ RunTime:0.001000s ]
INFO: [ app_end ] --END-- [ RunTime:0.001000s ]

[ 2017-07-10T21:24:44+08:00 ] ::1 /healthy/index.html
INFO: [ app_begin ] --START--
INFO: Run Behavior\ReadHtmlCache [ RunTime:0.000000s ]
INFO: [ app_begin ] --END-- [ RunTime:0.001000s ]
NOTIC: [2048] Declaration of Home\Controller\HealthyController::show() should be compatible with Think\Controller::show($content, $charset = '', $contentType = '', $prefix = '') D:\phpStudy\WWW\Application\Home\Controller\HealthyController.class.php 第 7 行.
SQL: SHOW COLUMNS FROM `kr_producttype` [ RunTime:0.005001s ]
ERR: 1146:Table 'kangrui.kr_producttype' doesn't exist
 [ SQL语句 ] : SHOW COLUMNS FROM `kr_producttype`
SQL: SELECT * FROM `kr_producttype`  [ RunTime:0.000000s ]
ERR: 1146:Table 'kangrui.kr_producttype' doesn't exist
 [ SQL语句 ] : SELECT * FROM `kr_producttype` 
SQL: SHOW COLUMNS FROM `kr_healthy` [ RunTime:0.004000s ]
NOTIC: [8] Undefined variable: map D:\phpStudy\WWW\Application\Home\Controller\HealthyController.class.php 第 21 行.
SQL: SELECT COUNT(*) AS tp_count FROM `kr_healthy` LIMIT 1   [ RunTime:0.000000s ]
NOTIC: [8] Undefined variable: map D:\phpStudy\WWW\Application\Home\Controller\HealthyController.class.php 第 27 行.
SQL: SELECT * FROM `kr_healthy` ORDER BY sort desc,id desc LIMIT 0,10   [ RunTime:0.001000s ]
INFO: [ view_parse ] --START--
INFO: [ template_filter ] --START--
INFO: Run Behavior\ContentReplace [ RunTime:0.000000s ]
INFO: [ template_filter ] --END-- [ RunTime:0.000000s ]
NOTIC: [8] Undefined variable: key D:\phpStudy\WWW\Application\Runtime\Cache\Home\2b5e84397868b3a7792c262017cc168e.php 第 66 行.
NOTIC: [8] Undefined variable: type D:\phpStudy\WWW\Application\Runtime\Cache\Home\2b5e84397868b3a7792c262017cc168e.php 第 84 行.
NOTIC: [8] Undefined variable: type D:\phpStudy\WWW\Application\Runtime\Cache\Home\2b5e84397868b3a7792c262017cc168e.php 第 85 行.
NOTIC: [8] Undefined variable: type D:\phpStudy\WWW\Application\Runtime\Cache\Home\2b5e84397868b3a7792c262017cc168e.php 第 93 行.
NOTIC: [8] Undefined variable: type D:\phpStudy\WWW\Application\Runtime\Cache\Home\2b5e84397868b3a7792c262017cc168e.php 第 94 行.
INFO: Run Behavior\ParseTemplate [ RunTime:0.009001s ]
INFO: [ view_parse ] --END-- [ RunTime:0.009001s ]
INFO: [ view_filter ] --START--
INFO: Run Behavior\WriteHtmlCache [ RunTime:0.000000s ]
INFO: [ view_filter ] --END-- [ RunTime:0.000000s ]
INFO: [ app_end ] --START--
INFO: Run Behavior\ShowPageTrace [ RunTime:0.000000s ]
INFO: [ app_end ] --END-- [ RunTime:0.000000s ]

[ 2017-07-10T21:24:55+08:00 ] ::1 /healthy/index.html
INFO: [ app_begin ] --START--
INFO: Run Behavior\ReadHtmlCache [ RunTime:0.001000s ]
INFO: [ app_begin ] --END-- [ RunTime:0.001000s ]
NOTIC: [2048] Declaration of Home\Controller\HealthyController::show() should be compatible with Think\Controller::show($content, $charset = '', $contentType = '', $prefix = '') D:\phpStudy\WWW\Application\Home\Controller\HealthyController.class.php 第 7 行.
SQL: SHOW COLUMNS FROM `kr_producttype` [ RunTime:0.005000s ]
ERR: 1146:Table 'kangrui.kr_producttype' doesn't exist
 [ SQL语句 ] : SHOW COLUMNS FROM `kr_producttype`
SQL: SELECT * FROM `kr_producttype`  [ RunTime:0.001000s ]
ERR: 1146:Table 'kangrui.kr_producttype' doesn't exist
 [ SQL语句 ] : SELECT * FROM `kr_producttype` 
SQL: SHOW COLUMNS FROM `kr_healthy` [ RunTime:0.004000s ]
NOTIC: [8] Undefined variable: map D:\phpStudy\WWW\Application\Home\Controller\HealthyController.class.php 第 21 行.
SQL: SELECT COUNT(*) AS tp_count FROM `kr_healthy` LIMIT 1   [ RunTime:0.000000s ]
NOTIC: [8] Undefined variable: map D:\phpStudy\WWW\Application\Home\Controller\HealthyController.class.php 第 27 行.
SQL: SELECT * FROM `kr_healthy` ORDER BY sort desc,id desc LIMIT 0,10   [ RunTime:0.000000s ]
INFO: [ view_parse ] --START--
INFO: [ template_filter ] --START--
INFO: Run Behavior\ContentReplace [ RunTime:0.000000s ]
INFO: [ template_filter ] --END-- [ RunTime:0.000000s ]
NOTIC: [8] Undefined variable: key D:\phpStudy\WWW\Application\Runtime\Cache\Home\2b5e84397868b3a7792c262017cc168e.php 第 66 行.
NOTIC: [8] Undefined variable: type D:\phpStudy\WWW\Application\Runtime\Cache\Home\2b5e84397868b3a7792c262017cc168e.php 第 84 行.
NOTIC: [8] Undefined variable: type D:\phpStudy\WWW\Application\Runtime\Cache\Home\2b5e84397868b3a7792c262017cc168e.php 第 85 行.
NOTIC: [8] Undefined variable: type D:\phpStudy\WWW\Application\Runtime\Cache\Home\2b5e84397868b3a7792c262017cc168e.php 第 93 行.
NOTIC: [8] Undefined variable: type D:\phpStudy\WWW\Application\Runtime\Cache\Home\2b5e84397868b3a7792c262017cc168e.php 第 94 行.
INFO: Run Behavior\ParseTemplate [ RunTime:0.010000s ]
INFO: [ view_parse ] --END-- [ RunTime:0.010000s ]
INFO: [ view_filter ] --START--
INFO: Run Behavior\WriteHtmlCache [ RunTime:0.000000s ]
INFO: [ view_filter ] --END-- [ RunTime:0.000000s ]
INFO: [ app_end ] --START--
INFO: Run Behavior\ShowPageTrace [ RunTime:0.001000s ]
INFO: [ app_end ] --END-- [ RunTime:0.001000s ]

[ 2017-07-10T21:24:56+08:00 ] ::1 /healthy/index.html
INFO: [ app_begin ] --START--
INFO: Run Behavior\ReadHtmlCache [ RunTime:0.001000s ]
INFO: [ app_begin ] --END-- [ RunTime:0.001000s ]
NOTIC: [2048] Declaration of Home\Controller\HealthyController::show() should be compatible with Think\Controller::show($content, $charset = '', $contentType = '', $prefix = '') D:\phpStudy\WWW\Application\Home\Controller\HealthyController.class.php 第 7 行.
SQL: SHOW COLUMNS FROM `kr_producttype` [ RunTime:0.004000s ]
ERR: 1146:Table 'kangrui.kr_producttype' doesn't exist
 [ SQL语句 ] : SHOW COLUMNS FROM `kr_producttype`
SQL: SELECT * FROM `kr_producttype`  [ RunTime:0.000000s ]
ERR: 1146:Table 'kangrui.kr_producttype' doesn't exist
 [ SQL语句 ] : SELECT * FROM `kr_producttype` 
SQL: SHOW COLUMNS FROM `kr_healthy` [ RunTime:0.004000s ]
NOTIC: [8] Undefined variable: map D:\phpStudy\WWW\Application\Home\Controller\HealthyController.class.php 第 21 行.
SQL: SELECT COUNT(*) AS tp_count FROM `kr_healthy` LIMIT 1   [ RunTime:0.000000s ]
NOTIC: [8] Undefined variable: map D:\phpStudy\WWW\Application\Home\Controller\HealthyController.class.php 第 27 行.
SQL: SELECT * FROM `kr_healthy` ORDER BY sort desc,id desc LIMIT 0,10   [ RunTime:0.001000s ]
INFO: [ view_parse ] --START--
INFO: [ template_filter ] --START--
INFO: Run Behavior\ContentReplace [ RunTime:0.000000s ]
INFO: [ template_filter ] --END-- [ RunTime:0.000000s ]
NOTIC: [8] Undefined variable: key D:\phpStudy\WWW\Application\Runtime\Cache\Home\2b5e84397868b3a7792c262017cc168e.php 第 66 行.
NOTIC: [8] Undefined variable: type D:\phpStudy\WWW\Application\Runtime\Cache\Home\2b5e84397868b3a7792c262017cc168e.php 第 84 行.
NOTIC: [8] Undefined variable: type D:\phpStudy\WWW\Application\Runtime\Cache\Home\2b5e84397868b3a7792c262017cc168e.php 第 85 行.
NOTIC: [8] Undefined variable: type D:\phpStudy\WWW\Application\Runtime\Cache\Home\2b5e84397868b3a7792c262017cc168e.php 第 93 行.
NOTIC: [8] Undefined variable: type D:\phpStudy\WWW\Application\Runtime\Cache\Home\2b5e84397868b3a7792c262017cc168e.php 第 94 行.
INFO: Run Behavior\ParseTemplate [ RunTime:0.009001s ]
INFO: [ view_parse ] --END-- [ RunTime:0.009001s ]
INFO: [ view_filter ] --START--
INFO: Run Behavior\WriteHtmlCache [ RunTime:0.000000s ]
INFO: [ view_filter ] --END-- [ RunTime:0.000000s ]
INFO: [ app_end ] --START--
INFO: Run Behavior\ShowPageTrace [ RunTime:0.001000s ]
INFO: [ app_end ] --END-- [ RunTime:0.001000s ]

[ 2017-07-10T21:25:09+08:00 ] ::1 /healthy/index.html
INFO: [ app_begin ] --START--
INFO: Run Behavior\ReadHtmlCache [ RunTime:0.001000s ]
INFO: [ app_begin ] --END-- [ RunTime:0.001000s ]
NOTIC: [2048] Declaration of Home\Controller\HealthyController::show() should be compatible with Think\Controller::show($content, $charset = '', $contentType = '', $prefix = '') D:\phpStudy\WWW\Application\Home\Controller\HealthyController.class.php 第 7 行.
SQL: SHOW COLUMNS FROM `kr_producttype` [ RunTime:0.004000s ]
ERR: 1146:Table 'kangrui.kr_producttype' doesn't exist
 [ SQL语句 ] : SHOW COLUMNS FROM `kr_producttype`
SQL: SELECT * FROM `kr_producttype`  [ RunTime:0.000000s ]
ERR: 1146:Table 'kangrui.kr_producttype' doesn't exist
 [ SQL语句 ] : SELECT * FROM `kr_producttype` 
SQL: SHOW COLUMNS FROM `kr_healthy` [ RunTime:0.006000s ]
NOTIC: [8] Undefined variable: map D:\phpStudy\WWW\Application\Home\Controller\HealthyController.class.php 第 21 行.
SQL: SELECT COUNT(*) AS tp_count FROM `kr_healthy` LIMIT 1   [ RunTime:0.000000s ]
NOTIC: [8] Undefined variable: map D:\phpStudy\WWW\Application\Home\Controller\HealthyController.class.php 第 27 行.
SQL: SELECT * FROM `kr_healthy` ORDER BY sort desc,id desc LIMIT 0,10   [ RunTime:0.001000s ]
INFO: [ view_parse ] --START--
INFO: [ template_filter ] --START--
INFO: Run Behavior\ContentReplace [ RunTime:0.000000s ]
INFO: [ template_filter ] --END-- [ RunTime:0.000000s ]
NOTIC: [8] Undefined variable: key D:\phpStudy\WWW\Application\Runtime\Cache\Home\2b5e84397868b3a7792c262017cc168e.php 第 66 行.
NOTIC: [8] Undefined variable: type D:\phpStudy\WWW\Application\Runtime\Cache\Home\2b5e84397868b3a7792c262017cc168e.php 第 84 行.
NOTIC: [8] Undefined variable: type D:\phpStudy\WWW\Application\Runtime\Cache\Home\2b5e84397868b3a7792c262017cc168e.php 第 85 行.
NOTIC: [8] Undefined variable: type D:\phpStudy\WWW\Application\Runtime\Cache\Home\2b5e84397868b3a7792c262017cc168e.php 第 93 行.
NOTIC: [8] Undefined variable: type D:\phpStudy\WWW\Application\Runtime\Cache\Home\2b5e84397868b3a7792c262017cc168e.php 第 94 行.
INFO: Run Behavior\ParseTemplate [ RunTime:0.015001s ]
INFO: [ view_parse ] --END-- [ RunTime:0.015001s ]
INFO: [ view_filter ] --START--
INFO: Run Behavior\WriteHtmlCache [ RunTime:0.001000s ]
INFO: [ view_filter ] --END-- [ RunTime:0.001000s ]
INFO: [ app_end ] --START--
INFO: Run Behavior\ShowPageTrace [ RunTime:0.001000s ]
INFO: [ app_end ] --END-- [ RunTime:0.001000s ]

[ 2017-07-10T21:25:09+08:00 ] ::1 /healthy/index.html
INFO: [ app_begin ] --START--
INFO: Run Behavior\ReadHtmlCache [ RunTime:0.000000s ]
INFO: [ app_begin ] --END-- [ RunTime:0.001000s ]
NOTIC: [2048] Declaration of Home\Controller\HealthyController::show() should be compatible with Think\Controller::show($content, $charset = '', $contentType = '', $prefix = '') D:\phpStudy\WWW\Application\Home\Controller\HealthyController.class.php 第 7 行.
SQL: SHOW COLUMNS FROM `kr_producttype` [ RunTime:0.004000s ]
ERR: 1146:Table 'kangrui.kr_producttype' doesn't exist
 [ SQL语句 ] : SHOW COLUMNS FROM `kr_producttype`
SQL: SELECT * FROM `kr_producttype`  [ RunTime:0.000000s ]
ERR: 1146:Table 'kangrui.kr_producttype' doesn't exist
 [ SQL语句 ] : SELECT * FROM `kr_producttype` 
SQL: SHOW COLUMNS FROM `kr_healthy` [ RunTime:0.004000s ]
NOTIC: [8] Undefined variable: map D:\phpStudy\WWW\Application\Home\Controller\HealthyController.class.php 第 21 行.
SQL: SELECT COUNT(*) AS tp_count FROM `kr_healthy` LIMIT 1   [ RunTime:0.000000s ]
NOTIC: [8] Undefined variable: map D:\phpStudy\WWW\Application\Home\Controller\HealthyController.class.php 第 27 行.
SQL: SELECT * FROM `kr_healthy` ORDER BY sort desc,id desc LIMIT 0,10   [ RunTime:0.000000s ]
INFO: [ view_parse ] --START--
INFO: [ template_filter ] --START--
INFO: Run Behavior\ContentReplace [ RunTime:0.000000s ]
INFO: [ template_filter ] --END-- [ RunTime:0.000000s ]
NOTIC: [8] Undefined variable: key D:\phpStudy\WWW\Application\Runtime\Cache\Home\2b5e84397868b3a7792c262017cc168e.php 第 66 行.
NOTIC: [8] Undefined variable: type D:\phpStudy\WWW\Application\Runtime\Cache\Home\2b5e84397868b3a7792c262017cc168e.php 第 84 行.
NOTIC: [8] Undefined variable: type D:\phpStudy\WWW\Application\Runtime\Cache\Home\2b5e84397868b3a7792c262017cc168e.php 第 85 行.
NOTIC: [8] Undefined variable: type D:\phpStudy\WWW\Application\Runtime\Cache\Home\2b5e84397868b3a7792c262017cc168e.php 第 93 行.
NOTIC: [8] Undefined variable: type D:\phpStudy\WWW\Application\Runtime\Cache\Home\2b5e84397868b3a7792c262017cc168e.php 第 94 行.
INFO: Run Behavior\ParseTemplate [ RunTime:0.013001s ]
INFO: [ view_parse ] --END-- [ RunTime:0.013001s ]
INFO: [ view_filter ] --START--
INFO: Run Behavior\WriteHtmlCache [ RunTime:0.000000s ]
INFO: [ view_filter ] --END-- [ RunTime:0.001000s ]
INFO: [ app_end ] --START--
INFO: Run Behavior\ShowPageTrace [ RunTime:0.000000s ]
INFO: [ app_end ] --END-- [ RunTime:0.000000s ]

[ 2017-07-10T21:25:10+08:00 ] ::1 /healthy/index.html
INFO: [ app_begin ] --START--
INFO: Run Behavior\ReadHtmlCache [ RunTime:0.000000s ]
INFO: [ app_begin ] --END-- [ RunTime:0.001000s ]
NOTIC: [2048] Declaration of Home\Controller\HealthyController::show() should be compatible with Think\Controller::show($content, $charset = '', $contentType = '', $prefix = '') D:\phpStudy\WWW\Application\Home\Controller\HealthyController.class.php 第 7 行.
SQL: SHOW COLUMNS FROM `kr_producttype` [ RunTime:0.004001s ]
ERR: 1146:Table 'kangrui.kr_producttype' doesn't exist
 [ SQL语句 ] : SHOW COLUMNS FROM `kr_producttype`
SQL: SELECT * FROM `kr_producttype`  [ RunTime:0.000000s ]
ERR: 1146:Table 'kangrui.kr_producttype' doesn't exist
 [ SQL语句 ] : SELECT * FROM `kr_producttype` 
SQL: SHOW COLUMNS FROM `kr_healthy` [ RunTime:0.004000s ]
NOTIC: [8] Undefined variable: map D:\phpStudy\WWW\Application\Home\Controller\HealthyController.class.php 第 21 行.
SQL: SELECT COUNT(*) AS tp_count FROM `kr_healthy` LIMIT 1   [ RunTime:0.000000s ]
NOTIC: [8] Undefined variable: map D:\phpStudy\WWW\Application\Home\Controller\HealthyController.class.php 第 27 行.
SQL: SELECT * FROM `kr_healthy` ORDER BY sort desc,id desc LIMIT 0,10   [ RunTime:0.000000s ]
INFO: [ view_parse ] --START--
INFO: [ template_filter ] --START--
INFO: Run Behavior\ContentReplace [ RunTime:0.001000s ]
INFO: [ template_filter ] --END-- [ RunTime:0.001000s ]
NOTIC: [8] Undefined variable: key D:\phpStudy\WWW\Application\Runtime\Cache\Home\2b5e84397868b3a7792c262017cc168e.php 第 66 行.
NOTIC: [8] Undefined variable: type D:\phpStudy\WWW\Application\Runtime\Cache\Home\2b5e84397868b3a7792c262017cc168e.php 第 84 行.
NOTIC: [8] Undefined variable: type D:\phpStudy\WWW\Application\Runtime\Cache\Home\2b5e84397868b3a7792c262017cc168e.php 第 85 行.
NOTIC: [8] Undefined variable: type D:\phpStudy\WWW\Application\Runtime\Cache\Home\2b5e84397868b3a7792c262017cc168e.php 第 93 行.
NOTIC: [8] Undefined variable: type D:\phpStudy\WWW\Application\Runtime\Cache\Home\2b5e84397868b3a7792c262017cc168e.php 第 94 行.
INFO: Run Behavior\ParseTemplate [ RunTime:0.010001s ]
INFO: [ view_parse ] --END-- [ RunTime:0.010001s ]
INFO: [ view_filter ] --START--
INFO: Run Behavior\WriteHtmlCache [ RunTime:0.001000s ]
INFO: [ view_filter ] --END-- [ RunTime:0.001000s ]
INFO: [ app_end ] --START--
INFO: Run Behavior\ShowPageTrace [ RunTime:0.000000s ]
INFO: [ app_end ] --END-- [ RunTime:0.000000s ]

[ 2017-07-10T21:25:12+08:00 ] ::1 /healthy/index.html
INFO: [ app_begin ] --START--
INFO: Run Behavior\ReadHtmlCache [ RunTime:0.000000s ]
INFO: [ app_begin ] --END-- [ RunTime:0.001001s ]
NOTIC: [2048] Declaration of Home\Controller\HealthyController::show() should be compatible with Think\Controller::show($content, $charset = '', $contentType = '', $prefix = '') D:\phpStudy\WWW\Application\Home\Controller\HealthyController.class.php 第 7 行.
SQL: SHOW COLUMNS FROM `kr_producttype` [ RunTime:0.004001s ]
ERR: 1146:Table 'kangrui.kr_producttype' doesn't exist
 [ SQL语句 ] : SHOW COLUMNS FROM `kr_producttype`
SQL: SELECT * FROM `kr_producttype`  [ RunTime:0.000000s ]
ERR: 1146:Table 'kangrui.kr_producttype' doesn't exist
 [ SQL语句 ] : SELECT * FROM `kr_producttype` 
SQL: SHOW COLUMNS FROM `kr_healthy` [ RunTime:0.004000s ]
NOTIC: [8] Undefined variable: map D:\phpStudy\WWW\Application\Home\Controller\HealthyController.class.php 第 21 行.
SQL: SELECT COUNT(*) AS tp_count FROM `kr_healthy` LIMIT 1   [ RunTime:0.000000s ]
NOTIC: [8] Undefined variable: map D:\phpStudy\WWW\Application\Home\Controller\HealthyController.class.php 第 27 行.
SQL: SELECT * FROM `kr_healthy` ORDER BY sort desc,id desc LIMIT 0,10   [ RunTime:0.000000s ]
INFO: [ view_parse ] --START--
INFO: [ template_filter ] --START--
INFO: Run Behavior\ContentReplace [ RunTime:0.000000s ]
INFO: [ template_filter ] --END-- [ RunTime:0.000000s ]
NOTIC: [8] Undefined variable: key D:\phpStudy\WWW\Application\Runtime\Cache\Home\2b5e84397868b3a7792c262017cc168e.php 第 66 行.
NOTIC: [8] Undefined variable: type D:\phpStudy\WWW\Application\Runtime\Cache\Home\2b5e84397868b3a7792c262017cc168e.php 第 84 行.
NOTIC: [8] Undefined variable: type D:\phpStudy\WWW\Application\Runtime\Cache\Home\2b5e84397868b3a7792c262017cc168e.php 第 85 行.
NOTIC: [8] Undefined variable: type D:\phpStudy\WWW\Application\Runtime\Cache\Home\2b5e84397868b3a7792c262017cc168e.php 第 93 行.
NOTIC: [8] Undefined variable: type D:\phpStudy\WWW\Application\Runtime\Cache\Home\2b5e84397868b3a7792c262017cc168e.php 第 94 行.
INFO: Run Behavior\ParseTemplate [ RunTime:0.009001s ]
INFO: [ view_parse ] --END-- [ RunTime:0.009001s ]
INFO: [ view_filter ] --START--
INFO: Run Behavior\WriteHtmlCache [ RunTime:0.001000s ]
INFO: [ view_filter ] --END-- [ RunTime:0.001000s ]
INFO: [ app_end ] --START--
INFO: Run Behavior\ShowPageTrace [ RunTime:0.001000s ]
INFO: [ app_end ] --END-- [ RunTime:0.001000s ]

[ 2017-07-10T21:25:14+08:00 ] ::1 /healthy/show/id/21.html
INFO: [ app_begin ] --START--
INFO: Run Behavior\ReadHtmlCache [ RunTime:0.001000s ]
INFO: [ app_begin ] --END-- [ RunTime:0.001000s ]
NOTIC: [2048] Declaration of Home\Controller\HealthyController::show() should be compatible with Think\Controller::show($content, $charset = '', $contentType = '', $prefix = '') D:\phpStudy\WWW\Application\Home\Controller\HealthyController.class.php 第 7 行.
SQL: SHOW COLUMNS FROM `kr_producttype` [ RunTime:0.004001s ]
ERR: 1146:Table 'kangrui.kr_producttype' doesn't exist
 [ SQL语句 ] : SHOW COLUMNS FROM `kr_producttype`
SQL: SELECT * FROM `kr_producttype`  [ RunTime:0.000000s ]
ERR: 1146:Table 'kangrui.kr_producttype' doesn't exist
 [ SQL语句 ] : SELECT * FROM `kr_producttype` 
SQL: SHOW COLUMNS FROM `kr_healthy` [ RunTime:0.004000s ]
SQL: SELECT * FROM `kr_healthy` WHERE ( id=21 ) LIMIT 1   [ RunTime:0.001000s ]
INFO: [ view_parse ] --START--
INFO: [ template_filter ] --START--
INFO: Run Behavior\ContentReplace [ RunTime:0.000000s ]
INFO: [ template_filter ] --END-- [ RunTime:0.000000s ]
NOTIC: [8] Undefined variable: key D:\phpStudy\WWW\Application\Runtime\Cache\Home\28199fcba51de67bccd2a12c86ffa219.php 第 66 行.
INFO: Run Behavior\ParseTemplate [ RunTime:0.010001s ]
INFO: [ view_parse ] --END-- [ RunTime:0.010001s ]
INFO: [ view_filter ] --START--
INFO: Run Behavior\WriteHtmlCache [ RunTime:0.001000s ]
INFO: [ view_filter ] --END-- [ RunTime:0.001000s ]
INFO: [ app_end ] --START--
INFO: Run Behavior\ShowPageTrace [ RunTime:0.002000s ]
INFO: [ app_end ] --END-- [ RunTime:0.002000s ]

[ 2017-07-10T21:25:16+08:00 ] ::1 /aboutus/index.html
INFO: [ app_begin ] --START--
INFO: Run Behavior\ReadHtmlCache [ RunTime:0.000000s ]
INFO: [ app_begin ] --END-- [ RunTime:0.001000s ]
SQL: SHOW COLUMNS FROM `kr_producttype` [ RunTime:0.004001s ]
ERR: 1146:Table 'kangrui.kr_producttype' doesn't exist
 [ SQL语句 ] : SHOW COLUMNS FROM `kr_producttype`
SQL: SELECT * FROM `kr_producttype`  [ RunTime:0.000000s ]
ERR: 1146:Table 'kangrui.kr_producttype' doesn't exist
 [ SQL语句 ] : SELECT * FROM `kr_producttype` 
SQL: SHOW COLUMNS FROM `kr_show` [ RunTime:0.004000s ]
SQL: SELECT * FROM `kr_show` WHERE ( `id` = '1' ) LIMIT 1   [ RunTime:0.000000s ]
INFO: [ view_parse ] --START--
INFO: [ template_filter ] --START--
INFO: Run Behavior\ContentReplace [ RunTime:0.000000s ]
INFO: [ template_filter ] --END-- [ RunTime:0.000000s ]
NOTIC: [8] Undefined variable: key D:\phpStudy\WWW\Application\Runtime\Cache\Home\cf431913f75eb6ba416cba7885706256.php 第 66 行.
INFO: Run Behavior\ParseTemplate [ RunTime:0.008000s ]
INFO: [ view_parse ] --END-- [ RunTime:0.008000s ]
INFO: [ view_filter ] --START--
INFO: Run Behavior\WriteHtmlCache [ RunTime:0.000000s ]
INFO: [ view_filter ] --END-- [ RunTime:0.000000s ]
INFO: [ app_end ] --START--
INFO: Run Behavior\ShowPageTrace [ RunTime:0.000000s ]
INFO: [ app_end ] --END-- [ RunTime:0.001000s ]

[ 2017-07-10T21:25:17+08:00 ] ::1 /healthy/index.html
INFO: [ app_begin ] --START--
INFO: Run Behavior\ReadHtmlCache [ RunTime:0.001000s ]
INFO: [ app_begin ] --END-- [ RunTime:0.001000s ]
NOTIC: [2048] Declaration of Home\Controller\HealthyController::show() should be compatible with Think\Controller::show($content, $charset = '', $contentType = '', $prefix = '') D:\phpStudy\WWW\Application\Home\Controller\HealthyController.class.php 第 7 行.
SQL: SHOW COLUMNS FROM `kr_producttype` [ RunTime:0.004000s ]
ERR: 1146:Table 'kangrui.kr_producttype' doesn't exist
 [ SQL语句 ] : SHOW COLUMNS FROM `kr_producttype`
SQL: SELECT * FROM `kr_producttype`  [ RunTime:0.001000s ]
ERR: 1146:Table 'kangrui.kr_producttype' doesn't exist
 [ SQL语句 ] : SELECT * FROM `kr_producttype` 
SQL: SHOW COLUMNS FROM `kr_healthy` [ RunTime:0.004000s ]
NOTIC: [8] Undefined variable: map D:\phpStudy\WWW\Application\Home\Controller\HealthyController.class.php 第 21 行.
SQL: SELECT COUNT(*) AS tp_count FROM `kr_healthy` LIMIT 1   [ RunTime:0.000000s ]
NOTIC: [8] Undefined variable: map D:\phpStudy\WWW\Application\Home\Controller\HealthyController.class.php 第 27 行.
SQL: SELECT * FROM `kr_healthy` ORDER BY sort desc,id desc LIMIT 0,10   [ RunTime:0.000000s ]
INFO: [ view_parse ] --START--
INFO: [ template_filter ] --START--
INFO: Run Behavior\ContentReplace [ RunTime:0.000000s ]
INFO: [ template_filter ] --END-- [ RunTime:0.000000s ]
NOTIC: [8] Undefined variable: key D:\phpStudy\WWW\Application\Runtime\Cache\Home\2b5e84397868b3a7792c262017cc168e.php 第 66 行.
NOTIC: [8] Undefined variable: type D:\phpStudy\WWW\Application\Runtime\Cache\Home\2b5e84397868b3a7792c262017cc168e.php 第 84 行.
NOTIC: [8] Undefined variable: type D:\phpStudy\WWW\Application\Runtime\Cache\Home\2b5e84397868b3a7792c262017cc168e.php 第 85 行.
NOTIC: [8] Undefined variable: type D:\phpStudy\WWW\Application\Runtime\Cache\Home\2b5e84397868b3a7792c262017cc168e.php 第 93 行.
NOTIC: [8] Undefined variable: type D:\phpStudy\WWW\Application\Runtime\Cache\Home\2b5e84397868b3a7792c262017cc168e.php 第 94 行.
INFO: Run Behavior\ParseTemplate [ RunTime:0.009001s ]
INFO: [ view_parse ] --END-- [ RunTime:0.009001s ]
INFO: [ view_filter ] --START--
INFO: Run Behavior\WriteHtmlCache [ RunTime:0.001000s ]
INFO: [ view_filter ] --END-- [ RunTime:0.001000s ]
INFO: [ app_end ] --START--
INFO: Run Behavior\ShowPageTrace [ RunTime:0.001000s ]
INFO: [ app_end ] --END-- [ RunTime:0.001000s ]

[ 2017-07-10T21:25:17+08:00 ] ::1 /product/index.html
INFO: [ app_begin ] --START--
INFO: Run Behavior\ReadHtmlCache [ RunTime:0.001000s ]
INFO: [ app_begin ] --END-- [ RunTime:0.001000s ]
NOTIC: [2048] Declaration of Home\Controller\ProductController::show() should be compatible with Think\Controller::show($content, $charset = '', $contentType = '', $prefix = '') D:\phpStudy\WWW\Application\Home\Controller\ProductController.class.php 第 7 行.
SQL: SHOW COLUMNS FROM `kr_producttype` [ RunTime:0.004000s ]
ERR: 1146:Table 'kangrui.kr_producttype' doesn't exist
 [ SQL语句 ] : SHOW COLUMNS FROM `kr_producttype`
SQL: SELECT * FROM `kr_producttype`  [ RunTime:0.000000s ]
ERR: 1146:Table 'kangrui.kr_producttype' doesn't exist
 [ SQL语句 ] : SELECT * FROM `kr_producttype` 
SQL: SHOW COLUMNS FROM `kr_product` [ RunTime:0.007000s ]
NOTIC: [8] Undefined variable: map D:\phpStudy\WWW\Application\Home\Controller\ProductController.class.php 第 14 行.
SQL: SELECT COUNT(*) AS tp_count FROM `kr_product` LIMIT 1   [ RunTime:0.001000s ]
NOTIC: [8] Undefined variable: map D:\phpStudy\WWW\Application\Home\Controller\ProductController.class.php 第 20 行.
SQL: SELECT * FROM `kr_product` ORDER BY sort desc,id desc LIMIT 0,9   [ RunTime:0.000000s ]
INFO: [ view_parse ] --START--
INFO: [ template_filter ] --START--
INFO: Run Behavior\ContentReplace [ RunTime:0.000000s ]
INFO: [ template_filter ] --END-- [ RunTime:0.000000s ]
NOTIC: [8] Undefined variable: key D:\phpStudy\WWW\Application\Runtime\Cache\Home\3458861da0342b1f9413030055ee3fb6.php 第 66 行.
INFO: Run Behavior\ParseTemplate [ RunTime:0.009001s ]
INFO: [ view_parse ] --END-- [ RunTime:0.009001s ]
INFO: [ view_filter ] --START--
INFO: Run Behavior\WriteHtmlCache [ RunTime:0.000000s ]
INFO: [ view_filter ] --END-- [ RunTime:0.000000s ]
INFO: [ app_end ] --START--
INFO: Run Behavior\ShowPageTrace [ RunTime:0.001000s ]
INFO: [ app_end ] --END-- [ RunTime:0.001000s ]

[ 2017-07-10T21:27:26+08:00 ] ::1 /product/index.html
INFO: [ app_begin ] --START--
INFO: Run Behavior\ReadHtmlCache [ RunTime:0.001001s ]
INFO: [ app_begin ] --END-- [ RunTime:0.001001s ]
NOTIC: [2048] Declaration of Home\Controller\ProductController::show() should be compatible with Think\Controller::show($content, $charset = '', $contentType = '', $prefix = '') D:\phpStudy\WWW\Application\Home\Controller\ProductController.class.php 第 7 行.
SQL: SHOW COLUMNS FROM `kr_producttype` [ RunTime:0.004000s ]
ERR: 1146:Table 'kangrui.kr_producttype' doesn't exist
 [ SQL语句 ] : SHOW COLUMNS FROM `kr_producttype`
SQL: SELECT * FROM `kr_producttype`  [ RunTime:0.001000s ]
ERR: 1146:Table 'kangrui.kr_producttype' doesn't exist
 [ SQL语句 ] : SELECT * FROM `kr_producttype` 
SQL: SHOW COLUMNS FROM `kr_product` [ RunTime:0.005000s ]
NOTIC: [8] Undefined variable: map D:\phpStudy\WWW\Application\Home\Controller\ProductController.class.php 第 14 行.
SQL: SELECT COUNT(*) AS tp_count FROM `kr_product` LIMIT 1   [ RunTime:0.000000s ]
NOTIC: [8] Undefined variable: map D:\phpStudy\WWW\Application\Home\Controller\ProductController.class.php 第 20 行.
SQL: SELECT * FROM `kr_product` ORDER BY sort desc,id desc LIMIT 0,9   [ RunTime:0.000000s ]
INFO: [ view_parse ] --START--
INFO: [ template_filter ] --START--
INFO: Run Behavior\ContentReplace [ RunTime:0.001000s ]
INFO: [ template_filter ] --END-- [ RunTime:0.001000s ]
NOTIC: [8] Undefined variable: key D:\phpStudy\WWW\Application\Runtime\Cache\Home\3458861da0342b1f9413030055ee3fb6.php 第 66 行.
INFO: Run Behavior\ParseTemplate [ RunTime:0.009001s ]
INFO: [ view_parse ] --END-- [ RunTime:0.009001s ]
INFO: [ view_filter ] --START--
INFO: Run Behavior\WriteHtmlCache [ RunTime:0.000000s ]
INFO: [ view_filter ] --END-- [ RunTime:0.000000s ]
INFO: [ app_end ] --START--
INFO: Run Behavior\ShowPageTrace [ RunTime:0.000000s ]
INFO: [ app_end ] --END-- [ RunTime:0.001000s ]

[ 2017-07-10T21:27:27+08:00 ] ::1 /product/index.html
INFO: [ app_begin ] --START--
INFO: Run Behavior\ReadHtmlCache [ RunTime:0.000000s ]
INFO: [ app_begin ] --END-- [ RunTime:0.001000s ]
NOTIC: [2048] Declaration of Home\Controller\ProductController::show() should be compatible with Think\Controller::show($content, $charset = '', $contentType = '', $prefix = '') D:\phpStudy\WWW\Application\Home\Controller\ProductController.class.php 第 7 行.
SQL: SHOW COLUMNS FROM `kr_producttype` [ RunTime:0.005001s ]
ERR: 1146:Table 'kangrui.kr_producttype' doesn't exist
 [ SQL语句 ] : SHOW COLUMNS FROM `kr_producttype`
SQL: SELECT * FROM `kr_producttype`  [ RunTime:0.000000s ]
ERR: 1146:Table 'kangrui.kr_producttype' doesn't exist
 [ SQL语句 ] : SELECT * FROM `kr_producttype` 
SQL: SHOW COLUMNS FROM `kr_product` [ RunTime:0.004000s ]
NOTIC: [8] Undefined variable: map D:\phpStudy\WWW\Application\Home\Controller\ProductController.class.php 第 14 行.
SQL: SELECT COUNT(*) AS tp_count FROM `kr_product` LIMIT 1   [ RunTime:0.000000s ]
NOTIC: [8] Undefined variable: map D:\phpStudy\WWW\Application\Home\Controller\ProductController.class.php 第 20 行.
SQL: SELECT * FROM `kr_product` ORDER BY sort desc,id desc LIMIT 0,9   [ RunTime:0.000000s ]
INFO: [ view_parse ] --START--
INFO: [ template_filter ] --START--
INFO: Run Behavior\ContentReplace [ RunTime:0.000000s ]
INFO: [ template_filter ] --END-- [ RunTime:0.000000s ]
NOTIC: [8] Undefined variable: key D:\phpStudy\WWW\Application\Runtime\Cache\Home\3458861da0342b1f9413030055ee3fb6.php 第 66 行.
INFO: Run Behavior\ParseTemplate [ RunTime:0.008001s ]
INFO: [ view_parse ] --END-- [ RunTime:0.009001s ]
INFO: [ view_filter ] --START--
INFO: Run Behavior\WriteHtmlCache [ RunTime:0.000000s ]
INFO: [ view_filter ] --END-- [ RunTime:0.000000s ]
INFO: [ app_end ] --START--
INFO: Run Behavior\ShowPageTrace [ RunTime:0.001000s ]
INFO: [ app_end ] --END-- [ RunTime:0.001000s ]

[ 2017-07-10T21:27:42+08:00 ] ::1 /product/index.html
INFO: [ app_begin ] --START--
INFO: Run Behavior\ReadHtmlCache [ RunTime:0.001000s ]
INFO: [ app_begin ] --END-- [ RunTime:0.001000s ]
NOTIC: [2048] Declaration of Home\Controller\ProductController::show() should be compatible with Think\Controller::show($content, $charset = '', $contentType = '', $prefix = '') D:\phpStudy\WWW\Application\Home\Controller\ProductController.class.php 第 7 行.
SQL: SHOW COLUMNS FROM `kr_producttype` [ RunTime:0.004000s ]
ERR: 1146:Table 'kangrui.kr_producttype' doesn't exist
 [ SQL语句 ] : SHOW COLUMNS FROM `kr_producttype`
SQL: SELECT * FROM `kr_producttype`  [ RunTime:0.000000s ]
ERR: 1146:Table 'kangrui.kr_producttype' doesn't exist
 [ SQL语句 ] : SELECT * FROM `kr_producttype` 
SQL: SHOW COLUMNS FROM `kr_product` [ RunTime:0.003000s ]
NOTIC: [8] Undefined variable: map D:\phpStudy\WWW\Application\Home\Controller\ProductController.class.php 第 14 行.
SQL: SELECT COUNT(*) AS tp_count FROM `kr_product` LIMIT 1   [ RunTime:0.000000s ]
NOTIC: [8] Undefined variable: map D:\phpStudy\WWW\Application\Home\Controller\ProductController.class.php 第 20 行.
SQL: SELECT * FROM `kr_product` ORDER BY sort desc,id desc LIMIT 0,9   [ RunTime:0.000000s ]
INFO: [ view_parse ] --START--
INFO: [ template_filter ] --START--
INFO: Run Behavior\ContentReplace [ RunTime:0.000000s ]
INFO: [ template_filter ] --END-- [ RunTime:0.000000s ]
NOTIC: [8] Undefined variable: key D:\phpStudy\WWW\Application\Runtime\Cache\Home\3458861da0342b1f9413030055ee3fb6.php 第 66 行.
INFO: Run Behavior\ParseTemplate [ RunTime:0.009000s ]
INFO: [ view_parse ] --END-- [ RunTime:0.009000s ]
INFO: [ view_filter ] --START--
INFO: Run Behavior\WriteHtmlCache [ RunTime:0.000000s ]
INFO: [ view_filter ] --END-- [ RunTime:0.000000s ]
INFO: [ app_end ] --START--
INFO: Run Behavior\ShowPageTrace [ RunTime:0.001000s ]
INFO: [ app_end ] --END-- [ RunTime:0.001000s ]

[ 2017-07-10T21:27:43+08:00 ] ::1 /product/index.html
INFO: [ app_begin ] --START--
INFO: Run Behavior\ReadHtmlCache [ RunTime:0.000000s ]
INFO: [ app_begin ] --END-- [ RunTime:0.001000s ]
NOTIC: [2048] Declaration of Home\Controller\ProductController::show() should be compatible with Think\Controller::show($content, $charset = '', $contentType = '', $prefix = '') D:\phpStudy\WWW\Application\Home\Controller\ProductController.class.php 第 7 行.
SQL: SHOW COLUMNS FROM `kr_producttype` [ RunTime:0.003000s ]
ERR: 1146:Table 'kangrui.kr_producttype' doesn't exist
 [ SQL语句 ] : SHOW COLUMNS FROM `kr_producttype`
SQL: SELECT * FROM `kr_producttype`  [ RunTime:0.000000s ]
ERR: 1146:Table 'kangrui.kr_producttype' doesn't exist
 [ SQL语句 ] : SELECT * FROM `kr_producttype` 
SQL: SHOW COLUMNS FROM `kr_product` [ RunTime:0.004000s ]
NOTIC: [8] Undefined variable: map D:\phpStudy\WWW\Application\Home\Controller\ProductController.class.php 第 14 行.
SQL: SELECT COUNT(*) AS tp_count FROM `kr_product` LIMIT 1   [ RunTime:0.000000s ]
NOTIC: [8] Undefined variable: map D:\phpStudy\WWW\Application\Home\Controller\ProductController.class.php 第 20 行.
SQL: SELECT * FROM `kr_product` ORDER BY sort desc,id desc LIMIT 0,9   [ RunTime:0.000000s ]
INFO: [ view_parse ] --START--
INFO: [ template_filter ] --START--
INFO: Run Behavior\ContentReplace [ RunTime:0.000000s ]
INFO: [ template_filter ] --END-- [ RunTime:0.000000s ]
NOTIC: [8] Undefined variable: key D:\phpStudy\WWW\Application\Runtime\Cache\Home\3458861da0342b1f9413030055ee3fb6.php 第 66 行.
INFO: Run Behavior\ParseTemplate [ RunTime:0.010001s ]
INFO: [ view_parse ] --END-- [ RunTime:0.010001s ]
INFO: [ view_filter ] --START--
INFO: Run Behavior\WriteHtmlCache [ RunTime:0.000000s ]
INFO: [ view_filter ] --END-- [ RunTime:0.000000s ]
INFO: [ app_end ] --START--
INFO: Run Behavior\ShowPageTrace [ RunTime:0.001000s ]
INFO: [ app_end ] --END-- [ RunTime:0.001000s ]

[ 2017-07-10T21:27:46+08:00 ] ::1 /responsibility/index.html
INFO: [ app_begin ] --START--
INFO: Run Behavior\ReadHtmlCache [ RunTime:0.001000s ]
INFO: [ app_begin ] --END-- [ RunTime:0.001000s ]
SQL: SHOW COLUMNS FROM `kr_producttype` [ RunTime:0.003000s ]
ERR: 1146:Table 'kangrui.kr_producttype' doesn't exist
 [ SQL语句 ] : SHOW COLUMNS FROM `kr_producttype`
SQL: SELECT * FROM `kr_producttype`  [ RunTime:0.000000s ]
ERR: 1146:Table 'kangrui.kr_producttype' doesn't exist
 [ SQL语句 ] : SELECT * FROM `kr_producttype` 
SQL: SHOW COLUMNS FROM `kr_show` [ RunTime:0.003001s ]
SQL: SELECT * FROM `kr_show` WHERE ( `id` = '2' ) LIMIT 1   [ RunTime:0.000000s ]
INFO: [ view_parse ] --START--
INFO: [ template_filter ] --START--
INFO: Run Behavior\ContentReplace [ RunTime:0.000000s ]
INFO: [ template_filter ] --END-- [ RunTime:0.001000s ]
NOTIC: [8] Undefined variable: key D:\phpStudy\WWW\Application\Runtime\Cache\Home\872d81de48355370faee9d2c121c476b.php 第 66 行.
INFO: Run Behavior\ParseTemplate [ RunTime:0.010000s ]
INFO: [ view_parse ] --END-- [ RunTime:0.010000s ]
INFO: [ view_filter ] --START--
INFO: Run Behavior\WriteHtmlCache [ RunTime:0.000000s ]
INFO: [ view_filter ] --END-- [ RunTime:0.000000s ]
INFO: [ app_end ] --START--
INFO: Run Behavior\ShowPageTrace [ RunTime:0.001000s ]
INFO: [ app_end ] --END-- [ RunTime:0.001000s ]

[ 2017-07-10T21:29:13+08:00 ] ::1 /product/index.html
INFO: [ app_begin ] --START--
INFO: Run Behavior\ReadHtmlCache [ RunTime:0.001000s ]
INFO: [ app_begin ] --END-- [ RunTime:0.002000s ]
NOTIC: [2048] Declaration of Home\Controller\ProductController::show() should be compatible with Think\Controller::show($content, $charset = '', $contentType = '', $prefix = '') D:\phpStudy\WWW\Application\Home\Controller\ProductController.class.php 第 7 行.
SQL: SHOW COLUMNS FROM `kr_producttype` [ RunTime:0.004000s ]
ERR: 1146:Table 'kangrui.kr_producttype' doesn't exist
 [ SQL语句 ] : SHOW COLUMNS FROM `kr_producttype`
SQL: SELECT * FROM `kr_producttype`  [ RunTime:0.000000s ]
ERR: 1146:Table 'kangrui.kr_producttype' doesn't exist
 [ SQL语句 ] : SELECT * FROM `kr_producttype` 
SQL: SHOW COLUMNS FROM `kr_product` [ RunTime:0.004000s ]
NOTIC: [8] Undefined variable: map D:\phpStudy\WWW\Application\Home\Controller\ProductController.class.php 第 14 行.
SQL: SELECT COUNT(*) AS tp_count FROM `kr_product` LIMIT 1   [ RunTime:0.000000s ]
NOTIC: [8] Undefined variable: map D:\phpStudy\WWW\Application\Home\Controller\ProductController.class.php 第 20 行.
SQL: SELECT * FROM `kr_product` ORDER BY sort desc,id desc LIMIT 0,9   [ RunTime:0.000000s ]
INFO: [ view_parse ] --START--
INFO: [ template_filter ] --START--
INFO: Run Behavior\ContentReplace [ RunTime:0.000000s ]
INFO: [ template_filter ] --END-- [ RunTime:0.000000s ]
NOTIC: [8] Undefined variable: key D:\phpStudy\WWW\Application\Runtime\Cache\Home\3458861da0342b1f9413030055ee3fb6.php 第 66 行.
INFO: Run Behavior\ParseTemplate [ RunTime:0.010001s ]
INFO: [ view_parse ] --END-- [ RunTime:0.010001s ]
INFO: [ view_filter ] --START--
INFO: Run Behavior\WriteHtmlCache [ RunTime:0.000000s ]
INFO: [ view_filter ] --END-- [ RunTime:0.000000s ]
INFO: [ app_end ] --START--
INFO: Run Behavior\ShowPageTrace [ RunTime:0.000000s ]
INFO: [ app_end ] --END-- [ RunTime:0.000000s ]

[ 2017-07-10T21:29:13+08:00 ] ::1 /responsibility/index.html
INFO: [ app_begin ] --START--
INFO: Run Behavior\ReadHtmlCache [ RunTime:0.001000s ]
INFO: [ app_begin ] --END-- [ RunTime:0.001000s ]
SQL: SHOW COLUMNS FROM `kr_producttype` [ RunTime:0.004000s ]
ERR: 1146:Table 'kangrui.kr_producttype' doesn't exist
 [ SQL语句 ] : SHOW COLUMNS FROM `kr_producttype`
SQL: SELECT * FROM `kr_producttype`  [ RunTime:0.000000s ]
ERR: 1146:Table 'kangrui.kr_producttype' doesn't exist
 [ SQL语句 ] : SELECT * FROM `kr_producttype` 
SQL: SHOW COLUMNS FROM `kr_show` [ RunTime:0.003000s ]
SQL: SELECT * FROM `kr_show` WHERE ( `id` = '2' ) LIMIT 1   [ RunTime:0.000000s ]
INFO: [ view_parse ] --START--
INFO: [ template_filter ] --START--
INFO: Run Behavior\ContentReplace [ RunTime:0.000000s ]
INFO: [ template_filter ] --END-- [ RunTime:0.000000s ]
NOTIC: [8] Undefined variable: key D:\phpStudy\WWW\Application\Runtime\Cache\Home\872d81de48355370faee9d2c121c476b.php 第 66 行.
INFO: Run Behavior\ParseTemplate [ RunTime:0.008000s ]
INFO: [ view_parse ] --END-- [ RunTime:0.008000s ]
INFO: [ view_filter ] --START--
INFO: Run Behavior\WriteHtmlCache [ RunTime:0.000000s ]
INFO: [ view_filter ] --END-- [ RunTime:0.001000s ]
INFO: [ app_end ] --START--
INFO: Run Behavior\ShowPageTrace [ RunTime:0.000000s ]
INFO: [ app_end ] --END-- [ RunTime:0.000000s ]

[ 2017-07-10T21:29:45+08:00 ] ::1 /responsibility/index.html
INFO: [ app_begin ] --START--
INFO: Run Behavior\ReadHtmlCache [ RunTime:0.001000s ]
INFO: [ app_begin ] --END-- [ RunTime:0.001000s ]
SQL: SHOW COLUMNS FROM `kr_producttype` [ RunTime:0.004000s ]
ERR: 1146:Table 'kangrui.kr_producttype' doesn't exist
 [ SQL语句 ] : SHOW COLUMNS FROM `kr_producttype`
SQL: SELECT * FROM `kr_producttype`  [ RunTime:0.000000s ]
ERR: 1146:Table 'kangrui.kr_producttype' doesn't exist
 [ SQL语句 ] : SELECT * FROM `kr_producttype` 
SQL: SHOW COLUMNS FROM `kr_show` [ RunTime:0.003000s ]
SQL: SELECT * FROM `kr_show` WHERE ( `id` = '2' ) LIMIT 1   [ RunTime:0.000000s ]
INFO: [ view_parse ] --START--
INFO: [ template_filter ] --START--
INFO: Run Behavior\ContentReplace [ RunTime:0.000000s ]
INFO: [ template_filter ] --END-- [ RunTime:0.000000s ]
NOTIC: [8] Undefined variable: key D:\phpStudy\WWW\Application\Runtime\Cache\Home\872d81de48355370faee9d2c121c476b.php 第 66 行.
INFO: Run Behavior\ParseTemplate [ RunTime:0.009001s ]
INFO: [ view_parse ] --END-- [ RunTime:0.009001s ]
INFO: [ view_filter ] --START--
INFO: Run Behavior\WriteHtmlCache [ RunTime:0.001000s ]
INFO: [ view_filter ] --END-- [ RunTime:0.001000s ]
INFO: [ app_end ] --START--
INFO: Run Behavior\ShowPageTrace [ RunTime:0.001000s ]
INFO: [ app_end ] --END-- [ RunTime:0.001000s ]

[ 2017-07-10T21:30:20+08:00 ] ::1 /responsibility/index.html
INFO: [ app_begin ] --START--
INFO: Run Behavior\ReadHtmlCache [ RunTime:0.001000s ]
INFO: [ app_begin ] --END-- [ RunTime:0.001000s ]
SQL: SHOW COLUMNS FROM `kr_producttype` [ RunTime:0.004000s ]
ERR: 1146:Table 'kangrui.kr_producttype' doesn't exist
 [ SQL语句 ] : SHOW COLUMNS FROM `kr_producttype`
SQL: SELECT * FROM `kr_producttype`  [ RunTime:0.001000s ]
ERR: 1146:Table 'kangrui.kr_producttype' doesn't exist
 [ SQL语句 ] : SELECT * FROM `kr_producttype` 
SQL: SHOW COLUMNS FROM `kr_show` [ RunTime:0.004000s ]
SQL: SELECT * FROM `kr_show` WHERE ( `id` = '2' ) LIMIT 1   [ RunTime:0.001000s ]
INFO: [ view_parse ] --START--
INFO: [ template_filter ] --START--
INFO: Run Behavior\ContentReplace [ RunTime:0.000000s ]
INFO: [ template_filter ] --END-- [ RunTime:0.000000s ]
NOTIC: [8] Undefined variable: key D:\phpStudy\WWW\Application\Runtime\Cache\Home\872d81de48355370faee9d2c121c476b.php 第 66 行.
INFO: Run Behavior\ParseTemplate [ RunTime:0.008001s ]
INFO: [ view_parse ] --END-- [ RunTime:0.008001s ]
INFO: [ view_filter ] --START--
INFO: Run Behavior\WriteHtmlCache [ RunTime:0.000000s ]
INFO: [ view_filter ] --END-- [ RunTime:0.000000s ]
INFO: [ app_end ] --START--
INFO: Run Behavior\ShowPageTrace [ RunTime:0.000000s ]
INFO: [ app_end ] --END-- [ RunTime:0.001000s ]

[ 2017-07-10T21:30:21+08:00 ] ::1 /service/index.html
INFO: [ app_begin ] --START--
INFO: Run Behavior\ReadHtmlCache [ RunTime:0.000000s ]
INFO: [ app_begin ] --END-- [ RunTime:0.001000s ]
SQL: SHOW COLUMNS FROM `kr_producttype` [ RunTime:0.004000s ]
ERR: 1146:Table 'kangrui.kr_producttype' doesn't exist
 [ SQL语句 ] : SHOW COLUMNS FROM `kr_producttype`
SQL: SELECT * FROM `kr_producttype`  [ RunTime:0.000000s ]
ERR: 1146:Table 'kangrui.kr_producttype' doesn't exist
 [ SQL语句 ] : SELECT * FROM `kr_producttype` 
SQL: SHOW COLUMNS FROM `kr_service` [ RunTime:0.005000s ]
NOTIC: [8] Undefined variable: map D:\phpStudy\WWW\Application\Home\Controller\ServiceController.class.php 第 12 行.
SQL: SELECT COUNT(*) AS tp_count FROM `kr_service` LIMIT 1   [ RunTime:0.000000s ]
NOTIC: [8] Undefined variable: map D:\phpStudy\WWW\Application\Home\Controller\ServiceController.class.php 第 18 行.
SQL: SELECT * FROM `kr_service` ORDER BY sort desc,id desc LIMIT 0,10   [ RunTime:0.001000s ]
NOTIC: [8] Undefined variable: type D:\phpStudy\WWW\Application\Home\Controller\ServiceController.class.php 第 21 行.
INFO: [ view_parse ] --START--
INFO: [ template_filter ] --START--
INFO: Run Behavior\ContentReplace [ RunTime:0.000000s ]
INFO: [ template_filter ] --END-- [ RunTime:0.000000s ]
NOTIC: [8] Undefined variable: key D:\phpStudy\WWW\Application\Runtime\Cache\Home\1792f2b2d12a3518b59892117d57baee.php 第 66 行.
INFO: Run Behavior\ParseTemplate [ RunTime:0.010001s ]
INFO: [ view_parse ] --END-- [ RunTime:0.010001s ]
INFO: [ view_filter ] --START--
INFO: Run Behavior\WriteHtmlCache [ RunTime:0.000000s ]
INFO: [ view_filter ] --END-- [ RunTime:0.000000s ]
INFO: [ app_end ] --START--
INFO: Run Behavior\ShowPageTrace [ RunTime:0.001000s ]
INFO: [ app_end ] --END-- [ RunTime:0.001000s ]

[ 2017-07-10T21:33:00+08:00 ] ::1 /service/index.html
INFO: [ app_begin ] --START--
INFO: Run Behavior\ReadHtmlCache [ RunTime:0.001000s ]
INFO: [ app_begin ] --END-- [ RunTime:0.001000s ]
SQL: SHOW COLUMNS FROM `kr_producttype` [ RunTime:0.004001s ]
ERR: 1146:Table 'kangrui.kr_producttype' doesn't exist
 [ SQL语句 ] : SHOW COLUMNS FROM `kr_producttype`
SQL: SELECT * FROM `kr_producttype`  [ RunTime:0.000000s ]
ERR: 1146:Table 'kangrui.kr_producttype' doesn't exist
 [ SQL语句 ] : SELECT * FROM `kr_producttype` 
SQL: SHOW COLUMNS FROM `kr_service` [ RunTime:0.003000s ]
NOTIC: [8] Undefined variable: map D:\phpStudy\WWW\Application\Home\Controller\ServiceController.class.php 第 12 行.
SQL: SELECT COUNT(*) AS tp_count FROM `kr_service` LIMIT 1   [ RunTime:0.001000s ]
NOTIC: [8] Undefined variable: map D:\phpStudy\WWW\Application\Home\Controller\ServiceController.class.php 第 18 行.
SQL: SELECT * FROM `kr_service` ORDER BY sort desc,id desc LIMIT 0,10   [ RunTime:0.001000s ]
NOTIC: [8] Undefined variable: type D:\phpStudy\WWW\Application\Home\Controller\ServiceController.class.php 第 21 行.
INFO: [ view_parse ] --START--
INFO: [ template_filter ] --START--
INFO: Run Behavior\ContentReplace [ RunTime:0.000000s ]
INFO: [ template_filter ] --END-- [ RunTime:0.000000s ]
NOTIC: [8] Undefined variable: key D:\phpStudy\WWW\Application\Runtime\Cache\Home\1792f2b2d12a3518b59892117d57baee.php 第 66 行.
INFO: Run Behavior\ParseTemplate [ RunTime:0.009000s ]
INFO: [ view_parse ] --END-- [ RunTime:0.009000s ]
INFO: [ view_filter ] --START--
INFO: Run Behavior\WriteHtmlCache [ RunTime:0.000000s ]
INFO: [ view_filter ] --END-- [ RunTime:0.000000s ]
INFO: [ app_end ] --START--
INFO: Run Behavior\ShowPageTrace [ RunTime:0.001001s ]
INFO: [ app_end ] --END-- [ RunTime:0.001001s ]

[ 2017-07-10T21:33:39+08:00 ] ::1 /service/index.html
INFO: [ app_begin ] --START--
INFO: Run Behavior\ReadHtmlCache [ RunTime:0.000000s ]
INFO: [ app_begin ] --END-- [ RunTime:0.001000s ]
SQL: SHOW COLUMNS FROM `kr_producttype` [ RunTime:0.004000s ]
ERR: 1146:Table 'kangrui.kr_producttype' doesn't exist
 [ SQL语句 ] : SHOW COLUMNS FROM `kr_producttype`
SQL: SELECT * FROM `kr_producttype`  [ RunTime:0.000000s ]
ERR: 1146:Table 'kangrui.kr_producttype' doesn't exist
 [ SQL语句 ] : SELECT * FROM `kr_producttype` 
SQL: SHOW COLUMNS FROM `kr_service` [ RunTime:0.003000s ]
NOTIC: [8] Undefined variable: map D:\phpStudy\WWW\Application\Home\Controller\ServiceController.class.php 第 12 行.
SQL: SELECT COUNT(*) AS tp_count FROM `kr_service` LIMIT 1   [ RunTime:0.000000s ]
NOTIC: [8] Undefined variable: map D:\phpStudy\WWW\Application\Home\Controller\ServiceController.class.php 第 18 行.
SQL: SELECT * FROM `kr_service` ORDER BY sort desc,id desc LIMIT 0,10   [ RunTime:0.000000s ]
NOTIC: [8] Undefined variable: type D:\phpStudy\WWW\Application\Home\Controller\ServiceController.class.php 第 21 行.
INFO: [ view_parse ] --START--
INFO: [ template_filter ] --START--
INFO: Run Behavior\ContentReplace [ RunTime:0.000000s ]
INFO: [ template_filter ] --END-- [ RunTime:0.000000s ]
NOTIC: [8] Undefined variable: key D:\phpStudy\WWW\Application\Runtime\Cache\Home\1792f2b2d12a3518b59892117d57baee.php 第 66 行.
INFO: Run Behavior\ParseTemplate [ RunTime:0.008001s ]
INFO: [ view_parse ] --END-- [ RunTime:0.008001s ]
INFO: [ view_filter ] --START--
INFO: Run Behavior\WriteHtmlCache [ RunTime:0.000000s ]
INFO: [ view_filter ] --END-- [ RunTime:0.001000s ]
INFO: [ app_end ] --START--
INFO: Run Behavior\ShowPageTrace [ RunTime:0.000000s ]
INFO: [ app_end ] --END-- [ RunTime:0.000000s ]

[ 2017-07-10T21:33:40+08:00 ] ::1 /service/index.html
INFO: [ app_begin ] --START--
INFO: Run Behavior\ReadHtmlCache [ RunTime:0.001000s ]
INFO: [ app_begin ] --END-- [ RunTime:0.001000s ]
SQL: SHOW COLUMNS FROM `kr_producttype` [ RunTime:0.003000s ]
ERR: 1146:Table 'kangrui.kr_producttype' doesn't exist
 [ SQL语句 ] : SHOW COLUMNS FROM `kr_producttype`
SQL: SELECT * FROM `kr_producttype`  [ RunTime:0.000000s ]
ERR: 1146:Table 'kangrui.kr_producttype' doesn't exist
 [ SQL语句 ] : SELECT * FROM `kr_producttype` 
SQL: SHOW COLUMNS FROM `kr_service` [ RunTime:0.002000s ]
NOTIC: [8] Undefined variable: map D:\phpStudy\WWW\Application\Home\Controller\ServiceController.class.php 第 12 行.
SQL: SELECT COUNT(*) AS tp_count FROM `kr_service` LIMIT 1   [ RunTime:0.000000s ]
NOTIC: [8] Undefined variable: map D:\phpStudy\WWW\Application\Home\Controller\ServiceController.class.php 第 18 行.
SQL: SELECT * FROM `kr_service` ORDER BY sort desc,id desc LIMIT 0,10   [ RunTime:0.001000s ]
NOTIC: [8] Undefined variable: type D:\phpStudy\WWW\Application\Home\Controller\ServiceController.class.php 第 21 行.
INFO: [ view_parse ] --START--
INFO: [ template_filter ] --START--
INFO: Run Behavior\ContentReplace [ RunTime:0.000000s ]
INFO: [ template_filter ] --END-- [ RunTime:0.000000s ]
NOTIC: [8] Undefined variable: key D:\phpStudy\WWW\Application\Runtime\Cache\Home\1792f2b2d12a3518b59892117d57baee.php 第 66 行.
INFO: Run Behavior\ParseTemplate [ RunTime:0.010001s ]
INFO: [ view_parse ] --END-- [ RunTime:0.010001s ]
INFO: [ view_filter ] --START--
INFO: Run Behavior\WriteHtmlCache [ RunTime:0.000000s ]
INFO: [ view_filter ] --END-- [ RunTime:0.000000s ]
INFO: [ app_end ] --START--
INFO: Run Behavior\ShowPageTrace [ RunTime:0.001000s ]
INFO: [ app_end ] --END-- [ RunTime:0.001000s ]

[ 2017-07-10T21:34:50+08:00 ] ::1 /joinus/index.html
INFO: [ app_begin ] --START--
INFO: Run Behavior\ReadHtmlCache [ RunTime:0.001000s ]
INFO: [ app_begin ] --END-- [ RunTime:0.001000s ]
SQL: SHOW COLUMNS FROM `kr_producttype` [ RunTime:0.003000s ]
ERR: 1146:Table 'kangrui.kr_producttype' doesn't exist
 [ SQL语句 ] : SHOW COLUMNS FROM `kr_producttype`
SQL: SELECT * FROM `kr_producttype`  [ RunTime:0.000000s ]
ERR: 1146:Table 'kangrui.kr_producttype' doesn't exist
 [ SQL语句 ] : SELECT * FROM `kr_producttype` 
SQL: SHOW COLUMNS FROM `kr_joinus` [ RunTime:0.004000s ]
NOTIC: [8] Undefined variable: map D:\phpStudy\WWW\Application\Home\Controller\JoinusController.class.php 第 12 行.
SQL: SELECT COUNT(*) AS tp_count FROM `kr_joinus` LIMIT 1   [ RunTime:0.000000s ]
NOTIC: [8] Undefined variable: map D:\phpStudy\WWW\Application\Home\Controller\JoinusController.class.php 第 18 行.
SQL: SELECT * FROM `kr_joinus` ORDER BY sort desc,id desc LIMIT 0,10   [ RunTime:0.001000s ]
NOTIC: [8] Undefined variable: type D:\phpStudy\WWW\Application\Home\Controller\JoinusController.class.php 第 21 行.
INFO: [ view_parse ] --START--
INFO: [ template_filter ] --START--
INFO: Run Behavior\ContentReplace [ RunTime:0.000000s ]
INFO: [ template_filter ] --END-- [ RunTime:0.000000s ]
NOTIC: [8] Undefined variable: key D:\phpStudy\WWW\Application\Runtime\Cache\Home\584c5f20f640ec0d5397e6cb38f7165d.php 第 66 行.
INFO: Run Behavior\ParseTemplate [ RunTime:0.009000s ]
INFO: [ view_parse ] --END-- [ RunTime:0.009000s ]
INFO: [ view_filter ] --START--
INFO: Run Behavior\WriteHtmlCache [ RunTime:0.001000s ]
INFO: [ view_filter ] --END-- [ RunTime:0.001000s ]
INFO: [ app_end ] --START--
INFO: Run Behavior\ShowPageTrace [ RunTime:0.001000s ]
INFO: [ app_end ] --END-- [ RunTime:0.001000s ]

[ 2017-07-10T21:34:52+08:00 ] ::1 /contactus/index.html
INFO: [ app_begin ] --START--
INFO: Run Behavior\ReadHtmlCache [ RunTime:0.001000s ]
INFO: [ app_begin ] --END-- [ RunTime:0.001000s ]
SQL: SHOW COLUMNS FROM `kr_producttype` [ RunTime:0.003000s ]
ERR: 1146:Table 'kangrui.kr_producttype' doesn't exist
 [ SQL语句 ] : SHOW COLUMNS FROM `kr_producttype`
SQL: SELECT * FROM `kr_producttype`  [ RunTime:0.001000s ]
ERR: 1146:Table 'kangrui.kr_producttype' doesn't exist
 [ SQL语句 ] : SELECT * FROM `kr_producttype` 
SQL: SHOW COLUMNS FROM `kr_show` [ RunTime:0.003000s ]
SQL: SELECT * FROM `kr_show` WHERE ( `id` = '6' ) LIMIT 1   [ RunTime:0.000000s ]
INFO: [ view_parse ] --START--
INFO: [ template_filter ] --START--
INFO: Run Behavior\ContentReplace [ RunTime:0.001000s ]
INFO: [ template_filter ] --END-- [ RunTime:0.001000s ]
NOTIC: [8] Undefined variable: key D:\phpStudy\WWW\Application\Runtime\Cache\Home\4f44d0784327813e92b82063cfcc6426.php 第 66 行.
INFO: Run Behavior\ParseTemplate [ RunTime:0.008001s ]
INFO: [ view_parse ] --END-- [ RunTime:0.008001s ]
INFO: [ view_filter ] --START--
INFO: Run Behavior\WriteHtmlCache [ RunTime:0.000000s ]
INFO: [ view_filter ] --END-- [ RunTime:0.000000s ]
INFO: [ app_end ] --START--
INFO: Run Behavior\ShowPageTrace [ RunTime:0.001000s ]
INFO: [ app_end ] --END-- [ RunTime:0.001000s ]

[ 2017-07-10T21:35:30+08:00 ] ::1 /contactus/index.html
INFO: [ app_begin ] --START--
INFO: Run Behavior\ReadHtmlCache [ RunTime:0.001000s ]
INFO: [ app_begin ] --END-- [ RunTime:0.001000s ]
SQL: SHOW COLUMNS FROM `kr_producttype` [ RunTime:0.003000s ]
ERR: 1146:Table 'kangrui.kr_producttype' doesn't exist
 [ SQL语句 ] : SHOW COLUMNS FROM `kr_producttype`
SQL: SELECT * FROM `kr_producttype`  [ RunTime:0.000000s ]
ERR: 1146:Table 'kangrui.kr_producttype' doesn't exist
 [ SQL语句 ] : SELECT * FROM `kr_producttype` 
SQL: SHOW COLUMNS FROM `kr_show` [ RunTime:0.003000s ]
SQL: SELECT * FROM `kr_show` WHERE ( `id` = '6' ) LIMIT 1   [ RunTime:0.000000s ]
INFO: [ view_parse ] --START--
INFO: [ template_filter ] --START--
INFO: Run Behavior\ContentReplace [ RunTime:0.000000s ]
INFO: [ template_filter ] --END-- [ RunTime:0.000000s ]
NOTIC: [8] Undefined variable: key D:\phpStudy\WWW\Application\Runtime\Cache\Home\4f44d0784327813e92b82063cfcc6426.php 第 66 行.
INFO: Run Behavior\ParseTemplate [ RunTime:0.007001s ]
INFO: [ view_parse ] --END-- [ RunTime:0.007001s ]
INFO: [ view_filter ] --START--
INFO: Run Behavior\WriteHtmlCache [ RunTime:0.000000s ]
INFO: [ view_filter ] --END-- [ RunTime:0.000000s ]
INFO: [ app_end ] --START--
INFO: Run Behavior\ShowPageTrace [ RunTime:0.000000s ]
INFO: [ app_end ] --END-- [ RunTime:0.001000s ]

[ 2017-07-10T21:35:32+08:00 ] ::1 /contactus/index.html
INFO: [ app_begin ] --START--
INFO: Run Behavior\ReadHtmlCache [ RunTime:0.000000s ]
INFO: [ app_begin ] --END-- [ RunTime:0.001000s ]
SQL: SHOW COLUMNS FROM `kr_producttype` [ RunTime:0.004000s ]
ERR: 1146:Table 'kangrui.kr_producttype' doesn't exist
 [ SQL语句 ] : SHOW COLUMNS FROM `kr_producttype`
SQL: SELECT * FROM `kr_producttype`  [ RunTime:0.000000s ]
ERR: 1146:Table 'kangrui.kr_producttype' doesn't exist
 [ SQL语句 ] : SELECT * FROM `kr_producttype` 
SQL: SHOW COLUMNS FROM `kr_show` [ RunTime:0.003000s ]
SQL: SELECT * FROM `kr_show` WHERE ( `id` = '6' ) LIMIT 1   [ RunTime:0.000000s ]
INFO: [ view_parse ] --START--
INFO: [ template_filter ] --START--
INFO: Run Behavior\ContentReplace [ RunTime:0.000000s ]
INFO: [ template_filter ] --END-- [ RunTime:0.000000s ]
NOTIC: [8] Undefined variable: key D:\phpStudy\WWW\Application\Runtime\Cache\Home\4f44d0784327813e92b82063cfcc6426.php 第 66 行.
INFO: Run Behavior\ParseTemplate [ RunTime:0.007001s ]
INFO: [ view_parse ] --END-- [ RunTime:0.007001s ]
INFO: [ view_filter ] --START--
INFO: Run Behavior\WriteHtmlCache [ RunTime:0.001000s ]
INFO: [ view_filter ] --END-- [ RunTime:0.001000s ]
INFO: [ app_end ] --START--
INFO: Run Behavior\ShowPageTrace [ RunTime:0.001000s ]
INFO: [ app_end ] --END-- [ RunTime:0.001000s ]

[ 2017-07-10T21:35:35+08:00 ] ::1 /joinus/index.html
INFO: [ app_begin ] --START--
INFO: Run Behavior\ReadHtmlCache [ RunTime:0.000000s ]
INFO: [ app_begin ] --END-- [ RunTime:0.001000s ]
SQL: SHOW COLUMNS FROM `kr_producttype` [ RunTime:0.003000s ]
ERR: 1146:Table 'kangrui.kr_producttype' doesn't exist
 [ SQL语句 ] : SHOW COLUMNS FROM `kr_producttype`
SQL: SELECT * FROM `kr_producttype`  [ RunTime:0.000000s ]
ERR: 1146:Table 'kangrui.kr_producttype' doesn't exist
 [ SQL语句 ] : SELECT * FROM `kr_producttype` 
SQL: SHOW COLUMNS FROM `kr_joinus` [ RunTime:0.004000s ]
NOTIC: [8] Undefined variable: map D:\phpStudy\WWW\Application\Home\Controller\JoinusController.class.php 第 12 行.
SQL: SELECT COUNT(*) AS tp_count FROM `kr_joinus` LIMIT 1   [ RunTime:0.000000s ]
NOTIC: [8] Undefined variable: map D:\phpStudy\WWW\Application\Home\Controller\JoinusController.class.php 第 18 行.
SQL: SELECT * FROM `kr_joinus` ORDER BY sort desc,id desc LIMIT 0,10   [ RunTime:0.000000s ]
NOTIC: [8] Undefined variable: type D:\phpStudy\WWW\Application\Home\Controller\JoinusController.class.php 第 21 行.
INFO: [ view_parse ] --START--
INFO: [ template_filter ] --START--
INFO: Run Behavior\ContentReplace [ RunTime:0.000000s ]
INFO: [ template_filter ] --END-- [ RunTime:0.000000s ]
NOTIC: [8] Undefined variable: key D:\phpStudy\WWW\Application\Runtime\Cache\Home\584c5f20f640ec0d5397e6cb38f7165d.php 第 66 行.
INFO: Run Behavior\ParseTemplate [ RunTime:0.008001s ]
INFO: [ view_parse ] --END-- [ RunTime:0.008001s ]
INFO: [ view_filter ] --START--
INFO: Run Behavior\WriteHtmlCache [ RunTime:0.001000s ]
INFO: [ view_filter ] --END-- [ RunTime:0.001000s ]
INFO: [ app_end ] --START--
INFO: Run Behavior\ShowPageTrace [ RunTime:0.000000s ]
INFO: [ app_end ] --END-- [ RunTime:0.000000s ]

[ 2017-07-10T21:36:17+08:00 ] ::1 /joinus/index.html
INFO: [ app_begin ] --START--
INFO: Run Behavior\ReadHtmlCache [ RunTime:0.000000s ]
INFO: [ app_begin ] --END-- [ RunTime:0.001000s ]
SQL: SHOW COLUMNS FROM `kr_producttype` [ RunTime:0.003000s ]
ERR: 1146:Table 'kangrui.kr_producttype' doesn't exist
 [ SQL语句 ] : SHOW COLUMNS FROM `kr_producttype`
SQL: SELECT * FROM `kr_producttype`  [ RunTime:0.000000s ]
ERR: 1146:Table 'kangrui.kr_producttype' doesn't exist
 [ SQL语句 ] : SELECT * FROM `kr_producttype` 
SQL: SHOW COLUMNS FROM `kr_joinus` [ RunTime:0.002000s ]
NOTIC: [8] Undefined variable: map D:\phpStudy\WWW\Application\Home\Controller\JoinusController.class.php 第 12 行.
SQL: SELECT COUNT(*) AS tp_count FROM `kr_joinus` LIMIT 1   [ RunTime:0.000000s ]
NOTIC: [8] Undefined variable: map D:\phpStudy\WWW\Application\Home\Controller\JoinusController.class.php 第 18 行.
SQL: SELECT * FROM `kr_joinus` ORDER BY sort desc,id desc LIMIT 0,10   [ RunTime:0.000000s ]
NOTIC: [8] Undefined variable: type D:\phpStudy\WWW\Application\Home\Controller\JoinusController.class.php 第 21 行.
INFO: [ view_parse ] --START--
INFO: [ template_filter ] --START--
INFO: Run Behavior\ContentReplace [ RunTime:0.000000s ]
INFO: [ template_filter ] --END-- [ RunTime:0.000000s ]
NOTIC: [8] Undefined variable: key D:\phpStudy\WWW\Application\Runtime\Cache\Home\584c5f20f640ec0d5397e6cb38f7165d.php 第 66 行.
INFO: Run Behavior\ParseTemplate [ RunTime:0.008001s ]
INFO: [ view_parse ] --END-- [ RunTime:0.009001s ]
INFO: [ view_filter ] --START--
INFO: Run Behavior\WriteHtmlCache [ RunTime:0.000000s ]
INFO: [ view_filter ] --END-- [ RunTime:0.000000s ]
INFO: [ app_end ] --START--
INFO: Run Behavior\ShowPageTrace [ RunTime:0.001000s ]
INFO: [ app_end ] --END-- [ RunTime:0.001000s ]

[ 2017-07-10T21:36:19+08:00 ] ::1 /service/index.html
INFO: [ app_begin ] --START--
INFO: Run Behavior\ReadHtmlCache [ RunTime:0.001000s ]
INFO: [ app_begin ] --END-- [ RunTime:0.001000s ]
SQL: SHOW COLUMNS FROM `kr_producttype` [ RunTime:0.002000s ]
ERR: 1146:Table 'kangrui.kr_producttype' doesn't exist
 [ SQL语句 ] : SHOW COLUMNS FROM `kr_producttype`
SQL: SELECT * FROM `kr_producttype`  [ RunTime:0.000000s ]
ERR: 1146:Table 'kangrui.kr_producttype' doesn't exist
 [ SQL语句 ] : SELECT * FROM `kr_producttype` 
SQL: SHOW COLUMNS FROM `kr_service` [ RunTime:0.004000s ]
NOTIC: [8] Undefined variable: map D:\phpStudy\WWW\Application\Home\Controller\ServiceController.class.php 第 12 行.
SQL: SELECT COUNT(*) AS tp_count FROM `kr_service` LIMIT 1   [ RunTime:0.000000s ]
NOTIC: [8] Undefined variable: map D:\phpStudy\WWW\Application\Home\Controller\ServiceController.class.php 第 18 行.
SQL: SELECT * FROM `kr_service` ORDER BY sort desc,id desc LIMIT 0,10   [ RunTime:0.000000s ]
NOTIC: [8] Undefined variable: type D:\phpStudy\WWW\Application\Home\Controller\ServiceController.class.php 第 21 行.
INFO: [ view_parse ] --START--
INFO: [ template_filter ] --START--
INFO: Run Behavior\ContentReplace [ RunTime:0.000000s ]
INFO: [ template_filter ] --END-- [ RunTime:0.000000s ]
NOTIC: [8] Undefined variable: key D:\phpStudy\WWW\Application\Runtime\Cache\Home\1792f2b2d12a3518b59892117d57baee.php 第 66 行.
INFO: Run Behavior\ParseTemplate [ RunTime:0.008001s ]
INFO: [ view_parse ] --END-- [ RunTime:0.008001s ]
INFO: [ view_filter ] --START--
INFO: Run Behavior\WriteHtmlCache [ RunTime:0.001000s ]
INFO: [ view_filter ] --END-- [ RunTime:0.001000s ]
INFO: [ app_end ] --START--
INFO: Run Behavior\ShowPageTrace [ RunTime:0.000000s ]
INFO: [ app_end ] --END-- [ RunTime:0.000000s ]

[ 2017-07-10T21:36:21+08:00 ] 127.0.0.1 /index.php
INFO: [ app_begin ] --START--
INFO: Run Behavior\ReadHtmlCache [ RunTime:0.001000s ]
INFO: [ app_begin ] --END-- [ RunTime:0.001000s ]
SQL: SHOW COLUMNS FROM `kr_producttype` [ RunTime:0.004000s ]
ERR: 1146:Table 'kangrui.kr_producttype' doesn't exist
 [ SQL语句 ] : SHOW COLUMNS FROM `kr_producttype`
SQL: SELECT * FROM `kr_producttype`  [ RunTime:0.000000s ]
ERR: 1146:Table 'kangrui.kr_producttype' doesn't exist
 [ SQL语句 ] : SELECT * FROM `kr_producttype` 
SQL: SHOW COLUMNS FROM `kr_healthy` [ RunTime:0.003001s ]
SQL: SELECT * FROM `kr_healthy` ORDER BY sort desc,id desc LIMIT 0,8   [ RunTime:0.001000s ]
SQL: SHOW COLUMNS FROM `kr_news` [ RunTime:0.003000s ]
SQL: SELECT * FROM `kr_news` ORDER BY sort desc,id desc LIMIT 0,6   [ RunTime:0.001000s ]
INFO: [ view_parse ] --START--
INFO: [ template_filter ] --START--
INFO: Run Behavior\ContentReplace [ RunTime:0.000000s ]
INFO: [ template_filter ] --END-- [ RunTime:0.000000s ]
NOTIC: [8] Undefined variable: key D:\phpStudy\WWW\Application\Runtime\Cache\Home\2a94b8bda04ff446dcedd42276fc99ee.php 第 66 行.
INFO: Run Behavior\ParseTemplate [ RunTime:0.010000s ]
INFO: [ view_parse ] --END-- [ RunTime:0.010000s ]
INFO: [ view_filter ] --START--
INFO: Run Behavior\WriteHtmlCache [ RunTime:0.001000s ]
INFO: [ view_filter ] --END-- [ RunTime:0.001000s ]
INFO: [ app_end ] --START--
INFO: Run Behavior\ShowPageTrace [ RunTime:0.000000s ]
INFO: [ app_end ] --END-- [ RunTime:0.001001s ]

[ 2017-07-10T21:36:21+08:00 ] ::1 /contactus/index.html
INFO: [ app_begin ] --START--
INFO: Run Behavior\ReadHtmlCache [ RunTime:0.001000s ]
INFO: [ app_begin ] --END-- [ RunTime:0.001000s ]
SQL: SHOW COLUMNS FROM `kr_producttype` [ RunTime:0.003001s ]
ERR: 1146:Table 'kangrui.kr_producttype' doesn't exist
 [ SQL语句 ] : SHOW COLUMNS FROM `kr_producttype`
SQL: SELECT * FROM `kr_producttype`  [ RunTime:0.000000s ]
ERR: 1146:Table 'kangrui.kr_producttype' doesn't exist
 [ SQL语句 ] : SELECT * FROM `kr_producttype` 
SQL: SHOW COLUMNS FROM `kr_show` [ RunTime:0.003000s ]
SQL: SELECT * FROM `kr_show` WHERE ( `id` = '6' ) LIMIT 1   [ RunTime:0.000000s ]
INFO: [ view_parse ] --START--
INFO: [ template_filter ] --START--
INFO: Run Behavior\ContentReplace [ RunTime:0.000000s ]
INFO: [ template_filter ] --END-- [ RunTime:0.000000s ]
NOTIC: [8] Undefined variable: key D:\phpStudy\WWW\Application\Runtime\Cache\Home\4f44d0784327813e92b82063cfcc6426.php 第 66 行.
INFO: Run Behavior\ParseTemplate [ RunTime:0.009000s ]
INFO: [ view_parse ] --END-- [ RunTime:0.009000s ]
INFO: [ view_filter ] --START--
INFO: Run Behavior\WriteHtmlCache [ RunTime:0.000000s ]
INFO: [ view_filter ] --END-- [ RunTime:0.000000s ]
INFO: [ app_end ] --START--
INFO: Run Behavior\ShowPageTrace [ RunTime:0.001000s ]
INFO: [ app_end ] --END-- [ RunTime:0.001000s ]

[ 2017-07-10T21:36:25+08:00 ] ::1 /joinus/index.html
INFO: [ app_begin ] --START--
INFO: Run Behavior\ReadHtmlCache [ RunTime:0.000000s ]
INFO: [ app_begin ] --END-- [ RunTime:0.000000s ]
SQL: SHOW COLUMNS FROM `kr_producttype` [ RunTime:0.004000s ]
ERR: 1146:Table 'kangrui.kr_producttype' doesn't exist
 [ SQL语句 ] : SHOW COLUMNS FROM `kr_producttype`
SQL: SELECT * FROM `kr_producttype`  [ RunTime:0.000000s ]
ERR: 1146:Table 'kangrui.kr_producttype' doesn't exist
 [ SQL语句 ] : SELECT * FROM `kr_producttype` 
SQL: SHOW COLUMNS FROM `kr_joinus` [ RunTime:0.003000s ]
NOTIC: [8] Undefined variable: map D:\phpStudy\WWW\Application\Home\Controller\JoinusController.class.php 第 12 行.
SQL: SELECT COUNT(*) AS tp_count FROM `kr_joinus` LIMIT 1   [ RunTime:0.000000s ]
NOTIC: [8] Undefined variable: map D:\phpStudy\WWW\Application\Home\Controller\JoinusController.class.php 第 18 行.
SQL: SELECT * FROM `kr_joinus` ORDER BY sort desc,id desc LIMIT 0,10   [ RunTime:0.000000s ]
NOTIC: [8] Undefined variable: type D:\phpStudy\WWW\Application\Home\Controller\JoinusController.class.php 第 21 行.
INFO: [ view_parse ] --START--
INFO: [ template_filter ] --START--
INFO: Run Behavior\ContentReplace [ RunTime:0.000000s ]
INFO: [ template_filter ] --END-- [ RunTime:0.000000s ]
NOTIC: [8] Undefined variable: key D:\phpStudy\WWW\Application\Runtime\Cache\Home\584c5f20f640ec0d5397e6cb38f7165d.php 第 66 行.
INFO: Run Behavior\ParseTemplate [ RunTime:0.009001s ]
INFO: [ view_parse ] --END-- [ RunTime:0.009001s ]
INFO: [ view_filter ] --START--
INFO: Run Behavior\WriteHtmlCache [ RunTime:0.001000s ]
INFO: [ view_filter ] --END-- [ RunTime:0.001000s ]
INFO: [ app_end ] --START--
INFO: Run Behavior\ShowPageTrace [ RunTime:0.000000s ]
INFO: [ app_end ] --END-- [ RunTime:0.000000s ]

[ 2017-07-10T21:36:26+08:00 ] ::1 /healthy/index.html
INFO: [ app_begin ] --START--
INFO: Run Behavior\ReadHtmlCache [ RunTime:0.000000s ]
INFO: [ app_begin ] --END-- [ RunTime:0.000000s ]
NOTIC: [2048] Declaration of Home\Controller\HealthyController::show() should be compatible with Think\Controller::show($content, $charset = '', $contentType = '', $prefix = '') D:\phpStudy\WWW\Application\Home\Controller\HealthyController.class.php 第 7 行.
SQL: SHOW COLUMNS FROM `kr_producttype` [ RunTime:0.003000s ]
ERR: 1146:Table 'kangrui.kr_producttype' doesn't exist
 [ SQL语句 ] : SHOW COLUMNS FROM `kr_producttype`
SQL: SELECT * FROM `kr_producttype`  [ RunTime:0.000000s ]
ERR: 1146:Table 'kangrui.kr_producttype' doesn't exist
 [ SQL语句 ] : SELECT * FROM `kr_producttype` 
SQL: SHOW COLUMNS FROM `kr_healthy` [ RunTime:0.003000s ]
NOTIC: [8] Undefined variable: map D:\phpStudy\WWW\Application\Home\Controller\HealthyController.class.php 第 21 行.
SQL: SELECT COUNT(*) AS tp_count FROM `kr_healthy` LIMIT 1   [ RunTime:0.000000s ]
NOTIC: [8] Undefined variable: map D:\phpStudy\WWW\Application\Home\Controller\HealthyController.class.php 第 27 行.
SQL: SELECT * FROM `kr_healthy` ORDER BY sort desc,id desc LIMIT 0,10   [ RunTime:0.001001s ]
INFO: [ view_parse ] --START--
INFO: [ template_filter ] --START--
INFO: Run Behavior\ContentReplace [ RunTime:0.000000s ]
INFO: [ template_filter ] --END-- [ RunTime:0.000000s ]
NOTIC: [8] Undefined variable: key D:\phpStudy\WWW\Application\Runtime\Cache\Home\2b5e84397868b3a7792c262017cc168e.php 第 66 行.
NOTIC: [8] Undefined variable: type D:\phpStudy\WWW\Application\Runtime\Cache\Home\2b5e84397868b3a7792c262017cc168e.php 第 84 行.
NOTIC: [8] Undefined variable: type D:\phpStudy\WWW\Application\Runtime\Cache\Home\2b5e84397868b3a7792c262017cc168e.php 第 85 行.
NOTIC: [8] Undefined variable: type D:\phpStudy\WWW\Application\Runtime\Cache\Home\2b5e84397868b3a7792c262017cc168e.php 第 93 行.
NOTIC: [8] Undefined variable: type D:\phpStudy\WWW\Application\Runtime\Cache\Home\2b5e84397868b3a7792c262017cc168e.php 第 94 行.
INFO: Run Behavior\ParseTemplate [ RunTime:0.009000s ]
INFO: [ view_parse ] --END-- [ RunTime:0.009000s ]
INFO: [ view_filter ] --START--
INFO: Run Behavior\WriteHtmlCache [ RunTime:0.000000s ]
INFO: [ view_filter ] --END-- [ RunTime:0.000000s ]
INFO: [ app_end ] --START--
INFO: Run Behavior\ShowPageTrace [ RunTime:0.001000s ]
INFO: [ app_end ] --END-- [ RunTime:0.001000s ]

[ 2017-07-10T21:36:31+08:00 ] ::1 /news/index.html
INFO: [ app_begin ] --START--
INFO: Run Behavior\ReadHtmlCache [ RunTime:0.001000s ]
INFO: [ app_begin ] --END-- [ RunTime:0.001000s ]
NOTIC: [2048] Declaration of Home\Controller\NewsController::show() should be compatible with Think\Controller::show($content, $charset = '', $contentType = '', $prefix = '') D:\phpStudy\WWW\Application\Home\Controller\NewsController.class.php 第 7 行.
SQL: SHOW COLUMNS FROM `kr_producttype` [ RunTime:0.003000s ]
ERR: 1146:Table 'kangrui.kr_producttype' doesn't exist
 [ SQL语句 ] : SHOW COLUMNS FROM `kr_producttype`
SQL: SELECT * FROM `kr_producttype`  [ RunTime:0.001000s ]
ERR: 1146:Table 'kangrui.kr_producttype' doesn't exist
 [ SQL语句 ] : SELECT * FROM `kr_producttype` 
SQL: SHOW COLUMNS FROM `kr_news` [ RunTime:0.003000s ]
NOTIC: [8] Undefined variable: map D:\phpStudy\WWW\Application\Home\Controller\NewsController.class.php 第 12 行.
SQL: SELECT COUNT(*) AS tp_count FROM `kr_news` LIMIT 1   [ RunTime:0.000000s ]
NOTIC: [8] Undefined variable: map D:\phpStudy\WWW\Application\Home\Controller\NewsController.class.php 第 18 行.
SQL: SELECT * FROM `kr_news` ORDER BY sort desc,id desc LIMIT 0,10   [ RunTime:0.001000s ]
NOTIC: [8] Undefined variable: type D:\phpStudy\WWW\Application\Home\Controller\NewsController.class.php 第 21 行.
INFO: [ view_parse ] --START--
INFO: [ template_filter ] --START--
INFO: Run Behavior\ContentReplace [ RunTime:0.000000s ]
INFO: [ template_filter ] --END-- [ RunTime:0.000000s ]
NOTIC: [8] Undefined variable: key D:\phpStudy\WWW\Application\Runtime\Cache\Home\3e24b471de08a8366f7660bb176a5e74.php 第 66 行.
INFO: Run Behavior\ParseTemplate [ RunTime:0.009001s ]
INFO: [ view_parse ] --END-- [ RunTime:0.009001s ]
INFO: [ view_filter ] --START--
INFO: Run Behavior\WriteHtmlCache [ RunTime:0.000000s ]
INFO: [ view_filter ] --END-- [ RunTime:0.001000s ]
INFO: [ app_end ] --START--
INFO: Run Behavior\ShowPageTrace [ RunTime:0.000000s ]
INFO: [ app_end ] --END-- [ RunTime:0.000000s ]

[ 2017-07-10T21:37:02+08:00 ] ::1 /news/index.html
INFO: [ app_begin ] --START--
INFO: Run Behavior\ReadHtmlCache [ RunTime:0.000000s ]
INFO: [ app_begin ] --END-- [ RunTime:0.001000s ]
NOTIC: [2048] Declaration of Home\Controller\NewsController::show() should be compatible with Think\Controller::show($content, $charset = '', $contentType = '', $prefix = '') D:\phpStudy\WWW\Application\Home\Controller\NewsController.class.php 第 7 行.
SQL: SHOW COLUMNS FROM `kr_producttype` [ RunTime:0.004000s ]
ERR: 1146:Table 'kangrui.kr_producttype' doesn't exist
 [ SQL语句 ] : SHOW COLUMNS FROM `kr_producttype`
SQL: SELECT * FROM `kr_producttype`  [ RunTime:0.000000s ]
ERR: 1146:Table 'kangrui.kr_producttype' doesn't exist
 [ SQL语句 ] : SELECT * FROM `kr_producttype` 
SQL: SHOW COLUMNS FROM `kr_news` [ RunTime:0.005000s ]
NOTIC: [8] Undefined variable: map D:\phpStudy\WWW\Application\Home\Controller\NewsController.class.php 第 12 行.
SQL: SELECT COUNT(*) AS tp_count FROM `kr_news` LIMIT 1   [ RunTime:0.001000s ]
NOTIC: [8] Undefined variable: map D:\phpStudy\WWW\Application\Home\Controller\NewsController.class.php 第 18 行.
SQL: SELECT * FROM `kr_news` ORDER BY sort desc,id desc LIMIT 0,10   [ RunTime:0.001001s ]
NOTIC: [8] Undefined variable: type D:\phpStudy\WWW\Application\Home\Controller\NewsController.class.php 第 21 行.
INFO: [ view_parse ] --START--
INFO: [ template_filter ] --START--
INFO: Run Behavior\ContentReplace [ RunTime:0.000000s ]
INFO: [ template_filter ] --END-- [ RunTime:0.000000s ]
NOTIC: [8] Undefined variable: key D:\phpStudy\WWW\Application\Runtime\Cache\Home\3e24b471de08a8366f7660bb176a5e74.php 第 66 行.
INFO: Run Behavior\ParseTemplate [ RunTime:0.013000s ]
INFO: [ view_parse ] --END-- [ RunTime:0.013000s ]
INFO: [ view_filter ] --START--
INFO: Run Behavior\WriteHtmlCache [ RunTime:0.000000s ]
INFO: [ view_filter ] --END-- [ RunTime:0.000000s ]
INFO: [ app_end ] --START--
INFO: Run Behavior\ShowPageTrace [ RunTime:0.001000s ]
INFO: [ app_end ] --END-- [ RunTime:0.001000s ]

[ 2017-07-10T21:37:08+08:00 ] ::1 /service/hotline.html
INFO: [ app_begin ] --START--
INFO: Run Behavior\ReadHtmlCache [ RunTime:0.001000s ]
INFO: [ app_begin ] --END-- [ RunTime:0.001000s ]
SQL: SHOW COLUMNS FROM `kr_producttype` [ RunTime:0.003000s ]
ERR: 1146:Table 'kangrui.kr_producttype' doesn't exist
 [ SQL语句 ] : SHOW COLUMNS FROM `kr_producttype`
SQL: SELECT * FROM `kr_producttype`  [ RunTime:0.000000s ]
ERR: 1146:Table 'kangrui.kr_producttype' doesn't exist
 [ SQL语句 ] : SELECT * FROM `kr_producttype` 
SQL: SHOW COLUMNS FROM `kr_show` [ RunTime:0.003000s ]
SQL: SELECT * FROM `kr_show` WHERE ( `id` = '5' ) LIMIT 1   [ RunTime:0.001000s ]
INFO: [ view_parse ] --START--
INFO: [ template_filter ] --START--
INFO: Run Behavior\ContentReplace [ RunTime:0.000000s ]
INFO: [ template_filter ] --END-- [ RunTime:0.000000s ]
NOTIC: [8] Undefined variable: key D:\phpStudy\WWW\Application\Runtime\Cache\Home\ac869b2c09e3142364869131dd23d7af.php 第 66 行.
INFO: Run Behavior\ParseTemplate [ RunTime:0.009001s ]
INFO: [ view_parse ] --END-- [ RunTime:0.009001s ]
INFO: [ view_filter ] --START--
INFO: Run Behavior\WriteHtmlCache [ RunTime:0.000000s ]
INFO: [ view_filter ] --END-- [ RunTime:0.000000s ]
INFO: [ app_end ] --START--
INFO: Run Behavior\ShowPageTrace [ RunTime:0.001000s ]
INFO: [ app_end ] --END-- [ RunTime:0.001000s ]

[ 2017-07-10T21:37:09+08:00 ] ::1 /service/feedback.html
INFO: [ app_begin ] --START--
INFO: Run Behavior\ReadHtmlCache [ RunTime:0.001000s ]
INFO: [ app_begin ] --END-- [ RunTime:0.001000s ]
SQL: SHOW COLUMNS FROM `kr_producttype` [ RunTime:0.003000s ]
ERR: 1146:Table 'kangrui.kr_producttype' doesn't exist
 [ SQL语句 ] : SHOW COLUMNS FROM `kr_producttype`
SQL: SELECT * FROM `kr_producttype`  [ RunTime:0.000000s ]
ERR: 1146:Table 'kangrui.kr_producttype' doesn't exist
 [ SQL语句 ] : SELECT * FROM `kr_producttype` 
INFO: [ view_parse ] --START--
INFO: [ template_filter ] --START--
INFO: Run Behavior\ContentReplace [ RunTime:0.000000s ]
INFO: [ template_filter ] --END-- [ RunTime:0.000000s ]
NOTIC: [8] Undefined variable: key D:\phpStudy\WWW\Application\Runtime\Cache\Home\ed48d413b51d950dabca09e158457dd1.php 第 66 行.
INFO: Run Behavior\ParseTemplate [ RunTime:0.010000s ]
INFO: [ view_parse ] --END-- [ RunTime:0.010000s ]
INFO: [ view_filter ] --START--
INFO: Run Behavior\WriteHtmlCache [ RunTime:0.000000s ]
INFO: [ view_filter ] --END-- [ RunTime:0.000000s ]
INFO: [ app_end ] --START--
INFO: Run Behavior\ShowPageTrace [ RunTime:0.001000s ]
INFO: [ app_end ] --END-- [ RunTime:0.001000s ]

[ 2017-07-10T21:37:11+08:00 ] ::1 /healthy/index.html
INFO: [ app_begin ] --START--
INFO: Run Behavior\ReadHtmlCache [ RunTime:0.001000s ]
INFO: [ app_begin ] --END-- [ RunTime:0.001000s ]
NOTIC: [2048] Declaration of Home\Controller\HealthyController::show() should be compatible with Think\Controller::show($content, $charset = '', $contentType = '', $prefix = '') D:\phpStudy\WWW\Application\Home\Controller\HealthyController.class.php 第 7 行.
SQL: SHOW COLUMNS FROM `kr_producttype` [ RunTime:0.003001s ]
ERR: 1146:Table 'kangrui.kr_producttype' doesn't exist
 [ SQL语句 ] : SHOW COLUMNS FROM `kr_producttype`
SQL: SELECT * FROM `kr_producttype`  [ RunTime:0.000000s ]
ERR: 1146:Table 'kangrui.kr_producttype' doesn't exist
 [ SQL语句 ] : SELECT * FROM `kr_producttype` 
SQL: SHOW COLUMNS FROM `kr_healthy` [ RunTime:0.003000s ]
NOTIC: [8] Undefined variable: map D:\phpStudy\WWW\Application\Home\Controller\HealthyController.class.php 第 21 行.
SQL: SELECT COUNT(*) AS tp_count FROM `kr_healthy` LIMIT 1   [ RunTime:0.001000s ]
NOTIC: [8] Undefined variable: map D:\phpStudy\WWW\Application\Home\Controller\HealthyController.class.php 第 27 行.
SQL: SELECT * FROM `kr_healthy` ORDER BY sort desc,id desc LIMIT 0,10   [ RunTime:0.000000s ]
INFO: [ view_parse ] --START--
INFO: [ template_filter ] --START--
INFO: Run Behavior\ContentReplace [ RunTime:0.000000s ]
INFO: [ template_filter ] --END-- [ RunTime:0.000000s ]
NOTIC: [8] Undefined variable: key D:\phpStudy\WWW\Application\Runtime\Cache\Home\2b5e84397868b3a7792c262017cc168e.php 第 66 行.
NOTIC: [8] Undefined variable: type D:\phpStudy\WWW\Application\Runtime\Cache\Home\2b5e84397868b3a7792c262017cc168e.php 第 84 行.
NOTIC: [8] Undefined variable: type D:\phpStudy\WWW\Application\Runtime\Cache\Home\2b5e84397868b3a7792c262017cc168e.php 第 85 行.
NOTIC: [8] Undefined variable: type D:\phpStudy\WWW\Application\Runtime\Cache\Home\2b5e84397868b3a7792c262017cc168e.php 第 93 行.
NOTIC: [8] Undefined variable: type D:\phpStudy\WWW\Application\Runtime\Cache\Home\2b5e84397868b3a7792c262017cc168e.php 第 94 行.
INFO: Run Behavior\ParseTemplate [ RunTime:0.009000s ]
INFO: [ view_parse ] --END-- [ RunTime:0.009000s ]
INFO: [ view_filter ] --START--
INFO: Run Behavior\WriteHtmlCache [ RunTime:0.001000s ]
INFO: [ view_filter ] --END-- [ RunTime:0.001000s ]
INFO: [ app_end ] --START--
INFO: Run Behavior\ShowPageTrace [ RunTime:0.001000s ]
INFO: [ app_end ] --END-- [ RunTime:0.001000s ]

[ 2017-07-10T21:37:13+08:00 ] ::1 /news/index.html
INFO: [ app_begin ] --START--
INFO: Run Behavior\ReadHtmlCache [ RunTime:0.000000s ]
INFO: [ app_begin ] --END-- [ RunTime:0.000000s ]
NOTIC: [2048] Declaration of Home\Controller\NewsController::show() should be compatible with Think\Controller::show($content, $charset = '', $contentType = '', $prefix = '') D:\phpStudy\WWW\Application\Home\Controller\NewsController.class.php 第 7 行.
SQL: SHOW COLUMNS FROM `kr_producttype` [ RunTime:0.003000s ]
ERR: 1146:Table 'kangrui.kr_producttype' doesn't exist
 [ SQL语句 ] : SHOW COLUMNS FROM `kr_producttype`
SQL: SELECT * FROM `kr_producttype`  [ RunTime:0.000000s ]
ERR: 1146:Table 'kangrui.kr_producttype' doesn't exist
 [ SQL语句 ] : SELECT * FROM `kr_producttype` 
SQL: SHOW COLUMNS FROM `kr_news` [ RunTime:0.004001s ]
NOTIC: [8] Undefined variable: map D:\phpStudy\WWW\Application\Home\Controller\NewsController.class.php 第 12 行.
SQL: SELECT COUNT(*) AS tp_count FROM `kr_news` LIMIT 1   [ RunTime:0.000000s ]
NOTIC: [8] Undefined variable: map D:\phpStudy\WWW\Application\Home\Controller\NewsController.class.php 第 18 行.
SQL: SELECT * FROM `kr_news` ORDER BY sort desc,id desc LIMIT 0,10   [ RunTime:0.001000s ]
NOTIC: [8] Undefined variable: type D:\phpStudy\WWW\Application\Home\Controller\NewsController.class.php 第 21 行.
INFO: [ view_parse ] --START--
INFO: [ template_filter ] --START--
INFO: Run Behavior\ContentReplace [ RunTime:0.000000s ]
INFO: [ template_filter ] --END-- [ RunTime:0.000000s ]
NOTIC: [8] Undefined variable: key D:\phpStudy\WWW\Application\Runtime\Cache\Home\3e24b471de08a8366f7660bb176a5e74.php 第 66 行.
INFO: Run Behavior\ParseTemplate [ RunTime:0.009000s ]
INFO: [ view_parse ] --END-- [ RunTime:0.009000s ]
INFO: [ view_filter ] --START--
INFO: Run Behavior\WriteHtmlCache [ RunTime:0.000000s ]
INFO: [ view_filter ] --END-- [ RunTime:0.000000s ]
INFO: [ app_end ] --START--
INFO: Run Behavior\ShowPageTrace [ RunTime:0.000000s ]
INFO: [ app_end ] --END-- [ RunTime:0.000000s ]

[ 2017-07-10T21:37:14+08:00 ] ::1 /joinus/index.html
INFO: [ app_begin ] --START--
INFO: Run Behavior\ReadHtmlCache [ RunTime:0.000000s ]
INFO: [ app_begin ] --END-- [ RunTime:0.001000s ]
SQL: SHOW COLUMNS FROM `kr_producttype` [ RunTime:0.003000s ]
ERR: 1146:Table 'kangrui.kr_producttype' doesn't exist
 [ SQL语句 ] : SHOW COLUMNS FROM `kr_producttype`
SQL: SELECT * FROM `kr_producttype`  [ RunTime:0.001001s ]
ERR: 1146:Table 'kangrui.kr_producttype' doesn't exist
 [ SQL语句 ] : SELECT * FROM `kr_producttype` 
SQL: SHOW COLUMNS FROM `kr_joinus` [ RunTime:0.002000s ]
NOTIC: [8] Undefined variable: map D:\phpStudy\WWW\Application\Home\Controller\JoinusController.class.php 第 12 行.
SQL: SELECT COUNT(*) AS tp_count FROM `kr_joinus` LIMIT 1   [ RunTime:0.000000s ]
NOTIC: [8] Undefined variable: map D:\phpStudy\WWW\Application\Home\Controller\JoinusController.class.php 第 18 行.
SQL: SELECT * FROM `kr_joinus` ORDER BY sort desc,id desc LIMIT 0,10   [ RunTime:0.001000s ]
NOTIC: [8] Undefined variable: type D:\phpStudy\WWW\Application\Home\Controller\JoinusController.class.php 第 21 行.
INFO: [ view_parse ] --START--
INFO: [ template_filter ] --START--
INFO: Run Behavior\ContentReplace [ RunTime:0.000000s ]
INFO: [ template_filter ] --END-- [ RunTime:0.000000s ]
NOTIC: [8] Undefined variable: key D:\phpStudy\WWW\Application\Runtime\Cache\Home\584c5f20f640ec0d5397e6cb38f7165d.php 第 66 行.
INFO: Run Behavior\ParseTemplate [ RunTime:0.009000s ]
INFO: [ view_parse ] --END-- [ RunTime:0.009000s ]
INFO: [ view_filter ] --START--
INFO: Run Behavior\WriteHtmlCache [ RunTime:0.000000s ]
INFO: [ view_filter ] --END-- [ RunTime:0.000000s ]
INFO: [ app_end ] --START--
INFO: Run Behavior\ShowPageTrace [ RunTime:0.000000s ]
INFO: [ app_end ] --END-- [ RunTime:0.000000s ]

[ 2017-07-10T21:37:15+08:00 ] ::1 /contactus/index.html
INFO: [ app_begin ] --START--
INFO: Run Behavior\ReadHtmlCache [ RunTime:0.000000s ]
INFO: [ app_begin ] --END-- [ RunTime:0.001000s ]
SQL: SHOW COLUMNS FROM `kr_producttype` [ RunTime:0.004000s ]
ERR: 1146:Table 'kangrui.kr_producttype' doesn't exist
 [ SQL语句 ] : SHOW COLUMNS FROM `kr_producttype`
SQL: SELECT * FROM `kr_producttype`  [ RunTime:0.000000s ]
ERR: 1146:Table 'kangrui.kr_producttype' doesn't exist
 [ SQL语句 ] : SELECT * FROM `kr_producttype` 
SQL: SHOW COLUMNS FROM `kr_show` [ RunTime:0.004000s ]
SQL: SELECT * FROM `kr_show` WHERE ( `id` = '6' ) LIMIT 1   [ RunTime:0.000000s ]
INFO: [ view_parse ] --START--
INFO: [ template_filter ] --START--
INFO: Run Behavior\ContentReplace [ RunTime:0.001000s ]
INFO: [ template_filter ] --END-- [ RunTime:0.001000s ]
NOTIC: [8] Undefined variable: key D:\phpStudy\WWW\Application\Runtime\Cache\Home\4f44d0784327813e92b82063cfcc6426.php 第 66 行.
INFO: Run Behavior\ParseTemplate [ RunTime:0.008001s ]
INFO: [ view_parse ] --END-- [ RunTime:0.008001s ]
INFO: [ view_filter ] --START--
INFO: Run Behavior\WriteHtmlCache [ RunTime:0.000000s ]
INFO: [ view_filter ] --END-- [ RunTime:0.000000s ]
INFO: [ app_end ] --START--
INFO: Run Behavior\ShowPageTrace [ RunTime:0.001000s ]
INFO: [ app_end ] --END-- [ RunTime:0.001000s ]

[ 2017-07-10T21:37:16+08:00 ] ::1 /news/index.html
INFO: [ app_begin ] --START--
INFO: Run Behavior\ReadHtmlCache [ RunTime:0.001000s ]
INFO: [ app_begin ] --END-- [ RunTime:0.001000s ]
NOTIC: [2048] Declaration of Home\Controller\NewsController::show() should be compatible with Think\Controller::show($content, $charset = '', $contentType = '', $prefix = '') D:\phpStudy\WWW\Application\Home\Controller\NewsController.class.php 第 7 行.
SQL: SHOW COLUMNS FROM `kr_producttype` [ RunTime:0.004001s ]
ERR: 1146:Table 'kangrui.kr_producttype' doesn't exist
 [ SQL语句 ] : SHOW COLUMNS FROM `kr_producttype`
SQL: SELECT * FROM `kr_producttype`  [ RunTime:0.000000s ]
ERR: 1146:Table 'kangrui.kr_producttype' doesn't exist
 [ SQL语句 ] : SELECT * FROM `kr_producttype` 
SQL: SHOW COLUMNS FROM `kr_news` [ RunTime:0.003000s ]
NOTIC: [8] Undefined variable: map D:\phpStudy\WWW\Application\Home\Controller\NewsController.class.php 第 12 行.
SQL: SELECT COUNT(*) AS tp_count FROM `kr_news` LIMIT 1   [ RunTime:0.000000s ]
NOTIC: [8] Undefined variable: map D:\phpStudy\WWW\Application\Home\Controller\NewsController.class.php 第 18 行.
SQL: SELECT * FROM `kr_news` ORDER BY sort desc,id desc LIMIT 0,10   [ RunTime:0.001000s ]
NOTIC: [8] Undefined variable: type D:\phpStudy\WWW\Application\Home\Controller\NewsController.class.php 第 21 行.
INFO: [ view_parse ] --START--
INFO: [ template_filter ] --START--
INFO: Run Behavior\ContentReplace [ RunTime:0.000000s ]
INFO: [ template_filter ] --END-- [ RunTime:0.000000s ]
NOTIC: [8] Undefined variable: key D:\phpStudy\WWW\Application\Runtime\Cache\Home\3e24b471de08a8366f7660bb176a5e74.php 第 66 行.
INFO: Run Behavior\ParseTemplate [ RunTime:0.009000s ]
INFO: [ view_parse ] --END-- [ RunTime:0.009000s ]
INFO: [ view_filter ] --START--
INFO: Run Behavior\WriteHtmlCache [ RunTime:0.000000s ]
INFO: [ view_filter ] --END-- [ RunTime:0.000000s ]
INFO: [ app_end ] --START--
INFO: Run Behavior\ShowPageTrace [ RunTime:0.001000s ]
INFO: [ app_end ] --END-- [ RunTime:0.001000s ]

[ 2017-07-10T21:37:17+08:00 ] ::1 /joinus/index.html
INFO: [ app_begin ] --START--
INFO: Run Behavior\ReadHtmlCache [ RunTime:0.001000s ]
INFO: [ app_begin ] --END-- [ RunTime:0.001000s ]
SQL: SHOW COLUMNS FROM `kr_producttype` [ RunTime:0.004000s ]
ERR: 1146:Table 'kangrui.kr_producttype' doesn't exist
 [ SQL语句 ] : SHOW COLUMNS FROM `kr_producttype`
SQL: SELECT * FROM `kr_producttype`  [ RunTime:0.001000s ]
ERR: 1146:Table 'kangrui.kr_producttype' doesn't exist
 [ SQL语句 ] : SELECT * FROM `kr_producttype` 
SQL: SHOW COLUMNS FROM `kr_joinus` [ RunTime:0.004000s ]
NOTIC: [8] Undefined variable: map D:\phpStudy\WWW\Application\Home\Controller\JoinusController.class.php 第 12 行.
SQL: SELECT COUNT(*) AS tp_count FROM `kr_joinus` LIMIT 1   [ RunTime:0.000000s ]
NOTIC: [8] Undefined variable: map D:\phpStudy\WWW\Application\Home\Controller\JoinusController.class.php 第 18 行.
SQL: SELECT * FROM `kr_joinus` ORDER BY sort desc,id desc LIMIT 0,10   [ RunTime:0.000000s ]
NOTIC: [8] Undefined variable: type D:\phpStudy\WWW\Application\Home\Controller\JoinusController.class.php 第 21 行.
INFO: [ view_parse ] --START--
INFO: [ template_filter ] --START--
INFO: Run Behavior\ContentReplace [ RunTime:0.000000s ]
INFO: [ template_filter ] --END-- [ RunTime:0.000000s ]
NOTIC: [8] Undefined variable: key D:\phpStudy\WWW\Application\Runtime\Cache\Home\584c5f20f640ec0d5397e6cb38f7165d.php 第 66 行.
INFO: Run Behavior\ParseTemplate [ RunTime:0.008000s ]
INFO: [ view_parse ] --END-- [ RunTime:0.008000s ]
INFO: [ view_filter ] --START--
INFO: Run Behavior\WriteHtmlCache [ RunTime:0.000000s ]
INFO: [ view_filter ] --END-- [ RunTime:0.000000s ]
INFO: [ app_end ] --START--
INFO: Run Behavior\ShowPageTrace [ RunTime:0.001000s ]
INFO: [ app_end ] --END-- [ RunTime:0.001000s ]

[ 2017-07-10T21:37:17+08:00 ] ::1 /contactus/index.html
INFO: [ app_begin ] --START--
INFO: Run Behavior\ReadHtmlCache [ RunTime:0.001000s ]
INFO: [ app_begin ] --END-- [ RunTime:0.001000s ]
SQL: SHOW COLUMNS FROM `kr_producttype` [ RunTime:0.003000s ]
ERR: 1146:Table 'kangrui.kr_producttype' doesn't exist
 [ SQL语句 ] : SHOW COLUMNS FROM `kr_producttype`
SQL: SELECT * FROM `kr_producttype`  [ RunTime:0.000000s ]
ERR: 1146:Table 'kangrui.kr_producttype' doesn't exist
 [ SQL语句 ] : SELECT * FROM `kr_producttype` 
SQL: SHOW COLUMNS FROM `kr_show` [ RunTime:0.003001s ]
SQL: SELECT * FROM `kr_show` WHERE ( `id` = '6' ) LIMIT 1   [ RunTime:0.000000s ]
INFO: [ view_parse ] --START--
INFO: [ template_filter ] --START--
INFO: Run Behavior\ContentReplace [ RunTime:0.000000s ]
INFO: [ template_filter ] --END-- [ RunTime:0.001000s ]
NOTIC: [8] Undefined variable: key D:\phpStudy\WWW\Application\Runtime\Cache\Home\4f44d0784327813e92b82063cfcc6426.php 第 66 行.
INFO: Run Behavior\ParseTemplate [ RunTime:0.009000s ]
INFO: [ view_parse ] --END-- [ RunTime:0.009000s ]
INFO: [ view_filter ] --START--
INFO: Run Behavior\WriteHtmlCache [ RunTime:0.000000s ]
INFO: [ view_filter ] --END-- [ RunTime:0.000000s ]
INFO: [ app_end ] --START--
INFO: Run Behavior\ShowPageTrace [ RunTime:0.001000s ]
INFO: [ app_end ] --END-- [ RunTime:0.001000s ]

[ 2017-07-10T21:39:58+08:00 ] ::1 /contactus/index.html
INFO: [ app_begin ] --START--
INFO: Run Behavior\ReadHtmlCache [ RunTime:0.001000s ]
INFO: [ app_begin ] --END-- [ RunTime:0.002000s ]
SQL: SHOW COLUMNS FROM `kr_producttype` [ RunTime:0.003000s ]
ERR: 1146:Table 'kangrui.kr_producttype' doesn't exist
 [ SQL语句 ] : SHOW COLUMNS FROM `kr_producttype`
SQL: SELECT * FROM `kr_producttype`  [ RunTime:0.001000s ]
ERR: 1146:Table 'kangrui.kr_producttype' doesn't exist
 [ SQL语句 ] : SELECT * FROM `kr_producttype` 
SQL: SHOW COLUMNS FROM `kr_show` [ RunTime:0.003000s ]
SQL: SELECT * FROM `kr_show` WHERE ( `id` = '6' ) LIMIT 1   [ RunTime:0.000000s ]
INFO: [ view_parse ] --START--
INFO: [ template_filter ] --START--
INFO: Run Behavior\ContentReplace [ RunTime:0.000000s ]
INFO: [ template_filter ] --END-- [ RunTime:0.000000s ]
NOTIC: [8] Undefined variable: key D:\phpStudy\WWW\Application\Runtime\Cache\Home\4f44d0784327813e92b82063cfcc6426.php 第 66 行.
INFO: Run Behavior\ParseTemplate [ RunTime:0.008001s ]
INFO: [ view_parse ] --END-- [ RunTime:0.008001s ]
INFO: [ view_filter ] --START--
INFO: Run Behavior\WriteHtmlCache [ RunTime:0.001000s ]
INFO: [ view_filter ] --END-- [ RunTime:0.001000s ]
INFO: [ app_end ] --START--
INFO: Run Behavior\ShowPageTrace [ RunTime:0.001000s ]
INFO: [ app_end ] --END-- [ RunTime:0.001000s ]

[ 2017-07-10T21:55:30+08:00 ] ::1 /
INFO: [ app_begin ] --START--
INFO: Run Behavior\ReadHtmlCache [ RunTime:0.001000s ]
INFO: [ app_begin ] --END-- [ RunTime:0.001000s ]
SQL: SHOW COLUMNS FROM `kr_producttype` [ RunTime:0.005001s ]
ERR: 1146:Table 'kangrui.kr_producttype' doesn't exist
 [ SQL语句 ] : SHOW COLUMNS FROM `kr_producttype`
SQL: SELECT * FROM `kr_producttype`  [ RunTime:0.000000s ]
ERR: 1146:Table 'kangrui.kr_producttype' doesn't exist
 [ SQL语句 ] : SELECT * FROM `kr_producttype` 
SQL: SHOW COLUMNS FROM `kr_healthy` [ RunTime:0.005000s ]
SQL: SELECT * FROM `kr_healthy` ORDER BY sort desc,id desc LIMIT 0,8   [ RunTime:0.000000s ]
SQL: SHOW COLUMNS FROM `kr_news` [ RunTime:0.005000s ]
SQL: SELECT * FROM `kr_news` ORDER BY sort desc,id desc LIMIT 0,6   [ RunTime:0.000000s ]
INFO: [ view_parse ] --START--
INFO: [ template_filter ] --START--
INFO: Run Behavior\ContentReplace [ RunTime:0.000000s ]
INFO: [ template_filter ] --END-- [ RunTime:0.000000s ]
NOTIC: [8] Undefined variable: key D:\phpStudy\WWW\Application\Runtime\Cache\Home\2a94b8bda04ff446dcedd42276fc99ee.php 第 66 行.
INFO: Run Behavior\ParseTemplate [ RunTime:0.015001s ]
INFO: [ view_parse ] --END-- [ RunTime:0.016001s ]
INFO: [ view_filter ] --START--
INFO: Run Behavior\WriteHtmlCache [ RunTime:0.001000s ]
INFO: [ view_filter ] --END-- [ RunTime:0.001000s ]
INFO: [ app_end ] --START--
INFO: Run Behavior\ShowPageTrace [ RunTime:0.001000s ]
INFO: [ app_end ] --END-- [ RunTime:0.001000s ]

