[ 2017-08-19T00:06:42+08:00 ] ::1 /channel/show/id/58.html
INFO: [ app_begin ] --START--
INFO: Run Behavior\ReadHtmlCache [ RunTime:0.001000s ]
INFO: [ app_begin ] --END-- [ RunTime:0.001000s ]
ERR: 无法加载控制器:Channel

[ 2017-08-19T00:06:43+08:00 ] 127.0.0.1 /
INFO: [ app_begin ] --START--
INFO: Run Behavior\ReadHtmlCache [ RunTime:0.001000s ]
INFO: [ app_begin ] --END-- [ RunTime:0.002001s ]
SQL: SHOW COLUMNS FROM `jqg_furnituretype` [ RunTime:0.009001s ]
SQL: SELECT * FROM `jqg_furnituretype` ORDER BY sort desc,id asc  [ RunTime:0.001000s ]
SQL: SHOW COLUMNS FROM `jqg_show` [ RunTime:0.005000s ]
SQL: SELECT * FROM `jqg_show` WHERE ( type=2 )  [ RunTime:0.001000s ]
SQL: SHOW COLUMNS FROM `jqg_storytype` [ RunTime:0.004000s ]
SQL: SELECT * FROM `jqg_storytype` ORDER BY sort desc,id asc LIMIT 0,5   [ RunTime:0.001001s ]
SQL: SHOW COLUMNS FROM `jqg_interlocution` [ RunTime:0.005000s ]
SQL: SELECT * FROM `jqg_interlocution` WHERE ( type=1 ) ORDER BY sort desc,id desc LIMIT 0,6   [ RunTime:0.002000s ]
SQL: SELECT * FROM `jqg_interlocution` WHERE ( type=2 ) ORDER BY sort desc,id desc LIMIT 0,6   [ RunTime:0.001000s ]
SQL: SELECT * FROM `jqg_interlocution` WHERE ( type=3 ) ORDER BY sort desc,id desc LIMIT 0,6   [ RunTime:0.000000s ]
SQL: SELECT * FROM `jqg_interlocution` WHERE ( type=4 ) ORDER BY sort desc,id desc LIMIT 0,6   [ RunTime:0.001000s ]
SQL: SHOW COLUMNS FROM `jqg_story` [ RunTime:0.005000s ]
SQL: SELECT * FROM `jqg_story` WHERE ( type=1 ) ORDER BY sort desc,id desc LIMIT 0,4   [ RunTime:0.000000s ]
SQL: SHOW COLUMNS FROM `jqg_news` [ RunTime:0.004001s ]
SQL: SELECT * FROM `jqg_news` WHERE ( type=1 ) ORDER BY sort desc,id desc LIMIT 0,7   [ RunTime:0.002000s ]
SQL: SELECT * FROM `jqg_news` WHERE ( type=2 ) ORDER BY sort desc,id desc LIMIT 0,7   [ RunTime:0.000000s ]
INFO: [ view_parse ] --START--
INFO: [ template_filter ] --START--
INFO: Run Behavior\ContentReplace [ RunTime:0.000000s ]
INFO: [ template_filter ] --END-- [ RunTime:0.000000s ]
NOTIC: [8] Use of undefined constant id - assumed 'id' D:\phpStudy\WWW\Application\Runtime\Cache\Home\2a94b8bda04ff446dcedd42276fc99ee.php 第 267 行.
NOTIC: [8] Use of undefined constant id - assumed 'id' D:\phpStudy\WWW\Application\Runtime\Cache\Home\2a94b8bda04ff446dcedd42276fc99ee.php 第 267 行.
NOTIC: [8] Use of undefined constant id - assumed 'id' D:\phpStudy\WWW\Application\Runtime\Cache\Home\2a94b8bda04ff446dcedd42276fc99ee.php 第 267 行.
NOTIC: [8] Use of undefined constant id - assumed 'id' D:\phpStudy\WWW\Application\Runtime\Cache\Home\2a94b8bda04ff446dcedd42276fc99ee.php 第 267 行.
NOTIC: [8] Use of undefined constant id - assumed 'id' D:\phpStudy\WWW\Application\Runtime\Cache\Home\2a94b8bda04ff446dcedd42276fc99ee.php 第 267 行.
INFO: Run Behavior\ParseTemplate [ RunTime:0.019001s ]
INFO: [ view_parse ] --END-- [ RunTime:0.019001s ]
INFO: [ view_filter ] --START--
INFO: Run Behavior\WriteHtmlCache [ RunTime:0.000000s ]
INFO: [ view_filter ] --END-- [ RunTime:0.000000s ]
INFO: [ app_end ] --START--
INFO: Run Behavior\ShowPageTrace [ RunTime:0.001000s ]
INFO: [ app_end ] --END-- [ RunTime:0.001000s ]

[ 2017-08-19T00:06:45+08:00 ] ::1 /
INFO: [ app_begin ] --START--
INFO: Run Behavior\ReadHtmlCache [ RunTime:0.001000s ]
INFO: [ app_begin ] --END-- [ RunTime:0.002000s ]
SQL: SHOW COLUMNS FROM `jqg_furnituretype` [ RunTime:0.004001s ]
SQL: SELECT * FROM `jqg_furnituretype` ORDER BY sort desc,id asc  [ RunTime:0.000000s ]
SQL: SHOW COLUMNS FROM `jqg_show` [ RunTime:0.005000s ]
SQL: SELECT * FROM `jqg_show` WHERE ( type=2 )  [ RunTime:0.000000s ]
SQL: SHOW COLUMNS FROM `jqg_storytype` [ RunTime:0.005000s ]
SQL: SELECT * FROM `jqg_storytype` ORDER BY sort desc,id asc LIMIT 0,5   [ RunTime:0.000000s ]
SQL: SHOW COLUMNS FROM `jqg_interlocution` [ RunTime:0.005001s ]
SQL: SELECT * FROM `jqg_interlocution` WHERE ( type=1 ) ORDER BY sort desc,id desc LIMIT 0,6   [ RunTime:0.000000s ]
SQL: SELECT * FROM `jqg_interlocution` WHERE ( type=2 ) ORDER BY sort desc,id desc LIMIT 0,6   [ RunTime:0.000000s ]
SQL: SELECT * FROM `jqg_interlocution` WHERE ( type=3 ) ORDER BY sort desc,id desc LIMIT 0,6   [ RunTime:0.001000s ]
SQL: SELECT * FROM `jqg_interlocution` WHERE ( type=4 ) ORDER BY sort desc,id desc LIMIT 0,6   [ RunTime:0.001000s ]
SQL: SHOW COLUMNS FROM `jqg_story` [ RunTime:0.005000s ]
SQL: SELECT * FROM `jqg_story` WHERE ( type=1 ) ORDER BY sort desc,id desc LIMIT 0,4   [ RunTime:0.000000s ]
SQL: SHOW COLUMNS FROM `jqg_news` [ RunTime:0.005000s ]
SQL: SELECT * FROM `jqg_news` WHERE ( type=1 ) ORDER BY sort desc,id desc LIMIT 0,7   [ RunTime:0.001000s ]
SQL: SELECT * FROM `jqg_news` WHERE ( type=2 ) ORDER BY sort desc,id desc LIMIT 0,7   [ RunTime:0.001000s ]
INFO: [ view_parse ] --START--
INFO: [ template_filter ] --START--
INFO: Run Behavior\ContentReplace [ RunTime:0.000000s ]
INFO: [ template_filter ] --END-- [ RunTime:0.000000s ]
NOTIC: [8] Use of undefined constant id - assumed 'id' D:\phpStudy\WWW\Application\Runtime\Cache\Home\2a94b8bda04ff446dcedd42276fc99ee.php 第 267 行.
NOTIC: [8] Use of undefined constant id - assumed 'id' D:\phpStudy\WWW\Application\Runtime\Cache\Home\2a94b8bda04ff446dcedd42276fc99ee.php 第 267 行.
NOTIC: [8] Use of undefined constant id - assumed 'id' D:\phpStudy\WWW\Application\Runtime\Cache\Home\2a94b8bda04ff446dcedd42276fc99ee.php 第 267 行.
NOTIC: [8] Use of undefined constant id - assumed 'id' D:\phpStudy\WWW\Application\Runtime\Cache\Home\2a94b8bda04ff446dcedd42276fc99ee.php 第 267 行.
NOTIC: [8] Use of undefined constant id - assumed 'id' D:\phpStudy\WWW\Application\Runtime\Cache\Home\2a94b8bda04ff446dcedd42276fc99ee.php 第 267 行.
INFO: Run Behavior\ParseTemplate [ RunTime:0.026002s ]
INFO: [ view_parse ] --END-- [ RunTime:0.026002s ]
INFO: [ view_filter ] --START--
INFO: Run Behavior\WriteHtmlCache [ RunTime:0.000000s ]
INFO: [ view_filter ] --END-- [ RunTime:0.000000s ]
INFO: [ app_end ] --START--
INFO: Run Behavior\ShowPageTrace [ RunTime:0.000000s ]
INFO: [ app_end ] --END-- [ RunTime:0.000000s ]

[ 2017-08-19T00:06:54+08:00 ] ::1 /furniture/index.html
INFO: [ app_begin ] --START--
INFO: Run Behavior\ReadHtmlCache [ RunTime:0.001000s ]
INFO: [ app_begin ] --END-- [ RunTime:0.002000s ]
NOTIC: [2048] Declaration of Home\Controller\FurnitureController::show() should be compatible with Think\Controller::show($content, $charset = '', $contentType = '', $prefix = '') D:\phpStudy\WWW\Application\Home\Controller\FurnitureController.class.php 第 7 行.
SQL: SHOW COLUMNS FROM `jqg_furnituretype` [ RunTime:0.008001s ]
SQL: SELECT * FROM `jqg_furnituretype` ORDER BY sort desc,id asc  [ RunTime:0.001000s ]
SQL: SHOW COLUMNS FROM `jqg_show` [ RunTime:0.008000s ]
SQL: SELECT * FROM `jqg_show` WHERE ( type=2 )  [ RunTime:0.001000s ]
SQL: SHOW COLUMNS FROM `jqg_storytype` [ RunTime:0.008001s ]
SQL: SELECT * FROM `jqg_storytype` ORDER BY sort desc,id asc LIMIT 0,5   [ RunTime:0.000000s ]
SQL: SHOW COLUMNS FROM `jqg_interlocution` [ RunTime:0.008000s ]
SQL: SELECT * FROM `jqg_interlocution` WHERE ( type=1 ) ORDER BY sort desc,id desc LIMIT 0,6   [ RunTime:0.001000s ]
SQL: SELECT * FROM `jqg_interlocution` WHERE ( type=2 ) ORDER BY sort desc,id desc LIMIT 0,6   [ RunTime:0.001000s ]
SQL: SELECT * FROM `jqg_interlocution` WHERE ( type=3 ) ORDER BY sort desc,id desc LIMIT 0,6   [ RunTime:0.002000s ]
SQL: SELECT * FROM `jqg_interlocution` WHERE ( type=4 ) ORDER BY sort desc,id desc LIMIT 0,6   [ RunTime:0.001000s ]
SQL: SHOW COLUMNS FROM `jqg_furniture` [ RunTime:0.012001s ]
NOTIC: [8] Undefined variable: map D:\phpStudy\WWW\Application\Home\Controller\FurnitureController.class.php 第 14 行.
SQL: SELECT COUNT(*) AS tp_count FROM `jqg_furniture` LIMIT 1   [ RunTime:0.000000s ]
NOTIC: [8] Undefined variable: map D:\phpStudy\WWW\Application\Home\Controller\FurnitureController.class.php 第 20 行.
SQL: SELECT * FROM `jqg_furniture` ORDER BY sort desc,id desc LIMIT 0,9   [ RunTime:0.002000s ]
INFO: [ view_parse ] --START--
INFO: [ template_filter ] --START--
INFO: Run Behavior\ContentReplace [ RunTime:0.001000s ]
INFO: [ template_filter ] --END-- [ RunTime:0.001000s ]
INFO: Run Behavior\ParseTemplate [ RunTime:0.025001s ]
INFO: [ view_parse ] --END-- [ RunTime:0.025001s ]
INFO: [ view_filter ] --START--
INFO: Run Behavior\WriteHtmlCache [ RunTime:0.000000s ]
INFO: [ view_filter ] --END-- [ RunTime:0.001000s ]
INFO: [ app_end ] --START--
INFO: Run Behavior\ShowPageTrace [ RunTime:0.000000s ]
INFO: [ app_end ] --END-- [ RunTime:0.000000s ]

[ 2017-08-19T00:07:07+08:00 ] ::1 /news/index/type/2.html
INFO: [ app_begin ] --START--
INFO: Run Behavior\ReadHtmlCache [ RunTime:0.001000s ]
INFO: [ app_begin ] --END-- [ RunTime:0.002000s ]
NOTIC: [2048] Declaration of Home\Controller\NewsController::show() should be compatible with Think\Controller::show($content, $charset = '', $contentType = '', $prefix = '') D:\phpStudy\WWW\Application\Home\Controller\NewsController.class.php 第 7 行.
SQL: SHOW COLUMNS FROM `jqg_furnituretype` [ RunTime:0.005001s ]
SQL: SELECT * FROM `jqg_furnituretype` ORDER BY sort desc,id asc  [ RunTime:0.000000s ]
SQL: SHOW COLUMNS FROM `jqg_show` [ RunTime:0.005000s ]
SQL: SELECT * FROM `jqg_show` WHERE ( type=2 )  [ RunTime:0.001000s ]
SQL: SHOW COLUMNS FROM `jqg_storytype` [ RunTime:0.005000s ]
SQL: SELECT * FROM `jqg_storytype` ORDER BY sort desc,id asc LIMIT 0,5   [ RunTime:0.001000s ]
SQL: SHOW COLUMNS FROM `jqg_interlocution` [ RunTime:0.005001s ]
SQL: SELECT * FROM `jqg_interlocution` WHERE ( type=1 ) ORDER BY sort desc,id desc LIMIT 0,6   [ RunTime:0.001000s ]
SQL: SELECT * FROM `jqg_interlocution` WHERE ( type=2 ) ORDER BY sort desc,id desc LIMIT 0,6   [ RunTime:0.001000s ]
SQL: SELECT * FROM `jqg_interlocution` WHERE ( type=3 ) ORDER BY sort desc,id desc LIMIT 0,6   [ RunTime:0.001000s ]
SQL: SELECT * FROM `jqg_interlocution` WHERE ( type=4 ) ORDER BY sort desc,id desc LIMIT 0,6   [ RunTime:0.001000s ]
SQL: SHOW COLUMNS FROM `jqg_news` [ RunTime:0.005000s ]
SQL: SELECT COUNT(*) AS tp_count FROM `jqg_news` WHERE ( `type` = '2' ) LIMIT 1   [ RunTime:0.000000s ]
SQL: SELECT * FROM `jqg_news` WHERE ( `type` = '2' ) ORDER BY sort desc,id desc LIMIT 0,15   [ RunTime:0.002000s ]
INFO: [ view_parse ] --START--
INFO: [ template_filter ] --START--
INFO: Run Behavior\ContentReplace [ RunTime:0.001000s ]
INFO: [ template_filter ] --END-- [ RunTime:0.001000s ]
INFO: Run Behavior\ParseTemplate [ RunTime:0.023002s ]
INFO: [ view_parse ] --END-- [ RunTime:0.023002s ]
INFO: [ view_filter ] --START--
INFO: Run Behavior\WriteHtmlCache [ RunTime:0.001000s ]
INFO: [ view_filter ] --END-- [ RunTime:0.001000s ]
INFO: [ app_end ] --START--
INFO: Run Behavior\ShowPageTrace [ RunTime:0.001000s ]
INFO: [ app_end ] --END-- [ RunTime:0.001000s ]

[ 2017-08-19T00:42:57+08:00 ] ::1 /
INFO: [ app_begin ] --START--
INFO: Run Behavior\ReadHtmlCache [ RunTime:0.001000s ]
INFO: [ app_begin ] --END-- [ RunTime:0.001000s ]
SQL: SHOW COLUMNS FROM `jqg_furnituretype` [ RunTime:0.003000s ]
SQL: SELECT * FROM `jqg_furnituretype` ORDER BY sort desc,id asc  [ RunTime:0.001000s ]
SQL: SHOW COLUMNS FROM `jqg_show` [ RunTime:0.004001s ]
SQL: SELECT * FROM `jqg_show` WHERE ( type=2 )  [ RunTime:0.000000s ]
SQL: SHOW COLUMNS FROM `jqg_storytype` [ RunTime:0.004000s ]
SQL: SELECT * FROM `jqg_storytype` ORDER BY sort desc,id asc LIMIT 0,5   [ RunTime:0.000000s ]
SQL: SHOW COLUMNS FROM `jqg_interlocution` [ RunTime:0.004000s ]
SQL: SELECT * FROM `jqg_interlocution` WHERE ( type=1 ) ORDER BY sort desc,id desc LIMIT 0,6   [ RunTime:0.000000s ]
SQL: SELECT * FROM `jqg_interlocution` WHERE ( type=2 ) ORDER BY sort desc,id desc LIMIT 0,6   [ RunTime:0.001000s ]
SQL: SELECT * FROM `jqg_interlocution` WHERE ( type=3 ) ORDER BY sort desc,id desc LIMIT 0,6   [ RunTime:0.000000s ]
SQL: SELECT * FROM `jqg_interlocution` WHERE ( type=4 ) ORDER BY sort desc,id desc LIMIT 0,6   [ RunTime:0.001000s ]
SQL: SHOW COLUMNS FROM `jqg_story` [ RunTime:0.003000s ]
SQL: SELECT * FROM `jqg_story` WHERE ( type=1 ) ORDER BY sort desc,id desc LIMIT 0,4   [ RunTime:0.000000s ]
SQL: SHOW COLUMNS FROM `jqg_news` [ RunTime:0.004001s ]
SQL: SELECT * FROM `jqg_news` WHERE ( type=1 ) ORDER BY sort desc,id desc LIMIT 0,7   [ RunTime:0.001000s ]
SQL: SELECT * FROM `jqg_news` WHERE ( type=2 ) ORDER BY sort desc,id desc LIMIT 0,7   [ RunTime:0.000000s ]
INFO: [ view_parse ] --START--
INFO: [ template_filter ] --START--
INFO: Run Behavior\ContentReplace [ RunTime:0.000000s ]
INFO: [ template_filter ] --END-- [ RunTime:0.000000s ]
NOTIC: [8] Use of undefined constant id - assumed 'id' D:\phpStudy\WWW\Application\Runtime\Cache\Home\2a94b8bda04ff446dcedd42276fc99ee.php 第 198 行.
NOTIC: [8] Use of undefined constant id - assumed 'id' D:\phpStudy\WWW\Application\Runtime\Cache\Home\2a94b8bda04ff446dcedd42276fc99ee.php 第 198 行.
NOTIC: [8] Use of undefined constant id - assumed 'id' D:\phpStudy\WWW\Application\Runtime\Cache\Home\2a94b8bda04ff446dcedd42276fc99ee.php 第 198 行.
NOTIC: [8] Use of undefined constant id - assumed 'id' D:\phpStudy\WWW\Application\Runtime\Cache\Home\2a94b8bda04ff446dcedd42276fc99ee.php 第 198 行.
NOTIC: [8] Use of undefined constant id - assumed 'id' D:\phpStudy\WWW\Application\Runtime\Cache\Home\2a94b8bda04ff446dcedd42276fc99ee.php 第 198 行.
INFO: Run Behavior\ParseTemplate [ RunTime:0.016001s ]
INFO: [ view_parse ] --END-- [ RunTime:0.016001s ]
INFO: [ view_filter ] --START--
INFO: Run Behavior\WriteHtmlCache [ RunTime:0.001000s ]
INFO: [ view_filter ] --END-- [ RunTime:0.001000s ]
INFO: [ app_end ] --START--
INFO: Run Behavior\ShowPageTrace [ RunTime:0.001000s ]
INFO: [ app_end ] --END-- [ RunTime:0.001000s ]

[ 2017-08-19T00:42:58+08:00 ] ::1 /
INFO: [ app_begin ] --START--
INFO: Run Behavior\ReadHtmlCache [ RunTime:0.000000s ]
INFO: [ app_begin ] --END-- [ RunTime:0.001000s ]
SQL: SHOW COLUMNS FROM `jqg_furnituretype` [ RunTime:0.003000s ]
SQL: SELECT * FROM `jqg_furnituretype` ORDER BY sort desc,id asc  [ RunTime:0.001000s ]
SQL: SHOW COLUMNS FROM `jqg_show` [ RunTime:0.004000s ]
SQL: SELECT * FROM `jqg_show` WHERE ( type=2 )  [ RunTime:0.000000s ]
SQL: SHOW COLUMNS FROM `jqg_storytype` [ RunTime:0.003000s ]
SQL: SELECT * FROM `jqg_storytype` ORDER BY sort desc,id asc LIMIT 0,5   [ RunTime:0.000000s ]
SQL: SHOW COLUMNS FROM `jqg_interlocution` [ RunTime:0.003001s ]
SQL: SELECT * FROM `jqg_interlocution` WHERE ( type=1 ) ORDER BY sort desc,id desc LIMIT 0,6   [ RunTime:0.001000s ]
SQL: SELECT * FROM `jqg_interlocution` WHERE ( type=2 ) ORDER BY sort desc,id desc LIMIT 0,6   [ RunTime:0.000000s ]
SQL: SELECT * FROM `jqg_interlocution` WHERE ( type=3 ) ORDER BY sort desc,id desc LIMIT 0,6   [ RunTime:0.001000s ]
SQL: SELECT * FROM `jqg_interlocution` WHERE ( type=4 ) ORDER BY sort desc,id desc LIMIT 0,6   [ RunTime:0.001000s ]
SQL: SHOW COLUMNS FROM `jqg_story` [ RunTime:0.003000s ]
SQL: SELECT * FROM `jqg_story` WHERE ( type=1 ) ORDER BY sort desc,id desc LIMIT 0,4   [ RunTime:0.001000s ]
SQL: SHOW COLUMNS FROM `jqg_news` [ RunTime:0.003000s ]
SQL: SELECT * FROM `jqg_news` WHERE ( type=1 ) ORDER BY sort desc,id desc LIMIT 0,7   [ RunTime:0.001000s ]
SQL: SELECT * FROM `jqg_news` WHERE ( type=2 ) ORDER BY sort desc,id desc LIMIT 0,7   [ RunTime:0.000000s ]
INFO: [ view_parse ] --START--
INFO: [ template_filter ] --START--
INFO: Run Behavior\ContentReplace [ RunTime:0.000000s ]
INFO: [ template_filter ] --END-- [ RunTime:0.000000s ]
NOTIC: [8] Use of undefined constant id - assumed 'id' D:\phpStudy\WWW\Application\Runtime\Cache\Home\2a94b8bda04ff446dcedd42276fc99ee.php 第 198 行.
NOTIC: [8] Use of undefined constant id - assumed 'id' D:\phpStudy\WWW\Application\Runtime\Cache\Home\2a94b8bda04ff446dcedd42276fc99ee.php 第 198 行.
NOTIC: [8] Use of undefined constant id - assumed 'id' D:\phpStudy\WWW\Application\Runtime\Cache\Home\2a94b8bda04ff446dcedd42276fc99ee.php 第 198 行.
NOTIC: [8] Use of undefined constant id - assumed 'id' D:\phpStudy\WWW\Application\Runtime\Cache\Home\2a94b8bda04ff446dcedd42276fc99ee.php 第 198 行.
NOTIC: [8] Use of undefined constant id - assumed 'id' D:\phpStudy\WWW\Application\Runtime\Cache\Home\2a94b8bda04ff446dcedd42276fc99ee.php 第 198 行.
INFO: Run Behavior\ParseTemplate [ RunTime:0.016001s ]
INFO: [ view_parse ] --END-- [ RunTime:0.016001s ]
INFO: [ view_filter ] --START--
INFO: Run Behavior\WriteHtmlCache [ RunTime:0.000000s ]
INFO: [ view_filter ] --END-- [ RunTime:0.000000s ]
INFO: [ app_end ] --START--
INFO: Run Behavior\ShowPageTrace [ RunTime:0.001000s ]
INFO: [ app_end ] --END-- [ RunTime:0.001000s ]

[ 2017-08-19T00:43:10+08:00 ] 127.0.0.1 /index.php
INFO: [ app_begin ] --START--
INFO: Run Behavior\ReadHtmlCache [ RunTime:0.001000s ]
INFO: [ app_begin ] --END-- [ RunTime:0.001000s ]
SQL: SHOW COLUMNS FROM `jqg_furnituretype` [ RunTime:0.004001s ]
SQL: SELECT * FROM `jqg_furnituretype` ORDER BY sort desc,id asc  [ RunTime:0.000000s ]
SQL: SHOW COLUMNS FROM `jqg_show` [ RunTime:0.003000s ]
SQL: SELECT * FROM `jqg_show` WHERE ( type=2 )  [ RunTime:0.000000s ]
SQL: SHOW COLUMNS FROM `jqg_storytype` [ RunTime:0.003000s ]
SQL: SELECT * FROM `jqg_storytype` ORDER BY sort desc,id asc LIMIT 0,5   [ RunTime:0.001000s ]
SQL: SHOW COLUMNS FROM `jqg_interlocution` [ RunTime:0.003000s ]
SQL: SELECT * FROM `jqg_interlocution` WHERE ( type=1 ) ORDER BY sort desc,id desc LIMIT 0,6   [ RunTime:0.000000s ]
SQL: SELECT * FROM `jqg_interlocution` WHERE ( type=2 ) ORDER BY sort desc,id desc LIMIT 0,6   [ RunTime:0.000000s ]
SQL: SELECT * FROM `jqg_interlocution` WHERE ( type=3 ) ORDER BY sort desc,id desc LIMIT 0,6   [ RunTime:0.001000s ]
SQL: SELECT * FROM `jqg_interlocution` WHERE ( type=4 ) ORDER BY sort desc,id desc LIMIT 0,6   [ RunTime:0.000000s ]
SQL: SHOW COLUMNS FROM `jqg_story` [ RunTime:0.004001s ]
SQL: SELECT * FROM `jqg_story` WHERE ( type=1 ) ORDER BY sort desc,id desc LIMIT 0,4   [ RunTime:0.000000s ]
SQL: SHOW COLUMNS FROM `jqg_news` [ RunTime:0.003000s ]
SQL: SELECT * FROM `jqg_news` WHERE ( type=1 ) ORDER BY sort desc,id desc LIMIT 0,7   [ RunTime:0.000000s ]
SQL: SELECT * FROM `jqg_news` WHERE ( type=2 ) ORDER BY sort desc,id desc LIMIT 0,7   [ RunTime:0.001000s ]
INFO: [ view_parse ] --START--
INFO: [ template_filter ] --START--
INFO: Run Behavior\ContentReplace [ RunTime:0.000000s ]
INFO: [ template_filter ] --END-- [ RunTime:0.000000s ]
NOTIC: [8] Use of undefined constant id - assumed 'id' D:\phpStudy\WWW\Application\Runtime\Cache\Home\2a94b8bda04ff446dcedd42276fc99ee.php 第 198 行.
NOTIC: [8] Use of undefined constant id - assumed 'id' D:\phpStudy\WWW\Application\Runtime\Cache\Home\2a94b8bda04ff446dcedd42276fc99ee.php 第 198 行.
NOTIC: [8] Use of undefined constant id - assumed 'id' D:\phpStudy\WWW\Application\Runtime\Cache\Home\2a94b8bda04ff446dcedd42276fc99ee.php 第 198 行.
NOTIC: [8] Use of undefined constant id - assumed 'id' D:\phpStudy\WWW\Application\Runtime\Cache\Home\2a94b8bda04ff446dcedd42276fc99ee.php 第 198 行.
NOTIC: [8] Use of undefined constant id - assumed 'id' D:\phpStudy\WWW\Application\Runtime\Cache\Home\2a94b8bda04ff446dcedd42276fc99ee.php 第 198 行.
INFO: Run Behavior\ParseTemplate [ RunTime:0.016001s ]
INFO: [ view_parse ] --END-- [ RunTime:0.016001s ]
INFO: [ view_filter ] --START--
INFO: Run Behavior\WriteHtmlCache [ RunTime:0.000000s ]
INFO: [ view_filter ] --END-- [ RunTime:0.000000s ]
INFO: [ app_end ] --START--
INFO: Run Behavior\ShowPageTrace [ RunTime:0.000000s ]
INFO: [ app_end ] --END-- [ RunTime:0.000000s ]

[ 2017-08-19T00:45:47+08:00 ] ::1 /
INFO: [ app_begin ] --START--
INFO: Run Behavior\ReadHtmlCache [ RunTime:0.001000s ]
INFO: [ app_begin ] --END-- [ RunTime:0.001000s ]
SQL: SHOW COLUMNS FROM `jqg_furnituretype` [ RunTime:0.004001s ]
SQL: SELECT * FROM `jqg_furnituretype` ORDER BY sort desc,id asc  [ RunTime:0.000000s ]
SQL: SHOW COLUMNS FROM `jqg_show` [ RunTime:0.003000s ]
SQL: SELECT * FROM `jqg_show` WHERE ( type=2 )  [ RunTime:0.001000s ]
SQL: SHOW COLUMNS FROM `jqg_storytype` [ RunTime:0.003000s ]
SQL: SELECT * FROM `jqg_storytype` ORDER BY sort desc,id asc LIMIT 0,5   [ RunTime:0.000000s ]
SQL: SHOW COLUMNS FROM `jqg_interlocution` [ RunTime:0.004000s ]
SQL: SELECT * FROM `jqg_interlocution` WHERE ( type=1 ) ORDER BY sort desc,id desc LIMIT 0,6   [ RunTime:0.000000s ]
SQL: SELECT * FROM `jqg_interlocution` WHERE ( type=2 ) ORDER BY sort desc,id desc LIMIT 0,6   [ RunTime:0.001000s ]
SQL: SELECT * FROM `jqg_interlocution` WHERE ( type=3 ) ORDER BY sort desc,id desc LIMIT 0,6   [ RunTime:0.000000s ]
SQL: SELECT * FROM `jqg_interlocution` WHERE ( type=4 ) ORDER BY sort desc,id desc LIMIT 0,6   [ RunTime:0.001000s ]
SQL: SHOW COLUMNS FROM `jqg_story` [ RunTime:0.003000s ]
SQL: SELECT * FROM `jqg_story` WHERE ( type=1 ) ORDER BY sort desc,id desc LIMIT 0,4   [ RunTime:0.001000s ]
SQL: SHOW COLUMNS FROM `jqg_news` [ RunTime:0.003001s ]
SQL: SELECT * FROM `jqg_news` WHERE ( type=1 ) ORDER BY sort desc,id desc LIMIT 0,7   [ RunTime:0.001000s ]
SQL: SELECT * FROM `jqg_news` WHERE ( type=2 ) ORDER BY sort desc,id desc LIMIT 0,7   [ RunTime:0.000000s ]
INFO: [ view_parse ] --START--
INFO: [ template_filter ] --START--
INFO: Run Behavior\ContentReplace [ RunTime:0.000000s ]
INFO: [ template_filter ] --END-- [ RunTime:0.000000s ]
NOTIC: [8] Use of undefined constant id - assumed 'id' D:\phpStudy\WWW\Application\Runtime\Cache\Home\2a94b8bda04ff446dcedd42276fc99ee.php 第 198 行.
NOTIC: [8] Use of undefined constant id - assumed 'id' D:\phpStudy\WWW\Application\Runtime\Cache\Home\2a94b8bda04ff446dcedd42276fc99ee.php 第 198 行.
NOTIC: [8] Use of undefined constant id - assumed 'id' D:\phpStudy\WWW\Application\Runtime\Cache\Home\2a94b8bda04ff446dcedd42276fc99ee.php 第 198 行.
NOTIC: [8] Use of undefined constant id - assumed 'id' D:\phpStudy\WWW\Application\Runtime\Cache\Home\2a94b8bda04ff446dcedd42276fc99ee.php 第 198 行.
NOTIC: [8] Use of undefined constant id - assumed 'id' D:\phpStudy\WWW\Application\Runtime\Cache\Home\2a94b8bda04ff446dcedd42276fc99ee.php 第 198 行.
INFO: Run Behavior\ParseTemplate [ RunTime:0.016001s ]
INFO: [ view_parse ] --END-- [ RunTime:0.016001s ]
INFO: [ view_filter ] --START--
INFO: Run Behavior\WriteHtmlCache [ RunTime:0.000000s ]
INFO: [ view_filter ] --END-- [ RunTime:0.000000s ]
INFO: [ app_end ] --START--
INFO: Run Behavior\ShowPageTrace [ RunTime:0.001000s ]
INFO: [ app_end ] --END-- [ RunTime:0.001000s ]

[ 2017-08-19T00:46:57+08:00 ] ::1 /
INFO: [ app_begin ] --START--
INFO: Run Behavior\ReadHtmlCache [ RunTime:0.001000s ]
INFO: [ app_begin ] --END-- [ RunTime:0.001000s ]
SQL: SHOW COLUMNS FROM `jqg_furnituretype` [ RunTime:0.004000s ]
SQL: SELECT * FROM `jqg_furnituretype` ORDER BY sort desc,id asc  [ RunTime:0.000000s ]
SQL: SHOW COLUMNS FROM `jqg_show` [ RunTime:0.003001s ]
SQL: SELECT * FROM `jqg_show` WHERE ( type=2 )  [ RunTime:0.000000s ]
SQL: SHOW COLUMNS FROM `jqg_storytype` [ RunTime:0.003000s ]
SQL: SELECT * FROM `jqg_storytype` ORDER BY sort desc,id asc LIMIT 0,5   [ RunTime:0.001000s ]
SQL: SHOW COLUMNS FROM `jqg_interlocution` [ RunTime:0.003000s ]
SQL: SELECT * FROM `jqg_interlocution` WHERE ( type=1 ) ORDER BY sort desc,id desc LIMIT 0,6   [ RunTime:0.001000s ]
SQL: SELECT * FROM `jqg_interlocution` WHERE ( type=2 ) ORDER BY sort desc,id desc LIMIT 0,6   [ RunTime:0.000000s ]
SQL: SELECT * FROM `jqg_interlocution` WHERE ( type=3 ) ORDER BY sort desc,id desc LIMIT 0,6   [ RunTime:0.001000s ]
SQL: SELECT * FROM `jqg_interlocution` WHERE ( type=4 ) ORDER BY sort desc,id desc LIMIT 0,6   [ RunTime:0.000000s ]
SQL: SHOW COLUMNS FROM `jqg_story` [ RunTime:0.003000s ]
SQL: SELECT * FROM `jqg_story` WHERE ( type=1 ) ORDER BY sort desc,id desc LIMIT 0,4   [ RunTime:0.000000s ]
SQL: SHOW COLUMNS FROM `jqg_news` [ RunTime:0.003000s ]
SQL: SELECT * FROM `jqg_news` WHERE ( type=1 ) ORDER BY sort desc,id desc LIMIT 0,7   [ RunTime:0.001001s ]
SQL: SELECT * FROM `jqg_news` WHERE ( type=2 ) ORDER BY sort desc,id desc LIMIT 0,7   [ RunTime:0.000000s ]
INFO: [ view_parse ] --START--
INFO: [ template_filter ] --START--
INFO: Run Behavior\ContentReplace [ RunTime:0.000000s ]
INFO: [ template_filter ] --END-- [ RunTime:0.000000s ]
NOTIC: [8] Use of undefined constant id - assumed 'id' D:\phpStudy\WWW\Application\Runtime\Cache\Home\2a94b8bda04ff446dcedd42276fc99ee.php 第 198 行.
NOTIC: [8] Use of undefined constant id - assumed 'id' D:\phpStudy\WWW\Application\Runtime\Cache\Home\2a94b8bda04ff446dcedd42276fc99ee.php 第 198 行.
NOTIC: [8] Use of undefined constant id - assumed 'id' D:\phpStudy\WWW\Application\Runtime\Cache\Home\2a94b8bda04ff446dcedd42276fc99ee.php 第 198 行.
NOTIC: [8] Use of undefined constant id - assumed 'id' D:\phpStudy\WWW\Application\Runtime\Cache\Home\2a94b8bda04ff446dcedd42276fc99ee.php 第 198 行.
NOTIC: [8] Use of undefined constant id - assumed 'id' D:\phpStudy\WWW\Application\Runtime\Cache\Home\2a94b8bda04ff446dcedd42276fc99ee.php 第 198 行.
INFO: Run Behavior\ParseTemplate [ RunTime:0.015000s ]
INFO: [ view_parse ] --END-- [ RunTime:0.015000s ]
INFO: [ view_filter ] --START--
INFO: Run Behavior\WriteHtmlCache [ RunTime:0.001000s ]
INFO: [ view_filter ] --END-- [ RunTime:0.001000s ]
INFO: [ app_end ] --START--
INFO: Run Behavior\ShowPageTrace [ RunTime:0.001001s ]
INFO: [ app_end ] --END-- [ RunTime:0.001001s ]

[ 2017-08-19T00:46:58+08:00 ] ::1 /
INFO: [ app_begin ] --START--
INFO: Run Behavior\ReadHtmlCache [ RunTime:0.000000s ]
INFO: [ app_begin ] --END-- [ RunTime:0.001000s ]
SQL: SHOW COLUMNS FROM `jqg_furnituretype` [ RunTime:0.003000s ]
SQL: SELECT * FROM `jqg_furnituretype` ORDER BY sort desc,id asc  [ RunTime:0.001000s ]
SQL: SHOW COLUMNS FROM `jqg_show` [ RunTime:0.003000s ]
SQL: SELECT * FROM `jqg_show` WHERE ( type=2 )  [ RunTime:0.000000s ]
SQL: SHOW COLUMNS FROM `jqg_storytype` [ RunTime:0.003000s ]
SQL: SELECT * FROM `jqg_storytype` ORDER BY sort desc,id asc LIMIT 0,5   [ RunTime:0.000000s ]
SQL: SHOW COLUMNS FROM `jqg_interlocution` [ RunTime:0.004000s ]
SQL: SELECT * FROM `jqg_interlocution` WHERE ( type=1 ) ORDER BY sort desc,id desc LIMIT 0,6   [ RunTime:0.000000s ]
SQL: SELECT * FROM `jqg_interlocution` WHERE ( type=2 ) ORDER BY sort desc,id desc LIMIT 0,6   [ RunTime:0.000000s ]
SQL: SELECT * FROM `jqg_interlocution` WHERE ( type=3 ) ORDER BY sort desc,id desc LIMIT 0,6   [ RunTime:0.001001s ]
SQL: SELECT * FROM `jqg_interlocution` WHERE ( type=4 ) ORDER BY sort desc,id desc LIMIT 0,6   [ RunTime:0.000000s ]
SQL: SHOW COLUMNS FROM `jqg_story` [ RunTime:0.003000s ]
SQL: SELECT * FROM `jqg_story` WHERE ( type=1 ) ORDER BY sort desc,id desc LIMIT 0,4   [ RunTime:0.000000s ]
SQL: SHOW COLUMNS FROM `jqg_news` [ RunTime:0.003000s ]
SQL: SELECT * FROM `jqg_news` WHERE ( type=1 ) ORDER BY sort desc,id desc LIMIT 0,7   [ RunTime:0.001000s ]
SQL: SELECT * FROM `jqg_news` WHERE ( type=2 ) ORDER BY sort desc,id desc LIMIT 0,7   [ RunTime:0.001000s ]
INFO: [ view_parse ] --START--
INFO: [ template_filter ] --START--
INFO: Run Behavior\ContentReplace [ RunTime:0.000000s ]
INFO: [ template_filter ] --END-- [ RunTime:0.000000s ]
NOTIC: [8] Use of undefined constant id - assumed 'id' D:\phpStudy\WWW\Application\Runtime\Cache\Home\2a94b8bda04ff446dcedd42276fc99ee.php 第 198 行.
NOTIC: [8] Use of undefined constant id - assumed 'id' D:\phpStudy\WWW\Application\Runtime\Cache\Home\2a94b8bda04ff446dcedd42276fc99ee.php 第 198 行.
NOTIC: [8] Use of undefined constant id - assumed 'id' D:\phpStudy\WWW\Application\Runtime\Cache\Home\2a94b8bda04ff446dcedd42276fc99ee.php 第 198 行.
NOTIC: [8] Use of undefined constant id - assumed 'id' D:\phpStudy\WWW\Application\Runtime\Cache\Home\2a94b8bda04ff446dcedd42276fc99ee.php 第 198 行.
NOTIC: [8] Use of undefined constant id - assumed 'id' D:\phpStudy\WWW\Application\Runtime\Cache\Home\2a94b8bda04ff446dcedd42276fc99ee.php 第 198 行.
INFO: Run Behavior\ParseTemplate [ RunTime:0.015001s ]
INFO: [ view_parse ] --END-- [ RunTime:0.015001s ]
INFO: [ view_filter ] --START--
INFO: Run Behavior\WriteHtmlCache [ RunTime:0.000000s ]
INFO: [ view_filter ] --END-- [ RunTime:0.000000s ]
INFO: [ app_end ] --START--
INFO: Run Behavior\ShowPageTrace [ RunTime:0.000000s ]
INFO: [ app_end ] --END-- [ RunTime:0.000000s ]

[ 2017-08-19T00:47:15+08:00 ] ::1 /
INFO: [ app_begin ] --START--
INFO: Run Behavior\ReadHtmlCache [ RunTime:0.000000s ]
INFO: [ app_begin ] --END-- [ RunTime:0.001000s ]
SQL: SHOW COLUMNS FROM `jqg_furnituretype` [ RunTime:0.003000s ]
SQL: SELECT * FROM `jqg_furnituretype` ORDER BY sort desc,id asc  [ RunTime:0.000000s ]
SQL: SHOW COLUMNS FROM `jqg_show` [ RunTime:0.003001s ]
SQL: SELECT * FROM `jqg_show` WHERE ( type=2 )  [ RunTime:0.001000s ]
SQL: SHOW COLUMNS FROM `jqg_storytype` [ RunTime:0.004000s ]
SQL: SELECT * FROM `jqg_storytype` ORDER BY sort desc,id asc LIMIT 0,5   [ RunTime:0.000000s ]
SQL: SHOW COLUMNS FROM `jqg_interlocution` [ RunTime:0.003000s ]
SQL: SELECT * FROM `jqg_interlocution` WHERE ( type=1 ) ORDER BY sort desc,id desc LIMIT 0,6   [ RunTime:0.001000s ]
SQL: SELECT * FROM `jqg_interlocution` WHERE ( type=2 ) ORDER BY sort desc,id desc LIMIT 0,6   [ RunTime:0.000000s ]
SQL: SELECT * FROM `jqg_interlocution` WHERE ( type=3 ) ORDER BY sort desc,id desc LIMIT 0,6   [ RunTime:0.000000s ]
SQL: SELECT * FROM `jqg_interlocution` WHERE ( type=4 ) ORDER BY sort desc,id desc LIMIT 0,6   [ RunTime:0.001000s ]
SQL: SHOW COLUMNS FROM `jqg_story` [ RunTime:0.003000s ]
SQL: SELECT * FROM `jqg_story` WHERE ( type=1 ) ORDER BY sort desc,id desc LIMIT 0,4   [ RunTime:0.000000s ]
SQL: SHOW COLUMNS FROM `jqg_news` [ RunTime:0.003001s ]
SQL: SELECT * FROM `jqg_news` WHERE ( type=1 ) ORDER BY sort desc,id desc LIMIT 0,7   [ RunTime:0.000000s ]
SQL: SELECT * FROM `jqg_news` WHERE ( type=2 ) ORDER BY sort desc,id desc LIMIT 0,7   [ RunTime:0.001000s ]
INFO: [ view_parse ] --START--
INFO: [ template_filter ] --START--
INFO: Run Behavior\ContentReplace [ RunTime:0.000000s ]
INFO: [ template_filter ] --END-- [ RunTime:0.000000s ]
NOTIC: [8] Use of undefined constant id - assumed 'id' D:\phpStudy\WWW\Application\Runtime\Cache\Home\2a94b8bda04ff446dcedd42276fc99ee.php 第 198 行.
NOTIC: [8] Use of undefined constant id - assumed 'id' D:\phpStudy\WWW\Application\Runtime\Cache\Home\2a94b8bda04ff446dcedd42276fc99ee.php 第 198 行.
NOTIC: [8] Use of undefined constant id - assumed 'id' D:\phpStudy\WWW\Application\Runtime\Cache\Home\2a94b8bda04ff446dcedd42276fc99ee.php 第 198 行.
NOTIC: [8] Use of undefined constant id - assumed 'id' D:\phpStudy\WWW\Application\Runtime\Cache\Home\2a94b8bda04ff446dcedd42276fc99ee.php 第 198 行.
NOTIC: [8] Use of undefined constant id - assumed 'id' D:\phpStudy\WWW\Application\Runtime\Cache\Home\2a94b8bda04ff446dcedd42276fc99ee.php 第 198 行.
INFO: Run Behavior\ParseTemplate [ RunTime:0.016001s ]
INFO: [ view_parse ] --END-- [ RunTime:0.016001s ]
INFO: [ view_filter ] --START--
INFO: Run Behavior\WriteHtmlCache [ RunTime:0.000000s ]
INFO: [ view_filter ] --END-- [ RunTime:0.000000s ]
INFO: [ app_end ] --START--
INFO: Run Behavior\ShowPageTrace [ RunTime:0.001000s ]
INFO: [ app_end ] --END-- [ RunTime:0.001000s ]

[ 2017-08-19T00:47:16+08:00 ] ::1 /
INFO: [ app_begin ] --START--
INFO: Run Behavior\ReadHtmlCache [ RunTime:0.001000s ]
INFO: [ app_begin ] --END-- [ RunTime:0.001000s ]
SQL: SHOW COLUMNS FROM `jqg_furnituretype` [ RunTime:0.003000s ]
SQL: SELECT * FROM `jqg_furnituretype` ORDER BY sort desc,id asc  [ RunTime:0.001000s ]
SQL: SHOW COLUMNS FROM `jqg_show` [ RunTime:0.003001s ]
SQL: SELECT * FROM `jqg_show` WHERE ( type=2 )  [ RunTime:0.000000s ]
SQL: SHOW COLUMNS FROM `jqg_storytype` [ RunTime:0.004000s ]
SQL: SELECT * FROM `jqg_storytype` ORDER BY sort desc,id asc LIMIT 0,5   [ RunTime:0.000000s ]
SQL: SHOW COLUMNS FROM `jqg_interlocution` [ RunTime:0.003000s ]
SQL: SELECT * FROM `jqg_interlocution` WHERE ( type=1 ) ORDER BY sort desc,id desc LIMIT 0,6   [ RunTime:0.001000s ]
SQL: SELECT * FROM `jqg_interlocution` WHERE ( type=2 ) ORDER BY sort desc,id desc LIMIT 0,6   [ RunTime:0.000000s ]
SQL: SELECT * FROM `jqg_interlocution` WHERE ( type=3 ) ORDER BY sort desc,id desc LIMIT 0,6   [ RunTime:0.000000s ]
SQL: SELECT * FROM `jqg_interlocution` WHERE ( type=4 ) ORDER BY sort desc,id desc LIMIT 0,6   [ RunTime:0.001000s ]
SQL: SHOW COLUMNS FROM `jqg_story` [ RunTime:0.003000s ]
SQL: SELECT * FROM `jqg_story` WHERE ( type=1 ) ORDER BY sort desc,id desc LIMIT 0,4   [ RunTime:0.001000s ]
SQL: SHOW COLUMNS FROM `jqg_news` [ RunTime:0.003001s ]
SQL: SELECT * FROM `jqg_news` WHERE ( type=1 ) ORDER BY sort desc,id desc LIMIT 0,7   [ RunTime:0.000000s ]
SQL: SELECT * FROM `jqg_news` WHERE ( type=2 ) ORDER BY sort desc,id desc LIMIT 0,7   [ RunTime:0.000000s ]
INFO: [ view_parse ] --START--
INFO: [ template_filter ] --START--
INFO: Run Behavior\ContentReplace [ RunTime:0.000000s ]
INFO: [ template_filter ] --END-- [ RunTime:0.000000s ]
NOTIC: [8] Use of undefined constant id - assumed 'id' D:\phpStudy\WWW\Application\Runtime\Cache\Home\2a94b8bda04ff446dcedd42276fc99ee.php 第 198 行.
NOTIC: [8] Use of undefined constant id - assumed 'id' D:\phpStudy\WWW\Application\Runtime\Cache\Home\2a94b8bda04ff446dcedd42276fc99ee.php 第 198 行.
NOTIC: [8] Use of undefined constant id - assumed 'id' D:\phpStudy\WWW\Application\Runtime\Cache\Home\2a94b8bda04ff446dcedd42276fc99ee.php 第 198 行.
NOTIC: [8] Use of undefined constant id - assumed 'id' D:\phpStudy\WWW\Application\Runtime\Cache\Home\2a94b8bda04ff446dcedd42276fc99ee.php 第 198 行.
NOTIC: [8] Use of undefined constant id - assumed 'id' D:\phpStudy\WWW\Application\Runtime\Cache\Home\2a94b8bda04ff446dcedd42276fc99ee.php 第 198 行.
INFO: Run Behavior\ParseTemplate [ RunTime:0.015000s ]
INFO: [ view_parse ] --END-- [ RunTime:0.015000s ]
INFO: [ view_filter ] --START--
INFO: Run Behavior\WriteHtmlCache [ RunTime:0.000000s ]
INFO: [ view_filter ] --END-- [ RunTime:0.000000s ]
INFO: [ app_end ] --START--
INFO: Run Behavior\ShowPageTrace [ RunTime:0.000000s ]
INFO: [ app_end ] --END-- [ RunTime:0.000000s ]

[ 2017-08-19T00:47:33+08:00 ] ::1 /
INFO: [ app_begin ] --START--
INFO: Run Behavior\ReadHtmlCache [ RunTime:0.000000s ]
INFO: [ app_begin ] --END-- [ RunTime:0.001000s ]
SQL: SHOW COLUMNS FROM `jqg_furnituretype` [ RunTime:0.003000s ]
SQL: SELECT * FROM `jqg_furnituretype` ORDER BY sort desc,id asc  [ RunTime:0.001000s ]
SQL: SHOW COLUMNS FROM `jqg_show` [ RunTime:0.003000s ]
SQL: SELECT * FROM `jqg_show` WHERE ( type=2 )  [ RunTime:0.001000s ]
SQL: SHOW COLUMNS FROM `jqg_storytype` [ RunTime:0.003000s ]
SQL: SELECT * FROM `jqg_storytype` ORDER BY sort desc,id asc LIMIT 0,5   [ RunTime:0.000000s ]
SQL: SHOW COLUMNS FROM `jqg_interlocution` [ RunTime:0.004001s ]
SQL: SELECT * FROM `jqg_interlocution` WHERE ( type=1 ) ORDER BY sort desc,id desc LIMIT 0,6   [ RunTime:0.000000s ]
SQL: SELECT * FROM `jqg_interlocution` WHERE ( type=2 ) ORDER BY sort desc,id desc LIMIT 0,6   [ RunTime:0.000000s ]
SQL: SELECT * FROM `jqg_interlocution` WHERE ( type=3 ) ORDER BY sort desc,id desc LIMIT 0,6   [ RunTime:0.001000s ]
SQL: SELECT * FROM `jqg_interlocution` WHERE ( type=4 ) ORDER BY sort desc,id desc LIMIT 0,6   [ RunTime:0.000000s ]
SQL: SHOW COLUMNS FROM `jqg_story` [ RunTime:0.004000s ]
SQL: SELECT * FROM `jqg_story` WHERE ( type=1 ) ORDER BY sort desc,id desc LIMIT 0,4   [ RunTime:0.000000s ]
SQL: SHOW COLUMNS FROM `jqg_news` [ RunTime:0.003000s ]
SQL: SELECT * FROM `jqg_news` WHERE ( type=1 ) ORDER BY sort desc,id desc LIMIT 0,7   [ RunTime:0.000000s ]
SQL: SELECT * FROM `jqg_news` WHERE ( type=2 ) ORDER BY sort desc,id desc LIMIT 0,7   [ RunTime:0.001000s ]
INFO: [ view_parse ] --START--
INFO: [ template_filter ] --START--
INFO: Run Behavior\ContentReplace [ RunTime:0.000000s ]
INFO: [ template_filter ] --END-- [ RunTime:0.000000s ]
NOTIC: [8] Use of undefined constant id - assumed 'id' D:\phpStudy\WWW\Application\Runtime\Cache\Home\2a94b8bda04ff446dcedd42276fc99ee.php 第 198 行.
NOTIC: [8] Use of undefined constant id - assumed 'id' D:\phpStudy\WWW\Application\Runtime\Cache\Home\2a94b8bda04ff446dcedd42276fc99ee.php 第 198 行.
NOTIC: [8] Use of undefined constant id - assumed 'id' D:\phpStudy\WWW\Application\Runtime\Cache\Home\2a94b8bda04ff446dcedd42276fc99ee.php 第 198 行.
NOTIC: [8] Use of undefined constant id - assumed 'id' D:\phpStudy\WWW\Application\Runtime\Cache\Home\2a94b8bda04ff446dcedd42276fc99ee.php 第 198 行.
NOTIC: [8] Use of undefined constant id - assumed 'id' D:\phpStudy\WWW\Application\Runtime\Cache\Home\2a94b8bda04ff446dcedd42276fc99ee.php 第 198 行.
INFO: Run Behavior\ParseTemplate [ RunTime:0.016001s ]
INFO: [ view_parse ] --END-- [ RunTime:0.016001s ]
INFO: [ view_filter ] --START--
INFO: Run Behavior\WriteHtmlCache [ RunTime:0.000000s ]
INFO: [ view_filter ] --END-- [ RunTime:0.000000s ]
INFO: [ app_end ] --START--
INFO: Run Behavior\ShowPageTrace [ RunTime:0.000000s ]
INFO: [ app_end ] --END-- [ RunTime:0.001000s ]

[ 2017-08-19T00:47:34+08:00 ] ::1 /
INFO: [ app_begin ] --START--
INFO: Run Behavior\ReadHtmlCache [ RunTime:0.000000s ]
INFO: [ app_begin ] --END-- [ RunTime:0.001000s ]
SQL: SHOW COLUMNS FROM `jqg_furnituretype` [ RunTime:0.003000s ]
SQL: SELECT * FROM `jqg_furnituretype` ORDER BY sort desc,id asc  [ RunTime:0.000000s ]
SQL: SHOW COLUMNS FROM `jqg_show` [ RunTime:0.004000s ]
SQL: SELECT * FROM `jqg_show` WHERE ( type=2 )  [ RunTime:0.000000s ]
SQL: SHOW COLUMNS FROM `jqg_storytype` [ RunTime:0.004001s ]
SQL: SELECT * FROM `jqg_storytype` ORDER BY sort desc,id asc LIMIT 0,5   [ RunTime:0.000000s ]
SQL: SHOW COLUMNS FROM `jqg_interlocution` [ RunTime:0.003000s ]
SQL: SELECT * FROM `jqg_interlocution` WHERE ( type=1 ) ORDER BY sort desc,id desc LIMIT 0,6   [ RunTime:0.000000s ]
SQL: SELECT * FROM `jqg_interlocution` WHERE ( type=2 ) ORDER BY sort desc,id desc LIMIT 0,6   [ RunTime:0.001000s ]
SQL: SELECT * FROM `jqg_interlocution` WHERE ( type=3 ) ORDER BY sort desc,id desc LIMIT 0,6   [ RunTime:0.000000s ]
SQL: SELECT * FROM `jqg_interlocution` WHERE ( type=4 ) ORDER BY sort desc,id desc LIMIT 0,6   [ RunTime:0.001000s ]
SQL: SHOW COLUMNS FROM `jqg_story` [ RunTime:0.003000s ]
SQL: SELECT * FROM `jqg_story` WHERE ( type=1 ) ORDER BY sort desc,id desc LIMIT 0,4   [ RunTime:0.001000s ]
SQL: SHOW COLUMNS FROM `jqg_news` [ RunTime:0.003000s ]
SQL: SELECT * FROM `jqg_news` WHERE ( type=1 ) ORDER BY sort desc,id desc LIMIT 0,7   [ RunTime:0.000000s ]
SQL: SELECT * FROM `jqg_news` WHERE ( type=2 ) ORDER BY sort desc,id desc LIMIT 0,7   [ RunTime:0.000000s ]
INFO: [ view_parse ] --START--
INFO: [ template_filter ] --START--
INFO: Run Behavior\ContentReplace [ RunTime:0.000000s ]
INFO: [ template_filter ] --END-- [ RunTime:0.000000s ]
NOTIC: [8] Use of undefined constant id - assumed 'id' D:\phpStudy\WWW\Application\Runtime\Cache\Home\2a94b8bda04ff446dcedd42276fc99ee.php 第 198 行.
NOTIC: [8] Use of undefined constant id - assumed 'id' D:\phpStudy\WWW\Application\Runtime\Cache\Home\2a94b8bda04ff446dcedd42276fc99ee.php 第 198 行.
NOTIC: [8] Use of undefined constant id - assumed 'id' D:\phpStudy\WWW\Application\Runtime\Cache\Home\2a94b8bda04ff446dcedd42276fc99ee.php 第 198 行.
NOTIC: [8] Use of undefined constant id - assumed 'id' D:\phpStudy\WWW\Application\Runtime\Cache\Home\2a94b8bda04ff446dcedd42276fc99ee.php 第 198 行.
NOTIC: [8] Use of undefined constant id - assumed 'id' D:\phpStudy\WWW\Application\Runtime\Cache\Home\2a94b8bda04ff446dcedd42276fc99ee.php 第 198 行.
INFO: Run Behavior\ParseTemplate [ RunTime:0.016001s ]
INFO: [ view_parse ] --END-- [ RunTime:0.016001s ]
INFO: [ view_filter ] --START--
INFO: Run Behavior\WriteHtmlCache [ RunTime:0.000000s ]
INFO: [ view_filter ] --END-- [ RunTime:0.000000s ]
INFO: [ app_end ] --START--
INFO: Run Behavior\ShowPageTrace [ RunTime:0.001000s ]
INFO: [ app_end ] --END-- [ RunTime:0.001000s ]

[ 2017-08-19T00:49:11+08:00 ] ::1 /
INFO: [ app_begin ] --START--
INFO: Run Behavior\ReadHtmlCache [ RunTime:0.001000s ]
INFO: [ app_begin ] --END-- [ RunTime:0.001000s ]
SQL: SHOW COLUMNS FROM `jqg_furnituretype` [ RunTime:0.005001s ]
SQL: SELECT * FROM `jqg_furnituretype` ORDER BY sort desc,id asc  [ RunTime:0.001000s ]
SQL: SHOW COLUMNS FROM `jqg_show` [ RunTime:0.004000s ]
SQL: SELECT * FROM `jqg_show` WHERE ( type=2 )  [ RunTime:0.001000s ]
SQL: SHOW COLUMNS FROM `jqg_storytype` [ RunTime:0.003000s ]
SQL: SELECT * FROM `jqg_storytype` ORDER BY sort desc,id asc LIMIT 0,5   [ RunTime:0.000000s ]
SQL: SHOW COLUMNS FROM `jqg_interlocution` [ RunTime:0.003000s ]
SQL: SELECT * FROM `jqg_interlocution` WHERE ( type=1 ) ORDER BY sort desc,id desc LIMIT 0,6   [ RunTime:0.000000s ]
SQL: SELECT * FROM `jqg_interlocution` WHERE ( type=2 ) ORDER BY sort desc,id desc LIMIT 0,6   [ RunTime:0.001000s ]
SQL: SELECT * FROM `jqg_interlocution` WHERE ( type=3 ) ORDER BY sort desc,id desc LIMIT 0,6   [ RunTime:0.000000s ]
SQL: SELECT * FROM `jqg_interlocution` WHERE ( type=4 ) ORDER BY sort desc,id desc LIMIT 0,6   [ RunTime:0.001000s ]
SQL: SHOW COLUMNS FROM `jqg_story` [ RunTime:0.004000s ]
SQL: SELECT * FROM `jqg_story` WHERE ( type=1 ) ORDER BY sort desc,id desc LIMIT 0,4   [ RunTime:0.000000s ]
SQL: SHOW COLUMNS FROM `jqg_news` [ RunTime:0.004000s ]
SQL: SELECT * FROM `jqg_news` WHERE ( type=1 ) ORDER BY sort desc,id desc LIMIT 0,7   [ RunTime:0.000000s ]
SQL: SELECT * FROM `jqg_news` WHERE ( type=2 ) ORDER BY sort desc,id desc LIMIT 0,7   [ RunTime:0.001000s ]
INFO: [ view_parse ] --START--
INFO: [ template_filter ] --START--
INFO: Run Behavior\ContentReplace [ RunTime:0.000000s ]
INFO: [ template_filter ] --END-- [ RunTime:0.000000s ]
NOTIC: [8] Use of undefined constant id - assumed 'id' D:\phpStudy\WWW\Application\Runtime\Cache\Home\2a94b8bda04ff446dcedd42276fc99ee.php 第 198 行.
NOTIC: [8] Use of undefined constant id - assumed 'id' D:\phpStudy\WWW\Application\Runtime\Cache\Home\2a94b8bda04ff446dcedd42276fc99ee.php 第 198 行.
NOTIC: [8] Use of undefined constant id - assumed 'id' D:\phpStudy\WWW\Application\Runtime\Cache\Home\2a94b8bda04ff446dcedd42276fc99ee.php 第 198 行.
NOTIC: [8] Use of undefined constant id - assumed 'id' D:\phpStudy\WWW\Application\Runtime\Cache\Home\2a94b8bda04ff446dcedd42276fc99ee.php 第 198 行.
NOTIC: [8] Use of undefined constant id - assumed 'id' D:\phpStudy\WWW\Application\Runtime\Cache\Home\2a94b8bda04ff446dcedd42276fc99ee.php 第 198 行.
INFO: Run Behavior\ParseTemplate [ RunTime:0.016001s ]
INFO: [ view_parse ] --END-- [ RunTime:0.016001s ]
INFO: [ view_filter ] --START--
INFO: Run Behavior\WriteHtmlCache [ RunTime:0.000000s ]
INFO: [ view_filter ] --END-- [ RunTime:0.000000s ]
INFO: [ app_end ] --START--
INFO: Run Behavior\ShowPageTrace [ RunTime:0.000000s ]
INFO: [ app_end ] --END-- [ RunTime:0.000000s ]

[ 2017-08-19T00:49:13+08:00 ] ::1 /
INFO: [ app_begin ] --START--
INFO: Run Behavior\ReadHtmlCache [ RunTime:0.000000s ]
INFO: [ app_begin ] --END-- [ RunTime:0.000000s ]
SQL: SHOW COLUMNS FROM `jqg_furnituretype` [ RunTime:0.003000s ]
SQL: SELECT * FROM `jqg_furnituretype` ORDER BY sort desc,id asc  [ RunTime:0.000000s ]
SQL: SHOW COLUMNS FROM `jqg_show` [ RunTime:0.003001s ]
SQL: SELECT * FROM `jqg_show` WHERE ( type=2 )  [ RunTime:0.000000s ]
SQL: SHOW COLUMNS FROM `jqg_storytype` [ RunTime:0.003000s ]
SQL: SELECT * FROM `jqg_storytype` ORDER BY sort desc,id asc LIMIT 0,5   [ RunTime:0.001000s ]
SQL: SHOW COLUMNS FROM `jqg_interlocution` [ RunTime:0.003000s ]
SQL: SELECT * FROM `jqg_interlocution` WHERE ( type=1 ) ORDER BY sort desc,id desc LIMIT 0,6   [ RunTime:0.000000s ]
SQL: SELECT * FROM `jqg_interlocution` WHERE ( type=2 ) ORDER BY sort desc,id desc LIMIT 0,6   [ RunTime:0.001000s ]
SQL: SELECT * FROM `jqg_interlocution` WHERE ( type=3 ) ORDER BY sort desc,id desc LIMIT 0,6   [ RunTime:0.001000s ]
SQL: SELECT * FROM `jqg_interlocution` WHERE ( type=4 ) ORDER BY sort desc,id desc LIMIT 0,6   [ RunTime:0.000000s ]
SQL: SHOW COLUMNS FROM `jqg_story` [ RunTime:0.004000s ]
SQL: SELECT * FROM `jqg_story` WHERE ( type=1 ) ORDER BY sort desc,id desc LIMIT 0,4   [ RunTime:0.000000s ]
SQL: SHOW COLUMNS FROM `jqg_news` [ RunTime:0.004001s ]
SQL: SELECT * FROM `jqg_news` WHERE ( type=1 ) ORDER BY sort desc,id desc LIMIT 0,7   [ RunTime:0.002000s ]
SQL: SELECT * FROM `jqg_news` WHERE ( type=2 ) ORDER BY sort desc,id desc LIMIT 0,7   [ RunTime:0.000000s ]
INFO: [ view_parse ] --START--
INFO: [ template_filter ] --START--
INFO: Run Behavior\ContentReplace [ RunTime:0.000000s ]
INFO: [ template_filter ] --END-- [ RunTime:0.000000s ]
NOTIC: [8] Use of undefined constant id - assumed 'id' D:\phpStudy\WWW\Application\Runtime\Cache\Home\2a94b8bda04ff446dcedd42276fc99ee.php 第 198 行.
NOTIC: [8] Use of undefined constant id - assumed 'id' D:\phpStudy\WWW\Application\Runtime\Cache\Home\2a94b8bda04ff446dcedd42276fc99ee.php 第 198 行.
NOTIC: [8] Use of undefined constant id - assumed 'id' D:\phpStudy\WWW\Application\Runtime\Cache\Home\2a94b8bda04ff446dcedd42276fc99ee.php 第 198 行.
NOTIC: [8] Use of undefined constant id - assumed 'id' D:\phpStudy\WWW\Application\Runtime\Cache\Home\2a94b8bda04ff446dcedd42276fc99ee.php 第 198 行.
NOTIC: [8] Use of undefined constant id - assumed 'id' D:\phpStudy\WWW\Application\Runtime\Cache\Home\2a94b8bda04ff446dcedd42276fc99ee.php 第 198 行.
INFO: Run Behavior\ParseTemplate [ RunTime:0.015001s ]
INFO: [ view_parse ] --END-- [ RunTime:0.015001s ]
INFO: [ view_filter ] --START--
INFO: Run Behavior\WriteHtmlCache [ RunTime:0.000000s ]
INFO: [ view_filter ] --END-- [ RunTime:0.000000s ]
INFO: [ app_end ] --START--
INFO: Run Behavior\ShowPageTrace [ RunTime:0.000000s ]
INFO: [ app_end ] --END-- [ RunTime:0.000000s ]

[ 2017-08-19T00:49:54+08:00 ] ::1 /
INFO: [ app_begin ] --START--
INFO: Run Behavior\ReadHtmlCache [ RunTime:0.000000s ]
INFO: [ app_begin ] --END-- [ RunTime:0.001000s ]
SQL: SHOW COLUMNS FROM `jqg_furnituretype` [ RunTime:0.005001s ]
SQL: SELECT * FROM `jqg_furnituretype` ORDER BY sort desc,id asc  [ RunTime:0.000000s ]
SQL: SHOW COLUMNS FROM `jqg_show` [ RunTime:0.003000s ]
SQL: SELECT * FROM `jqg_show` WHERE ( type=2 )  [ RunTime:0.000000s ]
SQL: SHOW COLUMNS FROM `jqg_storytype` [ RunTime:0.003000s ]
SQL: SELECT * FROM `jqg_storytype` ORDER BY sort desc,id asc LIMIT 0,5   [ RunTime:0.000000s ]
SQL: SHOW COLUMNS FROM `jqg_interlocution` [ RunTime:0.004000s ]
SQL: SELECT * FROM `jqg_interlocution` WHERE ( type=1 ) ORDER BY sort desc,id desc LIMIT 0,6   [ RunTime:0.000000s ]
SQL: SELECT * FROM `jqg_interlocution` WHERE ( type=2 ) ORDER BY sort desc,id desc LIMIT 0,6   [ RunTime:0.001000s ]
SQL: SELECT * FROM `jqg_interlocution` WHERE ( type=3 ) ORDER BY sort desc,id desc LIMIT 0,6   [ RunTime:0.001000s ]
SQL: SELECT * FROM `jqg_interlocution` WHERE ( type=4 ) ORDER BY sort desc,id desc LIMIT 0,6   [ RunTime:0.000000s ]
SQL: SHOW COLUMNS FROM `jqg_story` [ RunTime:0.004001s ]
SQL: SELECT * FROM `jqg_story` WHERE ( type=1 ) ORDER BY sort desc,id desc LIMIT 0,4   [ RunTime:0.000000s ]
SQL: SHOW COLUMNS FROM `jqg_news` [ RunTime:0.004000s ]
SQL: SELECT * FROM `jqg_news` WHERE ( type=1 ) ORDER BY sort desc,id desc LIMIT 0,7   [ RunTime:0.000000s ]
SQL: SELECT * FROM `jqg_news` WHERE ( type=2 ) ORDER BY sort desc,id desc LIMIT 0,7   [ RunTime:0.001000s ]
INFO: [ view_parse ] --START--
INFO: [ template_filter ] --START--
INFO: Run Behavior\ContentReplace [ RunTime:0.000000s ]
INFO: [ template_filter ] --END-- [ RunTime:0.000000s ]
NOTIC: [8] Use of undefined constant id - assumed 'id' D:\phpStudy\WWW\Application\Runtime\Cache\Home\2a94b8bda04ff446dcedd42276fc99ee.php 第 198 行.
NOTIC: [8] Use of undefined constant id - assumed 'id' D:\phpStudy\WWW\Application\Runtime\Cache\Home\2a94b8bda04ff446dcedd42276fc99ee.php 第 198 行.
NOTIC: [8] Use of undefined constant id - assumed 'id' D:\phpStudy\WWW\Application\Runtime\Cache\Home\2a94b8bda04ff446dcedd42276fc99ee.php 第 198 行.
NOTIC: [8] Use of undefined constant id - assumed 'id' D:\phpStudy\WWW\Application\Runtime\Cache\Home\2a94b8bda04ff446dcedd42276fc99ee.php 第 198 行.
NOTIC: [8] Use of undefined constant id - assumed 'id' D:\phpStudy\WWW\Application\Runtime\Cache\Home\2a94b8bda04ff446dcedd42276fc99ee.php 第 198 行.
INFO: Run Behavior\ParseTemplate [ RunTime:0.016001s ]
INFO: [ view_parse ] --END-- [ RunTime:0.016001s ]
INFO: [ view_filter ] --START--
INFO: Run Behavior\WriteHtmlCache [ RunTime:0.000000s ]
INFO: [ view_filter ] --END-- [ RunTime:0.000000s ]
INFO: [ app_end ] --START--
INFO: Run Behavior\ShowPageTrace [ RunTime:0.001000s ]
INFO: [ app_end ] --END-- [ RunTime:0.001000s ]

[ 2017-08-19T00:50:11+08:00 ] ::1 /
INFO: [ app_begin ] --START--
INFO: Run Behavior\ReadHtmlCache [ RunTime:0.000000s ]
INFO: [ app_begin ] --END-- [ RunTime:0.001000s ]
SQL: SHOW COLUMNS FROM `jqg_furnituretype` [ RunTime:0.004000s ]
SQL: SELECT * FROM `jqg_furnituretype` ORDER BY sort desc,id asc  [ RunTime:0.000000s ]
SQL: SHOW COLUMNS FROM `jqg_show` [ RunTime:0.003000s ]
SQL: SELECT * FROM `jqg_show` WHERE ( type=2 )  [ RunTime:0.001000s ]
SQL: SHOW COLUMNS FROM `jqg_storytype` [ RunTime:0.003000s ]
SQL: SELECT * FROM `jqg_storytype` ORDER BY sort desc,id asc LIMIT 0,5   [ RunTime:0.000000s ]
SQL: SHOW COLUMNS FROM `jqg_interlocution` [ RunTime:0.004001s ]
SQL: SELECT * FROM `jqg_interlocution` WHERE ( type=1 ) ORDER BY sort desc,id desc LIMIT 0,6   [ RunTime:0.000000s ]
SQL: SELECT * FROM `jqg_interlocution` WHERE ( type=2 ) ORDER BY sort desc,id desc LIMIT 0,6   [ RunTime:0.001000s ]
SQL: SELECT * FROM `jqg_interlocution` WHERE ( type=3 ) ORDER BY sort desc,id desc LIMIT 0,6   [ RunTime:0.001000s ]
SQL: SELECT * FROM `jqg_interlocution` WHERE ( type=4 ) ORDER BY sort desc,id desc LIMIT 0,6   [ RunTime:0.000000s ]
SQL: SHOW COLUMNS FROM `jqg_story` [ RunTime:0.004000s ]
SQL: SELECT * FROM `jqg_story` WHERE ( type=1 ) ORDER BY sort desc,id desc LIMIT 0,4   [ RunTime:0.000000s ]
SQL: SHOW COLUMNS FROM `jqg_news` [ RunTime:0.003000s ]
SQL: SELECT * FROM `jqg_news` WHERE ( type=1 ) ORDER BY sort desc,id desc LIMIT 0,7   [ RunTime:0.000000s ]
SQL: SELECT * FROM `jqg_news` WHERE ( type=2 ) ORDER BY sort desc,id desc LIMIT 0,7   [ RunTime:0.001000s ]
INFO: [ view_parse ] --START--
INFO: [ template_filter ] --START--
INFO: Run Behavior\ContentReplace [ RunTime:0.000000s ]
INFO: [ template_filter ] --END-- [ RunTime:0.000000s ]
NOTIC: [8] Use of undefined constant id - assumed 'id' D:\phpStudy\WWW\Application\Runtime\Cache\Home\2a94b8bda04ff446dcedd42276fc99ee.php 第 198 行.
NOTIC: [8] Use of undefined constant id - assumed 'id' D:\phpStudy\WWW\Application\Runtime\Cache\Home\2a94b8bda04ff446dcedd42276fc99ee.php 第 198 行.
NOTIC: [8] Use of undefined constant id - assumed 'id' D:\phpStudy\WWW\Application\Runtime\Cache\Home\2a94b8bda04ff446dcedd42276fc99ee.php 第 198 行.
NOTIC: [8] Use of undefined constant id - assumed 'id' D:\phpStudy\WWW\Application\Runtime\Cache\Home\2a94b8bda04ff446dcedd42276fc99ee.php 第 198 行.
NOTIC: [8] Use of undefined constant id - assumed 'id' D:\phpStudy\WWW\Application\Runtime\Cache\Home\2a94b8bda04ff446dcedd42276fc99ee.php 第 198 行.
INFO: Run Behavior\ParseTemplate [ RunTime:0.016001s ]
INFO: [ view_parse ] --END-- [ RunTime:0.016001s ]
INFO: [ view_filter ] --START--
INFO: Run Behavior\WriteHtmlCache [ RunTime:0.000000s ]
INFO: [ view_filter ] --END-- [ RunTime:0.000000s ]
INFO: [ app_end ] --START--
INFO: Run Behavior\ShowPageTrace [ RunTime:0.000000s ]
INFO: [ app_end ] --END-- [ RunTime:0.000000s ]

[ 2017-08-19T00:50:31+08:00 ] ::1 /
INFO: [ app_begin ] --START--
INFO: Run Behavior\ReadHtmlCache [ RunTime:0.001000s ]
INFO: [ app_begin ] --END-- [ RunTime:0.001000s ]
SQL: SHOW COLUMNS FROM `jqg_furnituretype` [ RunTime:0.004000s ]
SQL: SELECT * FROM `jqg_furnituretype` ORDER BY sort desc,id asc  [ RunTime:0.000000s ]
SQL: SHOW COLUMNS FROM `jqg_show` [ RunTime:0.003000s ]
SQL: SELECT * FROM `jqg_show` WHERE ( type=2 )  [ RunTime:0.001000s ]
SQL: SHOW COLUMNS FROM `jqg_storytype` [ RunTime:0.003000s ]
SQL: SELECT * FROM `jqg_storytype` ORDER BY sort desc,id asc LIMIT 0,5   [ RunTime:0.000000s ]
SQL: SHOW COLUMNS FROM `jqg_interlocution` [ RunTime:0.003000s ]
SQL: SELECT * FROM `jqg_interlocution` WHERE ( type=1 ) ORDER BY sort desc,id desc LIMIT 0,6   [ RunTime:0.000000s ]
SQL: SELECT * FROM `jqg_interlocution` WHERE ( type=2 ) ORDER BY sort desc,id desc LIMIT 0,6   [ RunTime:0.001000s ]
SQL: SELECT * FROM `jqg_interlocution` WHERE ( type=3 ) ORDER BY sort desc,id desc LIMIT 0,6   [ RunTime:0.000000s ]
SQL: SELECT * FROM `jqg_interlocution` WHERE ( type=4 ) ORDER BY sort desc,id desc LIMIT 0,6   [ RunTime:0.001000s ]
SQL: SHOW COLUMNS FROM `jqg_story` [ RunTime:0.003001s ]
SQL: SELECT * FROM `jqg_story` WHERE ( type=1 ) ORDER BY sort desc,id desc LIMIT 0,4   [ RunTime:0.001000s ]
SQL: SHOW COLUMNS FROM `jqg_news` [ RunTime:0.003000s ]
SQL: SELECT * FROM `jqg_news` WHERE ( type=1 ) ORDER BY sort desc,id desc LIMIT 0,7   [ RunTime:0.000000s ]
SQL: SELECT * FROM `jqg_news` WHERE ( type=2 ) ORDER BY sort desc,id desc LIMIT 0,7   [ RunTime:0.001000s ]
INFO: [ view_parse ] --START--
INFO: [ template_filter ] --START--
INFO: Run Behavior\ContentReplace [ RunTime:0.000000s ]
INFO: [ template_filter ] --END-- [ RunTime:0.000000s ]
NOTIC: [8] Use of undefined constant id - assumed 'id' D:\phpStudy\WWW\Application\Runtime\Cache\Home\2a94b8bda04ff446dcedd42276fc99ee.php 第 198 行.
NOTIC: [8] Use of undefined constant id - assumed 'id' D:\phpStudy\WWW\Application\Runtime\Cache\Home\2a94b8bda04ff446dcedd42276fc99ee.php 第 198 行.
NOTIC: [8] Use of undefined constant id - assumed 'id' D:\phpStudy\WWW\Application\Runtime\Cache\Home\2a94b8bda04ff446dcedd42276fc99ee.php 第 198 行.
NOTIC: [8] Use of undefined constant id - assumed 'id' D:\phpStudy\WWW\Application\Runtime\Cache\Home\2a94b8bda04ff446dcedd42276fc99ee.php 第 198 行.
NOTIC: [8] Use of undefined constant id - assumed 'id' D:\phpStudy\WWW\Application\Runtime\Cache\Home\2a94b8bda04ff446dcedd42276fc99ee.php 第 198 行.
INFO: Run Behavior\ParseTemplate [ RunTime:0.016001s ]
INFO: [ view_parse ] --END-- [ RunTime:0.016001s ]
INFO: [ view_filter ] --START--
INFO: Run Behavior\WriteHtmlCache [ RunTime:0.000000s ]
INFO: [ view_filter ] --END-- [ RunTime:0.000000s ]
INFO: [ app_end ] --START--
INFO: Run Behavior\ShowPageTrace [ RunTime:0.000000s ]
INFO: [ app_end ] --END-- [ RunTime:0.000000s ]

[ 2017-08-19T00:51:16+08:00 ] ::1 /
INFO: [ app_begin ] --START--
INFO: Run Behavior\ReadHtmlCache [ RunTime:0.000000s ]
INFO: [ app_begin ] --END-- [ RunTime:0.001000s ]
SQL: SHOW COLUMNS FROM `jqg_furnituretype` [ RunTime:0.003000s ]
SQL: SELECT * FROM `jqg_furnituretype` ORDER BY sort desc,id asc  [ RunTime:0.000000s ]
SQL: SHOW COLUMNS FROM `jqg_show` [ RunTime:0.003000s ]
SQL: SELECT * FROM `jqg_show` WHERE ( type=2 )  [ RunTime:0.000000s ]
SQL: SHOW COLUMNS FROM `jqg_storytype` [ RunTime:0.003000s ]
SQL: SELECT * FROM `jqg_storytype` ORDER BY sort desc,id asc LIMIT 0,5   [ RunTime:0.000000s ]
SQL: SHOW COLUMNS FROM `jqg_interlocution` [ RunTime:0.004001s ]
SQL: SELECT * FROM `jqg_interlocution` WHERE ( type=1 ) ORDER BY sort desc,id desc LIMIT 0,6   [ RunTime:0.000000s ]
SQL: SELECT * FROM `jqg_interlocution` WHERE ( type=2 ) ORDER BY sort desc,id desc LIMIT 0,6   [ RunTime:0.001000s ]
SQL: SELECT * FROM `jqg_interlocution` WHERE ( type=3 ) ORDER BY sort desc,id desc LIMIT 0,6   [ RunTime:0.001000s ]
SQL: SELECT * FROM `jqg_interlocution` WHERE ( type=4 ) ORDER BY sort desc,id desc LIMIT 0,6   [ RunTime:0.000000s ]
SQL: SHOW COLUMNS FROM `jqg_story` [ RunTime:0.004000s ]
SQL: SELECT * FROM `jqg_story` WHERE ( type=1 ) ORDER BY sort desc,id desc LIMIT 0,4   [ RunTime:0.000000s ]
SQL: SHOW COLUMNS FROM `jqg_news` [ RunTime:0.003000s ]
SQL: SELECT * FROM `jqg_news` WHERE ( type=1 ) ORDER BY sort desc,id desc LIMIT 0,7   [ RunTime:0.000000s ]
SQL: SELECT * FROM `jqg_news` WHERE ( type=2 ) ORDER BY sort desc,id desc LIMIT 0,7   [ RunTime:0.001000s ]
INFO: [ view_parse ] --START--
INFO: [ template_filter ] --START--
INFO: Run Behavior\ContentReplace [ RunTime:0.000000s ]
INFO: [ template_filter ] --END-- [ RunTime:0.000000s ]
NOTIC: [8] Use of undefined constant id - assumed 'id' D:\phpStudy\WWW\Application\Runtime\Cache\Home\2a94b8bda04ff446dcedd42276fc99ee.php 第 198 行.
NOTIC: [8] Use of undefined constant id - assumed 'id' D:\phpStudy\WWW\Application\Runtime\Cache\Home\2a94b8bda04ff446dcedd42276fc99ee.php 第 198 行.
NOTIC: [8] Use of undefined constant id - assumed 'id' D:\phpStudy\WWW\Application\Runtime\Cache\Home\2a94b8bda04ff446dcedd42276fc99ee.php 第 198 行.
NOTIC: [8] Use of undefined constant id - assumed 'id' D:\phpStudy\WWW\Application\Runtime\Cache\Home\2a94b8bda04ff446dcedd42276fc99ee.php 第 198 行.
NOTIC: [8] Use of undefined constant id - assumed 'id' D:\phpStudy\WWW\Application\Runtime\Cache\Home\2a94b8bda04ff446dcedd42276fc99ee.php 第 198 行.
INFO: Run Behavior\ParseTemplate [ RunTime:0.016001s ]
INFO: [ view_parse ] --END-- [ RunTime:0.016001s ]
INFO: [ view_filter ] --START--
INFO: Run Behavior\WriteHtmlCache [ RunTime:0.000000s ]
INFO: [ view_filter ] --END-- [ RunTime:0.000000s ]
INFO: [ app_end ] --START--
INFO: Run Behavior\ShowPageTrace [ RunTime:0.001000s ]
INFO: [ app_end ] --END-- [ RunTime:0.001000s ]

[ 2017-08-19T00:52:34+08:00 ] ::1 /
INFO: [ app_begin ] --START--
INFO: Run Behavior\ReadHtmlCache [ RunTime:0.001000s ]
INFO: [ app_begin ] --END-- [ RunTime:0.002000s ]
SQL: SHOW COLUMNS FROM `jqg_furnituretype` [ RunTime:0.003000s ]
SQL: SELECT * FROM `jqg_furnituretype` ORDER BY sort desc,id asc  [ RunTime:0.001000s ]
SQL: SHOW COLUMNS FROM `jqg_show` [ RunTime:0.003000s ]
SQL: SELECT * FROM `jqg_show` WHERE ( type=2 )  [ RunTime:0.000000s ]
SQL: SHOW COLUMNS FROM `jqg_storytype` [ RunTime:0.004000s ]
SQL: SELECT * FROM `jqg_storytype` ORDER BY sort desc,id asc LIMIT 0,5   [ RunTime:0.000000s ]
SQL: SHOW COLUMNS FROM `jqg_interlocution` [ RunTime:0.003001s ]
SQL: SELECT * FROM `jqg_interlocution` WHERE ( type=1 ) ORDER BY sort desc,id desc LIMIT 0,6   [ RunTime:0.000000s ]
SQL: SELECT * FROM `jqg_interlocution` WHERE ( type=2 ) ORDER BY sort desc,id desc LIMIT 0,6   [ RunTime:0.001000s ]
SQL: SELECT * FROM `jqg_interlocution` WHERE ( type=3 ) ORDER BY sort desc,id desc LIMIT 0,6   [ RunTime:0.000000s ]
SQL: SELECT * FROM `jqg_interlocution` WHERE ( type=4 ) ORDER BY sort desc,id desc LIMIT 0,6   [ RunTime:0.001000s ]
SQL: SHOW COLUMNS FROM `jqg_story` [ RunTime:0.003000s ]
SQL: SELECT * FROM `jqg_story` WHERE ( type=1 ) ORDER BY sort desc,id desc LIMIT 0,4   [ RunTime:0.000000s ]
SQL: SHOW COLUMNS FROM `jqg_news` [ RunTime:0.004000s ]
SQL: SELECT * FROM `jqg_news` WHERE ( type=1 ) ORDER BY sort desc,id desc LIMIT 0,7   [ RunTime:0.000000s ]
SQL: SELECT * FROM `jqg_news` WHERE ( type=2 ) ORDER BY sort desc,id desc LIMIT 0,7   [ RunTime:0.001000s ]
INFO: [ view_parse ] --START--
INFO: [ template_filter ] --START--
INFO: Run Behavior\ContentReplace [ RunTime:0.001000s ]
INFO: [ template_filter ] --END-- [ RunTime:0.001000s ]
NOTIC: [8] Use of undefined constant id - assumed 'id' D:\phpStudy\WWW\Application\Runtime\Cache\Home\2a94b8bda04ff446dcedd42276fc99ee.php 第 198 行.
NOTIC: [8] Use of undefined constant id - assumed 'id' D:\phpStudy\WWW\Application\Runtime\Cache\Home\2a94b8bda04ff446dcedd42276fc99ee.php 第 198 行.
NOTIC: [8] Use of undefined constant id - assumed 'id' D:\phpStudy\WWW\Application\Runtime\Cache\Home\2a94b8bda04ff446dcedd42276fc99ee.php 第 198 行.
NOTIC: [8] Use of undefined constant id - assumed 'id' D:\phpStudy\WWW\Application\Runtime\Cache\Home\2a94b8bda04ff446dcedd42276fc99ee.php 第 198 行.
NOTIC: [8] Use of undefined constant id - assumed 'id' D:\phpStudy\WWW\Application\Runtime\Cache\Home\2a94b8bda04ff446dcedd42276fc99ee.php 第 198 行.
INFO: Run Behavior\ParseTemplate [ RunTime:0.015001s ]
INFO: [ view_parse ] --END-- [ RunTime:0.015001s ]
INFO: [ view_filter ] --START--
INFO: Run Behavior\WriteHtmlCache [ RunTime:0.001000s ]
INFO: [ view_filter ] --END-- [ RunTime:0.001000s ]
INFO: [ app_end ] --START--
INFO: Run Behavior\ShowPageTrace [ RunTime:0.001000s ]
INFO: [ app_end ] --END-- [ RunTime:0.001000s ]

[ 2017-08-19T00:52:47+08:00 ] ::1 /
INFO: [ app_begin ] --START--
INFO: Run Behavior\ReadHtmlCache [ RunTime:0.000000s ]
INFO: [ app_begin ] --END-- [ RunTime:0.001000s ]
SQL: SHOW COLUMNS FROM `jqg_furnituretype` [ RunTime:0.004000s ]
SQL: SELECT * FROM `jqg_furnituretype` ORDER BY sort desc,id asc  [ RunTime:0.000000s ]
SQL: SHOW COLUMNS FROM `jqg_show` [ RunTime:0.003001s ]
SQL: SELECT * FROM `jqg_show` WHERE ( type=2 )  [ RunTime:0.000000s ]
SQL: SHOW COLUMNS FROM `jqg_storytype` [ RunTime:0.003000s ]
SQL: SELECT * FROM `jqg_storytype` ORDER BY sort desc,id asc LIMIT 0,5   [ RunTime:0.000000s ]
SQL: SHOW COLUMNS FROM `jqg_interlocution` [ RunTime:0.003000s ]
SQL: SELECT * FROM `jqg_interlocution` WHERE ( type=1 ) ORDER BY sort desc,id desc LIMIT 0,6   [ RunTime:0.001000s ]
SQL: SELECT * FROM `jqg_interlocution` WHERE ( type=2 ) ORDER BY sort desc,id desc LIMIT 0,6   [ RunTime:0.000000s ]
SQL: SELECT * FROM `jqg_interlocution` WHERE ( type=3 ) ORDER BY sort desc,id desc LIMIT 0,6   [ RunTime:0.000000s ]
SQL: SELECT * FROM `jqg_interlocution` WHERE ( type=4 ) ORDER BY sort desc,id desc LIMIT 0,6   [ RunTime:0.001000s ]
SQL: SHOW COLUMNS FROM `jqg_story` [ RunTime:0.003000s ]
SQL: SELECT * FROM `jqg_story` WHERE ( type=1 ) ORDER BY sort desc,id desc LIMIT 0,4   [ RunTime:0.001000s ]
SQL: SHOW COLUMNS FROM `jqg_news` [ RunTime:0.003001s ]
SQL: SELECT * FROM `jqg_news` WHERE ( type=1 ) ORDER BY sort desc,id desc LIMIT 0,7   [ RunTime:0.000000s ]
SQL: SELECT * FROM `jqg_news` WHERE ( type=2 ) ORDER BY sort desc,id desc LIMIT 0,7   [ RunTime:0.001000s ]
INFO: [ view_parse ] --START--
INFO: [ template_filter ] --START--
INFO: Run Behavior\ContentReplace [ RunTime:0.000000s ]
INFO: [ template_filter ] --END-- [ RunTime:0.001000s ]
NOTIC: [8] Use of undefined constant id - assumed 'id' D:\phpStudy\WWW\Application\Runtime\Cache\Home\2a94b8bda04ff446dcedd42276fc99ee.php 第 198 行.
NOTIC: [8] Use of undefined constant id - assumed 'id' D:\phpStudy\WWW\Application\Runtime\Cache\Home\2a94b8bda04ff446dcedd42276fc99ee.php 第 198 行.
NOTIC: [8] Use of undefined constant id - assumed 'id' D:\phpStudy\WWW\Application\Runtime\Cache\Home\2a94b8bda04ff446dcedd42276fc99ee.php 第 198 行.
NOTIC: [8] Use of undefined constant id - assumed 'id' D:\phpStudy\WWW\Application\Runtime\Cache\Home\2a94b8bda04ff446dcedd42276fc99ee.php 第 198 行.
NOTIC: [8] Use of undefined constant id - assumed 'id' D:\phpStudy\WWW\Application\Runtime\Cache\Home\2a94b8bda04ff446dcedd42276fc99ee.php 第 198 行.
INFO: Run Behavior\ParseTemplate [ RunTime:0.015000s ]
INFO: [ view_parse ] --END-- [ RunTime:0.015000s ]
INFO: [ view_filter ] --START--
INFO: Run Behavior\WriteHtmlCache [ RunTime:0.001001s ]
INFO: [ view_filter ] --END-- [ RunTime:0.001001s ]
INFO: [ app_end ] --START--
INFO: Run Behavior\ShowPageTrace [ RunTime:0.001000s ]
INFO: [ app_end ] --END-- [ RunTime:0.001000s ]

[ 2017-08-19T00:56:17+08:00 ] ::1 /
INFO: [ app_begin ] --START--
INFO: Run Behavior\ReadHtmlCache [ RunTime:0.001000s ]
INFO: [ app_begin ] --END-- [ RunTime:0.001000s ]
SQL: SHOW COLUMNS FROM `jqg_furnituretype` [ RunTime:0.003000s ]
SQL: SELECT * FROM `jqg_furnituretype` ORDER BY sort desc,id asc  [ RunTime:0.000000s ]
SQL: SHOW COLUMNS FROM `jqg_show` [ RunTime:0.004000s ]
SQL: SELECT * FROM `jqg_show` WHERE ( type=2 )  [ RunTime:0.000000s ]
SQL: SHOW COLUMNS FROM `jqg_storytype` [ RunTime:0.004000s ]
SQL: SELECT * FROM `jqg_storytype` ORDER BY sort desc,id asc LIMIT 0,5   [ RunTime:0.000000s ]
SQL: SHOW COLUMNS FROM `jqg_interlocution` [ RunTime:0.003001s ]
SQL: SELECT * FROM `jqg_interlocution` WHERE ( type=1 ) ORDER BY sort desc,id desc LIMIT 0,6   [ RunTime:0.001000s ]
SQL: SELECT * FROM `jqg_interlocution` WHERE ( type=2 ) ORDER BY sort desc,id desc LIMIT 0,6   [ RunTime:0.001000s ]
SQL: SELECT * FROM `jqg_interlocution` WHERE ( type=3 ) ORDER BY sort desc,id desc LIMIT 0,6   [ RunTime:0.000000s ]
SQL: SELECT * FROM `jqg_interlocution` WHERE ( type=4 ) ORDER BY sort desc,id desc LIMIT 0,6   [ RunTime:0.000000s ]
SQL: SHOW COLUMNS FROM `jqg_story` [ RunTime:0.003000s ]
SQL: SELECT * FROM `jqg_story` WHERE ( type=1 ) ORDER BY sort desc,id desc LIMIT 0,4   [ RunTime:0.000000s ]
SQL: SHOW COLUMNS FROM `jqg_news` [ RunTime:0.003000s ]
SQL: SELECT * FROM `jqg_news` WHERE ( type=1 ) ORDER BY sort desc,id desc LIMIT 0,7   [ RunTime:0.001000s ]
SQL: SELECT * FROM `jqg_news` WHERE ( type=2 ) ORDER BY sort desc,id desc LIMIT 0,7   [ RunTime:0.001000s ]
INFO: [ view_parse ] --START--
INFO: [ template_filter ] --START--
INFO: Run Behavior\ContentReplace [ RunTime:0.001000s ]
INFO: [ template_filter ] --END-- [ RunTime:0.001000s ]
NOTIC: [8] Use of undefined constant id - assumed 'id' D:\phpStudy\WWW\Application\Runtime\Cache\Home\2a94b8bda04ff446dcedd42276fc99ee.php 第 198 行.
NOTIC: [8] Use of undefined constant id - assumed 'id' D:\phpStudy\WWW\Application\Runtime\Cache\Home\2a94b8bda04ff446dcedd42276fc99ee.php 第 198 行.
NOTIC: [8] Use of undefined constant id - assumed 'id' D:\phpStudy\WWW\Application\Runtime\Cache\Home\2a94b8bda04ff446dcedd42276fc99ee.php 第 198 行.
NOTIC: [8] Use of undefined constant id - assumed 'id' D:\phpStudy\WWW\Application\Runtime\Cache\Home\2a94b8bda04ff446dcedd42276fc99ee.php 第 198 行.
NOTIC: [8] Use of undefined constant id - assumed 'id' D:\phpStudy\WWW\Application\Runtime\Cache\Home\2a94b8bda04ff446dcedd42276fc99ee.php 第 198 行.
INFO: Run Behavior\ParseTemplate [ RunTime:0.015001s ]
INFO: [ view_parse ] --END-- [ RunTime:0.015001s ]
INFO: [ view_filter ] --START--
INFO: Run Behavior\WriteHtmlCache [ RunTime:0.001000s ]
INFO: [ view_filter ] --END-- [ RunTime:0.001000s ]
INFO: [ app_end ] --START--
INFO: Run Behavior\ShowPageTrace [ RunTime:0.001000s ]
INFO: [ app_end ] --END-- [ RunTime:0.001000s ]

[ 2017-08-19T00:57:20+08:00 ] ::1 /
INFO: [ app_begin ] --START--
INFO: Run Behavior\ReadHtmlCache [ RunTime:0.001000s ]
INFO: [ app_begin ] --END-- [ RunTime:0.001000s ]
SQL: SHOW COLUMNS FROM `jqg_furnituretype` [ RunTime:0.004000s ]
SQL: SELECT * FROM `jqg_furnituretype` ORDER BY sort desc,id asc  [ RunTime:0.000000s ]
SQL: SHOW COLUMNS FROM `jqg_show` [ RunTime:0.003001s ]
SQL: SELECT * FROM `jqg_show` WHERE ( type=2 )  [ RunTime:0.000000s ]
SQL: SHOW COLUMNS FROM `jqg_storytype` [ RunTime:0.004000s ]
SQL: SELECT * FROM `jqg_storytype` ORDER BY sort desc,id asc LIMIT 0,5   [ RunTime:0.000000s ]
SQL: SHOW COLUMNS FROM `jqg_interlocution` [ RunTime:0.003000s ]
SQL: SELECT * FROM `jqg_interlocution` WHERE ( type=1 ) ORDER BY sort desc,id desc LIMIT 0,6   [ RunTime:0.001000s ]
SQL: SELECT * FROM `jqg_interlocution` WHERE ( type=2 ) ORDER BY sort desc,id desc LIMIT 0,6   [ RunTime:0.001000s ]
SQL: SELECT * FROM `jqg_interlocution` WHERE ( type=3 ) ORDER BY sort desc,id desc LIMIT 0,6   [ RunTime:0.000000s ]
SQL: SELECT * FROM `jqg_interlocution` WHERE ( type=4 ) ORDER BY sort desc,id desc LIMIT 0,6   [ RunTime:0.001000s ]
SQL: SHOW COLUMNS FROM `jqg_story` [ RunTime:0.003000s ]
SQL: SELECT * FROM `jqg_story` WHERE ( type=1 ) ORDER BY sort desc,id desc LIMIT 0,4   [ RunTime:0.001000s ]
SQL: SHOW COLUMNS FROM `jqg_news` [ RunTime:0.003000s ]
SQL: SELECT * FROM `jqg_news` WHERE ( type=1 ) ORDER BY sort desc,id desc LIMIT 0,7   [ RunTime:0.000000s ]
SQL: SELECT * FROM `jqg_news` WHERE ( type=2 ) ORDER BY sort desc,id desc LIMIT 0,7   [ RunTime:0.000000s ]
INFO: [ view_parse ] --START--
INFO: [ template_filter ] --START--
INFO: Run Behavior\ContentReplace [ RunTime:0.000000s ]
INFO: [ template_filter ] --END-- [ RunTime:0.000000s ]
NOTIC: [8] Use of undefined constant id - assumed 'id' D:\phpStudy\WWW\Application\Runtime\Cache\Home\2a94b8bda04ff446dcedd42276fc99ee.php 第 198 行.
NOTIC: [8] Use of undefined constant id - assumed 'id' D:\phpStudy\WWW\Application\Runtime\Cache\Home\2a94b8bda04ff446dcedd42276fc99ee.php 第 198 行.
NOTIC: [8] Use of undefined constant id - assumed 'id' D:\phpStudy\WWW\Application\Runtime\Cache\Home\2a94b8bda04ff446dcedd42276fc99ee.php 第 198 行.
NOTIC: [8] Use of undefined constant id - assumed 'id' D:\phpStudy\WWW\Application\Runtime\Cache\Home\2a94b8bda04ff446dcedd42276fc99ee.php 第 198 行.
NOTIC: [8] Use of undefined constant id - assumed 'id' D:\phpStudy\WWW\Application\Runtime\Cache\Home\2a94b8bda04ff446dcedd42276fc99ee.php 第 198 行.
INFO: Run Behavior\ParseTemplate [ RunTime:0.015000s ]
INFO: [ view_parse ] --END-- [ RunTime:0.015000s ]
INFO: [ view_filter ] --START--
INFO: Run Behavior\WriteHtmlCache [ RunTime:0.000000s ]
INFO: [ view_filter ] --END-- [ RunTime:0.000000s ]
INFO: [ app_end ] --START--
INFO: Run Behavior\ShowPageTrace [ RunTime:0.000000s ]
INFO: [ app_end ] --END-- [ RunTime:0.000000s ]

