[ 2017-02-18T00:00:50+08:00 ] ::1 /
INFO: [ app_begin ] --START--
INFO: Run Behavior\ReadHtmlCache [ RunTime:0.001000s ]
INFO: [ app_begin ] --END-- [ RunTime:0.001000s ]
SQL: SHOW COLUMNS FROM `ny_product` [ RunTime:0.004000s ]
SQL: SELECT * FROM `ny_product` ORDER BY sort desc,id desc LIMIT 0,3   [ RunTime:0.000000s ]
SQL: SHOW COLUMNS FROM `ny_news` [ RunTime:0.004001s ]
SQL: SELECT * FROM `ny_news` ORDER BY sort desc,id desc LIMIT 0,3   [ RunTime:0.001000s ]
SQL: SHOW COLUMNS FROM `ny_company` [ RunTime:0.004000s ]
SQL: SELECT * FROM `ny_company` ORDER BY sort desc,id desc LIMIT 0,1   [ RunTime:0.000000s ]
INFO: [ view_parse ] --START--
INFO: [ template_filter ] --START--
INFO: Run Behavior\ContentReplace [ RunTime:0.000000s ]
INFO: [ template_filter ] --END-- [ RunTime:0.000000s ]
INFO: Run Behavior\ParseTemplate [ RunTime:0.011001s ]
INFO: [ view_parse ] --END-- [ RunTime:0.011001s ]
INFO: [ view_filter ] --START--
INFO: Run Behavior\WriteHtmlCache [ RunTime:0.000000s ]
INFO: [ view_filter ] --END-- [ RunTime:0.000000s ]
INFO: [ app_end ] --START--
INFO: Run Behavior\ShowPageTrace [ RunTime:0.001000s ]
INFO: [ app_end ] --END-- [ RunTime:0.001000s ]

[ 2017-02-18T00:01:54+08:00 ] ::1 /
INFO: [ app_begin ] --START--
INFO: Run Behavior\ReadHtmlCache [ RunTime:0.000000s ]
INFO: [ app_begin ] --END-- [ RunTime:0.001000s ]
SQL: SHOW COLUMNS FROM `ny_product` [ RunTime:0.004000s ]
SQL: SELECT * FROM `ny_product` ORDER BY sort desc,id desc LIMIT 0,3   [ RunTime:0.000000s ]
SQL: SHOW COLUMNS FROM `ny_news` [ RunTime:0.004000s ]
SQL: SELECT * FROM `ny_news` ORDER BY sort desc,id desc LIMIT 0,3   [ RunTime:0.001000s ]
SQL: SHOW COLUMNS FROM `ny_company` [ RunTime:0.003000s ]
SQL: SELECT * FROM `ny_company` ORDER BY sort desc,id desc LIMIT 0,1   [ RunTime:0.000000s ]
INFO: [ view_parse ] --START--
INFO: [ template_filter ] --START--
INFO: Run Behavior\ContentReplace [ RunTime:0.000000s ]
INFO: [ template_filter ] --END-- [ RunTime:0.001000s ]
INFO: Run Behavior\ParseTemplate [ RunTime:0.010001s ]
INFO: [ view_parse ] --END-- [ RunTime:0.010001s ]
INFO: [ view_filter ] --START--
INFO: Run Behavior\WriteHtmlCache [ RunTime:0.001000s ]
INFO: [ view_filter ] --END-- [ RunTime:0.001000s ]
INFO: [ app_end ] --START--
INFO: Run Behavior\ShowPageTrace [ RunTime:0.000000s ]
INFO: [ app_end ] --END-- [ RunTime:0.001000s ]

[ 2017-02-18T00:02:18+08:00 ] ::1 /
INFO: [ app_begin ] --START--
INFO: Run Behavior\ReadHtmlCache [ RunTime:0.000000s ]
INFO: [ app_begin ] --END-- [ RunTime:0.001000s ]
SQL: SHOW COLUMNS FROM `ny_product` [ RunTime:0.004000s ]
SQL: SELECT * FROM `ny_product` ORDER BY sort desc,id desc LIMIT 0,3   [ RunTime:0.001000s ]
SQL: SHOW COLUMNS FROM `ny_news` [ RunTime:0.004000s ]
SQL: SELECT * FROM `ny_news` ORDER BY sort desc,id desc LIMIT 0,3   [ RunTime:0.000000s ]
SQL: SHOW COLUMNS FROM `ny_company` [ RunTime:0.004001s ]
SQL: SELECT * FROM `ny_company` ORDER BY sort desc,id desc LIMIT 0,1   [ RunTime:0.000000s ]
INFO: [ view_parse ] --START--
INFO: [ template_filter ] --START--
INFO: Run Behavior\ContentReplace [ RunTime:0.000000s ]
INFO: [ template_filter ] --END-- [ RunTime:0.001000s ]
INFO: Run Behavior\ParseTemplate [ RunTime:0.010000s ]
INFO: [ view_parse ] --END-- [ RunTime:0.011000s ]
INFO: [ view_filter ] --START--
INFO: Run Behavior\WriteHtmlCache [ RunTime:0.000000s ]
INFO: [ view_filter ] --END-- [ RunTime:0.000000s ]
INFO: [ app_end ] --START--
INFO: Run Behavior\ShowPageTrace [ RunTime:0.001000s ]
INFO: [ app_end ] --END-- [ RunTime:0.001000s ]

[ 2017-02-18T00:03:45+08:00 ] ::1 /
INFO: [ app_begin ] --START--
INFO: Run Behavior\ReadHtmlCache [ RunTime:0.001000s ]
INFO: [ app_begin ] --END-- [ RunTime:0.001000s ]
SQL: SHOW COLUMNS FROM `ny_product` [ RunTime:0.004000s ]
SQL: SELECT * FROM `ny_product` ORDER BY sort desc,id desc LIMIT 0,3   [ RunTime:0.001000s ]
SQL: SHOW COLUMNS FROM `ny_news` [ RunTime:0.003000s ]
SQL: SELECT * FROM `ny_news` ORDER BY sort desc,id desc LIMIT 0,3   [ RunTime:0.001000s ]
SQL: SHOW COLUMNS FROM `ny_company` [ RunTime:0.004001s ]
SQL: SELECT * FROM `ny_company` ORDER BY sort desc,id desc LIMIT 0,1   [ RunTime:0.000000s ]
INFO: [ view_parse ] --START--
INFO: [ template_filter ] --START--
INFO: Run Behavior\ContentReplace [ RunTime:0.000000s ]
INFO: [ template_filter ] --END-- [ RunTime:0.000000s ]
INFO: Run Behavior\ParseTemplate [ RunTime:0.010000s ]
INFO: [ view_parse ] --END-- [ RunTime:0.010000s ]
INFO: [ view_filter ] --START--
INFO: Run Behavior\WriteHtmlCache [ RunTime:0.001000s ]
INFO: [ view_filter ] --END-- [ RunTime:0.001000s ]
INFO: [ app_end ] --START--
INFO: Run Behavior\ShowPageTrace [ RunTime:0.000000s ]
INFO: [ app_end ] --END-- [ RunTime:0.000000s ]

[ 2017-02-18T00:05:05+08:00 ] ::1 /
INFO: [ app_begin ] --START--
INFO: Run Behavior\ReadHtmlCache [ RunTime:0.000000s ]
INFO: [ app_begin ] --END-- [ RunTime:0.001000s ]
SQL: SHOW COLUMNS FROM `ny_product` [ RunTime:0.003000s ]
SQL: SELECT * FROM `ny_product` ORDER BY sort desc,id desc LIMIT 0,3   [ RunTime:0.001000s ]
SQL: SHOW COLUMNS FROM `ny_news` [ RunTime:0.003000s ]
SQL: SELECT * FROM `ny_news` ORDER BY sort desc,id desc LIMIT 0,3   [ RunTime:0.001000s ]
SQL: SHOW COLUMNS FROM `ny_company` [ RunTime:0.003000s ]
SQL: SELECT * FROM `ny_company` ORDER BY sort desc,id desc LIMIT 0,1   [ RunTime:0.000000s ]
INFO: [ view_parse ] --START--
INFO: [ template_filter ] --START--
INFO: Run Behavior\ContentReplace [ RunTime:0.000000s ]
INFO: [ template_filter ] --END-- [ RunTime:0.000000s ]
INFO: Run Behavior\ParseTemplate [ RunTime:0.010001s ]
INFO: [ view_parse ] --END-- [ RunTime:0.010001s ]
INFO: [ view_filter ] --START--
INFO: Run Behavior\WriteHtmlCache [ RunTime:0.000000s ]
INFO: [ view_filter ] --END-- [ RunTime:0.000000s ]
INFO: [ app_end ] --START--
INFO: Run Behavior\ShowPageTrace [ RunTime:0.001000s ]
INFO: [ app_end ] --END-- [ RunTime:0.001000s ]

[ 2017-02-18T00:05:43+08:00 ] ::1 /
INFO: [ app_begin ] --START--
INFO: Run Behavior\ReadHtmlCache [ RunTime:0.001000s ]
INFO: [ app_begin ] --END-- [ RunTime:0.001000s ]
SQL: SHOW COLUMNS FROM `ny_product` [ RunTime:0.004000s ]
SQL: SELECT * FROM `ny_product` ORDER BY sort desc,id desc LIMIT 0,3   [ RunTime:0.001000s ]
SQL: SHOW COLUMNS FROM `ny_news` [ RunTime:0.003000s ]
SQL: SELECT * FROM `ny_news` ORDER BY sort desc,id desc LIMIT 0,3   [ RunTime:0.000000s ]
SQL: SHOW COLUMNS FROM `ny_company` [ RunTime:0.003000s ]
SQL: SELECT * FROM `ny_company` ORDER BY sort desc,id desc LIMIT 0,1   [ RunTime:0.000000s ]
INFO: [ view_parse ] --START--
INFO: [ template_filter ] --START--
INFO: Run Behavior\ContentReplace [ RunTime:0.000000s ]
INFO: [ template_filter ] --END-- [ RunTime:0.000000s ]
INFO: Run Behavior\ParseTemplate [ RunTime:0.010000s ]
INFO: [ view_parse ] --END-- [ RunTime:0.010000s ]
INFO: [ view_filter ] --START--
INFO: Run Behavior\WriteHtmlCache [ RunTime:0.000000s ]
INFO: [ view_filter ] --END-- [ RunTime:0.000000s ]
INFO: [ app_end ] --START--
INFO: Run Behavior\ShowPageTrace [ RunTime:0.001000s ]
INFO: [ app_end ] --END-- [ RunTime:0.001000s ]

[ 2017-02-18T00:06:52+08:00 ] ::1 /
INFO: [ app_begin ] --START--
INFO: Run Behavior\ReadHtmlCache [ RunTime:0.000000s ]
INFO: [ app_begin ] --END-- [ RunTime:0.000000s ]
SQL: SHOW COLUMNS FROM `ny_product` [ RunTime:0.003000s ]
SQL: SELECT * FROM `ny_product` ORDER BY sort desc,id desc LIMIT 0,3   [ RunTime:0.000000s ]
SQL: SHOW COLUMNS FROM `ny_news` [ RunTime:0.004001s ]
SQL: SELECT * FROM `ny_news` ORDER BY sort desc,id desc LIMIT 0,3   [ RunTime:0.000000s ]
SQL: SHOW COLUMNS FROM `ny_company` [ RunTime:0.003000s ]
SQL: SELECT * FROM `ny_company` ORDER BY sort desc,id desc LIMIT 0,1   [ RunTime:0.000000s ]
INFO: [ view_parse ] --START--
INFO: [ template_filter ] --START--
INFO: Run Behavior\ContentReplace [ RunTime:0.000000s ]
INFO: [ template_filter ] --END-- [ RunTime:0.000000s ]
INFO: Run Behavior\ParseTemplate [ RunTime:0.009000s ]
INFO: [ view_parse ] --END-- [ RunTime:0.009000s ]
INFO: [ view_filter ] --START--
INFO: Run Behavior\WriteHtmlCache [ RunTime:0.000000s ]
INFO: [ view_filter ] --END-- [ RunTime:0.000000s ]
INFO: [ app_end ] --START--
INFO: Run Behavior\ShowPageTrace [ RunTime:0.001000s ]
INFO: [ app_end ] --END-- [ RunTime:0.001000s ]

[ 2017-02-18T00:08:04+08:00 ] ::1 /
INFO: [ app_begin ] --START--
INFO: Run Behavior\ReadHtmlCache [ RunTime:0.001001s ]
INFO: [ app_begin ] --END-- [ RunTime:0.001001s ]
SQL: SHOW COLUMNS FROM `ny_product` [ RunTime:0.004000s ]
SQL: SELECT * FROM `ny_product` ORDER BY sort desc,id desc LIMIT 0,3   [ RunTime:0.000000s ]
SQL: SHOW COLUMNS FROM `ny_news` [ RunTime:0.003001s ]
SQL: SELECT * FROM `ny_news` ORDER BY sort desc,id desc LIMIT 0,3   [ RunTime:0.000000s ]
SQL: SHOW COLUMNS FROM `ny_company` [ RunTime:0.003000s ]
SQL: SELECT * FROM `ny_company` ORDER BY sort desc,id desc LIMIT 0,1   [ RunTime:0.000000s ]
INFO: [ view_parse ] --START--
INFO: [ template_filter ] --START--
INFO: Run Behavior\ContentReplace [ RunTime:0.000000s ]
INFO: [ template_filter ] --END-- [ RunTime:0.000000s ]
INFO: Run Behavior\ParseTemplate [ RunTime:0.010001s ]
INFO: [ view_parse ] --END-- [ RunTime:0.010001s ]
INFO: [ view_filter ] --START--
INFO: Run Behavior\WriteHtmlCache [ RunTime:0.000000s ]
INFO: [ view_filter ] --END-- [ RunTime:0.000000s ]
INFO: [ app_end ] --START--
INFO: Run Behavior\ShowPageTrace [ RunTime:0.000000s ]
INFO: [ app_end ] --END-- [ RunTime:0.000000s ]

[ 2017-02-18T00:09:00+08:00 ] ::1 /
INFO: [ app_begin ] --START--
INFO: Run Behavior\ReadHtmlCache [ RunTime:0.001000s ]
INFO: [ app_begin ] --END-- [ RunTime:0.001000s ]
SQL: SHOW COLUMNS FROM `ny_product` [ RunTime:0.004001s ]
SQL: SELECT * FROM `ny_product` ORDER BY sort desc,id desc LIMIT 0,3   [ RunTime:0.000000s ]
SQL: SHOW COLUMNS FROM `ny_news` [ RunTime:0.003000s ]
SQL: SELECT * FROM `ny_news` ORDER BY sort desc,id desc LIMIT 0,3   [ RunTime:0.000000s ]
SQL: SHOW COLUMNS FROM `ny_company` [ RunTime:0.003000s ]
SQL: SELECT * FROM `ny_company` ORDER BY sort desc,id desc LIMIT 0,1   [ RunTime:0.000000s ]
INFO: [ view_parse ] --START--
INFO: [ template_filter ] --START--
INFO: Run Behavior\ContentReplace [ RunTime:0.001000s ]
INFO: [ template_filter ] --END-- [ RunTime:0.001000s ]
INFO: Run Behavior\ParseTemplate [ RunTime:0.010001s ]
INFO: [ view_parse ] --END-- [ RunTime:0.010001s ]
INFO: [ view_filter ] --START--
INFO: Run Behavior\WriteHtmlCache [ RunTime:0.001000s ]
INFO: [ view_filter ] --END-- [ RunTime:0.001000s ]
INFO: [ app_end ] --START--
INFO: Run Behavior\ShowPageTrace [ RunTime:0.001000s ]
INFO: [ app_end ] --END-- [ RunTime:0.001000s ]

[ 2017-02-18T00:09:55+08:00 ] ::1 /
INFO: [ app_begin ] --START--
INFO: Run Behavior\ReadHtmlCache [ RunTime:0.001000s ]
INFO: [ app_begin ] --END-- [ RunTime:0.001000s ]
SQL: SHOW COLUMNS FROM `ny_product` [ RunTime:0.004000s ]
SQL: SELECT * FROM `ny_product` ORDER BY sort desc,id desc LIMIT 0,3   [ RunTime:0.000000s ]
SQL: SHOW COLUMNS FROM `ny_news` [ RunTime:0.003001s ]
SQL: SELECT * FROM `ny_news` ORDER BY sort desc,id desc LIMIT 0,3   [ RunTime:0.000000s ]
SQL: SHOW COLUMNS FROM `ny_company` [ RunTime:0.004000s ]
SQL: SELECT * FROM `ny_company` ORDER BY sort desc,id desc LIMIT 0,1   [ RunTime:0.000000s ]
INFO: [ view_parse ] --START--
INFO: [ template_filter ] --START--
INFO: Run Behavior\ContentReplace [ RunTime:0.000000s ]
INFO: [ template_filter ] --END-- [ RunTime:0.001000s ]
INFO: Run Behavior\ParseTemplate [ RunTime:0.010000s ]
INFO: [ view_parse ] --END-- [ RunTime:0.010000s ]
INFO: [ view_filter ] --START--
INFO: Run Behavior\WriteHtmlCache [ RunTime:0.001000s ]
INFO: [ view_filter ] --END-- [ RunTime:0.001000s ]
INFO: [ app_end ] --START--
INFO: Run Behavior\ShowPageTrace [ RunTime:0.000000s ]
INFO: [ app_end ] --END-- [ RunTime:0.000000s ]

[ 2017-02-18T00:10:08+08:00 ] ::1 /
INFO: [ app_begin ] --START--
INFO: Run Behavior\ReadHtmlCache [ RunTime:0.000000s ]
INFO: [ app_begin ] --END-- [ RunTime:0.001000s ]
SQL: SHOW COLUMNS FROM `ny_product` [ RunTime:0.003001s ]
SQL: SELECT * FROM `ny_product` ORDER BY sort desc,id desc LIMIT 0,3   [ RunTime:0.000000s ]
SQL: SHOW COLUMNS FROM `ny_news` [ RunTime:0.004000s ]
SQL: SELECT * FROM `ny_news` ORDER BY sort desc,id desc LIMIT 0,3   [ RunTime:0.000000s ]
SQL: SHOW COLUMNS FROM `ny_company` [ RunTime:0.004000s ]
SQL: SELECT * FROM `ny_company` ORDER BY sort desc,id desc LIMIT 0,1   [ RunTime:0.000000s ]
INFO: [ view_parse ] --START--
INFO: [ template_filter ] --START--
INFO: Run Behavior\ContentReplace [ RunTime:0.000000s ]
INFO: [ template_filter ] --END-- [ RunTime:0.000000s ]
INFO: Run Behavior\ParseTemplate [ RunTime:0.010001s ]
INFO: [ view_parse ] --END-- [ RunTime:0.010001s ]
INFO: [ view_filter ] --START--
INFO: Run Behavior\WriteHtmlCache [ RunTime:0.000000s ]
INFO: [ view_filter ] --END-- [ RunTime:0.000000s ]
INFO: [ app_end ] --START--
INFO: Run Behavior\ShowPageTrace [ RunTime:0.001000s ]
INFO: [ app_end ] --END-- [ RunTime:0.001000s ]

[ 2017-02-18T00:15:19+08:00 ] ::1 /
INFO: [ app_begin ] --START--
INFO: Run Behavior\ReadHtmlCache [ RunTime:0.001000s ]
INFO: [ app_begin ] --END-- [ RunTime:0.001000s ]
SQL: SHOW COLUMNS FROM `ny_product` [ RunTime:0.003000s ]
SQL: SELECT * FROM `ny_product` ORDER BY sort desc,id desc LIMIT 0,3   [ RunTime:0.001000s ]
SQL: SHOW COLUMNS FROM `ny_news` [ RunTime:0.003000s ]
SQL: SELECT * FROM `ny_news` ORDER BY sort desc,id desc LIMIT 0,3   [ RunTime:0.000000s ]
SQL: SHOW COLUMNS FROM `ny_company` [ RunTime:0.004000s ]
SQL: SELECT * FROM `ny_company` ORDER BY sort desc,id desc LIMIT 0,1   [ RunTime:0.000000s ]
INFO: [ view_parse ] --START--
INFO: [ template_filter ] --START--
INFO: Run Behavior\ContentReplace [ RunTime:0.000000s ]
INFO: [ template_filter ] --END-- [ RunTime:0.000000s ]
INFO: Run Behavior\ParseTemplate [ RunTime:0.010001s ]
INFO: [ view_parse ] --END-- [ RunTime:0.010001s ]
INFO: [ view_filter ] --START--
INFO: Run Behavior\WriteHtmlCache [ RunTime:0.001000s ]
INFO: [ view_filter ] --END-- [ RunTime:0.001000s ]
INFO: [ app_end ] --START--
INFO: Run Behavior\ShowPageTrace [ RunTime:0.000000s ]
INFO: [ app_end ] --END-- [ RunTime:0.000000s ]

[ 2017-02-18T00:15:42+08:00 ] ::1 /
INFO: [ app_begin ] --START--
INFO: Run Behavior\ReadHtmlCache [ RunTime:0.000000s ]
INFO: [ app_begin ] --END-- [ RunTime:0.001000s ]
SQL: SHOW COLUMNS FROM `ny_product` [ RunTime:0.004000s ]
SQL: SELECT * FROM `ny_product` ORDER BY sort desc,id desc LIMIT 0,3   [ RunTime:0.001000s ]
SQL: SHOW COLUMNS FROM `ny_news` [ RunTime:0.003000s ]
SQL: SELECT * FROM `ny_news` ORDER BY sort desc,id desc LIMIT 0,3   [ RunTime:0.000000s ]
SQL: SHOW COLUMNS FROM `ny_company` [ RunTime:0.004001s ]
SQL: SELECT * FROM `ny_company` ORDER BY sort desc,id desc LIMIT 0,1   [ RunTime:0.000000s ]
INFO: [ view_parse ] --START--
INFO: [ template_filter ] --START--
INFO: Run Behavior\ContentReplace [ RunTime:0.000000s ]
INFO: [ template_filter ] --END-- [ RunTime:0.000000s ]
INFO: Run Behavior\ParseTemplate [ RunTime:0.010000s ]
INFO: [ view_parse ] --END-- [ RunTime:0.010000s ]
INFO: [ view_filter ] --START--
INFO: Run Behavior\WriteHtmlCache [ RunTime:0.000000s ]
INFO: [ view_filter ] --END-- [ RunTime:0.000000s ]
INFO: [ app_end ] --START--
INFO: Run Behavior\ShowPageTrace [ RunTime:0.001000s ]
INFO: [ app_end ] --END-- [ RunTime:0.001000s ]

[ 2017-02-18T00:15:50+08:00 ] ::1 /
INFO: [ app_begin ] --START--
INFO: Run Behavior\ReadHtmlCache [ RunTime:0.001000s ]
INFO: [ app_begin ] --END-- [ RunTime:0.001000s ]
SQL: SHOW COLUMNS FROM `ny_product` [ RunTime:0.004000s ]
SQL: SELECT * FROM `ny_product` ORDER BY sort desc,id desc LIMIT 0,3   [ RunTime:0.000000s ]
SQL: SHOW COLUMNS FROM `ny_news` [ RunTime:0.004001s ]
SQL: SELECT * FROM `ny_news` ORDER BY sort desc,id desc LIMIT 0,3   [ RunTime:0.000000s ]
SQL: SHOW COLUMNS FROM `ny_company` [ RunTime:0.004000s ]
SQL: SELECT * FROM `ny_company` ORDER BY sort desc,id desc LIMIT 0,1   [ RunTime:0.000000s ]
INFO: [ view_parse ] --START--
INFO: [ template_filter ] --START--
INFO: Run Behavior\ContentReplace [ RunTime:0.000000s ]
INFO: [ template_filter ] --END-- [ RunTime:0.000000s ]
INFO: Run Behavior\ParseTemplate [ RunTime:0.010000s ]
INFO: [ view_parse ] --END-- [ RunTime:0.010000s ]
INFO: [ view_filter ] --START--
INFO: Run Behavior\WriteHtmlCache [ RunTime:0.001000s ]
INFO: [ view_filter ] --END-- [ RunTime:0.001000s ]
INFO: [ app_end ] --START--
INFO: Run Behavior\ShowPageTrace [ RunTime:0.000000s ]
INFO: [ app_end ] --END-- [ RunTime:0.000000s ]

[ 2017-02-18T00:16:01+08:00 ] ::1 /
INFO: [ app_begin ] --START--
INFO: Run Behavior\ReadHtmlCache [ RunTime:0.001000s ]
INFO: [ app_begin ] --END-- [ RunTime:0.001000s ]
SQL: SHOW COLUMNS FROM `ny_product` [ RunTime:0.003000s ]
SQL: SELECT * FROM `ny_product` ORDER BY sort desc,id desc LIMIT 0,3   [ RunTime:0.000000s ]
SQL: SHOW COLUMNS FROM `ny_news` [ RunTime:0.005001s ]
SQL: SELECT * FROM `ny_news` ORDER BY sort desc,id desc LIMIT 0,3   [ RunTime:0.000000s ]
SQL: SHOW COLUMNS FROM `ny_company` [ RunTime:0.003000s ]
SQL: SELECT * FROM `ny_company` ORDER BY sort desc,id desc LIMIT 0,1   [ RunTime:0.001000s ]
INFO: [ view_parse ] --START--
INFO: [ template_filter ] --START--
INFO: Run Behavior\ContentReplace [ RunTime:0.001000s ]
INFO: [ template_filter ] --END-- [ RunTime:0.001000s ]
INFO: Run Behavior\ParseTemplate [ RunTime:0.010001s ]
INFO: [ view_parse ] --END-- [ RunTime:0.010001s ]
INFO: [ view_filter ] --START--
INFO: Run Behavior\WriteHtmlCache [ RunTime:0.000000s ]
INFO: [ view_filter ] --END-- [ RunTime:0.001000s ]
INFO: [ app_end ] --START--
INFO: Run Behavior\ShowPageTrace [ RunTime:0.000000s ]
INFO: [ app_end ] --END-- [ RunTime:0.000000s ]

[ 2017-02-18T00:16:21+08:00 ] ::1 /
INFO: [ app_begin ] --START--
INFO: Run Behavior\ReadHtmlCache [ RunTime:0.000000s ]
INFO: [ app_begin ] --END-- [ RunTime:0.001000s ]
SQL: SHOW COLUMNS FROM `ny_product` [ RunTime:0.003000s ]
SQL: SELECT * FROM `ny_product` ORDER BY sort desc,id desc LIMIT 0,3   [ RunTime:0.000000s ]
SQL: SHOW COLUMNS FROM `ny_news` [ RunTime:0.004001s ]
SQL: SELECT * FROM `ny_news` ORDER BY sort desc,id desc LIMIT 0,3   [ RunTime:0.001000s ]
SQL: SHOW COLUMNS FROM `ny_company` [ RunTime:0.003000s ]
SQL: SELECT * FROM `ny_company` ORDER BY sort desc,id desc LIMIT 0,1   [ RunTime:0.000000s ]
INFO: [ view_parse ] --START--
INFO: [ template_filter ] --START--
INFO: Run Behavior\ContentReplace [ RunTime:0.000000s ]
INFO: [ template_filter ] --END-- [ RunTime:0.000000s ]
INFO: Run Behavior\ParseTemplate [ RunTime:0.010001s ]
INFO: [ view_parse ] --END-- [ RunTime:0.010001s ]
INFO: [ view_filter ] --START--
INFO: Run Behavior\WriteHtmlCache [ RunTime:0.000000s ]
INFO: [ view_filter ] --END-- [ RunTime:0.000000s ]
INFO: [ app_end ] --START--
INFO: Run Behavior\ShowPageTrace [ RunTime:0.001000s ]
INFO: [ app_end ] --END-- [ RunTime:0.001000s ]

[ 2017-02-18T00:16:29+08:00 ] ::1 /
INFO: [ app_begin ] --START--
INFO: Run Behavior\ReadHtmlCache [ RunTime:0.001000s ]
INFO: [ app_begin ] --END-- [ RunTime:0.001000s ]
SQL: SHOW COLUMNS FROM `ny_product` [ RunTime:0.003001s ]
SQL: SELECT * FROM `ny_product` ORDER BY sort desc,id desc LIMIT 0,3   [ RunTime:0.000000s ]
SQL: SHOW COLUMNS FROM `ny_news` [ RunTime:0.003000s ]
SQL: SELECT * FROM `ny_news` ORDER BY sort desc,id desc LIMIT 0,3   [ RunTime:0.000000s ]
SQL: SHOW COLUMNS FROM `ny_company` [ RunTime:0.004000s ]
SQL: SELECT * FROM `ny_company` ORDER BY sort desc,id desc LIMIT 0,1   [ RunTime:0.000000s ]
INFO: [ view_parse ] --START--
INFO: [ template_filter ] --START--
INFO: Run Behavior\ContentReplace [ RunTime:0.000000s ]
INFO: [ template_filter ] --END-- [ RunTime:0.000000s ]
INFO: Run Behavior\ParseTemplate [ RunTime:0.011001s ]
INFO: [ view_parse ] --END-- [ RunTime:0.011001s ]
INFO: [ view_filter ] --START--
INFO: Run Behavior\WriteHtmlCache [ RunTime:0.000000s ]
INFO: [ view_filter ] --END-- [ RunTime:0.000000s ]
INFO: [ app_end ] --START--
INFO: Run Behavior\ShowPageTrace [ RunTime:0.000000s ]
INFO: [ app_end ] --END-- [ RunTime:0.000000s ]

[ 2017-02-18T00:18:30+08:00 ] ::1 /
INFO: [ app_begin ] --START--
INFO: Run Behavior\ReadHtmlCache [ RunTime:0.001000s ]
INFO: [ app_begin ] --END-- [ RunTime:0.002000s ]
SQL: SHOW COLUMNS FROM `ny_product` [ RunTime:0.004000s ]
SQL: SELECT * FROM `ny_product` ORDER BY sort desc,id desc LIMIT 0,3   [ RunTime:0.001000s ]
SQL: SHOW COLUMNS FROM `ny_news` [ RunTime:0.003000s ]
SQL: SELECT * FROM `ny_news` ORDER BY sort desc,id desc LIMIT 0,3   [ RunTime:0.000000s ]
SQL: SHOW COLUMNS FROM `ny_company` [ RunTime:0.003001s ]
SQL: SELECT * FROM `ny_company` ORDER BY sort desc,id desc LIMIT 0,1   [ RunTime:0.000000s ]
INFO: [ view_parse ] --START--
INFO: [ template_filter ] --START--
INFO: Run Behavior\ContentReplace [ RunTime:0.000000s ]
INFO: [ template_filter ] --END-- [ RunTime:0.000000s ]
INFO: Run Behavior\ParseTemplate [ RunTime:0.010000s ]
INFO: [ view_parse ] --END-- [ RunTime:0.010000s ]
INFO: [ view_filter ] --START--
INFO: Run Behavior\WriteHtmlCache [ RunTime:0.000000s ]
INFO: [ view_filter ] --END-- [ RunTime:0.000000s ]
INFO: [ app_end ] --START--
INFO: Run Behavior\ShowPageTrace [ RunTime:0.001000s ]
INFO: [ app_end ] --END-- [ RunTime:0.001000s ]

[ 2017-02-18T00:18:38+08:00 ] ::1 /
INFO: [ app_begin ] --START--
INFO: Run Behavior\ReadHtmlCache [ RunTime:0.000000s ]
INFO: [ app_begin ] --END-- [ RunTime:0.001000s ]
SQL: SHOW COLUMNS FROM `ny_product` [ RunTime:0.004000s ]
SQL: SELECT * FROM `ny_product` ORDER BY sort desc,id desc LIMIT 0,3   [ RunTime:0.000000s ]
SQL: SHOW COLUMNS FROM `ny_news` [ RunTime:0.004000s ]
SQL: SELECT * FROM `ny_news` ORDER BY sort desc,id desc LIMIT 0,3   [ RunTime:0.000000s ]
SQL: SHOW COLUMNS FROM `ny_company` [ RunTime:0.004000s ]
SQL: SELECT * FROM `ny_company` ORDER BY sort desc,id desc LIMIT 0,1   [ RunTime:0.000000s ]
INFO: [ view_parse ] --START--
INFO: [ template_filter ] --START--
INFO: Run Behavior\ContentReplace [ RunTime:0.000000s ]
INFO: [ template_filter ] --END-- [ RunTime:0.000000s ]
INFO: Run Behavior\ParseTemplate [ RunTime:0.010001s ]
INFO: [ view_parse ] --END-- [ RunTime:0.010001s ]
INFO: [ view_filter ] --START--
INFO: Run Behavior\WriteHtmlCache [ RunTime:0.000000s ]
INFO: [ view_filter ] --END-- [ RunTime:0.000000s ]
INFO: [ app_end ] --START--
INFO: Run Behavior\ShowPageTrace [ RunTime:0.000000s ]
INFO: [ app_end ] --END-- [ RunTime:0.000000s ]

[ 2017-02-18T00:19:00+08:00 ] ::1 /
INFO: [ app_begin ] --START--
INFO: Run Behavior\ReadHtmlCache [ RunTime:0.000000s ]
INFO: [ app_begin ] --END-- [ RunTime:0.001000s ]
SQL: SHOW COLUMNS FROM `ny_product` [ RunTime:0.003001s ]
SQL: SELECT * FROM `ny_product` ORDER BY sort desc,id desc LIMIT 0,3   [ RunTime:0.001000s ]
SQL: SHOW COLUMNS FROM `ny_news` [ RunTime:0.003000s ]
SQL: SELECT * FROM `ny_news` ORDER BY sort desc,id desc LIMIT 0,3   [ RunTime:0.000000s ]
SQL: SHOW COLUMNS FROM `ny_company` [ RunTime:0.003000s ]
SQL: SELECT * FROM `ny_company` ORDER BY sort desc,id desc LIMIT 0,1   [ RunTime:0.000000s ]
INFO: [ view_parse ] --START--
INFO: [ template_filter ] --START--
INFO: Run Behavior\ContentReplace [ RunTime:0.000000s ]
INFO: [ template_filter ] --END-- [ RunTime:0.000000s ]
INFO: Run Behavior\ParseTemplate [ RunTime:0.011001s ]
INFO: [ view_parse ] --END-- [ RunTime:0.011001s ]
INFO: [ view_filter ] --START--
INFO: Run Behavior\WriteHtmlCache [ RunTime:0.001000s ]
INFO: [ view_filter ] --END-- [ RunTime:0.001000s ]
INFO: [ app_end ] --START--
INFO: Run Behavior\ShowPageTrace [ RunTime:0.001000s ]
INFO: [ app_end ] --END-- [ RunTime:0.001000s ]

[ 2017-02-18T00:19:23+08:00 ] ::1 /
INFO: [ app_begin ] --START--
INFO: Run Behavior\ReadHtmlCache [ RunTime:0.000000s ]
INFO: [ app_begin ] --END-- [ RunTime:0.000000s ]
SQL: SHOW COLUMNS FROM `ny_product` [ RunTime:0.004000s ]
SQL: SELECT * FROM `ny_product` ORDER BY sort desc,id desc LIMIT 0,3   [ RunTime:0.000000s ]
SQL: SHOW COLUMNS FROM `ny_news` [ RunTime:0.003000s ]
SQL: SELECT * FROM `ny_news` ORDER BY sort desc,id desc LIMIT 0,3   [ RunTime:0.000000s ]
SQL: SHOW COLUMNS FROM `ny_company` [ RunTime:0.003001s ]
SQL: SELECT * FROM `ny_company` ORDER BY sort desc,id desc LIMIT 0,1   [ RunTime:0.000000s ]
INFO: [ view_parse ] --START--
INFO: [ template_filter ] --START--
INFO: Run Behavior\ContentReplace [ RunTime:0.000000s ]
INFO: [ template_filter ] --END-- [ RunTime:0.000000s ]
INFO: Run Behavior\ParseTemplate [ RunTime:0.009000s ]
INFO: [ view_parse ] --END-- [ RunTime:0.009000s ]
INFO: [ view_filter ] --START--
INFO: Run Behavior\WriteHtmlCache [ RunTime:0.001000s ]
INFO: [ view_filter ] --END-- [ RunTime:0.001000s ]
INFO: [ app_end ] --START--
INFO: Run Behavior\ShowPageTrace [ RunTime:0.000000s ]
INFO: [ app_end ] --END-- [ RunTime:0.000000s ]

[ 2017-02-18T00:19:58+08:00 ] ::1 /
INFO: [ app_begin ] --START--
INFO: Run Behavior\ReadHtmlCache [ RunTime:0.001000s ]
INFO: [ app_begin ] --END-- [ RunTime:0.001000s ]
SQL: SHOW COLUMNS FROM `ny_product` [ RunTime:0.004000s ]
SQL: SELECT * FROM `ny_product` ORDER BY sort desc,id desc LIMIT 0,3   [ RunTime:0.000000s ]
SQL: SHOW COLUMNS FROM `ny_news` [ RunTime:0.004000s ]
SQL: SELECT * FROM `ny_news` ORDER BY sort desc,id desc LIMIT 0,3   [ RunTime:0.001000s ]
SQL: SHOW COLUMNS FROM `ny_company` [ RunTime:0.003000s ]
SQL: SELECT * FROM `ny_company` ORDER BY sort desc,id desc LIMIT 0,1   [ RunTime:0.000000s ]
INFO: [ view_parse ] --START--
INFO: [ template_filter ] --START--
INFO: Run Behavior\ContentReplace [ RunTime:0.000000s ]
INFO: [ template_filter ] --END-- [ RunTime:0.000000s ]
INFO: Run Behavior\ParseTemplate [ RunTime:0.010001s ]
INFO: [ view_parse ] --END-- [ RunTime:0.010001s ]
INFO: [ view_filter ] --START--
INFO: Run Behavior\WriteHtmlCache [ RunTime:0.000000s ]
INFO: [ view_filter ] --END-- [ RunTime:0.000000s ]
INFO: [ app_end ] --START--
INFO: Run Behavior\ShowPageTrace [ RunTime:0.001000s ]
INFO: [ app_end ] --END-- [ RunTime:0.001000s ]

[ 2017-02-18T00:20:25+08:00 ] ::1 /aboutus/index.html
INFO: [ app_begin ] --START--
INFO: Run Behavior\ReadHtmlCache [ RunTime:0.000000s ]
INFO: [ app_begin ] --END-- [ RunTime:0.000000s ]
SQL: SHOW COLUMNS FROM `ny_product` [ RunTime:0.005000s ]
SQL: SHOW COLUMNS FROM `ny_show` [ RunTime:0.005000s ]
SQL: SELECT * FROM `ny_show` WHERE ( `id` = '1' ) LIMIT 1   [ RunTime:0.000000s ]
SQL: SHOW COLUMNS FROM `ny_patent` [ RunTime:0.004001s ]
ERR: 1146:Table 'nengyuan.ny_patent' doesn't exist
 [ SQL语句 ] : SHOW COLUMNS FROM `ny_patent`
SQL: SELECT * FROM `ny_patent` ORDER BY id desc LIMIT 0,10   [ RunTime:0.000000s ]
ERR: 1146:Table 'nengyuan.ny_patent' doesn't exist
 [ SQL语句 ] : SELECT * FROM `ny_patent` ORDER BY id desc LIMIT 0,10  
INFO: [ view_parse ] --START--
INFO: [ template_filter ] --START--
INFO: Run Behavior\ContentReplace [ RunTime:0.000000s ]
INFO: [ template_filter ] --END-- [ RunTime:0.000000s ]
INFO: Run Behavior\ParseTemplate [ RunTime:0.009000s ]
INFO: [ view_parse ] --END-- [ RunTime:0.009000s ]
INFO: [ view_filter ] --START--
INFO: Run Behavior\WriteHtmlCache [ RunTime:0.000000s ]
INFO: [ view_filter ] --END-- [ RunTime:0.000000s ]
INFO: [ app_end ] --START--
INFO: Run Behavior\ShowPageTrace [ RunTime:0.001000s ]
INFO: [ app_end ] --END-- [ RunTime:0.001000s ]

[ 2017-02-18T00:59:17+08:00 ] ::1 /
INFO: [ app_begin ] --START--
INFO: Run Behavior\ReadHtmlCache [ RunTime:0.000000s ]
INFO: [ app_begin ] --END-- [ RunTime:0.001000s ]
SQL: SHOW COLUMNS FROM `ny_product` [ RunTime:0.004000s ]
SQL: SELECT * FROM `ny_product` ORDER BY sort desc,id desc LIMIT 0,3   [ RunTime:0.000000s ]
SQL: SHOW COLUMNS FROM `ny_news` [ RunTime:0.005001s ]
SQL: SELECT * FROM `ny_news` ORDER BY sort desc,id desc LIMIT 0,3   [ RunTime:0.000000s ]
SQL: SHOW COLUMNS FROM `ny_company` [ RunTime:0.004000s ]
SQL: SELECT * FROM `ny_company` ORDER BY sort desc,id desc LIMIT 0,1   [ RunTime:0.000000s ]
INFO: [ view_parse ] --START--
INFO: [ template_filter ] --START--
INFO: Run Behavior\ContentReplace [ RunTime:0.000000s ]
INFO: [ template_filter ] --END-- [ RunTime:0.001000s ]
INFO: Run Behavior\ParseTemplate [ RunTime:0.010000s ]
INFO: [ view_parse ] --END-- [ RunTime:0.010000s ]
INFO: [ view_filter ] --START--
INFO: Run Behavior\WriteHtmlCache [ RunTime:0.001000s ]
INFO: [ view_filter ] --END-- [ RunTime:0.001000s ]
INFO: [ app_end ] --START--
INFO: Run Behavior\ShowPageTrace [ RunTime:0.001001s ]
INFO: [ app_end ] --END-- [ RunTime:0.001001s ]

[ 2017-02-18T00:59:23+08:00 ] ::1 /
INFO: [ app_begin ] --START--
INFO: Run Behavior\ReadHtmlCache [ RunTime:0.000000s ]
INFO: [ app_begin ] --END-- [ RunTime:0.000000s ]
SQL: SHOW COLUMNS FROM `ny_product` [ RunTime:0.004000s ]
SQL: SELECT * FROM `ny_product` ORDER BY sort desc,id desc LIMIT 0,3   [ RunTime:0.001000s ]
SQL: SHOW COLUMNS FROM `ny_news` [ RunTime:0.003001s ]
SQL: SELECT * FROM `ny_news` ORDER BY sort desc,id desc LIMIT 0,3   [ RunTime:0.000000s ]
SQL: SHOW COLUMNS FROM `ny_company` [ RunTime:0.003000s ]
SQL: SELECT * FROM `ny_company` ORDER BY sort desc,id desc LIMIT 0,1   [ RunTime:0.000000s ]
INFO: [ view_parse ] --START--
INFO: [ template_filter ] --START--
INFO: Run Behavior\ContentReplace [ RunTime:0.000000s ]
INFO: [ template_filter ] --END-- [ RunTime:0.000000s ]
INFO: Run Behavior\ParseTemplate [ RunTime:0.010000s ]
INFO: [ view_parse ] --END-- [ RunTime:0.010000s ]
INFO: [ view_filter ] --START--
INFO: Run Behavior\WriteHtmlCache [ RunTime:0.000000s ]
INFO: [ view_filter ] --END-- [ RunTime:0.000000s ]
INFO: [ app_end ] --START--
INFO: Run Behavior\ShowPageTrace [ RunTime:0.001001s ]
INFO: [ app_end ] --END-- [ RunTime:0.001001s ]

[ 2017-02-18T01:00:48+08:00 ] ::1 /
INFO: [ app_begin ] --START--
INFO: Run Behavior\ReadHtmlCache [ RunTime:0.001000s ]
INFO: [ app_begin ] --END-- [ RunTime:0.001000s ]
SQL: SHOW COLUMNS FROM `ny_product` [ RunTime:0.003000s ]
SQL: SELECT * FROM `ny_product` ORDER BY sort desc,id desc LIMIT 0,3   [ RunTime:0.001000s ]
SQL: SHOW COLUMNS FROM `ny_news` [ RunTime:0.003000s ]
SQL: SELECT * FROM `ny_news` ORDER BY sort desc,id desc LIMIT 0,3   [ RunTime:0.001000s ]
SQL: SHOW COLUMNS FROM `ny_company` [ RunTime:0.003000s ]
SQL: SELECT * FROM `ny_company` ORDER BY sort desc,id desc LIMIT 0,1   [ RunTime:0.000000s ]
INFO: [ view_parse ] --START--
INFO: [ template_filter ] --START--
INFO: Run Behavior\ContentReplace [ RunTime:0.000000s ]
INFO: [ template_filter ] --END-- [ RunTime:0.000000s ]
INFO: Run Behavior\ParseTemplate [ RunTime:0.010001s ]
INFO: [ view_parse ] --END-- [ RunTime:0.010001s ]
INFO: [ view_filter ] --START--
INFO: Run Behavior\WriteHtmlCache [ RunTime:0.000000s ]
INFO: [ view_filter ] --END-- [ RunTime:0.000000s ]
INFO: [ app_end ] --START--
INFO: Run Behavior\ShowPageTrace [ RunTime:0.001000s ]
INFO: [ app_end ] --END-- [ RunTime:0.001000s ]

[ 2017-02-18T01:01:32+08:00 ] ::1 /
INFO: [ app_begin ] --START--
INFO: Run Behavior\ReadHtmlCache [ RunTime:0.000000s ]
INFO: [ app_begin ] --END-- [ RunTime:0.001000s ]
SQL: SHOW COLUMNS FROM `ny_product` [ RunTime:0.003000s ]
SQL: SELECT * FROM `ny_product` ORDER BY sort desc,id desc LIMIT 0,3   [ RunTime:0.001000s ]
SQL: SHOW COLUMNS FROM `ny_news` [ RunTime:0.003000s ]
SQL: SELECT * FROM `ny_news` ORDER BY sort desc,id desc LIMIT 0,3   [ RunTime:0.000000s ]
SQL: SHOW COLUMNS FROM `ny_company` [ RunTime:0.004000s ]
SQL: SELECT * FROM `ny_company` ORDER BY sort desc,id desc LIMIT 0,1   [ RunTime:0.000000s ]
INFO: [ view_parse ] --START--
INFO: [ template_filter ] --START--
INFO: Run Behavior\ContentReplace [ RunTime:0.000000s ]
INFO: [ template_filter ] --END-- [ RunTime:0.000000s ]
INFO: Run Behavior\ParseTemplate [ RunTime:0.010000s ]
INFO: [ view_parse ] --END-- [ RunTime:0.010000s ]
INFO: [ view_filter ] --START--
INFO: Run Behavior\WriteHtmlCache [ RunTime:0.000000s ]
INFO: [ view_filter ] --END-- [ RunTime:0.000000s ]
INFO: [ app_end ] --START--
INFO: Run Behavior\ShowPageTrace [ RunTime:0.001000s ]
INFO: [ app_end ] --END-- [ RunTime:0.001000s ]

[ 2017-02-18T01:02:02+08:00 ] ::1 /
INFO: [ app_begin ] --START--
INFO: Run Behavior\ReadHtmlCache [ RunTime:0.000000s ]
INFO: [ app_begin ] --END-- [ RunTime:0.001000s ]
SQL: SHOW COLUMNS FROM `ny_product` [ RunTime:0.003000s ]
SQL: SELECT * FROM `ny_product` ORDER BY sort desc,id desc LIMIT 0,3   [ RunTime:0.001000s ]
SQL: SHOW COLUMNS FROM `ny_news` [ RunTime:0.003000s ]
SQL: SELECT * FROM `ny_news` ORDER BY sort desc,id desc LIMIT 0,3   [ RunTime:0.000000s ]
SQL: SHOW COLUMNS FROM `ny_company` [ RunTime:0.004000s ]
SQL: SELECT * FROM `ny_company` ORDER BY sort desc,id desc LIMIT 0,1   [ RunTime:0.000000s ]
INFO: [ view_parse ] --START--
INFO: [ template_filter ] --START--
INFO: Run Behavior\ContentReplace [ RunTime:0.000000s ]
INFO: [ template_filter ] --END-- [ RunTime:0.000000s ]
INFO: Run Behavior\ParseTemplate [ RunTime:0.010001s ]
INFO: [ view_parse ] --END-- [ RunTime:0.010001s ]
INFO: [ view_filter ] --START--
INFO: Run Behavior\WriteHtmlCache [ RunTime:0.000000s ]
INFO: [ view_filter ] --END-- [ RunTime:0.000000s ]
INFO: [ app_end ] --START--
INFO: Run Behavior\ShowPageTrace [ RunTime:0.000000s ]
INFO: [ app_end ] --END-- [ RunTime:0.000000s ]

[ 2017-02-18T01:02:23+08:00 ] ::1 /
INFO: [ app_begin ] --START--
INFO: Run Behavior\ReadHtmlCache [ RunTime:0.000000s ]
INFO: [ app_begin ] --END-- [ RunTime:0.001000s ]
SQL: SHOW COLUMNS FROM `ny_product` [ RunTime:0.004000s ]
SQL: SELECT * FROM `ny_product` ORDER BY sort desc,id desc LIMIT 0,3   [ RunTime:0.001000s ]
SQL: SHOW COLUMNS FROM `ny_news` [ RunTime:0.004000s ]
SQL: SELECT * FROM `ny_news` ORDER BY sort desc,id desc LIMIT 0,3   [ RunTime:0.000000s ]
SQL: SHOW COLUMNS FROM `ny_company` [ RunTime:0.004001s ]
SQL: SELECT * FROM `ny_company` ORDER BY sort desc,id desc LIMIT 0,1   [ RunTime:0.000000s ]
INFO: [ view_parse ] --START--
INFO: [ template_filter ] --START--
INFO: Run Behavior\ContentReplace [ RunTime:0.000000s ]
INFO: [ template_filter ] --END-- [ RunTime:0.000000s ]
INFO: Run Behavior\ParseTemplate [ RunTime:0.010000s ]
INFO: [ view_parse ] --END-- [ RunTime:0.011000s ]
INFO: [ view_filter ] --START--
INFO: Run Behavior\WriteHtmlCache [ RunTime:0.000000s ]
INFO: [ view_filter ] --END-- [ RunTime:0.000000s ]
INFO: [ app_end ] --START--
INFO: Run Behavior\ShowPageTrace [ RunTime:0.001000s ]
INFO: [ app_end ] --END-- [ RunTime:0.001000s ]

[ 2017-02-18T01:02:41+08:00 ] ::1 /
INFO: [ app_begin ] --START--
INFO: Run Behavior\ReadHtmlCache [ RunTime:0.000000s ]
INFO: [ app_begin ] --END-- [ RunTime:0.001000s ]
SQL: SHOW COLUMNS FROM `ny_product` [ RunTime:0.003000s ]
SQL: SELECT * FROM `ny_product` ORDER BY sort desc,id desc LIMIT 0,3   [ RunTime:0.001000s ]
SQL: SHOW COLUMNS FROM `ny_news` [ RunTime:0.003000s ]
SQL: SELECT * FROM `ny_news` ORDER BY sort desc,id desc LIMIT 0,3   [ RunTime:0.001000s ]
SQL: SHOW COLUMNS FROM `ny_company` [ RunTime:0.003000s ]
SQL: SELECT * FROM `ny_company` ORDER BY sort desc,id desc LIMIT 0,1   [ RunTime:0.001000s ]
INFO: [ view_parse ] --START--
INFO: [ template_filter ] --START--
INFO: Run Behavior\ContentReplace [ RunTime:0.000000s ]
INFO: [ template_filter ] --END-- [ RunTime:0.000000s ]
INFO: Run Behavior\ParseTemplate [ RunTime:0.009001s ]
INFO: [ view_parse ] --END-- [ RunTime:0.009001s ]
INFO: [ view_filter ] --START--
INFO: Run Behavior\WriteHtmlCache [ RunTime:0.000000s ]
INFO: [ view_filter ] --END-- [ RunTime:0.000000s ]
INFO: [ app_end ] --START--
INFO: Run Behavior\ShowPageTrace [ RunTime:0.000000s ]
INFO: [ app_end ] --END-- [ RunTime:0.000000s ]

[ 2017-02-18T01:02:55+08:00 ] ::1 /
INFO: [ app_begin ] --START--
INFO: Run Behavior\ReadHtmlCache [ RunTime:0.000000s ]
INFO: [ app_begin ] --END-- [ RunTime:0.000000s ]
SQL: SHOW COLUMNS FROM `ny_product` [ RunTime:0.003000s ]
SQL: SELECT * FROM `ny_product` ORDER BY sort desc,id desc LIMIT 0,3   [ RunTime:0.001000s ]
SQL: SHOW COLUMNS FROM `ny_news` [ RunTime:0.003001s ]
SQL: SELECT * FROM `ny_news` ORDER BY sort desc,id desc LIMIT 0,3   [ RunTime:0.000000s ]
SQL: SHOW COLUMNS FROM `ny_company` [ RunTime:0.003000s ]
SQL: SELECT * FROM `ny_company` ORDER BY sort desc,id desc LIMIT 0,1   [ RunTime:0.001000s ]
INFO: [ view_parse ] --START--
INFO: [ template_filter ] --START--
INFO: Run Behavior\ContentReplace [ RunTime:0.000000s ]
INFO: [ template_filter ] --END-- [ RunTime:0.000000s ]
INFO: Run Behavior\ParseTemplate [ RunTime:0.010000s ]
INFO: [ view_parse ] --END-- [ RunTime:0.010000s ]
INFO: [ view_filter ] --START--
INFO: Run Behavior\WriteHtmlCache [ RunTime:0.000000s ]
INFO: [ view_filter ] --END-- [ RunTime:0.000000s ]
INFO: [ app_end ] --START--
INFO: Run Behavior\ShowPageTrace [ RunTime:0.001001s ]
INFO: [ app_end ] --END-- [ RunTime:0.001001s ]

[ 2017-02-18T01:03:06+08:00 ] ::1 /
INFO: [ app_begin ] --START--
INFO: Run Behavior\ReadHtmlCache [ RunTime:0.000000s ]
INFO: [ app_begin ] --END-- [ RunTime:0.001000s ]
SQL: SHOW COLUMNS FROM `ny_product` [ RunTime:0.004000s ]
SQL: SELECT * FROM `ny_product` ORDER BY sort desc,id desc LIMIT 0,3   [ RunTime:0.001000s ]
SQL: SHOW COLUMNS FROM `ny_news` [ RunTime:0.003000s ]
SQL: SELECT * FROM `ny_news` ORDER BY sort desc,id desc LIMIT 0,3   [ RunTime:0.000000s ]
SQL: SHOW COLUMNS FROM `ny_company` [ RunTime:0.003000s ]
SQL: SELECT * FROM `ny_company` ORDER BY sort desc,id desc LIMIT 0,1   [ RunTime:0.000000s ]
INFO: [ view_parse ] --START--
INFO: [ template_filter ] --START--
INFO: Run Behavior\ContentReplace [ RunTime:0.000000s ]
INFO: [ template_filter ] --END-- [ RunTime:0.000000s ]
INFO: Run Behavior\ParseTemplate [ RunTime:0.011000s ]
INFO: [ view_parse ] --END-- [ RunTime:0.011000s ]
INFO: [ view_filter ] --START--
INFO: Run Behavior\WriteHtmlCache [ RunTime:0.000000s ]
INFO: [ view_filter ] --END-- [ RunTime:0.000000s ]
INFO: [ app_end ] --START--
INFO: Run Behavior\ShowPageTrace [ RunTime:0.001000s ]
INFO: [ app_end ] --END-- [ RunTime:0.001000s ]

[ 2017-02-18T01:03:36+08:00 ] ::1 /
INFO: [ app_begin ] --START--
INFO: Run Behavior\ReadHtmlCache [ RunTime:0.001000s ]
INFO: [ app_begin ] --END-- [ RunTime:0.001000s ]
SQL: SHOW COLUMNS FROM `ny_product` [ RunTime:0.003000s ]
SQL: SELECT * FROM `ny_product` ORDER BY sort desc,id desc LIMIT 0,3   [ RunTime:0.001000s ]
SQL: SHOW COLUMNS FROM `ny_news` [ RunTime:0.003000s ]
SQL: SELECT * FROM `ny_news` ORDER BY sort desc,id desc LIMIT 0,3   [ RunTime:0.001000s ]
SQL: SHOW COLUMNS FROM `ny_company` [ RunTime:0.003001s ]
SQL: SELECT * FROM `ny_company` ORDER BY sort desc,id desc LIMIT 0,1   [ RunTime:0.000000s ]
INFO: [ view_parse ] --START--
INFO: [ template_filter ] --START--
INFO: Run Behavior\ContentReplace [ RunTime:0.000000s ]
INFO: [ template_filter ] --END-- [ RunTime:0.000000s ]
INFO: Run Behavior\ParseTemplate [ RunTime:0.010000s ]
INFO: [ view_parse ] --END-- [ RunTime:0.010000s ]
INFO: [ view_filter ] --START--
INFO: Run Behavior\WriteHtmlCache [ RunTime:0.001000s ]
INFO: [ view_filter ] --END-- [ RunTime:0.001000s ]
INFO: [ app_end ] --START--
INFO: Run Behavior\ShowPageTrace [ RunTime:0.000000s ]
INFO: [ app_end ] --END-- [ RunTime:0.000000s ]

[ 2017-02-18T01:03:52+08:00 ] ::1 /
INFO: [ app_begin ] --START--
INFO: Run Behavior\ReadHtmlCache [ RunTime:0.000000s ]
INFO: [ app_begin ] --END-- [ RunTime:0.001000s ]
SQL: SHOW COLUMNS FROM `ny_product` [ RunTime:0.004000s ]
SQL: SELECT * FROM `ny_product` ORDER BY sort desc,id desc LIMIT 0,3   [ RunTime:0.000000s ]
SQL: SHOW COLUMNS FROM `ny_news` [ RunTime:0.004000s ]
SQL: SELECT * FROM `ny_news` ORDER BY sort desc,id desc LIMIT 0,3   [ RunTime:0.000000s ]
SQL: SHOW COLUMNS FROM `ny_company` [ RunTime:0.004001s ]
SQL: SELECT * FROM `ny_company` ORDER BY sort desc,id desc LIMIT 0,1   [ RunTime:0.000000s ]
INFO: [ view_parse ] --START--
INFO: [ template_filter ] --START--
INFO: Run Behavior\ContentReplace [ RunTime:0.000000s ]
INFO: [ template_filter ] --END-- [ RunTime:0.000000s ]
INFO: Run Behavior\ParseTemplate [ RunTime:0.010000s ]
INFO: [ view_parse ] --END-- [ RunTime:0.010000s ]
INFO: [ view_filter ] --START--
INFO: Run Behavior\WriteHtmlCache [ RunTime:0.000000s ]
INFO: [ view_filter ] --END-- [ RunTime:0.000000s ]
INFO: [ app_end ] --START--
INFO: Run Behavior\ShowPageTrace [ RunTime:0.001000s ]
INFO: [ app_end ] --END-- [ RunTime:0.001000s ]

[ 2017-02-18T01:04:11+08:00 ] ::1 /
INFO: [ app_begin ] --START--
INFO: Run Behavior\ReadHtmlCache [ RunTime:0.000000s ]
INFO: [ app_begin ] --END-- [ RunTime:0.000000s ]
SQL: SHOW COLUMNS FROM `ny_product` [ RunTime:0.004000s ]
SQL: SELECT * FROM `ny_product` ORDER BY sort desc,id desc LIMIT 0,3   [ RunTime:0.000000s ]
SQL: SHOW COLUMNS FROM `ny_news` [ RunTime:0.003000s ]
SQL: SELECT * FROM `ny_news` ORDER BY sort desc,id desc LIMIT 0,3   [ RunTime:0.000000s ]
SQL: SHOW COLUMNS FROM `ny_company` [ RunTime:0.003001s ]
SQL: SELECT * FROM `ny_company` ORDER BY sort desc,id desc LIMIT 0,1   [ RunTime:0.000000s ]
INFO: [ view_parse ] --START--
INFO: [ template_filter ] --START--
INFO: Run Behavior\ContentReplace [ RunTime:0.000000s ]
INFO: [ template_filter ] --END-- [ RunTime:0.000000s ]
INFO: Run Behavior\ParseTemplate [ RunTime:0.011000s ]
INFO: [ view_parse ] --END-- [ RunTime:0.011000s ]
INFO: [ view_filter ] --START--
INFO: Run Behavior\WriteHtmlCache [ RunTime:0.000000s ]
INFO: [ view_filter ] --END-- [ RunTime:0.000000s ]
INFO: [ app_end ] --START--
INFO: Run Behavior\ShowPageTrace [ RunTime:0.001000s ]
INFO: [ app_end ] --END-- [ RunTime:0.001000s ]

[ 2017-02-18T01:04:36+08:00 ] ::1 /
INFO: [ app_begin ] --START--
INFO: Run Behavior\ReadHtmlCache [ RunTime:0.000000s ]
INFO: [ app_begin ] --END-- [ RunTime:0.001000s ]
SQL: SHOW COLUMNS FROM `ny_product` [ RunTime:0.003000s ]
SQL: SELECT * FROM `ny_product` ORDER BY sort desc,id desc LIMIT 0,3   [ RunTime:0.001000s ]
SQL: SHOW COLUMNS FROM `ny_news` [ RunTime:0.003000s ]
SQL: SELECT * FROM `ny_news` ORDER BY sort desc,id desc LIMIT 0,3   [ RunTime:0.000000s ]
SQL: SHOW COLUMNS FROM `ny_company` [ RunTime:0.004001s ]
SQL: SELECT * FROM `ny_company` ORDER BY sort desc,id desc LIMIT 0,1   [ RunTime:0.000000s ]
INFO: [ view_parse ] --START--
INFO: [ template_filter ] --START--
INFO: Run Behavior\ContentReplace [ RunTime:0.001000s ]
INFO: [ template_filter ] --END-- [ RunTime:0.001000s ]
INFO: Run Behavior\ParseTemplate [ RunTime:0.009000s ]
INFO: [ view_parse ] --END-- [ RunTime:0.009000s ]
INFO: [ view_filter ] --START--
INFO: Run Behavior\WriteHtmlCache [ RunTime:0.001000s ]
INFO: [ view_filter ] --END-- [ RunTime:0.001000s ]
INFO: [ app_end ] --START--
INFO: Run Behavior\ShowPageTrace [ RunTime:0.000000s ]
INFO: [ app_end ] --END-- [ RunTime:0.000000s ]

[ 2017-02-18T01:04:51+08:00 ] ::1 /
INFO: [ app_begin ] --START--
INFO: Run Behavior\ReadHtmlCache [ RunTime:0.001000s ]
INFO: [ app_begin ] --END-- [ RunTime:0.001000s ]
SQL: SHOW COLUMNS FROM `ny_product` [ RunTime:0.004000s ]
SQL: SELECT * FROM `ny_product` ORDER BY sort desc,id desc LIMIT 0,3   [ RunTime:0.000000s ]
SQL: SHOW COLUMNS FROM `ny_news` [ RunTime:0.003000s ]
SQL: SELECT * FROM `ny_news` ORDER BY sort desc,id desc LIMIT 0,3   [ RunTime:0.001000s ]
SQL: SHOW COLUMNS FROM `ny_company` [ RunTime:0.003001s ]
SQL: SELECT * FROM `ny_company` ORDER BY sort desc,id desc LIMIT 0,1   [ RunTime:0.001000s ]
INFO: [ view_parse ] --START--
INFO: [ template_filter ] --START--
INFO: Run Behavior\ContentReplace [ RunTime:0.000000s ]
INFO: [ template_filter ] --END-- [ RunTime:0.000000s ]
INFO: Run Behavior\ParseTemplate [ RunTime:0.010000s ]
INFO: [ view_parse ] --END-- [ RunTime:0.010000s ]
INFO: [ view_filter ] --START--
INFO: Run Behavior\WriteHtmlCache [ RunTime:0.000000s ]
INFO: [ view_filter ] --END-- [ RunTime:0.000000s ]
INFO: [ app_end ] --START--
INFO: Run Behavior\ShowPageTrace [ RunTime:0.001000s ]
INFO: [ app_end ] --END-- [ RunTime:0.001000s ]

[ 2017-02-18T01:05:07+08:00 ] ::1 /
INFO: [ app_begin ] --START--
INFO: Run Behavior\ReadHtmlCache [ RunTime:0.000000s ]
INFO: [ app_begin ] --END-- [ RunTime:0.001000s ]
SQL: SHOW COLUMNS FROM `ny_product` [ RunTime:0.004001s ]
SQL: SELECT * FROM `ny_product` ORDER BY sort desc,id desc LIMIT 0,3   [ RunTime:0.000000s ]
SQL: SHOW COLUMNS FROM `ny_news` [ RunTime:0.003000s ]
SQL: SELECT * FROM `ny_news` ORDER BY sort desc,id desc LIMIT 0,3   [ RunTime:0.000000s ]
SQL: SHOW COLUMNS FROM `ny_company` [ RunTime:0.003000s ]
SQL: SELECT * FROM `ny_company` ORDER BY sort desc,id desc LIMIT 0,1   [ RunTime:0.001000s ]
INFO: [ view_parse ] --START--
INFO: [ template_filter ] --START--
INFO: Run Behavior\ContentReplace [ RunTime:0.001000s ]
INFO: [ template_filter ] --END-- [ RunTime:0.001000s ]
INFO: Run Behavior\ParseTemplate [ RunTime:0.009001s ]
INFO: [ view_parse ] --END-- [ RunTime:0.009001s ]
INFO: [ view_filter ] --START--
INFO: Run Behavior\WriteHtmlCache [ RunTime:0.001000s ]
INFO: [ view_filter ] --END-- [ RunTime:0.001000s ]
INFO: [ app_end ] --START--
INFO: Run Behavior\ShowPageTrace [ RunTime:0.000000s ]
INFO: [ app_end ] --END-- [ RunTime:0.000000s ]

[ 2017-02-18T01:05:44+08:00 ] ::1 /
INFO: [ app_begin ] --START--
INFO: Run Behavior\ReadHtmlCache [ RunTime:0.000000s ]
INFO: [ app_begin ] --END-- [ RunTime:0.001001s ]
SQL: SHOW COLUMNS FROM `ny_product` [ RunTime:0.003000s ]
SQL: SELECT * FROM `ny_product` ORDER BY sort desc,id desc LIMIT 0,3   [ RunTime:0.001000s ]
SQL: SHOW COLUMNS FROM `ny_news` [ RunTime:0.003000s ]
SQL: SELECT * FROM `ny_news` ORDER BY sort desc,id desc LIMIT 0,3   [ RunTime:0.001000s ]
SQL: SHOW COLUMNS FROM `ny_company` [ RunTime:0.004000s ]
SQL: SELECT * FROM `ny_company` ORDER BY sort desc,id desc LIMIT 0,1   [ RunTime:0.000000s ]
INFO: [ view_parse ] --START--
INFO: [ template_filter ] --START--
INFO: Run Behavior\ContentReplace [ RunTime:0.000000s ]
INFO: [ template_filter ] --END-- [ RunTime:0.000000s ]
INFO: Run Behavior\ParseTemplate [ RunTime:0.010001s ]
INFO: [ view_parse ] --END-- [ RunTime:0.010001s ]
INFO: [ view_filter ] --START--
INFO: Run Behavior\WriteHtmlCache [ RunTime:0.000000s ]
INFO: [ view_filter ] --END-- [ RunTime:0.000000s ]
INFO: [ app_end ] --START--
INFO: Run Behavior\ShowPageTrace [ RunTime:0.001000s ]
INFO: [ app_end ] --END-- [ RunTime:0.001000s ]

[ 2017-02-18T01:06:16+08:00 ] ::1 /
INFO: [ app_begin ] --START--
INFO: Run Behavior\ReadHtmlCache [ RunTime:0.001000s ]
INFO: [ app_begin ] --END-- [ RunTime:0.001000s ]
SQL: SHOW COLUMNS FROM `ny_product` [ RunTime:0.003000s ]
SQL: SELECT * FROM `ny_product` ORDER BY sort desc,id desc LIMIT 0,3   [ RunTime:0.001000s ]
SQL: SHOW COLUMNS FROM `ny_news` [ RunTime:0.003000s ]
SQL: SELECT * FROM `ny_news` ORDER BY sort desc,id desc LIMIT 0,3   [ RunTime:0.000000s ]
SQL: SHOW COLUMNS FROM `ny_company` [ RunTime:0.004000s ]
SQL: SELECT * FROM `ny_company` ORDER BY sort desc,id desc LIMIT 0,1   [ RunTime:0.000000s ]
INFO: [ view_parse ] --START--
INFO: [ template_filter ] --START--
INFO: Run Behavior\ContentReplace [ RunTime:0.000000s ]
INFO: [ template_filter ] --END-- [ RunTime:0.000000s ]
INFO: Run Behavior\ParseTemplate [ RunTime:0.009001s ]
INFO: [ view_parse ] --END-- [ RunTime:0.009001s ]
INFO: [ view_filter ] --START--
INFO: Run Behavior\WriteHtmlCache [ RunTime:0.000000s ]
INFO: [ view_filter ] --END-- [ RunTime:0.000000s ]
INFO: [ app_end ] --START--
INFO: Run Behavior\ShowPageTrace [ RunTime:0.001000s ]
INFO: [ app_end ] --END-- [ RunTime:0.001000s ]

[ 2017-02-18T01:06:34+08:00 ] ::1 /
INFO: [ app_begin ] --START--
INFO: Run Behavior\ReadHtmlCache [ RunTime:0.001000s ]
INFO: [ app_begin ] --END-- [ RunTime:0.001000s ]
SQL: SHOW COLUMNS FROM `ny_product` [ RunTime:0.003000s ]
SQL: SELECT * FROM `ny_product` ORDER BY sort desc,id desc LIMIT 0,3   [ RunTime:0.001000s ]
SQL: SHOW COLUMNS FROM `ny_news` [ RunTime:0.003000s ]
SQL: SELECT * FROM `ny_news` ORDER BY sort desc,id desc LIMIT 0,3   [ RunTime:0.000000s ]
SQL: SHOW COLUMNS FROM `ny_company` [ RunTime:0.004000s ]
SQL: SELECT * FROM `ny_company` ORDER BY sort desc,id desc LIMIT 0,1   [ RunTime:0.000000s ]
INFO: [ view_parse ] --START--
INFO: [ template_filter ] --START--
INFO: Run Behavior\ContentReplace [ RunTime:0.000000s ]
INFO: [ template_filter ] --END-- [ RunTime:0.000000s ]
INFO: Run Behavior\ParseTemplate [ RunTime:0.009001s ]
INFO: [ view_parse ] --END-- [ RunTime:0.009001s ]
INFO: [ view_filter ] --START--
INFO: Run Behavior\WriteHtmlCache [ RunTime:0.000000s ]
INFO: [ view_filter ] --END-- [ RunTime:0.000000s ]
INFO: [ app_end ] --START--
INFO: Run Behavior\ShowPageTrace [ RunTime:0.001000s ]
INFO: [ app_end ] --END-- [ RunTime:0.001000s ]

[ 2017-02-18T01:13:18+08:00 ] ::1 /
INFO: [ app_begin ] --START--
INFO: Run Behavior\ReadHtmlCache [ RunTime:0.000000s ]
INFO: [ app_begin ] --END-- [ RunTime:0.001000s ]
SQL: SHOW COLUMNS FROM `ny_product` [ RunTime:0.004001s ]
SQL: SELECT * FROM `ny_product` ORDER BY sort desc,id desc LIMIT 0,3   [ RunTime:0.001000s ]
SQL: SHOW COLUMNS FROM `ny_news` [ RunTime:0.003000s ]
SQL: SELECT * FROM `ny_news` ORDER BY sort desc,id desc LIMIT 0,3   [ RunTime:0.000000s ]
SQL: SHOW COLUMNS FROM `ny_company` [ RunTime:0.004000s ]
SQL: SELECT * FROM `ny_company` ORDER BY sort desc,id desc LIMIT 0,1   [ RunTime:0.000000s ]
INFO: [ view_parse ] --START--
INFO: [ template_filter ] --START--
INFO: Run Behavior\ContentReplace [ RunTime:0.000000s ]
INFO: [ template_filter ] --END-- [ RunTime:0.000000s ]
INFO: Run Behavior\ParseTemplate [ RunTime:0.010001s ]
INFO: [ view_parse ] --END-- [ RunTime:0.010001s ]
INFO: [ view_filter ] --START--
INFO: Run Behavior\WriteHtmlCache [ RunTime:0.000000s ]
INFO: [ view_filter ] --END-- [ RunTime:0.001000s ]
INFO: [ app_end ] --START--
INFO: Run Behavior\ShowPageTrace [ RunTime:0.001000s ]
INFO: [ app_end ] --END-- [ RunTime:0.001000s ]

