[ 2017-02-20T17:50:24+08:00 ] ::1 /aboutus/index.html
INFO: [ app_begin ] --START--
INFO: Run Behavior\ReadHtmlCache [ RunTime:0.001000s ]
INFO: [ app_begin ] --END-- [ RunTime:0.001000s ]
SQL: SHOW COLUMNS FROM `ny_product` [ RunTime:0.007000s ]
SQL: SHOW COLUMNS FROM `ny_show` [ RunTime:0.005000s ]
SQL: SELECT * FROM `ny_show` WHERE ( `id` = '1' ) LIMIT 1   [ RunTime:0.000000s ]
SQL: SHOW COLUMNS FROM `ny_patent` [ RunTime:0.003000s ]
ERR: 1146:Table 'nengyuan.ny_patent' doesn't exist
 [ SQL语句 ] : SHOW COLUMNS FROM `ny_patent`
SQL: SELECT * FROM `ny_patent` ORDER BY id desc LIMIT 0,10   [ RunTime:0.000000s ]
ERR: 1146:Table 'nengyuan.ny_patent' doesn't exist
 [ SQL语句 ] : SELECT * FROM `ny_patent` ORDER BY id desc LIMIT 0,10  
INFO: [ view_parse ] --START--
INFO: [ template_filter ] --START--
INFO: Run Behavior\ContentReplace [ RunTime:0.000000s ]
INFO: [ template_filter ] --END-- [ RunTime:0.000000s ]
INFO: Run Behavior\ParseTemplate [ RunTime:0.025001s ]
INFO: [ view_parse ] --END-- [ RunTime:0.025001s ]
INFO: [ view_filter ] --START--
INFO: Run Behavior\WriteHtmlCache [ RunTime:0.001000s ]
INFO: [ view_filter ] --END-- [ RunTime:0.001000s ]
INFO: [ app_end ] --START--
INFO: Run Behavior\ShowPageTrace [ RunTime:0.001000s ]
INFO: [ app_end ] --END-- [ RunTime:0.001000s ]

[ 2017-02-20T18:10:28+08:00 ] ::1 /aboutus/index.html
INFO: [ app_begin ] --START--
INFO: Run Behavior\ReadHtmlCache [ RunTime:0.000000s ]
INFO: [ app_begin ] --END-- [ RunTime:0.001000s ]
SQL: SHOW COLUMNS FROM `ny_product` [ RunTime:0.003000s ]
SQL: SHOW COLUMNS FROM `ny_show` [ RunTime:0.002000s ]
SQL: SELECT * FROM `ny_show` WHERE ( `id` = '1' ) LIMIT 1   [ RunTime:0.001000s ]
SQL: SHOW COLUMNS FROM `ny_patent` [ RunTime:0.002001s ]
ERR: 1146:Table 'nengyuan.ny_patent' doesn't exist
 [ SQL语句 ] : SHOW COLUMNS FROM `ny_patent`
SQL: SELECT * FROM `ny_patent` ORDER BY id desc LIMIT 0,10   [ RunTime:0.000000s ]
ERR: 1146:Table 'nengyuan.ny_patent' doesn't exist
 [ SQL语句 ] : SELECT * FROM `ny_patent` ORDER BY id desc LIMIT 0,10  
INFO: [ view_parse ] --START--
INFO: [ template_filter ] --START--
INFO: Run Behavior\ContentReplace [ RunTime:0.000000s ]
INFO: [ template_filter ] --END-- [ RunTime:0.000000s ]
INFO: Run Behavior\ParseTemplate [ RunTime:0.009000s ]
INFO: [ view_parse ] --END-- [ RunTime:0.009000s ]
INFO: [ view_filter ] --START--
INFO: Run Behavior\WriteHtmlCache [ RunTime:0.000000s ]
INFO: [ view_filter ] --END-- [ RunTime:0.000000s ]
INFO: [ app_end ] --START--
INFO: Run Behavior\ShowPageTrace [ RunTime:0.001000s ]
INFO: [ app_end ] --END-- [ RunTime:0.001000s ]

[ 2017-02-20T18:29:55+08:00 ] ::1 /
INFO: [ app_begin ] --START--
INFO: Run Behavior\ReadHtmlCache [ RunTime:0.001000s ]
INFO: [ app_begin ] --END-- [ RunTime:0.001000s ]
SQL: SHOW COLUMNS FROM `ny_product` [ RunTime:0.004000s ]
SQL: SELECT * FROM `ny_product` ORDER BY sort desc,id desc LIMIT 0,3   [ RunTime:0.004000s ]
SQL: SHOW COLUMNS FROM `ny_news` [ RunTime:0.004001s ]
SQL: SELECT * FROM `ny_news` ORDER BY sort desc,id desc LIMIT 0,3   [ RunTime:0.001000s ]
SQL: SHOW COLUMNS FROM `ny_company` [ RunTime:0.005000s ]
SQL: SELECT * FROM `ny_company` ORDER BY sort desc,id desc LIMIT 0,1   [ RunTime:0.000000s ]
INFO: [ view_parse ] --START--
INFO: [ template_filter ] --START--
INFO: Run Behavior\ContentReplace [ RunTime:0.000000s ]
INFO: [ template_filter ] --END-- [ RunTime:0.000000s ]
INFO: Run Behavior\ParseTemplate [ RunTime:0.009001s ]
INFO: [ view_parse ] --END-- [ RunTime:0.009001s ]
INFO: [ view_filter ] --START--
INFO: Run Behavior\WriteHtmlCache [ RunTime:0.001000s ]
INFO: [ view_filter ] --END-- [ RunTime:0.001000s ]
INFO: [ app_end ] --START--
INFO: Run Behavior\ShowPageTrace [ RunTime:0.001000s ]
INFO: [ app_end ] --END-- [ RunTime:0.001000s ]

[ 2017-02-20T19:10:00+08:00 ] ::1 /
INFO: [ app_begin ] --START--
INFO: Run Behavior\ReadHtmlCache [ RunTime:0.000000s ]
INFO: [ app_begin ] --END-- [ RunTime:0.001000s ]
SQL: SHOW COLUMNS FROM `ny_product` [ RunTime:0.003000s ]
SQL: SELECT * FROM `ny_product` ORDER BY sort desc,id desc LIMIT 0,3   [ RunTime:0.000000s ]
SQL: SHOW COLUMNS FROM `ny_news` [ RunTime:0.002000s ]
SQL: SELECT * FROM `ny_news` ORDER BY sort desc,id desc LIMIT 0,3   [ RunTime:0.001000s ]
SQL: SHOW COLUMNS FROM `ny_company` [ RunTime:0.003001s ]
SQL: SELECT * FROM `ny_company` ORDER BY sort desc,id desc LIMIT 0,1   [ RunTime:0.000000s ]
INFO: [ view_parse ] --START--
INFO: [ template_filter ] --START--
INFO: Run Behavior\ContentReplace [ RunTime:0.000000s ]
INFO: [ template_filter ] --END-- [ RunTime:0.000000s ]
INFO: Run Behavior\ParseTemplate [ RunTime:0.009000s ]
INFO: [ view_parse ] --END-- [ RunTime:0.009000s ]
INFO: [ view_filter ] --START--
INFO: Run Behavior\WriteHtmlCache [ RunTime:0.001000s ]
INFO: [ view_filter ] --END-- [ RunTime:0.001000s ]
INFO: [ app_end ] --START--
INFO: Run Behavior\ShowPageTrace [ RunTime:0.000000s ]
INFO: [ app_end ] --END-- [ RunTime:0.000000s ]

[ 2017-02-20T19:10:01+08:00 ] ::1 /
INFO: [ app_begin ] --START--
INFO: Run Behavior\ReadHtmlCache [ RunTime:0.000000s ]
INFO: [ app_begin ] --END-- [ RunTime:0.001000s ]
SQL: SHOW COLUMNS FROM `ny_product` [ RunTime:0.003000s ]
SQL: SELECT * FROM `ny_product` ORDER BY sort desc,id desc LIMIT 0,3   [ RunTime:0.001000s ]
SQL: SHOW COLUMNS FROM `ny_news` [ RunTime:0.003000s ]
SQL: SELECT * FROM `ny_news` ORDER BY sort desc,id desc LIMIT 0,3   [ RunTime:0.000000s ]
SQL: SHOW COLUMNS FROM `ny_company` [ RunTime:0.003000s ]
SQL: SELECT * FROM `ny_company` ORDER BY sort desc,id desc LIMIT 0,1   [ RunTime:0.001000s ]
INFO: [ view_parse ] --START--
INFO: [ template_filter ] --START--
INFO: Run Behavior\ContentReplace [ RunTime:0.000000s ]
INFO: [ template_filter ] --END-- [ RunTime:0.000000s ]
INFO: Run Behavior\ParseTemplate [ RunTime:0.009001s ]
INFO: [ view_parse ] --END-- [ RunTime:0.009001s ]
INFO: [ view_filter ] --START--
INFO: Run Behavior\WriteHtmlCache [ RunTime:0.000000s ]
INFO: [ view_filter ] --END-- [ RunTime:0.000000s ]
INFO: [ app_end ] --START--
INFO: Run Behavior\ShowPageTrace [ RunTime:0.000000s ]
INFO: [ app_end ] --END-- [ RunTime:0.001000s ]

[ 2017-02-20T19:10:12+08:00 ] ::1 /aboutus/index.html
INFO: [ app_begin ] --START--
INFO: Run Behavior\ReadHtmlCache [ RunTime:0.000000s ]
INFO: [ app_begin ] --END-- [ RunTime:0.000000s ]
SQL: SHOW COLUMNS FROM `ny_product` [ RunTime:0.003000s ]
SQL: SHOW COLUMNS FROM `ny_show` [ RunTime:0.003000s ]
SQL: SELECT * FROM `ny_show` WHERE ( `id` = '1' ) LIMIT 1   [ RunTime:0.000000s ]
SQL: SHOW COLUMNS FROM `ny_patent` [ RunTime:0.002001s ]
ERR: 1146:Table 'nengyuan.ny_patent' doesn't exist
 [ SQL语句 ] : SHOW COLUMNS FROM `ny_patent`
SQL: SELECT * FROM `ny_patent` ORDER BY id desc LIMIT 0,10   [ RunTime:0.000000s ]
ERR: 1146:Table 'nengyuan.ny_patent' doesn't exist
 [ SQL语句 ] : SELECT * FROM `ny_patent` ORDER BY id desc LIMIT 0,10  
INFO: [ view_parse ] --START--
INFO: [ template_filter ] --START--
INFO: Run Behavior\ContentReplace [ RunTime:0.000000s ]
INFO: [ template_filter ] --END-- [ RunTime:0.000000s ]
INFO: Run Behavior\ParseTemplate [ RunTime:0.007000s ]
INFO: [ view_parse ] --END-- [ RunTime:0.007000s ]
INFO: [ view_filter ] --START--
INFO: Run Behavior\WriteHtmlCache [ RunTime:0.001000s ]
INFO: [ view_filter ] --END-- [ RunTime:0.001000s ]
INFO: [ app_end ] --START--
INFO: Run Behavior\ShowPageTrace [ RunTime:0.000000s ]
INFO: [ app_end ] --END-- [ RunTime:0.000000s ]

[ 2017-02-20T19:13:28+08:00 ] ::1 /
INFO: [ app_begin ] --START--
INFO: Run Behavior\ReadHtmlCache [ RunTime:0.000000s ]
INFO: [ app_begin ] --END-- [ RunTime:0.001000s ]
SQL: SHOW COLUMNS FROM `ny_product` [ RunTime:0.003000s ]
SQL: SELECT * FROM `ny_product` ORDER BY sort desc,id desc LIMIT 0,3   [ RunTime:0.001000s ]
SQL: SHOW COLUMNS FROM `ny_news` [ RunTime:0.002000s ]
SQL: SELECT * FROM `ny_news` ORDER BY sort desc,id desc LIMIT 0,3   [ RunTime:0.000000s ]
SQL: SHOW COLUMNS FROM `ny_company` [ RunTime:0.002000s ]
SQL: SELECT * FROM `ny_company` ORDER BY sort desc,id desc LIMIT 0,1   [ RunTime:0.000000s ]
INFO: [ view_parse ] --START--
INFO: [ template_filter ] --START--
INFO: Run Behavior\ContentReplace [ RunTime:0.000000s ]
INFO: [ template_filter ] --END-- [ RunTime:0.000000s ]
INFO: Run Behavior\ParseTemplate [ RunTime:0.009001s ]
INFO: [ view_parse ] --END-- [ RunTime:0.009001s ]
INFO: [ view_filter ] --START--
INFO: Run Behavior\WriteHtmlCache [ RunTime:0.000000s ]
INFO: [ view_filter ] --END-- [ RunTime:0.000000s ]
INFO: [ app_end ] --START--
INFO: Run Behavior\ShowPageTrace [ RunTime:0.001000s ]
INFO: [ app_end ] --END-- [ RunTime:0.001000s ]

[ 2017-02-20T19:13:29+08:00 ] ::1 /
INFO: [ app_begin ] --START--
INFO: Run Behavior\ReadHtmlCache [ RunTime:0.000000s ]
INFO: [ app_begin ] --END-- [ RunTime:0.001000s ]
SQL: SHOW COLUMNS FROM `ny_product` [ RunTime:0.003000s ]
SQL: SELECT * FROM `ny_product` ORDER BY sort desc,id desc LIMIT 0,3   [ RunTime:0.000000s ]
SQL: SHOW COLUMNS FROM `ny_news` [ RunTime:0.003000s ]
SQL: SELECT * FROM `ny_news` ORDER BY sort desc,id desc LIMIT 0,3   [ RunTime:0.000000s ]
SQL: SHOW COLUMNS FROM `ny_company` [ RunTime:0.003001s ]
SQL: SELECT * FROM `ny_company` ORDER BY sort desc,id desc LIMIT 0,1   [ RunTime:0.000000s ]
INFO: [ view_parse ] --START--
INFO: [ template_filter ] --START--
INFO: Run Behavior\ContentReplace [ RunTime:0.000000s ]
INFO: [ template_filter ] --END-- [ RunTime:0.000000s ]
INFO: Run Behavior\ParseTemplate [ RunTime:0.009000s ]
INFO: [ view_parse ] --END-- [ RunTime:0.010000s ]
INFO: [ view_filter ] --START--
INFO: Run Behavior\WriteHtmlCache [ RunTime:0.001000s ]
INFO: [ view_filter ] --END-- [ RunTime:0.001000s ]
INFO: [ app_end ] --START--
INFO: Run Behavior\ShowPageTrace [ RunTime:0.000000s ]
INFO: [ app_end ] --END-- [ RunTime:0.000000s ]

[ 2017-02-20T21:37:07+08:00 ] ::1 /
INFO: [ app_begin ] --START--
INFO: Run Behavior\ReadHtmlCache [ RunTime:0.001000s ]
INFO: [ app_begin ] --END-- [ RunTime:0.001000s ]
SQL: SHOW COLUMNS FROM `ny_product` [ RunTime:0.004000s ]
SQL: SELECT * FROM `ny_product` ORDER BY sort desc,id desc LIMIT 0,3   [ RunTime:0.001000s ]
SQL: SHOW COLUMNS FROM `ny_news` [ RunTime:0.004000s ]
SQL: SELECT * FROM `ny_news` ORDER BY sort desc,id desc LIMIT 0,3   [ RunTime:0.000000s ]
SQL: SHOW COLUMNS FROM `ny_company` [ RunTime:0.004001s ]
SQL: SELECT * FROM `ny_company` ORDER BY sort desc,id desc LIMIT 0,1   [ RunTime:0.000000s ]
INFO: [ view_parse ] --START--
INFO: [ template_filter ] --START--
INFO: Run Behavior\ContentReplace [ RunTime:0.000000s ]
INFO: [ template_filter ] --END-- [ RunTime:0.000000s ]
INFO: Run Behavior\ParseTemplate [ RunTime:0.010000s ]
INFO: [ view_parse ] --END-- [ RunTime:0.010000s ]
INFO: [ view_filter ] --START--
INFO: Run Behavior\WriteHtmlCache [ RunTime:0.000000s ]
INFO: [ view_filter ] --END-- [ RunTime:0.000000s ]
INFO: [ app_end ] --START--
INFO: Run Behavior\ShowPageTrace [ RunTime:0.001000s ]
INFO: [ app_end ] --END-- [ RunTime:0.001000s ]

[ 2017-02-20T21:45:25+08:00 ] 127.0.0.1 /cgi-bin/micromsg-bin/newsync
INFO: [ app_begin ] --START--
INFO: Run Behavior\ReadHtmlCache [ RunTime:0.000000s ]
INFO: [ app_begin ] --END-- [ RunTime:0.001000s ]
ERR: 无法加载控制器:Cgi-bin

[ 2017-02-20T21:47:12+08:00 ] ::1 /aboutus/index.html
INFO: [ app_begin ] --START--
INFO: Run Behavior\ReadHtmlCache [ RunTime:0.001000s ]
INFO: [ app_begin ] --END-- [ RunTime:0.001000s ]
SQL: SHOW COLUMNS FROM `ny_product` [ RunTime:0.004000s ]
SQL: SHOW COLUMNS FROM `ny_show` [ RunTime:0.003000s ]
SQL: SELECT * FROM `ny_show` WHERE ( `id` = '1' ) LIMIT 1   [ RunTime:0.000000s ]
SQL: SHOW COLUMNS FROM `ny_patent` [ RunTime:0.003001s ]
ERR: 1146:Table 'nengyuan.ny_patent' doesn't exist
 [ SQL语句 ] : SHOW COLUMNS FROM `ny_patent`
SQL: SELECT * FROM `ny_patent` ORDER BY id desc LIMIT 0,10   [ RunTime:0.001000s ]
ERR: 1146:Table 'nengyuan.ny_patent' doesn't exist
 [ SQL语句 ] : SELECT * FROM `ny_patent` ORDER BY id desc LIMIT 0,10  
INFO: [ view_parse ] --START--
INFO: [ template_filter ] --START--
INFO: Run Behavior\ContentReplace [ RunTime:0.000000s ]
INFO: [ template_filter ] --END-- [ RunTime:0.000000s ]
INFO: Run Behavior\ParseTemplate [ RunTime:0.008000s ]
INFO: [ view_parse ] --END-- [ RunTime:0.008000s ]
INFO: [ view_filter ] --START--
INFO: Run Behavior\WriteHtmlCache [ RunTime:0.001000s ]
INFO: [ view_filter ] --END-- [ RunTime:0.001000s ]
INFO: [ app_end ] --START--
INFO: Run Behavior\ShowPageTrace [ RunTime:0.000000s ]
INFO: [ app_end ] --END-- [ RunTime:0.000000s ]

[ 2017-02-20T21:49:18+08:00 ] ::1 /
INFO: [ app_begin ] --START--
INFO: Run Behavior\ReadHtmlCache [ RunTime:0.000000s ]
INFO: [ app_begin ] --END-- [ RunTime:0.001000s ]
SQL: SHOW COLUMNS FROM `ny_product` [ RunTime:0.003000s ]
SQL: SELECT * FROM `ny_product` ORDER BY sort desc,id desc LIMIT 0,3   [ RunTime:0.000000s ]
SQL: SHOW COLUMNS FROM `ny_news` [ RunTime:0.003000s ]
SQL: SELECT * FROM `ny_news` ORDER BY sort desc,id desc LIMIT 0,3   [ RunTime:0.001001s ]
SQL: SHOW COLUMNS FROM `ny_company` [ RunTime:0.003000s ]
SQL: SELECT * FROM `ny_company` ORDER BY sort desc,id desc LIMIT 0,1   [ RunTime:0.000000s ]
INFO: [ view_parse ] --START--
INFO: [ template_filter ] --START--
INFO: Run Behavior\ContentReplace [ RunTime:0.000000s ]
INFO: [ template_filter ] --END-- [ RunTime:0.000000s ]
INFO: Run Behavior\ParseTemplate [ RunTime:0.009000s ]
INFO: [ view_parse ] --END-- [ RunTime:0.010000s ]
INFO: [ view_filter ] --START--
INFO: Run Behavior\WriteHtmlCache [ RunTime:0.001000s ]
INFO: [ view_filter ] --END-- [ RunTime:0.001000s ]
INFO: [ app_end ] --START--
INFO: Run Behavior\ShowPageTrace [ RunTime:0.000000s ]
INFO: [ app_end ] --END-- [ RunTime:0.000000s ]

[ 2017-02-20T21:49:20+08:00 ] ::1 /
INFO: [ app_begin ] --START--
INFO: Run Behavior\ReadHtmlCache [ RunTime:0.000000s ]
INFO: [ app_begin ] --END-- [ RunTime:0.001000s ]
SQL: SHOW COLUMNS FROM `ny_product` [ RunTime:0.004000s ]
SQL: SELECT * FROM `ny_product` ORDER BY sort desc,id desc LIMIT 0,3   [ RunTime:0.000000s ]
SQL: SHOW COLUMNS FROM `ny_news` [ RunTime:0.004000s ]
SQL: SELECT * FROM `ny_news` ORDER BY sort desc,id desc LIMIT 0,3   [ RunTime:0.000000s ]
SQL: SHOW COLUMNS FROM `ny_company` [ RunTime:0.003000s ]
SQL: SELECT * FROM `ny_company` ORDER BY sort desc,id desc LIMIT 0,1   [ RunTime:0.001000s ]
INFO: [ view_parse ] --START--
INFO: [ template_filter ] --START--
INFO: Run Behavior\ContentReplace [ RunTime:0.000000s ]
INFO: [ template_filter ] --END-- [ RunTime:0.000000s ]
INFO: Run Behavior\ParseTemplate [ RunTime:0.010001s ]
INFO: [ view_parse ] --END-- [ RunTime:0.010001s ]
INFO: [ view_filter ] --START--
INFO: Run Behavior\WriteHtmlCache [ RunTime:0.000000s ]
INFO: [ view_filter ] --END-- [ RunTime:0.000000s ]
INFO: [ app_end ] --START--
INFO: Run Behavior\ShowPageTrace [ RunTime:0.001000s ]
INFO: [ app_end ] --END-- [ RunTime:0.001000s ]

[ 2017-02-20T21:49:22+08:00 ] ::1 /aboutus/index.html
INFO: [ app_begin ] --START--
INFO: Run Behavior\ReadHtmlCache [ RunTime:0.000000s ]
INFO: [ app_begin ] --END-- [ RunTime:0.001000s ]
SQL: SHOW COLUMNS FROM `ny_product` [ RunTime:0.003000s ]
SQL: SHOW COLUMNS FROM `ny_show` [ RunTime:0.003000s ]
SQL: SELECT * FROM `ny_show` WHERE ( `id` = '1' ) LIMIT 1   [ RunTime:0.000000s ]
SQL: SHOW COLUMNS FROM `ny_patent` [ RunTime:0.003000s ]
ERR: 1146:Table 'nengyuan.ny_patent' doesn't exist
 [ SQL语句 ] : SHOW COLUMNS FROM `ny_patent`
SQL: SELECT * FROM `ny_patent` ORDER BY id desc LIMIT 0,10   [ RunTime:0.000000s ]
ERR: 1146:Table 'nengyuan.ny_patent' doesn't exist
 [ SQL语句 ] : SELECT * FROM `ny_patent` ORDER BY id desc LIMIT 0,10  
INFO: [ view_parse ] --START--
INFO: [ template_filter ] --START--
INFO: Run Behavior\ContentReplace [ RunTime:0.000000s ]
INFO: [ template_filter ] --END-- [ RunTime:0.000000s ]
INFO: Run Behavior\ParseTemplate [ RunTime:0.008001s ]
INFO: [ view_parse ] --END-- [ RunTime:0.008001s ]
INFO: [ view_filter ] --START--
INFO: Run Behavior\WriteHtmlCache [ RunTime:0.001000s ]
INFO: [ view_filter ] --END-- [ RunTime:0.001000s ]
INFO: [ app_end ] --START--
INFO: Run Behavior\ShowPageTrace [ RunTime:0.000000s ]
INFO: [ app_end ] --END-- [ RunTime:0.000000s ]

[ 2017-02-20T21:49:24+08:00 ] ::1 /aboutus/index.html
INFO: [ app_begin ] --START--
INFO: Run Behavior\ReadHtmlCache [ RunTime:0.000000s ]
INFO: [ app_begin ] --END-- [ RunTime:0.000000s ]
SQL: SHOW COLUMNS FROM `ny_product` [ RunTime:0.003000s ]
SQL: SHOW COLUMNS FROM `ny_show` [ RunTime:0.004000s ]
SQL: SELECT * FROM `ny_show` WHERE ( `id` = '1' ) LIMIT 1   [ RunTime:0.000000s ]
SQL: SHOW COLUMNS FROM `ny_patent` [ RunTime:0.003000s ]
ERR: 1146:Table 'nengyuan.ny_patent' doesn't exist
 [ SQL语句 ] : SHOW COLUMNS FROM `ny_patent`
SQL: SELECT * FROM `ny_patent` ORDER BY id desc LIMIT 0,10   [ RunTime:0.001000s ]
ERR: 1146:Table 'nengyuan.ny_patent' doesn't exist
 [ SQL语句 ] : SELECT * FROM `ny_patent` ORDER BY id desc LIMIT 0,10  
INFO: [ view_parse ] --START--
INFO: [ template_filter ] --START--
INFO: Run Behavior\ContentReplace [ RunTime:0.000000s ]
INFO: [ template_filter ] --END-- [ RunTime:0.000000s ]
INFO: Run Behavior\ParseTemplate [ RunTime:0.007001s ]
INFO: [ view_parse ] --END-- [ RunTime:0.008001s ]
INFO: [ view_filter ] --START--
INFO: Run Behavior\WriteHtmlCache [ RunTime:0.000000s ]
INFO: [ view_filter ] --END-- [ RunTime:0.000000s ]
INFO: [ app_end ] --START--
INFO: Run Behavior\ShowPageTrace [ RunTime:0.000000s ]
INFO: [ app_end ] --END-- [ RunTime:0.000000s ]

[ 2017-02-20T21:49:29+08:00 ] ::1 /aboutus/index.html
INFO: [ app_begin ] --START--
INFO: Run Behavior\ReadHtmlCache [ RunTime:0.000000s ]
INFO: [ app_begin ] --END-- [ RunTime:0.000000s ]
SQL: SHOW COLUMNS FROM `ny_product` [ RunTime:0.003000s ]
SQL: SHOW COLUMNS FROM `ny_show` [ RunTime:0.003000s ]
SQL: SELECT * FROM `ny_show` WHERE ( `id` = '1' ) LIMIT 1   [ RunTime:0.000000s ]
SQL: SHOW COLUMNS FROM `ny_patent` [ RunTime:0.003000s ]
ERR: 1146:Table 'nengyuan.ny_patent' doesn't exist
 [ SQL语句 ] : SHOW COLUMNS FROM `ny_patent`
SQL: SELECT * FROM `ny_patent` ORDER BY id desc LIMIT 0,10   [ RunTime:0.000000s ]
ERR: 1146:Table 'nengyuan.ny_patent' doesn't exist
 [ SQL语句 ] : SELECT * FROM `ny_patent` ORDER BY id desc LIMIT 0,10  
INFO: [ view_parse ] --START--
INFO: [ template_filter ] --START--
INFO: Run Behavior\ContentReplace [ RunTime:0.000000s ]
INFO: [ template_filter ] --END-- [ RunTime:0.000000s ]
INFO: Run Behavior\ParseTemplate [ RunTime:0.009001s ]
INFO: [ view_parse ] --END-- [ RunTime:0.009001s ]
INFO: [ view_filter ] --START--
INFO: Run Behavior\WriteHtmlCache [ RunTime:0.000000s ]
INFO: [ view_filter ] --END-- [ RunTime:0.000000s ]
INFO: [ app_end ] --START--
INFO: Run Behavior\ShowPageTrace [ RunTime:0.001000s ]
INFO: [ app_end ] --END-- [ RunTime:0.001000s ]

[ 2017-02-20T21:50:02+08:00 ] ::1 /aboutus/index.html
INFO: [ app_begin ] --START--
INFO: Run Behavior\ReadHtmlCache [ RunTime:0.001000s ]
INFO: [ app_begin ] --END-- [ RunTime:0.001000s ]
SQL: SHOW COLUMNS FROM `ny_product` [ RunTime:0.004000s ]
SQL: SHOW COLUMNS FROM `ny_show` [ RunTime:0.003000s ]
SQL: SELECT * FROM `ny_show` WHERE ( `id` = '1' ) LIMIT 1   [ RunTime:0.000000s ]
SQL: SHOW COLUMNS FROM `ny_patent` [ RunTime:0.002000s ]
ERR: 1146:Table 'nengyuan.ny_patent' doesn't exist
 [ SQL语句 ] : SHOW COLUMNS FROM `ny_patent`
SQL: SELECT * FROM `ny_patent` ORDER BY id desc LIMIT 0,10   [ RunTime:0.000000s ]
ERR: 1146:Table 'nengyuan.ny_patent' doesn't exist
 [ SQL语句 ] : SELECT * FROM `ny_patent` ORDER BY id desc LIMIT 0,10  
INFO: [ view_parse ] --START--
INFO: [ template_filter ] --START--
INFO: Run Behavior\ContentReplace [ RunTime:0.000000s ]
INFO: [ template_filter ] --END-- [ RunTime:0.000000s ]
INFO: Run Behavior\ParseTemplate [ RunTime:0.008001s ]
INFO: [ view_parse ] --END-- [ RunTime:0.009001s ]
INFO: [ view_filter ] --START--
INFO: Run Behavior\WriteHtmlCache [ RunTime:0.000000s ]
INFO: [ view_filter ] --END-- [ RunTime:0.000000s ]
INFO: [ app_end ] --START--
INFO: Run Behavior\ShowPageTrace [ RunTime:0.001000s ]
INFO: [ app_end ] --END-- [ RunTime:0.001000s ]

[ 2017-02-20T21:52:57+08:00 ] ::1 /aboutus/index.html
INFO: [ app_begin ] --START--
INFO: Run Behavior\ReadHtmlCache [ RunTime:0.000000s ]
INFO: [ app_begin ] --END-- [ RunTime:0.001000s ]
SQL: SHOW COLUMNS FROM `ny_product` [ RunTime:0.004000s ]
SQL: SHOW COLUMNS FROM `ny_show` [ RunTime:0.004001s ]
SQL: SELECT * FROM `ny_show` WHERE ( `id` = '1' ) LIMIT 1   [ RunTime:0.000000s ]
SQL: SHOW COLUMNS FROM `ny_patent` [ RunTime:0.003000s ]
ERR: 1146:Table 'nengyuan.ny_patent' doesn't exist
 [ SQL语句 ] : SHOW COLUMNS FROM `ny_patent`
SQL: SELECT * FROM `ny_patent` ORDER BY id desc LIMIT 0,10   [ RunTime:0.001000s ]
ERR: 1146:Table 'nengyuan.ny_patent' doesn't exist
 [ SQL语句 ] : SELECT * FROM `ny_patent` ORDER BY id desc LIMIT 0,10  
INFO: [ view_parse ] --START--
INFO: [ template_filter ] --START--
INFO: Run Behavior\ContentReplace [ RunTime:0.000000s ]
INFO: [ template_filter ] --END-- [ RunTime:0.000000s ]
INFO: Run Behavior\ParseTemplate [ RunTime:0.008000s ]
INFO: [ view_parse ] --END-- [ RunTime:0.008000s ]
INFO: [ view_filter ] --START--
INFO: Run Behavior\WriteHtmlCache [ RunTime:0.001000s ]
INFO: [ view_filter ] --END-- [ RunTime:0.001000s ]
INFO: [ app_end ] --START--
INFO: Run Behavior\ShowPageTrace [ RunTime:0.000000s ]
INFO: [ app_end ] --END-- [ RunTime:0.000000s ]

[ 2017-02-20T21:53:17+08:00 ] ::1 /aboutus/index.html
INFO: [ app_begin ] --START--
INFO: Run Behavior\ReadHtmlCache [ RunTime:0.001001s ]
INFO: [ app_begin ] --END-- [ RunTime:0.002001s ]
SQL: SHOW COLUMNS FROM `ny_product` [ RunTime:0.003000s ]
SQL: SHOW COLUMNS FROM `ny_show` [ RunTime:0.003001s ]
SQL: SELECT * FROM `ny_show` WHERE ( `id` = '1' ) LIMIT 1   [ RunTime:0.001000s ]
SQL: SHOW COLUMNS FROM `ny_patent` [ RunTime:0.003000s ]
ERR: 1146:Table 'nengyuan.ny_patent' doesn't exist
 [ SQL语句 ] : SHOW COLUMNS FROM `ny_patent`
SQL: SELECT * FROM `ny_patent` ORDER BY id desc LIMIT 0,10   [ RunTime:0.000000s ]
ERR: 1146:Table 'nengyuan.ny_patent' doesn't exist
 [ SQL语句 ] : SELECT * FROM `ny_patent` ORDER BY id desc LIMIT 0,10  
INFO: [ view_parse ] --START--
INFO: [ template_filter ] --START--
INFO: Run Behavior\ContentReplace [ RunTime:0.000000s ]
INFO: [ template_filter ] --END-- [ RunTime:0.000000s ]
INFO: Run Behavior\ParseTemplate [ RunTime:0.008000s ]
INFO: [ view_parse ] --END-- [ RunTime:0.008000s ]
INFO: [ view_filter ] --START--
INFO: Run Behavior\WriteHtmlCache [ RunTime:0.001000s ]
INFO: [ view_filter ] --END-- [ RunTime:0.001000s ]
INFO: [ app_end ] --START--
INFO: Run Behavior\ShowPageTrace [ RunTime:0.000000s ]
INFO: [ app_end ] --END-- [ RunTime:0.000000s ]

[ 2017-02-20T21:53:41+08:00 ] ::1 /aboutus/index.html
INFO: [ app_begin ] --START--
INFO: Run Behavior\ReadHtmlCache [ RunTime:0.001000s ]
INFO: [ app_begin ] --END-- [ RunTime:0.001000s ]
SQL: SHOW COLUMNS FROM `ny_product` [ RunTime:0.003000s ]
SQL: SHOW COLUMNS FROM `ny_show` [ RunTime:0.004000s ]
SQL: SELECT * FROM `ny_show` WHERE ( `id` = '1' ) LIMIT 1   [ RunTime:0.001000s ]
SQL: SHOW COLUMNS FROM `ny_patent` [ RunTime:0.003000s ]
ERR: 1146:Table 'nengyuan.ny_patent' doesn't exist
 [ SQL语句 ] : SHOW COLUMNS FROM `ny_patent`
SQL: SELECT * FROM `ny_patent` ORDER BY id desc LIMIT 0,10   [ RunTime:0.000000s ]
ERR: 1146:Table 'nengyuan.ny_patent' doesn't exist
 [ SQL语句 ] : SELECT * FROM `ny_patent` ORDER BY id desc LIMIT 0,10  
INFO: [ view_parse ] --START--
INFO: [ template_filter ] --START--
INFO: Run Behavior\ContentReplace [ RunTime:0.000000s ]
INFO: [ template_filter ] --END-- [ RunTime:0.000000s ]
INFO: Run Behavior\ParseTemplate [ RunTime:0.008001s ]
INFO: [ view_parse ] --END-- [ RunTime:0.008001s ]
INFO: [ view_filter ] --START--
INFO: Run Behavior\WriteHtmlCache [ RunTime:0.001000s ]
INFO: [ view_filter ] --END-- [ RunTime:0.001000s ]
INFO: [ app_end ] --START--
INFO: Run Behavior\ShowPageTrace [ RunTime:0.000000s ]
INFO: [ app_end ] --END-- [ RunTime:0.000000s ]

[ 2017-02-20T21:54:12+08:00 ] ::1 /aboutus/index.html
INFO: [ app_begin ] --START--
INFO: Run Behavior\ReadHtmlCache [ RunTime:0.001000s ]
INFO: [ app_begin ] --END-- [ RunTime:0.001000s ]
SQL: SHOW COLUMNS FROM `ny_product` [ RunTime:0.004000s ]
SQL: SHOW COLUMNS FROM `ny_show` [ RunTime:0.003000s ]
SQL: SELECT * FROM `ny_show` WHERE ( `id` = '1' ) LIMIT 1   [ RunTime:0.000000s ]
SQL: SHOW COLUMNS FROM `ny_patent` [ RunTime:0.003000s ]
ERR: 1146:Table 'nengyuan.ny_patent' doesn't exist
 [ SQL语句 ] : SHOW COLUMNS FROM `ny_patent`
SQL: SELECT * FROM `ny_patent` ORDER BY id desc LIMIT 0,10   [ RunTime:0.000000s ]
ERR: 1146:Table 'nengyuan.ny_patent' doesn't exist
 [ SQL语句 ] : SELECT * FROM `ny_patent` ORDER BY id desc LIMIT 0,10  
INFO: [ view_parse ] --START--
INFO: [ template_filter ] --START--
INFO: Run Behavior\ContentReplace [ RunTime:0.000000s ]
INFO: [ template_filter ] --END-- [ RunTime:0.000000s ]
INFO: Run Behavior\ParseTemplate [ RunTime:0.009000s ]
INFO: [ view_parse ] --END-- [ RunTime:0.009000s ]
INFO: [ view_filter ] --START--
INFO: Run Behavior\WriteHtmlCache [ RunTime:0.000000s ]
INFO: [ view_filter ] --END-- [ RunTime:0.000000s ]
INFO: [ app_end ] --START--
INFO: Run Behavior\ShowPageTrace [ RunTime:0.001000s ]
INFO: [ app_end ] --END-- [ RunTime:0.001000s ]

[ 2017-02-20T21:54:32+08:00 ] ::1 /aboutus/index.html
INFO: [ app_begin ] --START--
INFO: Run Behavior\ReadHtmlCache [ RunTime:0.000000s ]
INFO: [ app_begin ] --END-- [ RunTime:0.001000s ]
SQL: SHOW COLUMNS FROM `ny_product` [ RunTime:0.003000s ]
SQL: SHOW COLUMNS FROM `ny_show` [ RunTime:0.004000s ]
SQL: SELECT * FROM `ny_show` WHERE ( `id` = '1' ) LIMIT 1   [ RunTime:0.000000s ]
SQL: SHOW COLUMNS FROM `ny_patent` [ RunTime:0.003000s ]
ERR: 1146:Table 'nengyuan.ny_patent' doesn't exist
 [ SQL语句 ] : SHOW COLUMNS FROM `ny_patent`
SQL: SELECT * FROM `ny_patent` ORDER BY id desc LIMIT 0,10   [ RunTime:0.000000s ]
ERR: 1146:Table 'nengyuan.ny_patent' doesn't exist
 [ SQL语句 ] : SELECT * FROM `ny_patent` ORDER BY id desc LIMIT 0,10  
INFO: [ view_parse ] --START--
INFO: [ template_filter ] --START--
INFO: Run Behavior\ContentReplace [ RunTime:0.000000s ]
INFO: [ template_filter ] --END-- [ RunTime:0.000000s ]
INFO: Run Behavior\ParseTemplate [ RunTime:0.008001s ]
INFO: [ view_parse ] --END-- [ RunTime:0.008001s ]
INFO: [ view_filter ] --START--
INFO: Run Behavior\WriteHtmlCache [ RunTime:0.001000s ]
INFO: [ view_filter ] --END-- [ RunTime:0.001000s ]
INFO: [ app_end ] --START--
INFO: Run Behavior\ShowPageTrace [ RunTime:0.000000s ]
INFO: [ app_end ] --END-- [ RunTime:0.000000s ]

[ 2017-02-20T21:57:03+08:00 ] 127.0.0.1 /cgi-bin/micromsg-bin/newsync
INFO: [ app_begin ] --START--
INFO: Run Behavior\ReadHtmlCache [ RunTime:0.001000s ]
INFO: [ app_begin ] --END-- [ RunTime:0.001000s ]
ERR: 无法加载控制器:Cgi-bin

[ 2017-02-20T21:57:06+08:00 ] 127.0.0.1 /cgi-bin/micromsg-bin/newsync
INFO: [ app_begin ] --START--
INFO: Run Behavior\ReadHtmlCache [ RunTime:0.000000s ]
INFO: [ app_begin ] --END-- [ RunTime:0.001000s ]
ERR: 无法加载控制器:Cgi-bin

[ 2017-02-20T22:02:05+08:00 ] ::1 /aboutus/index.html
INFO: [ app_begin ] --START--
INFO: Run Behavior\ReadHtmlCache [ RunTime:0.001000s ]
INFO: [ app_begin ] --END-- [ RunTime:0.001000s ]
SQL: SHOW COLUMNS FROM `ny_product` [ RunTime:0.004000s ]
SQL: SHOW COLUMNS FROM `ny_show` [ RunTime:0.003001s ]
SQL: SELECT * FROM `ny_show` WHERE ( `id` = '1' ) LIMIT 1   [ RunTime:0.000000s ]
SQL: SHOW COLUMNS FROM `ny_patent` [ RunTime:0.003000s ]
ERR: 1146:Table 'nengyuan.ny_patent' doesn't exist
 [ SQL语句 ] : SHOW COLUMNS FROM `ny_patent`
SQL: SELECT * FROM `ny_patent` ORDER BY id desc LIMIT 0,10   [ RunTime:0.001000s ]
ERR: 1146:Table 'nengyuan.ny_patent' doesn't exist
 [ SQL语句 ] : SELECT * FROM `ny_patent` ORDER BY id desc LIMIT 0,10  
INFO: [ view_parse ] --START--
INFO: [ template_filter ] --START--
INFO: Run Behavior\ContentReplace [ RunTime:0.000000s ]
INFO: [ template_filter ] --END-- [ RunTime:0.000000s ]
INFO: Run Behavior\ParseTemplate [ RunTime:0.008000s ]
INFO: [ view_parse ] --END-- [ RunTime:0.008000s ]
INFO: [ view_filter ] --START--
INFO: Run Behavior\WriteHtmlCache [ RunTime:0.001000s ]
INFO: [ view_filter ] --END-- [ RunTime:0.001000s ]
INFO: [ app_end ] --START--
INFO: Run Behavior\ShowPageTrace [ RunTime:0.001000s ]
INFO: [ app_end ] --END-- [ RunTime:0.001000s ]

[ 2017-02-20T22:03:58+08:00 ] ::1 /aboutus/index.html
INFO: [ app_begin ] --START--
INFO: Run Behavior\ReadHtmlCache [ RunTime:0.000000s ]
INFO: [ app_begin ] --END-- [ RunTime:0.001000s ]
SQL: SHOW COLUMNS FROM `ny_product` [ RunTime:0.003000s ]
SQL: SHOW COLUMNS FROM `ny_show` [ RunTime:0.003000s ]
SQL: SELECT * FROM `ny_show` WHERE ( `id` = '1' ) LIMIT 1   [ RunTime:0.000000s ]
SQL: SHOW COLUMNS FROM `ny_patent` [ RunTime:0.003000s ]
ERR: 1146:Table 'nengyuan.ny_patent' doesn't exist
 [ SQL语句 ] : SHOW COLUMNS FROM `ny_patent`
SQL: SELECT * FROM `ny_patent` ORDER BY id desc LIMIT 0,10   [ RunTime:0.000000s ]
ERR: 1146:Table 'nengyuan.ny_patent' doesn't exist
 [ SQL语句 ] : SELECT * FROM `ny_patent` ORDER BY id desc LIMIT 0,10  
INFO: [ view_parse ] --START--
INFO: [ template_filter ] --START--
INFO: Run Behavior\ContentReplace [ RunTime:0.000000s ]
INFO: [ template_filter ] --END-- [ RunTime:0.000000s ]
INFO: Run Behavior\ParseTemplate [ RunTime:0.008000s ]
INFO: [ view_parse ] --END-- [ RunTime:0.008000s ]
INFO: [ view_filter ] --START--
INFO: Run Behavior\WriteHtmlCache [ RunTime:0.001000s ]
INFO: [ view_filter ] --END-- [ RunTime:0.001000s ]
INFO: [ app_end ] --START--
INFO: Run Behavior\ShowPageTrace [ RunTime:0.000000s ]
INFO: [ app_end ] --END-- [ RunTime:0.000000s ]

[ 2017-02-20T22:08:31+08:00 ] ::1 /aboutus/index.html
INFO: [ app_begin ] --START--
INFO: Run Behavior\ReadHtmlCache [ RunTime:0.001000s ]
INFO: [ app_begin ] --END-- [ RunTime:0.001000s ]
SQL: SHOW COLUMNS FROM `ny_product` [ RunTime:0.005000s ]
SQL: SHOW COLUMNS FROM `ny_show` [ RunTime:0.003000s ]
SQL: SELECT * FROM `ny_show` WHERE ( `id` = '1' ) LIMIT 1   [ RunTime:0.001000s ]
SQL: SHOW COLUMNS FROM `ny_patent` [ RunTime:0.003000s ]
ERR: 1146:Table 'nengyuan.ny_patent' doesn't exist
 [ SQL语句 ] : SHOW COLUMNS FROM `ny_patent`
SQL: SELECT * FROM `ny_patent` ORDER BY id desc LIMIT 0,10   [ RunTime:0.000000s ]
ERR: 1146:Table 'nengyuan.ny_patent' doesn't exist
 [ SQL语句 ] : SELECT * FROM `ny_patent` ORDER BY id desc LIMIT 0,10  
INFO: [ view_parse ] --START--
INFO: [ template_filter ] --START--
INFO: Run Behavior\ContentReplace [ RunTime:0.000000s ]
INFO: [ template_filter ] --END-- [ RunTime:0.000000s ]
INFO: Run Behavior\ParseTemplate [ RunTime:0.009001s ]
INFO: [ view_parse ] --END-- [ RunTime:0.009001s ]
INFO: [ view_filter ] --START--
INFO: Run Behavior\WriteHtmlCache [ RunTime:0.000000s ]
INFO: [ view_filter ] --END-- [ RunTime:0.000000s ]
INFO: [ app_end ] --START--
INFO: Run Behavior\ShowPageTrace [ RunTime:0.001000s ]
INFO: [ app_end ] --END-- [ RunTime:0.001000s ]

[ 2017-02-20T22:08:57+08:00 ] ::1 /aboutus/index.html
INFO: [ app_begin ] --START--
INFO: Run Behavior\ReadHtmlCache [ RunTime:0.001000s ]
INFO: [ app_begin ] --END-- [ RunTime:0.001000s ]
SQL: SHOW COLUMNS FROM `ny_product` [ RunTime:0.003000s ]
SQL: SHOW COLUMNS FROM `ny_show` [ RunTime:0.003001s ]
SQL: SELECT * FROM `ny_show` WHERE ( `id` = '1' ) LIMIT 1   [ RunTime:0.000000s ]
SQL: SHOW COLUMNS FROM `ny_patent` [ RunTime:0.003000s ]
ERR: 1146:Table 'nengyuan.ny_patent' doesn't exist
 [ SQL语句 ] : SHOW COLUMNS FROM `ny_patent`
SQL: SELECT * FROM `ny_patent` ORDER BY id desc LIMIT 0,10   [ RunTime:0.000000s ]
ERR: 1146:Table 'nengyuan.ny_patent' doesn't exist
 [ SQL语句 ] : SELECT * FROM `ny_patent` ORDER BY id desc LIMIT 0,10  
INFO: [ view_parse ] --START--
INFO: [ template_filter ] --START--
INFO: Run Behavior\ContentReplace [ RunTime:0.000000s ]
INFO: [ template_filter ] --END-- [ RunTime:0.000000s ]
INFO: Run Behavior\ParseTemplate [ RunTime:0.007000s ]
INFO: [ view_parse ] --END-- [ RunTime:0.008000s ]
INFO: [ view_filter ] --START--
INFO: Run Behavior\WriteHtmlCache [ RunTime:0.000000s ]
INFO: [ view_filter ] --END-- [ RunTime:0.001000s ]
INFO: [ app_end ] --START--
INFO: Run Behavior\ShowPageTrace [ RunTime:0.000000s ]
INFO: [ app_end ] --END-- [ RunTime:0.000000s ]

[ 2017-02-20T22:09:05+08:00 ] ::1 /aboutus/index.html
INFO: [ app_begin ] --START--
INFO: Run Behavior\ReadHtmlCache [ RunTime:0.001001s ]
INFO: [ app_begin ] --END-- [ RunTime:0.001001s ]
SQL: SHOW COLUMNS FROM `ny_product` [ RunTime:0.003000s ]
SQL: SHOW COLUMNS FROM `ny_show` [ RunTime:0.003001s ]
SQL: SELECT * FROM `ny_show` WHERE ( `id` = '1' ) LIMIT 1   [ RunTime:0.000000s ]
SQL: SHOW COLUMNS FROM `ny_patent` [ RunTime:0.003000s ]
ERR: 1146:Table 'nengyuan.ny_patent' doesn't exist
 [ SQL语句 ] : SHOW COLUMNS FROM `ny_patent`
SQL: SELECT * FROM `ny_patent` ORDER BY id desc LIMIT 0,10   [ RunTime:0.000000s ]
ERR: 1146:Table 'nengyuan.ny_patent' doesn't exist
 [ SQL语句 ] : SELECT * FROM `ny_patent` ORDER BY id desc LIMIT 0,10  
INFO: [ view_parse ] --START--
INFO: [ template_filter ] --START--
INFO: Run Behavior\ContentReplace [ RunTime:0.000000s ]
INFO: [ template_filter ] --END-- [ RunTime:0.000000s ]
INFO: Run Behavior\ParseTemplate [ RunTime:0.008000s ]
INFO: [ view_parse ] --END-- [ RunTime:0.009000s ]
INFO: [ view_filter ] --START--
INFO: Run Behavior\WriteHtmlCache [ RunTime:0.000000s ]
INFO: [ view_filter ] --END-- [ RunTime:0.000000s ]
INFO: [ app_end ] --START--
INFO: Run Behavior\ShowPageTrace [ RunTime:0.001000s ]
INFO: [ app_end ] --END-- [ RunTime:0.001000s ]

[ 2017-02-20T22:17:18+08:00 ] ::1 /aboutus/index.html
INFO: [ app_begin ] --START--
INFO: Run Behavior\ReadHtmlCache [ RunTime:0.000000s ]
INFO: [ app_begin ] --END-- [ RunTime:0.001000s ]
SQL: SHOW COLUMNS FROM `ny_product` [ RunTime:0.004000s ]
SQL: SHOW COLUMNS FROM `ny_show` [ RunTime:0.004000s ]
SQL: SELECT * FROM `ny_show` WHERE ( `id` = '1' ) LIMIT 1   [ RunTime:0.000000s ]
SQL: SHOW COLUMNS FROM `ny_patent` [ RunTime:0.003000s ]
ERR: 1146:Table 'nengyuan.ny_patent' doesn't exist
 [ SQL语句 ] : SHOW COLUMNS FROM `ny_patent`
SQL: SELECT * FROM `ny_patent` ORDER BY id desc LIMIT 0,10   [ RunTime:0.000000s ]
ERR: 1146:Table 'nengyuan.ny_patent' doesn't exist
 [ SQL语句 ] : SELECT * FROM `ny_patent` ORDER BY id desc LIMIT 0,10  
INFO: [ view_parse ] --START--
INFO: [ template_filter ] --START--
INFO: Run Behavior\ContentReplace [ RunTime:0.000000s ]
INFO: [ template_filter ] --END-- [ RunTime:0.000000s ]
INFO: Run Behavior\ParseTemplate [ RunTime:0.009001s ]
INFO: [ view_parse ] --END-- [ RunTime:0.009001s ]
INFO: [ view_filter ] --START--
INFO: Run Behavior\WriteHtmlCache [ RunTime:0.001000s ]
INFO: [ view_filter ] --END-- [ RunTime:0.001000s ]
INFO: [ app_end ] --START--
INFO: Run Behavior\ShowPageTrace [ RunTime:0.000000s ]
INFO: [ app_end ] --END-- [ RunTime:0.001000s ]

[ 2017-02-20T22:18:13+08:00 ] 127.0.0.1 /cgi-bin/micromsg-bin/newsendmsg
INFO: [ app_begin ] --START--
INFO: Run Behavior\ReadHtmlCache [ RunTime:0.000000s ]
INFO: [ app_begin ] --END-- [ RunTime:0.000000s ]
ERR: 无法加载控制器:Cgi-bin

[ 2017-02-20T22:22:51+08:00 ] ::1 /aboutus/index.html
INFO: [ app_begin ] --START--
INFO: Run Behavior\ReadHtmlCache [ RunTime:0.001000s ]
INFO: [ app_begin ] --END-- [ RunTime:0.001000s ]
SQL: SHOW COLUMNS FROM `ny_product` [ RunTime:0.004000s ]
SQL: SHOW COLUMNS FROM `ny_show` [ RunTime:0.004000s ]
SQL: SELECT * FROM `ny_show` WHERE ( `id` = '1' ) LIMIT 1   [ RunTime:0.000000s ]
SQL: SHOW COLUMNS FROM `ny_patent` [ RunTime:0.003000s ]
ERR: 1146:Table 'nengyuan.ny_patent' doesn't exist
 [ SQL语句 ] : SHOW COLUMNS FROM `ny_patent`
SQL: SELECT * FROM `ny_patent` ORDER BY id desc LIMIT 0,10   [ RunTime:0.000000s ]
ERR: 1146:Table 'nengyuan.ny_patent' doesn't exist
 [ SQL语句 ] : SELECT * FROM `ny_patent` ORDER BY id desc LIMIT 0,10  
INFO: [ view_parse ] --START--
INFO: [ template_filter ] --START--
INFO: Run Behavior\ContentReplace [ RunTime:0.000000s ]
INFO: [ template_filter ] --END-- [ RunTime:0.000000s ]
INFO: Run Behavior\ParseTemplate [ RunTime:0.008001s ]
INFO: [ view_parse ] --END-- [ RunTime:0.008001s ]
INFO: [ view_filter ] --START--
INFO: Run Behavior\WriteHtmlCache [ RunTime:0.001000s ]
INFO: [ view_filter ] --END-- [ RunTime:0.001000s ]
INFO: [ app_end ] --START--
INFO: Run Behavior\ShowPageTrace [ RunTime:0.000000s ]
INFO: [ app_end ] --END-- [ RunTime:0.000000s ]

[ 2017-02-20T22:31:09+08:00 ] ::1 /aboutus/index.html
INFO: [ app_begin ] --START--
INFO: Run Behavior\ReadHtmlCache [ RunTime:0.001000s ]
INFO: [ app_begin ] --END-- [ RunTime:0.001000s ]
SQL: SHOW COLUMNS FROM `ny_product` [ RunTime:0.003000s ]
SQL: SHOW COLUMNS FROM `ny_show` [ RunTime:0.004000s ]
SQL: SELECT * FROM `ny_show` WHERE ( `id` = '1' ) LIMIT 1   [ RunTime:0.000000s ]
SQL: SHOW COLUMNS FROM `ny_patent` [ RunTime:0.003000s ]
ERR: 1146:Table 'nengyuan.ny_patent' doesn't exist
 [ SQL语句 ] : SHOW COLUMNS FROM `ny_patent`
SQL: SELECT * FROM `ny_patent` ORDER BY id desc LIMIT 0,10   [ RunTime:0.001000s ]
ERR: 1146:Table 'nengyuan.ny_patent' doesn't exist
 [ SQL语句 ] : SELECT * FROM `ny_patent` ORDER BY id desc LIMIT 0,10  
INFO: [ view_parse ] --START--
INFO: [ template_filter ] --START--
INFO: Run Behavior\ContentReplace [ RunTime:0.000000s ]
INFO: [ template_filter ] --END-- [ RunTime:0.000000s ]
INFO: Run Behavior\ParseTemplate [ RunTime:0.009001s ]
INFO: [ view_parse ] --END-- [ RunTime:0.009001s ]
INFO: [ view_filter ] --START--
INFO: Run Behavior\WriteHtmlCache [ RunTime:0.001000s ]
INFO: [ view_filter ] --END-- [ RunTime:0.001000s ]
INFO: [ app_end ] --START--
INFO: Run Behavior\ShowPageTrace [ RunTime:0.000000s ]
INFO: [ app_end ] --END-- [ RunTime:0.000000s ]

[ 2017-02-20T22:31:34+08:00 ] ::1 /aboutus/index.html
INFO: [ app_begin ] --START--
INFO: Run Behavior\ReadHtmlCache [ RunTime:0.000000s ]
INFO: [ app_begin ] --END-- [ RunTime:0.001000s ]
SQL: SHOW COLUMNS FROM `ny_product` [ RunTime:0.004000s ]
SQL: SHOW COLUMNS FROM `ny_show` [ RunTime:0.003000s ]
SQL: SELECT * FROM `ny_show` WHERE ( `id` = '1' ) LIMIT 1   [ RunTime:0.001000s ]
SQL: SHOW COLUMNS FROM `ny_patent` [ RunTime:0.002000s ]
ERR: 1146:Table 'nengyuan.ny_patent' doesn't exist
 [ SQL语句 ] : SHOW COLUMNS FROM `ny_patent`
SQL: SELECT * FROM `ny_patent` ORDER BY id desc LIMIT 0,10   [ RunTime:0.000000s ]
ERR: 1146:Table 'nengyuan.ny_patent' doesn't exist
 [ SQL语句 ] : SELECT * FROM `ny_patent` ORDER BY id desc LIMIT 0,10  
INFO: [ view_parse ] --START--
INFO: [ template_filter ] --START--
INFO: Run Behavior\ContentReplace [ RunTime:0.000000s ]
INFO: [ template_filter ] --END-- [ RunTime:0.000000s ]
INFO: Run Behavior\ParseTemplate [ RunTime:0.009001s ]
INFO: [ view_parse ] --END-- [ RunTime:0.009001s ]
INFO: [ view_filter ] --START--
INFO: Run Behavior\WriteHtmlCache [ RunTime:0.001000s ]
INFO: [ view_filter ] --END-- [ RunTime:0.001000s ]
INFO: [ app_end ] --START--
INFO: Run Behavior\ShowPageTrace [ RunTime:0.000000s ]
INFO: [ app_end ] --END-- [ RunTime:0.000000s ]

[ 2017-02-20T22:33:13+08:00 ] ::1 /aboutus/index.html
INFO: [ app_begin ] --START--
INFO: Run Behavior\ReadHtmlCache [ RunTime:0.001000s ]
INFO: [ app_begin ] --END-- [ RunTime:0.001000s ]
SQL: SHOW COLUMNS FROM `ny_product` [ RunTime:0.004000s ]
SQL: SHOW COLUMNS FROM `ny_show` [ RunTime:0.003001s ]
SQL: SELECT * FROM `ny_show` WHERE ( `id` = '1' ) LIMIT 1   [ RunTime:0.000000s ]
SQL: SHOW COLUMNS FROM `ny_patent` [ RunTime:0.003000s ]
ERR: 1146:Table 'nengyuan.ny_patent' doesn't exist
 [ SQL语句 ] : SHOW COLUMNS FROM `ny_patent`
SQL: SELECT * FROM `ny_patent` ORDER BY id desc LIMIT 0,10   [ RunTime:0.000000s ]
ERR: 1146:Table 'nengyuan.ny_patent' doesn't exist
 [ SQL语句 ] : SELECT * FROM `ny_patent` ORDER BY id desc LIMIT 0,10  
INFO: [ view_parse ] --START--
INFO: [ template_filter ] --START--
INFO: Run Behavior\ContentReplace [ RunTime:0.000000s ]
INFO: [ template_filter ] --END-- [ RunTime:0.000000s ]
INFO: Run Behavior\ParseTemplate [ RunTime:0.008000s ]
INFO: [ view_parse ] --END-- [ RunTime:0.009000s ]
INFO: [ view_filter ] --START--
INFO: Run Behavior\WriteHtmlCache [ RunTime:0.000000s ]
INFO: [ view_filter ] --END-- [ RunTime:0.000000s ]
INFO: [ app_end ] --START--
INFO: Run Behavior\ShowPageTrace [ RunTime:0.000000s ]
INFO: [ app_end ] --END-- [ RunTime:0.000000s ]

[ 2017-02-20T22:33:37+08:00 ] ::1 /aboutus/index.html
INFO: [ app_begin ] --START--
INFO: Run Behavior\ReadHtmlCache [ RunTime:0.000000s ]
INFO: [ app_begin ] --END-- [ RunTime:0.001000s ]
SQL: SHOW COLUMNS FROM `ny_product` [ RunTime:0.004000s ]
SQL: SHOW COLUMNS FROM `ny_show` [ RunTime:0.003001s ]
SQL: SELECT * FROM `ny_show` WHERE ( `id` = '1' ) LIMIT 1   [ RunTime:0.001000s ]
SQL: SHOW COLUMNS FROM `ny_patent` [ RunTime:0.003000s ]
ERR: 1146:Table 'nengyuan.ny_patent' doesn't exist
 [ SQL语句 ] : SHOW COLUMNS FROM `ny_patent`
SQL: SELECT * FROM `ny_patent` ORDER BY id desc LIMIT 0,10   [ RunTime:0.000000s ]
ERR: 1146:Table 'nengyuan.ny_patent' doesn't exist
 [ SQL语句 ] : SELECT * FROM `ny_patent` ORDER BY id desc LIMIT 0,10  
INFO: [ view_parse ] --START--
INFO: [ template_filter ] --START--
INFO: Run Behavior\ContentReplace [ RunTime:0.000000s ]
INFO: [ template_filter ] --END-- [ RunTime:0.000000s ]
INFO: Run Behavior\ParseTemplate [ RunTime:0.009000s ]
INFO: [ view_parse ] --END-- [ RunTime:0.009000s ]
INFO: [ view_filter ] --START--
INFO: Run Behavior\WriteHtmlCache [ RunTime:0.000000s ]
INFO: [ view_filter ] --END-- [ RunTime:0.000000s ]
INFO: [ app_end ] --START--
INFO: Run Behavior\ShowPageTrace [ RunTime:0.001000s ]
INFO: [ app_end ] --END-- [ RunTime:0.001000s ]

[ 2017-02-20T22:35:33+08:00 ] ::1 /aboutus/index.html
INFO: [ app_begin ] --START--
INFO: Run Behavior\ReadHtmlCache [ RunTime:0.000000s ]
INFO: [ app_begin ] --END-- [ RunTime:0.000000s ]
SQL: SHOW COLUMNS FROM `ny_product` [ RunTime:0.003000s ]
SQL: SHOW COLUMNS FROM `ny_show` [ RunTime:0.003001s ]
SQL: SELECT * FROM `ny_show` WHERE ( `id` = '1' ) LIMIT 1   [ RunTime:0.000000s ]
SQL: SHOW COLUMNS FROM `ny_patent` [ RunTime:0.003000s ]
ERR: 1146:Table 'nengyuan.ny_patent' doesn't exist
 [ SQL语句 ] : SHOW COLUMNS FROM `ny_patent`
SQL: SELECT * FROM `ny_patent` ORDER BY id desc LIMIT 0,10   [ RunTime:0.001000s ]
ERR: 1146:Table 'nengyuan.ny_patent' doesn't exist
 [ SQL语句 ] : SELECT * FROM `ny_patent` ORDER BY id desc LIMIT 0,10  
INFO: [ view_parse ] --START--
INFO: [ template_filter ] --START--
INFO: Run Behavior\ContentReplace [ RunTime:0.000000s ]
INFO: [ template_filter ] --END-- [ RunTime:0.000000s ]
INFO: Run Behavior\ParseTemplate [ RunTime:0.008000s ]
INFO: [ view_parse ] --END-- [ RunTime:0.008000s ]
INFO: [ view_filter ] --START--
INFO: Run Behavior\WriteHtmlCache [ RunTime:0.000000s ]
INFO: [ view_filter ] --END-- [ RunTime:0.000000s ]
INFO: [ app_end ] --START--
INFO: Run Behavior\ShowPageTrace [ RunTime:0.001000s ]
INFO: [ app_end ] --END-- [ RunTime:0.001000s ]

[ 2017-02-20T22:36:31+08:00 ] ::1 /aboutus/index.html
INFO: [ app_begin ] --START--
INFO: Run Behavior\ReadHtmlCache [ RunTime:0.000000s ]
INFO: [ app_begin ] --END-- [ RunTime:0.001000s ]
SQL: SHOW COLUMNS FROM `ny_product` [ RunTime:0.003000s ]
SQL: SHOW COLUMNS FROM `ny_show` [ RunTime:0.003000s ]
SQL: SELECT * FROM `ny_show` WHERE ( `id` = '1' ) LIMIT 1   [ RunTime:0.001000s ]
SQL: SHOW COLUMNS FROM `ny_patent` [ RunTime:0.003000s ]
ERR: 1146:Table 'nengyuan.ny_patent' doesn't exist
 [ SQL语句 ] : SHOW COLUMNS FROM `ny_patent`
SQL: SELECT * FROM `ny_patent` ORDER BY id desc LIMIT 0,10   [ RunTime:0.000000s ]
ERR: 1146:Table 'nengyuan.ny_patent' doesn't exist
 [ SQL语句 ] : SELECT * FROM `ny_patent` ORDER BY id desc LIMIT 0,10  
INFO: [ view_parse ] --START--
INFO: [ template_filter ] --START--
INFO: Run Behavior\ContentReplace [ RunTime:0.000000s ]
INFO: [ template_filter ] --END-- [ RunTime:0.001000s ]
INFO: Run Behavior\ParseTemplate [ RunTime:0.008001s ]
INFO: [ view_parse ] --END-- [ RunTime:0.008001s ]
INFO: [ view_filter ] --START--
INFO: Run Behavior\WriteHtmlCache [ RunTime:0.000000s ]
INFO: [ view_filter ] --END-- [ RunTime:0.000000s ]
INFO: [ app_end ] --START--
INFO: Run Behavior\ShowPageTrace [ RunTime:0.001000s ]
INFO: [ app_end ] --END-- [ RunTime:0.001000s ]

[ 2017-02-20T22:37:57+08:00 ] ::1 /aboutus/index.html
INFO: [ app_begin ] --START--
INFO: Run Behavior\ReadHtmlCache [ RunTime:0.000000s ]
INFO: [ app_begin ] --END-- [ RunTime:0.001000s ]
SQL: SHOW COLUMNS FROM `ny_product` [ RunTime:0.004001s ]
SQL: SHOW COLUMNS FROM `ny_show` [ RunTime:0.003000s ]
SQL: SELECT * FROM `ny_show` WHERE ( `id` = '1' ) LIMIT 1   [ RunTime:0.001000s ]
SQL: SHOW COLUMNS FROM `ny_patent` [ RunTime:0.003000s ]
ERR: 1146:Table 'nengyuan.ny_patent' doesn't exist
 [ SQL语句 ] : SHOW COLUMNS FROM `ny_patent`
SQL: SELECT * FROM `ny_patent` ORDER BY id desc LIMIT 0,10   [ RunTime:0.000000s ]
ERR: 1146:Table 'nengyuan.ny_patent' doesn't exist
 [ SQL语句 ] : SELECT * FROM `ny_patent` ORDER BY id desc LIMIT 0,10  
INFO: [ view_parse ] --START--
INFO: [ template_filter ] --START--
INFO: Run Behavior\ContentReplace [ RunTime:0.000000s ]
INFO: [ template_filter ] --END-- [ RunTime:0.000000s ]
INFO: Run Behavior\ParseTemplate [ RunTime:0.008001s ]
INFO: [ view_parse ] --END-- [ RunTime:0.008001s ]
INFO: [ view_filter ] --START--
INFO: Run Behavior\WriteHtmlCache [ RunTime:0.000000s ]
INFO: [ view_filter ] --END-- [ RunTime:0.000000s ]
INFO: [ app_end ] --START--
INFO: Run Behavior\ShowPageTrace [ RunTime:0.001000s ]
INFO: [ app_end ] --END-- [ RunTime:0.001000s ]

[ 2017-02-20T22:38:09+08:00 ] ::1 /aboutus/index.html
INFO: [ app_begin ] --START--
INFO: Run Behavior\ReadHtmlCache [ RunTime:0.000000s ]
INFO: [ app_begin ] --END-- [ RunTime:0.001000s ]
SQL: SHOW COLUMNS FROM `ny_product` [ RunTime:0.004001s ]
SQL: SHOW COLUMNS FROM `ny_show` [ RunTime:0.003000s ]
SQL: SELECT * FROM `ny_show` WHERE ( `id` = '1' ) LIMIT 1   [ RunTime:0.000000s ]
SQL: SHOW COLUMNS FROM `ny_patent` [ RunTime:0.003000s ]
ERR: 1146:Table 'nengyuan.ny_patent' doesn't exist
 [ SQL语句 ] : SHOW COLUMNS FROM `ny_patent`
SQL: SELECT * FROM `ny_patent` ORDER BY id desc LIMIT 0,10   [ RunTime:0.000000s ]
ERR: 1146:Table 'nengyuan.ny_patent' doesn't exist
 [ SQL语句 ] : SELECT * FROM `ny_patent` ORDER BY id desc LIMIT 0,10  
INFO: [ view_parse ] --START--
INFO: [ template_filter ] --START--
INFO: Run Behavior\ContentReplace [ RunTime:0.000000s ]
INFO: [ template_filter ] --END-- [ RunTime:0.000000s ]
INFO: Run Behavior\ParseTemplate [ RunTime:0.008001s ]
INFO: [ view_parse ] --END-- [ RunTime:0.008001s ]
INFO: [ view_filter ] --START--
INFO: Run Behavior\WriteHtmlCache [ RunTime:0.001000s ]
INFO: [ view_filter ] --END-- [ RunTime:0.001000s ]
INFO: [ app_end ] --START--
INFO: Run Behavior\ShowPageTrace [ RunTime:0.000000s ]
INFO: [ app_end ] --END-- [ RunTime:0.000000s ]

[ 2017-02-20T22:38:44+08:00 ] ::1 /aboutus/index.html
INFO: [ app_begin ] --START--
INFO: Run Behavior\ReadHtmlCache [ RunTime:0.000000s ]
INFO: [ app_begin ] --END-- [ RunTime:0.001000s ]
SQL: SHOW COLUMNS FROM `ny_product` [ RunTime:0.003000s ]
SQL: SHOW COLUMNS FROM `ny_show` [ RunTime:0.003000s ]
SQL: SELECT * FROM `ny_show` WHERE ( `id` = '1' ) LIMIT 1   [ RunTime:0.000000s ]
SQL: SHOW COLUMNS FROM `ny_patent` [ RunTime:0.003000s ]
ERR: 1146:Table 'nengyuan.ny_patent' doesn't exist
 [ SQL语句 ] : SHOW COLUMNS FROM `ny_patent`
SQL: SELECT * FROM `ny_patent` ORDER BY id desc LIMIT 0,10   [ RunTime:0.001001s ]
ERR: 1146:Table 'nengyuan.ny_patent' doesn't exist
 [ SQL语句 ] : SELECT * FROM `ny_patent` ORDER BY id desc LIMIT 0,10  
INFO: [ view_parse ] --START--
INFO: [ template_filter ] --START--
INFO: Run Behavior\ContentReplace [ RunTime:0.000000s ]
INFO: [ template_filter ] --END-- [ RunTime:0.000000s ]
INFO: Run Behavior\ParseTemplate [ RunTime:0.008000s ]
INFO: [ view_parse ] --END-- [ RunTime:0.008000s ]
INFO: [ view_filter ] --START--
INFO: Run Behavior\WriteHtmlCache [ RunTime:0.000000s ]
INFO: [ view_filter ] --END-- [ RunTime:0.001000s ]
INFO: [ app_end ] --START--
INFO: Run Behavior\ShowPageTrace [ RunTime:0.000000s ]
INFO: [ app_end ] --END-- [ RunTime:0.000000s ]

[ 2017-02-20T22:38:59+08:00 ] ::1 /aboutus/index.html
INFO: [ app_begin ] --START--
INFO: Run Behavior\ReadHtmlCache [ RunTime:0.000000s ]
INFO: [ app_begin ] --END-- [ RunTime:0.001000s ]
SQL: SHOW COLUMNS FROM `ny_product` [ RunTime:0.004001s ]
SQL: SHOW COLUMNS FROM `ny_show` [ RunTime:0.003000s ]
SQL: SELECT * FROM `ny_show` WHERE ( `id` = '1' ) LIMIT 1   [ RunTime:0.000000s ]
SQL: SHOW COLUMNS FROM `ny_patent` [ RunTime:0.002000s ]
ERR: 1146:Table 'nengyuan.ny_patent' doesn't exist
 [ SQL语句 ] : SHOW COLUMNS FROM `ny_patent`
SQL: SELECT * FROM `ny_patent` ORDER BY id desc LIMIT 0,10   [ RunTime:0.001000s ]
ERR: 1146:Table 'nengyuan.ny_patent' doesn't exist
 [ SQL语句 ] : SELECT * FROM `ny_patent` ORDER BY id desc LIMIT 0,10  
INFO: [ view_parse ] --START--
INFO: [ template_filter ] --START--
INFO: Run Behavior\ContentReplace [ RunTime:0.000000s ]
INFO: [ template_filter ] --END-- [ RunTime:0.000000s ]
INFO: Run Behavior\ParseTemplate [ RunTime:0.009001s ]
INFO: [ view_parse ] --END-- [ RunTime:0.009001s ]
INFO: [ view_filter ] --START--
INFO: Run Behavior\WriteHtmlCache [ RunTime:0.000000s ]
INFO: [ view_filter ] --END-- [ RunTime:0.000000s ]
INFO: [ app_end ] --START--
INFO: Run Behavior\ShowPageTrace [ RunTime:0.001000s ]
INFO: [ app_end ] --END-- [ RunTime:0.001000s ]

[ 2017-02-20T22:41:47+08:00 ] ::1 /aboutus/index.html
INFO: [ app_begin ] --START--
INFO: Run Behavior\ReadHtmlCache [ RunTime:0.000000s ]
INFO: [ app_begin ] --END-- [ RunTime:0.001000s ]
SQL: SHOW COLUMNS FROM `ny_product` [ RunTime:0.004000s ]
SQL: SHOW COLUMNS FROM `ny_show` [ RunTime:0.003000s ]
SQL: SELECT * FROM `ny_show` WHERE ( `id` = '1' ) LIMIT 1   [ RunTime:0.000000s ]
SQL: SHOW COLUMNS FROM `ny_patent` [ RunTime:0.003000s ]
ERR: 1146:Table 'nengyuan.ny_patent' doesn't exist
 [ SQL语句 ] : SHOW COLUMNS FROM `ny_patent`
SQL: SELECT * FROM `ny_patent` ORDER BY id desc LIMIT 0,10   [ RunTime:0.000000s ]
ERR: 1146:Table 'nengyuan.ny_patent' doesn't exist
 [ SQL语句 ] : SELECT * FROM `ny_patent` ORDER BY id desc LIMIT 0,10  
INFO: [ view_parse ] --START--
INFO: [ template_filter ] --START--
INFO: Run Behavior\ContentReplace [ RunTime:0.000000s ]
INFO: [ template_filter ] --END-- [ RunTime:0.000000s ]
INFO: Run Behavior\ParseTemplate [ RunTime:0.009001s ]
INFO: [ view_parse ] --END-- [ RunTime:0.009001s ]
INFO: [ view_filter ] --START--
INFO: Run Behavior\WriteHtmlCache [ RunTime:0.000000s ]
INFO: [ view_filter ] --END-- [ RunTime:0.000000s ]
INFO: [ app_end ] --START--
INFO: Run Behavior\ShowPageTrace [ RunTime:0.001000s ]
INFO: [ app_end ] --END-- [ RunTime:0.001000s ]

[ 2017-02-20T22:42:03+08:00 ] ::1 /aboutus/index.html
INFO: [ app_begin ] --START--
INFO: Run Behavior\ReadHtmlCache [ RunTime:0.001000s ]
INFO: [ app_begin ] --END-- [ RunTime:0.001000s ]
SQL: SHOW COLUMNS FROM `ny_product` [ RunTime:0.003000s ]
SQL: SHOW COLUMNS FROM `ny_show` [ RunTime:0.003000s ]
SQL: SELECT * FROM `ny_show` WHERE ( `id` = '1' ) LIMIT 1   [ RunTime:0.001000s ]
SQL: SHOW COLUMNS FROM `ny_patent` [ RunTime:0.003000s ]
ERR: 1146:Table 'nengyuan.ny_patent' doesn't exist
 [ SQL语句 ] : SHOW COLUMNS FROM `ny_patent`
SQL: SELECT * FROM `ny_patent` ORDER BY id desc LIMIT 0,10   [ RunTime:0.000000s ]
ERR: 1146:Table 'nengyuan.ny_patent' doesn't exist
 [ SQL语句 ] : SELECT * FROM `ny_patent` ORDER BY id desc LIMIT 0,10  
INFO: [ view_parse ] --START--
INFO: [ template_filter ] --START--
INFO: Run Behavior\ContentReplace [ RunTime:0.000000s ]
INFO: [ template_filter ] --END-- [ RunTime:0.000000s ]
INFO: Run Behavior\ParseTemplate [ RunTime:0.008001s ]
INFO: [ view_parse ] --END-- [ RunTime:0.008001s ]
INFO: [ view_filter ] --START--
INFO: Run Behavior\WriteHtmlCache [ RunTime:0.001000s ]
INFO: [ view_filter ] --END-- [ RunTime:0.001000s ]
INFO: [ app_end ] --START--
INFO: Run Behavior\ShowPageTrace [ RunTime:0.000000s ]
INFO: [ app_end ] --END-- [ RunTime:0.000000s ]

[ 2017-02-20T22:43:03+08:00 ] ::1 /aboutus/index.html
INFO: [ app_begin ] --START--
INFO: Run Behavior\ReadHtmlCache [ RunTime:0.001000s ]
INFO: [ app_begin ] --END-- [ RunTime:0.001000s ]
SQL: SHOW COLUMNS FROM `ny_product` [ RunTime:0.004001s ]
SQL: SHOW COLUMNS FROM `ny_show` [ RunTime:0.003000s ]
SQL: SELECT * FROM `ny_show` WHERE ( `id` = '1' ) LIMIT 1   [ RunTime:0.001000s ]
SQL: SHOW COLUMNS FROM `ny_patent` [ RunTime:0.003000s ]
ERR: 1146:Table 'nengyuan.ny_patent' doesn't exist
 [ SQL语句 ] : SHOW COLUMNS FROM `ny_patent`
SQL: SELECT * FROM `ny_patent` ORDER BY id desc LIMIT 0,10   [ RunTime:0.000000s ]
ERR: 1146:Table 'nengyuan.ny_patent' doesn't exist
 [ SQL语句 ] : SELECT * FROM `ny_patent` ORDER BY id desc LIMIT 0,10  
INFO: [ view_parse ] --START--
INFO: [ template_filter ] --START--
INFO: Run Behavior\ContentReplace [ RunTime:0.000000s ]
INFO: [ template_filter ] --END-- [ RunTime:0.000000s ]
INFO: Run Behavior\ParseTemplate [ RunTime:0.009000s ]
INFO: [ view_parse ] --END-- [ RunTime:0.009000s ]
INFO: [ view_filter ] --START--
INFO: Run Behavior\WriteHtmlCache [ RunTime:0.001001s ]
INFO: [ view_filter ] --END-- [ RunTime:0.001001s ]
INFO: [ app_end ] --START--
INFO: Run Behavior\ShowPageTrace [ RunTime:0.000000s ]
INFO: [ app_end ] --END-- [ RunTime:0.000000s ]

[ 2017-02-20T22:43:25+08:00 ] ::1 /aboutus/index.html
INFO: [ app_begin ] --START--
INFO: Run Behavior\ReadHtmlCache [ RunTime:0.001000s ]
INFO: [ app_begin ] --END-- [ RunTime:0.001000s ]
SQL: SHOW COLUMNS FROM `ny_product` [ RunTime:0.004000s ]
SQL: SHOW COLUMNS FROM `ny_show` [ RunTime:0.003000s ]
SQL: SELECT * FROM `ny_show` WHERE ( `id` = '1' ) LIMIT 1   [ RunTime:0.000000s ]
SQL: SHOW COLUMNS FROM `ny_patent` [ RunTime:0.003000s ]
ERR: 1146:Table 'nengyuan.ny_patent' doesn't exist
 [ SQL语句 ] : SHOW COLUMNS FROM `ny_patent`
SQL: SELECT * FROM `ny_patent` ORDER BY id desc LIMIT 0,10   [ RunTime:0.000000s ]
ERR: 1146:Table 'nengyuan.ny_patent' doesn't exist
 [ SQL语句 ] : SELECT * FROM `ny_patent` ORDER BY id desc LIMIT 0,10  
INFO: [ view_parse ] --START--
INFO: [ template_filter ] --START--
INFO: Run Behavior\ContentReplace [ RunTime:0.000000s ]
INFO: [ template_filter ] --END-- [ RunTime:0.000000s ]
INFO: Run Behavior\ParseTemplate [ RunTime:0.008001s ]
INFO: [ view_parse ] --END-- [ RunTime:0.008001s ]
INFO: [ view_filter ] --START--
INFO: Run Behavior\WriteHtmlCache [ RunTime:0.001000s ]
INFO: [ view_filter ] --END-- [ RunTime:0.001000s ]
INFO: [ app_end ] --START--
INFO: Run Behavior\ShowPageTrace [ RunTime:0.000000s ]
INFO: [ app_end ] --END-- [ RunTime:0.000000s ]

[ 2017-02-20T22:50:19+08:00 ] ::1 /aboutus/index.html
INFO: [ app_begin ] --START--
INFO: Run Behavior\ReadHtmlCache [ RunTime:0.001000s ]
INFO: [ app_begin ] --END-- [ RunTime:0.001000s ]
SQL: SHOW COLUMNS FROM `ny_product` [ RunTime:0.005001s ]
SQL: SHOW COLUMNS FROM `ny_show` [ RunTime:0.004000s ]
SQL: SELECT * FROM `ny_show` WHERE ( `id` = '1' ) LIMIT 1   [ RunTime:0.000000s ]
SQL: SHOW COLUMNS FROM `ny_patent` [ RunTime:0.003000s ]
ERR: 1146:Table 'nengyuan.ny_patent' doesn't exist
 [ SQL语句 ] : SHOW COLUMNS FROM `ny_patent`
SQL: SELECT * FROM `ny_patent` ORDER BY id desc LIMIT 0,10   [ RunTime:0.000000s ]
ERR: 1146:Table 'nengyuan.ny_patent' doesn't exist
 [ SQL语句 ] : SELECT * FROM `ny_patent` ORDER BY id desc LIMIT 0,10  
INFO: [ view_parse ] --START--
INFO: [ template_filter ] --START--
INFO: Run Behavior\ContentReplace [ RunTime:0.000000s ]
INFO: [ template_filter ] --END-- [ RunTime:0.000000s ]
INFO: Run Behavior\ParseTemplate [ RunTime:0.009001s ]
INFO: [ view_parse ] --END-- [ RunTime:0.009001s ]
INFO: [ view_filter ] --START--
INFO: Run Behavior\WriteHtmlCache [ RunTime:0.000000s ]
INFO: [ view_filter ] --END-- [ RunTime:0.000000s ]
INFO: [ app_end ] --START--
INFO: Run Behavior\ShowPageTrace [ RunTime:0.001000s ]
INFO: [ app_end ] --END-- [ RunTime:0.001000s ]

[ 2017-02-20T22:59:22+08:00 ] ::1 /aboutus/index.html
INFO: [ app_begin ] --START--
INFO: Run Behavior\ReadHtmlCache [ RunTime:0.001000s ]
INFO: [ app_begin ] --END-- [ RunTime:0.001000s ]
SQL: SHOW COLUMNS FROM `ny_product` [ RunTime:0.003000s ]
SQL: SHOW COLUMNS FROM `ny_show` [ RunTime:0.003000s ]
SQL: SELECT * FROM `ny_show` WHERE ( `id` = '1' ) LIMIT 1   [ RunTime:0.001000s ]
SQL: SHOW COLUMNS FROM `ny_patent` [ RunTime:0.003001s ]
ERR: 1146:Table 'nengyuan.ny_patent' doesn't exist
 [ SQL语句 ] : SHOW COLUMNS FROM `ny_patent`
SQL: SELECT * FROM `ny_patent` ORDER BY id desc LIMIT 0,10   [ RunTime:0.000000s ]
ERR: 1146:Table 'nengyuan.ny_patent' doesn't exist
 [ SQL语句 ] : SELECT * FROM `ny_patent` ORDER BY id desc LIMIT 0,10  
INFO: [ view_parse ] --START--
INFO: [ template_filter ] --START--
INFO: Run Behavior\ContentReplace [ RunTime:0.000000s ]
INFO: [ template_filter ] --END-- [ RunTime:0.000000s ]
INFO: Run Behavior\ParseTemplate [ RunTime:0.008000s ]
INFO: [ view_parse ] --END-- [ RunTime:0.008000s ]
INFO: [ view_filter ] --START--
INFO: Run Behavior\WriteHtmlCache [ RunTime:0.001000s ]
INFO: [ view_filter ] --END-- [ RunTime:0.001000s ]
INFO: [ app_end ] --START--
INFO: Run Behavior\ShowPageTrace [ RunTime:0.000000s ]
INFO: [ app_end ] --END-- [ RunTime:0.000000s ]

[ 2017-02-20T23:00:13+08:00 ] ::1 /aboutus/index.html
INFO: [ app_begin ] --START--
INFO: Run Behavior\ReadHtmlCache [ RunTime:0.000000s ]
INFO: [ app_begin ] --END-- [ RunTime:0.001001s ]
SQL: SHOW COLUMNS FROM `ny_product` [ RunTime:0.004000s ]
SQL: SHOW COLUMNS FROM `ny_show` [ RunTime:0.004000s ]
SQL: SELECT * FROM `ny_show` WHERE ( `id` = '1' ) LIMIT 1   [ RunTime:0.000000s ]
SQL: SHOW COLUMNS FROM `ny_patent` [ RunTime:0.003001s ]
ERR: 1146:Table 'nengyuan.ny_patent' doesn't exist
 [ SQL语句 ] : SHOW COLUMNS FROM `ny_patent`
SQL: SELECT * FROM `ny_patent` ORDER BY id desc LIMIT 0,10   [ RunTime:0.001000s ]
ERR: 1146:Table 'nengyuan.ny_patent' doesn't exist
 [ SQL语句 ] : SELECT * FROM `ny_patent` ORDER BY id desc LIMIT 0,10  
INFO: [ view_parse ] --START--
INFO: [ template_filter ] --START--
INFO: Run Behavior\ContentReplace [ RunTime:0.000000s ]
INFO: [ template_filter ] --END-- [ RunTime:0.000000s ]
INFO: Run Behavior\ParseTemplate [ RunTime:0.008000s ]
INFO: [ view_parse ] --END-- [ RunTime:0.008000s ]
INFO: [ view_filter ] --START--
INFO: Run Behavior\WriteHtmlCache [ RunTime:0.001000s ]
INFO: [ view_filter ] --END-- [ RunTime:0.001000s ]
INFO: [ app_end ] --START--
INFO: Run Behavior\ShowPageTrace [ RunTime:0.000000s ]
INFO: [ app_end ] --END-- [ RunTime:0.000000s ]

[ 2017-02-20T23:00:30+08:00 ] ::1 /aboutus/index.html
INFO: [ app_begin ] --START--
INFO: Run Behavior\ReadHtmlCache [ RunTime:0.000000s ]
INFO: [ app_begin ] --END-- [ RunTime:0.000000s ]
SQL: SHOW COLUMNS FROM `ny_product` [ RunTime:0.003000s ]
SQL: SHOW COLUMNS FROM `ny_show` [ RunTime:0.003000s ]
SQL: SELECT * FROM `ny_show` WHERE ( `id` = '1' ) LIMIT 1   [ RunTime:0.001001s ]
SQL: SHOW COLUMNS FROM `ny_patent` [ RunTime:0.002000s ]
ERR: 1146:Table 'nengyuan.ny_patent' doesn't exist
 [ SQL语句 ] : SHOW COLUMNS FROM `ny_patent`
SQL: SELECT * FROM `ny_patent` ORDER BY id desc LIMIT 0,10   [ RunTime:0.000000s ]
ERR: 1146:Table 'nengyuan.ny_patent' doesn't exist
 [ SQL语句 ] : SELECT * FROM `ny_patent` ORDER BY id desc LIMIT 0,10  
INFO: [ view_parse ] --START--
INFO: [ template_filter ] --START--
INFO: Run Behavior\ContentReplace [ RunTime:0.000000s ]
INFO: [ template_filter ] --END-- [ RunTime:0.000000s ]
INFO: Run Behavior\ParseTemplate [ RunTime:0.009000s ]
INFO: [ view_parse ] --END-- [ RunTime:0.009000s ]
INFO: [ view_filter ] --START--
INFO: Run Behavior\WriteHtmlCache [ RunTime:0.000000s ]
INFO: [ view_filter ] --END-- [ RunTime:0.000000s ]
INFO: [ app_end ] --START--
INFO: Run Behavior\ShowPageTrace [ RunTime:0.001000s ]
INFO: [ app_end ] --END-- [ RunTime:0.001000s ]

[ 2017-02-20T23:01:06+08:00 ] ::1 /aboutus/index.html
INFO: [ app_begin ] --START--
INFO: Run Behavior\ReadHtmlCache [ RunTime:0.001000s ]
INFO: [ app_begin ] --END-- [ RunTime:0.001000s ]
SQL: SHOW COLUMNS FROM `ny_product` [ RunTime:0.003001s ]
SQL: SHOW COLUMNS FROM `ny_show` [ RunTime:0.004000s ]
SQL: SELECT * FROM `ny_show` WHERE ( `id` = '1' ) LIMIT 1   [ RunTime:0.000000s ]
SQL: SHOW COLUMNS FROM `ny_patent` [ RunTime:0.004000s ]
ERR: 1146:Table 'nengyuan.ny_patent' doesn't exist
 [ SQL语句 ] : SHOW COLUMNS FROM `ny_patent`
SQL: SELECT * FROM `ny_patent` ORDER BY id desc LIMIT 0,10   [ RunTime:0.000000s ]
ERR: 1146:Table 'nengyuan.ny_patent' doesn't exist
 [ SQL语句 ] : SELECT * FROM `ny_patent` ORDER BY id desc LIMIT 0,10  
INFO: [ view_parse ] --START--
INFO: [ template_filter ] --START--
INFO: Run Behavior\ContentReplace [ RunTime:0.000000s ]
INFO: [ template_filter ] --END-- [ RunTime:0.000000s ]
INFO: Run Behavior\ParseTemplate [ RunTime:0.009000s ]
INFO: [ view_parse ] --END-- [ RunTime:0.009000s ]
INFO: [ view_filter ] --START--
INFO: Run Behavior\WriteHtmlCache [ RunTime:0.001001s ]
INFO: [ view_filter ] --END-- [ RunTime:0.001001s ]
INFO: [ app_end ] --START--
INFO: Run Behavior\ShowPageTrace [ RunTime:0.000000s ]
INFO: [ app_end ] --END-- [ RunTime:0.000000s ]

[ 2017-02-20T23:02:02+08:00 ] ::1 /aboutus/index.html
INFO: [ app_begin ] --START--
INFO: Run Behavior\ReadHtmlCache [ RunTime:0.000000s ]
INFO: [ app_begin ] --END-- [ RunTime:0.001000s ]
SQL: SHOW COLUMNS FROM `ny_product` [ RunTime:0.003001s ]
SQL: SHOW COLUMNS FROM `ny_show` [ RunTime:0.004000s ]
SQL: SELECT * FROM `ny_show` WHERE ( `id` = '1' ) LIMIT 1   [ RunTime:0.000000s ]
SQL: SHOW COLUMNS FROM `ny_patent` [ RunTime:0.004000s ]
ERR: 1146:Table 'nengyuan.ny_patent' doesn't exist
 [ SQL语句 ] : SHOW COLUMNS FROM `ny_patent`
SQL: SELECT * FROM `ny_patent` ORDER BY id desc LIMIT 0,10   [ RunTime:0.001000s ]
ERR: 1146:Table 'nengyuan.ny_patent' doesn't exist
 [ SQL语句 ] : SELECT * FROM `ny_patent` ORDER BY id desc LIMIT 0,10  
INFO: [ view_parse ] --START--
INFO: [ template_filter ] --START--
INFO: Run Behavior\ContentReplace [ RunTime:0.000000s ]
INFO: [ template_filter ] --END-- [ RunTime:0.000000s ]
INFO: Run Behavior\ParseTemplate [ RunTime:0.008001s ]
INFO: [ view_parse ] --END-- [ RunTime:0.008001s ]
INFO: [ view_filter ] --START--
INFO: Run Behavior\WriteHtmlCache [ RunTime:0.000000s ]
INFO: [ view_filter ] --END-- [ RunTime:0.000000s ]
INFO: [ app_end ] --START--
INFO: Run Behavior\ShowPageTrace [ RunTime:0.001000s ]
INFO: [ app_end ] --END-- [ RunTime:0.001000s ]

[ 2017-02-20T23:02:15+08:00 ] ::1 /aboutus/index.html
INFO: [ app_begin ] --START--
INFO: Run Behavior\ReadHtmlCache [ RunTime:0.001000s ]
INFO: [ app_begin ] --END-- [ RunTime:0.001000s ]
SQL: SHOW COLUMNS FROM `ny_product` [ RunTime:0.004001s ]
SQL: SHOW COLUMNS FROM `ny_show` [ RunTime:0.003000s ]
SQL: SELECT * FROM `ny_show` WHERE ( `id` = '1' ) LIMIT 1   [ RunTime:0.000000s ]
SQL: SHOW COLUMNS FROM `ny_patent` [ RunTime:0.003000s ]
ERR: 1146:Table 'nengyuan.ny_patent' doesn't exist
 [ SQL语句 ] : SHOW COLUMNS FROM `ny_patent`
SQL: SELECT * FROM `ny_patent` ORDER BY id desc LIMIT 0,10   [ RunTime:0.000000s ]
ERR: 1146:Table 'nengyuan.ny_patent' doesn't exist
 [ SQL语句 ] : SELECT * FROM `ny_patent` ORDER BY id desc LIMIT 0,10  
INFO: [ view_parse ] --START--
INFO: [ template_filter ] --START--
INFO: Run Behavior\ContentReplace [ RunTime:0.001000s ]
INFO: [ template_filter ] --END-- [ RunTime:0.001000s ]
INFO: Run Behavior\ParseTemplate [ RunTime:0.008001s ]
INFO: [ view_parse ] --END-- [ RunTime:0.008001s ]
INFO: [ view_filter ] --START--
INFO: Run Behavior\WriteHtmlCache [ RunTime:0.001000s ]
INFO: [ view_filter ] --END-- [ RunTime:0.001000s ]
INFO: [ app_end ] --START--
INFO: Run Behavior\ShowPageTrace [ RunTime:0.000000s ]
INFO: [ app_end ] --END-- [ RunTime:0.000000s ]

[ 2017-02-20T23:02:22+08:00 ] ::1 /aboutus/index.html
INFO: [ app_begin ] --START--
INFO: Run Behavior\ReadHtmlCache [ RunTime:0.000000s ]
INFO: [ app_begin ] --END-- [ RunTime:0.001000s ]
SQL: SHOW COLUMNS FROM `ny_product` [ RunTime:0.003000s ]
SQL: SHOW COLUMNS FROM `ny_show` [ RunTime:0.003000s ]
SQL: SELECT * FROM `ny_show` WHERE ( `id` = '1' ) LIMIT 1   [ RunTime:0.000000s ]
SQL: SHOW COLUMNS FROM `ny_patent` [ RunTime:0.004000s ]
ERR: 1146:Table 'nengyuan.ny_patent' doesn't exist
 [ SQL语句 ] : SHOW COLUMNS FROM `ny_patent`
SQL: SELECT * FROM `ny_patent` ORDER BY id desc LIMIT 0,10   [ RunTime:0.000000s ]
ERR: 1146:Table 'nengyuan.ny_patent' doesn't exist
 [ SQL语句 ] : SELECT * FROM `ny_patent` ORDER BY id desc LIMIT 0,10  
INFO: [ view_parse ] --START--
INFO: [ template_filter ] --START--
INFO: Run Behavior\ContentReplace [ RunTime:0.000000s ]
INFO: [ template_filter ] --END-- [ RunTime:0.000000s ]
INFO: Run Behavior\ParseTemplate [ RunTime:0.009001s ]
INFO: [ view_parse ] --END-- [ RunTime:0.009001s ]
INFO: [ view_filter ] --START--
INFO: Run Behavior\WriteHtmlCache [ RunTime:0.000000s ]
INFO: [ view_filter ] --END-- [ RunTime:0.000000s ]
INFO: [ app_end ] --START--
INFO: Run Behavior\ShowPageTrace [ RunTime:0.001000s ]
INFO: [ app_end ] --END-- [ RunTime:0.001000s ]

[ 2017-02-20T23:02:31+08:00 ] ::1 /aboutus/index.html
INFO: [ app_begin ] --START--
INFO: Run Behavior\ReadHtmlCache [ RunTime:0.000000s ]
INFO: [ app_begin ] --END-- [ RunTime:0.001000s ]
SQL: SHOW COLUMNS FROM `ny_product` [ RunTime:0.003000s ]
SQL: SHOW COLUMNS FROM `ny_show` [ RunTime:0.003000s ]
SQL: SELECT * FROM `ny_show` WHERE ( `id` = '1' ) LIMIT 1   [ RunTime:0.000000s ]
SQL: SHOW COLUMNS FROM `ny_patent` [ RunTime:0.003001s ]
ERR: 1146:Table 'nengyuan.ny_patent' doesn't exist
 [ SQL语句 ] : SHOW COLUMNS FROM `ny_patent`
SQL: SELECT * FROM `ny_patent` ORDER BY id desc LIMIT 0,10   [ RunTime:0.000000s ]
ERR: 1146:Table 'nengyuan.ny_patent' doesn't exist
 [ SQL语句 ] : SELECT * FROM `ny_patent` ORDER BY id desc LIMIT 0,10  
INFO: [ view_parse ] --START--
INFO: [ template_filter ] --START--
INFO: Run Behavior\ContentReplace [ RunTime:0.000000s ]
INFO: [ template_filter ] --END-- [ RunTime:0.000000s ]
INFO: Run Behavior\ParseTemplate [ RunTime:0.009000s ]
INFO: [ view_parse ] --END-- [ RunTime:0.009000s ]
INFO: [ view_filter ] --START--
INFO: Run Behavior\WriteHtmlCache [ RunTime:0.000000s ]
INFO: [ view_filter ] --END-- [ RunTime:0.000000s ]
INFO: [ app_end ] --START--
INFO: Run Behavior\ShowPageTrace [ RunTime:0.001000s ]
INFO: [ app_end ] --END-- [ RunTime:0.001000s ]

[ 2017-02-20T23:02:51+08:00 ] ::1 /aboutus/index.html
INFO: [ app_begin ] --START--
INFO: Run Behavior\ReadHtmlCache [ RunTime:0.000000s ]
INFO: [ app_begin ] --END-- [ RunTime:0.000000s ]
SQL: SHOW COLUMNS FROM `ny_product` [ RunTime:0.004000s ]
SQL: SHOW COLUMNS FROM `ny_show` [ RunTime:0.004001s ]
SQL: SELECT * FROM `ny_show` WHERE ( `id` = '1' ) LIMIT 1   [ RunTime:0.000000s ]
SQL: SHOW COLUMNS FROM `ny_patent` [ RunTime:0.003000s ]
ERR: 1146:Table 'nengyuan.ny_patent' doesn't exist
 [ SQL语句 ] : SHOW COLUMNS FROM `ny_patent`
SQL: SELECT * FROM `ny_patent` ORDER BY id desc LIMIT 0,10   [ RunTime:0.000000s ]
ERR: 1146:Table 'nengyuan.ny_patent' doesn't exist
 [ SQL语句 ] : SELECT * FROM `ny_patent` ORDER BY id desc LIMIT 0,10  
INFO: [ view_parse ] --START--
INFO: [ template_filter ] --START--
INFO: Run Behavior\ContentReplace [ RunTime:0.000000s ]
INFO: [ template_filter ] --END-- [ RunTime:0.000000s ]
INFO: Run Behavior\ParseTemplate [ RunTime:0.008000s ]
INFO: [ view_parse ] --END-- [ RunTime:0.008000s ]
INFO: [ view_filter ] --START--
INFO: Run Behavior\WriteHtmlCache [ RunTime:0.000000s ]
INFO: [ view_filter ] --END-- [ RunTime:0.000000s ]
INFO: [ app_end ] --START--
INFO: Run Behavior\ShowPageTrace [ RunTime:0.001000s ]
INFO: [ app_end ] --END-- [ RunTime:0.001000s ]

[ 2017-02-20T23:03:49+08:00 ] ::1 /aboutus/index.html
INFO: [ app_begin ] --START--
INFO: Run Behavior\ReadHtmlCache [ RunTime:0.001000s ]
INFO: [ app_begin ] --END-- [ RunTime:0.001000s ]
SQL: SHOW COLUMNS FROM `ny_product` [ RunTime:0.004001s ]
SQL: SHOW COLUMNS FROM `ny_show` [ RunTime:0.003000s ]
SQL: SELECT * FROM `ny_show` WHERE ( `id` = '1' ) LIMIT 1   [ RunTime:0.001000s ]
SQL: SHOW COLUMNS FROM `ny_patent` [ RunTime:0.003000s ]
ERR: 1146:Table 'nengyuan.ny_patent' doesn't exist
 [ SQL语句 ] : SHOW COLUMNS FROM `ny_patent`
SQL: SELECT * FROM `ny_patent` ORDER BY id desc LIMIT 0,10   [ RunTime:0.000000s ]
ERR: 1146:Table 'nengyuan.ny_patent' doesn't exist
 [ SQL语句 ] : SELECT * FROM `ny_patent` ORDER BY id desc LIMIT 0,10  
INFO: [ view_parse ] --START--
INFO: [ template_filter ] --START--
INFO: Run Behavior\ContentReplace [ RunTime:0.001000s ]
INFO: [ template_filter ] --END-- [ RunTime:0.001000s ]
INFO: Run Behavior\ParseTemplate [ RunTime:0.010001s ]
INFO: [ view_parse ] --END-- [ RunTime:0.010001s ]
INFO: [ view_filter ] --START--
INFO: Run Behavior\WriteHtmlCache [ RunTime:0.000000s ]
INFO: [ view_filter ] --END-- [ RunTime:0.001000s ]
INFO: [ app_end ] --START--
INFO: Run Behavior\ShowPageTrace [ RunTime:0.000000s ]
INFO: [ app_end ] --END-- [ RunTime:0.000000s ]

[ 2017-02-20T23:04:40+08:00 ] ::1 /aboutus/index.html
INFO: [ app_begin ] --START--
INFO: Run Behavior\ReadHtmlCache [ RunTime:0.000000s ]
INFO: [ app_begin ] --END-- [ RunTime:0.001000s ]
SQL: SHOW COLUMNS FROM `ny_product` [ RunTime:0.003000s ]
SQL: SHOW COLUMNS FROM `ny_show` [ RunTime:0.003000s ]
SQL: SELECT * FROM `ny_show` WHERE ( `id` = '1' ) LIMIT 1   [ RunTime:0.000000s ]
SQL: SHOW COLUMNS FROM `ny_patent` [ RunTime:0.002000s ]
ERR: 1146:Table 'nengyuan.ny_patent' doesn't exist
 [ SQL语句 ] : SHOW COLUMNS FROM `ny_patent`
SQL: SELECT * FROM `ny_patent` ORDER BY id desc LIMIT 0,10   [ RunTime:0.001000s ]
ERR: 1146:Table 'nengyuan.ny_patent' doesn't exist
 [ SQL语句 ] : SELECT * FROM `ny_patent` ORDER BY id desc LIMIT 0,10  
INFO: [ view_parse ] --START--
INFO: [ template_filter ] --START--
INFO: Run Behavior\ContentReplace [ RunTime:0.000000s ]
INFO: [ template_filter ] --END-- [ RunTime:0.000000s ]
INFO: Run Behavior\ParseTemplate [ RunTime:0.008001s ]
INFO: [ view_parse ] --END-- [ RunTime:0.008001s ]
INFO: [ view_filter ] --START--
INFO: Run Behavior\WriteHtmlCache [ RunTime:0.001000s ]
INFO: [ view_filter ] --END-- [ RunTime:0.001000s ]
INFO: [ app_end ] --START--
INFO: Run Behavior\ShowPageTrace [ RunTime:0.000000s ]
INFO: [ app_end ] --END-- [ RunTime:0.000000s ]

[ 2017-02-20T23:11:12+08:00 ] ::1 /aboutus/index.html
INFO: [ app_begin ] --START--
INFO: Run Behavior\ReadHtmlCache [ RunTime:0.001000s ]
INFO: [ app_begin ] --END-- [ RunTime:0.001000s ]
SQL: SHOW COLUMNS FROM `ny_product` [ RunTime:0.004000s ]
SQL: SHOW COLUMNS FROM `ny_show` [ RunTime:0.003000s ]
SQL: SELECT * FROM `ny_show` WHERE ( `id` = '1' ) LIMIT 1   [ RunTime:0.000000s ]
SQL: SHOW COLUMNS FROM `ny_patent` [ RunTime:0.004001s ]
ERR: 1146:Table 'nengyuan.ny_patent' doesn't exist
 [ SQL语句 ] : SHOW COLUMNS FROM `ny_patent`
SQL: SELECT * FROM `ny_patent` ORDER BY id desc LIMIT 0,10   [ RunTime:0.000000s ]
ERR: 1146:Table 'nengyuan.ny_patent' doesn't exist
 [ SQL语句 ] : SELECT * FROM `ny_patent` ORDER BY id desc LIMIT 0,10  
INFO: [ view_parse ] --START--
INFO: [ template_filter ] --START--
INFO: Run Behavior\ContentReplace [ RunTime:0.000000s ]
INFO: [ template_filter ] --END-- [ RunTime:0.000000s ]
INFO: Run Behavior\ParseTemplate [ RunTime:0.009000s ]
INFO: [ view_parse ] --END-- [ RunTime:0.009000s ]
INFO: [ view_filter ] --START--
INFO: Run Behavior\WriteHtmlCache [ RunTime:0.000000s ]
INFO: [ view_filter ] --END-- [ RunTime:0.000000s ]
INFO: [ app_end ] --START--
INFO: Run Behavior\ShowPageTrace [ RunTime:0.001000s ]
INFO: [ app_end ] --END-- [ RunTime:0.001000s ]

[ 2017-02-20T23:11:44+08:00 ] ::1 /aboutus/index.html
INFO: [ app_begin ] --START--
INFO: Run Behavior\ReadHtmlCache [ RunTime:0.000000s ]
INFO: [ app_begin ] --END-- [ RunTime:0.000000s ]
SQL: SHOW COLUMNS FROM `ny_product` [ RunTime:0.004000s ]
SQL: SHOW COLUMNS FROM `ny_show` [ RunTime:0.003000s ]
SQL: SELECT * FROM `ny_show` WHERE ( `id` = '1' ) LIMIT 1   [ RunTime:0.000000s ]
SQL: SHOW COLUMNS FROM `ny_patent` [ RunTime:0.003000s ]
ERR: 1146:Table 'nengyuan.ny_patent' doesn't exist
 [ SQL语句 ] : SHOW COLUMNS FROM `ny_patent`
SQL: SELECT * FROM `ny_patent` ORDER BY id desc LIMIT 0,10   [ RunTime:0.000000s ]
ERR: 1146:Table 'nengyuan.ny_patent' doesn't exist
 [ SQL语句 ] : SELECT * FROM `ny_patent` ORDER BY id desc LIMIT 0,10  
INFO: [ view_parse ] --START--
INFO: [ template_filter ] --START--
INFO: Run Behavior\ContentReplace [ RunTime:0.000000s ]
INFO: [ template_filter ] --END-- [ RunTime:0.000000s ]
INFO: Run Behavior\ParseTemplate [ RunTime:0.009001s ]
INFO: [ view_parse ] --END-- [ RunTime:0.009001s ]
INFO: [ view_filter ] --START--
INFO: Run Behavior\WriteHtmlCache [ RunTime:0.000000s ]
INFO: [ view_filter ] --END-- [ RunTime:0.000000s ]
INFO: [ app_end ] --START--
INFO: Run Behavior\ShowPageTrace [ RunTime:0.001000s ]
INFO: [ app_end ] --END-- [ RunTime:0.001000s ]

[ 2017-02-20T23:11:58+08:00 ] ::1 /aboutus/index.html
INFO: [ app_begin ] --START--
INFO: Run Behavior\ReadHtmlCache [ RunTime:0.000000s ]
INFO: [ app_begin ] --END-- [ RunTime:0.001000s ]
SQL: SHOW COLUMNS FROM `ny_product` [ RunTime:0.004000s ]
SQL: SHOW COLUMNS FROM `ny_show` [ RunTime:0.003001s ]
SQL: SELECT * FROM `ny_show` WHERE ( `id` = '1' ) LIMIT 1   [ RunTime:0.000000s ]
SQL: SHOW COLUMNS FROM `ny_patent` [ RunTime:0.002000s ]
ERR: 1146:Table 'nengyuan.ny_patent' doesn't exist
 [ SQL语句 ] : SHOW COLUMNS FROM `ny_patent`
SQL: SELECT * FROM `ny_patent` ORDER BY id desc LIMIT 0,10   [ RunTime:0.001000s ]
ERR: 1146:Table 'nengyuan.ny_patent' doesn't exist
 [ SQL语句 ] : SELECT * FROM `ny_patent` ORDER BY id desc LIMIT 0,10  
INFO: [ view_parse ] --START--
INFO: [ template_filter ] --START--
INFO: Run Behavior\ContentReplace [ RunTime:0.000000s ]
INFO: [ template_filter ] --END-- [ RunTime:0.000000s ]
INFO: Run Behavior\ParseTemplate [ RunTime:0.008000s ]
INFO: [ view_parse ] --END-- [ RunTime:0.008000s ]
INFO: [ view_filter ] --START--
INFO: Run Behavior\WriteHtmlCache [ RunTime:0.001000s ]
INFO: [ view_filter ] --END-- [ RunTime:0.001000s ]
INFO: [ app_end ] --START--
INFO: Run Behavior\ShowPageTrace [ RunTime:0.000000s ]
INFO: [ app_end ] --END-- [ RunTime:0.000000s ]

[ 2017-02-20T23:12:26+08:00 ] ::1 /aboutus/index.html
INFO: [ app_begin ] --START--
INFO: Run Behavior\ReadHtmlCache [ RunTime:0.001000s ]
INFO: [ app_begin ] --END-- [ RunTime:0.001000s ]
SQL: SHOW COLUMNS FROM `ny_product` [ RunTime:0.003000s ]
SQL: SHOW COLUMNS FROM `ny_show` [ RunTime:0.004000s ]
SQL: SELECT * FROM `ny_show` WHERE ( `id` = '1' ) LIMIT 1   [ RunTime:0.000000s ]
SQL: SHOW COLUMNS FROM `ny_patent` [ RunTime:0.002000s ]
ERR: 1146:Table 'nengyuan.ny_patent' doesn't exist
 [ SQL语句 ] : SHOW COLUMNS FROM `ny_patent`
SQL: SELECT * FROM `ny_patent` ORDER BY id desc LIMIT 0,10   [ RunTime:0.000000s ]
ERR: 1146:Table 'nengyuan.ny_patent' doesn't exist
 [ SQL语句 ] : SELECT * FROM `ny_patent` ORDER BY id desc LIMIT 0,10  
INFO: [ view_parse ] --START--
INFO: [ template_filter ] --START--
INFO: Run Behavior\ContentReplace [ RunTime:0.000000s ]
INFO: [ template_filter ] --END-- [ RunTime:0.000000s ]
INFO: Run Behavior\ParseTemplate [ RunTime:0.010001s ]
INFO: [ view_parse ] --END-- [ RunTime:0.010001s ]
INFO: [ view_filter ] --START--
INFO: Run Behavior\WriteHtmlCache [ RunTime:0.001000s ]
INFO: [ view_filter ] --END-- [ RunTime:0.001000s ]
INFO: [ app_end ] --START--
INFO: Run Behavior\ShowPageTrace [ RunTime:0.000000s ]
INFO: [ app_end ] --END-- [ RunTime:0.000000s ]

[ 2017-02-20T23:13:02+08:00 ] ::1 /aboutus/index.html
INFO: [ app_begin ] --START--
INFO: Run Behavior\ReadHtmlCache [ RunTime:0.001000s ]
INFO: [ app_begin ] --END-- [ RunTime:0.001000s ]
SQL: SHOW COLUMNS FROM `ny_product` [ RunTime:0.003000s ]
SQL: SHOW COLUMNS FROM `ny_show` [ RunTime:0.003000s ]
SQL: SELECT * FROM `ny_show` WHERE ( `id` = '1' ) LIMIT 1   [ RunTime:0.000000s ]
SQL: SHOW COLUMNS FROM `ny_patent` [ RunTime:0.003000s ]
ERR: 1146:Table 'nengyuan.ny_patent' doesn't exist
 [ SQL语句 ] : SHOW COLUMNS FROM `ny_patent`
SQL: SELECT * FROM `ny_patent` ORDER BY id desc LIMIT 0,10   [ RunTime:0.001000s ]
ERR: 1146:Table 'nengyuan.ny_patent' doesn't exist
 [ SQL语句 ] : SELECT * FROM `ny_patent` ORDER BY id desc LIMIT 0,10  
INFO: [ view_parse ] --START--
INFO: [ template_filter ] --START--
INFO: Run Behavior\ContentReplace [ RunTime:0.000000s ]
INFO: [ template_filter ] --END-- [ RunTime:0.000000s ]
INFO: Run Behavior\ParseTemplate [ RunTime:0.008001s ]
INFO: [ view_parse ] --END-- [ RunTime:0.008001s ]
INFO: [ view_filter ] --START--
INFO: Run Behavior\WriteHtmlCache [ RunTime:0.001000s ]
INFO: [ view_filter ] --END-- [ RunTime:0.001000s ]
INFO: [ app_end ] --START--
INFO: Run Behavior\ShowPageTrace [ RunTime:0.001000s ]
INFO: [ app_end ] --END-- [ RunTime:0.001000s ]

[ 2017-02-20T23:14:04+08:00 ] ::1 /aboutus/index.html
INFO: [ app_begin ] --START--
INFO: Run Behavior\ReadHtmlCache [ RunTime:0.001000s ]
INFO: [ app_begin ] --END-- [ RunTime:0.001000s ]
SQL: SHOW COLUMNS FROM `ny_product` [ RunTime:0.004000s ]
SQL: SHOW COLUMNS FROM `ny_show` [ RunTime:0.003000s ]
SQL: SELECT * FROM `ny_show` WHERE ( `id` = '1' ) LIMIT 1   [ RunTime:0.000000s ]
SQL: SHOW COLUMNS FROM `ny_patent` [ RunTime:0.003000s ]
ERR: 1146:Table 'nengyuan.ny_patent' doesn't exist
 [ SQL语句 ] : SHOW COLUMNS FROM `ny_patent`
SQL: SELECT * FROM `ny_patent` ORDER BY id desc LIMIT 0,10   [ RunTime:0.000000s ]
ERR: 1146:Table 'nengyuan.ny_patent' doesn't exist
 [ SQL语句 ] : SELECT * FROM `ny_patent` ORDER BY id desc LIMIT 0,10  
INFO: [ view_parse ] --START--
INFO: [ template_filter ] --START--
INFO: Run Behavior\ContentReplace [ RunTime:0.000000s ]
INFO: [ template_filter ] --END-- [ RunTime:0.000000s ]
INFO: Run Behavior\ParseTemplate [ RunTime:0.010001s ]
INFO: [ view_parse ] --END-- [ RunTime:0.010001s ]
INFO: [ view_filter ] --START--
INFO: Run Behavior\WriteHtmlCache [ RunTime:0.000000s ]
INFO: [ view_filter ] --END-- [ RunTime:0.000000s ]
INFO: [ app_end ] --START--
INFO: Run Behavior\ShowPageTrace [ RunTime:0.001000s ]
INFO: [ app_end ] --END-- [ RunTime:0.001000s ]

[ 2017-02-20T23:14:20+08:00 ] ::1 /aboutus/index.html
INFO: [ app_begin ] --START--
INFO: Run Behavior\ReadHtmlCache [ RunTime:0.001000s ]
INFO: [ app_begin ] --END-- [ RunTime:0.001000s ]
SQL: SHOW COLUMNS FROM `ny_product` [ RunTime:0.003001s ]
SQL: SHOW COLUMNS FROM `ny_show` [ RunTime:0.003000s ]
SQL: SELECT * FROM `ny_show` WHERE ( `id` = '1' ) LIMIT 1   [ RunTime:0.000000s ]
SQL: SHOW COLUMNS FROM `ny_patent` [ RunTime:0.003000s ]
ERR: 1146:Table 'nengyuan.ny_patent' doesn't exist
 [ SQL语句 ] : SHOW COLUMNS FROM `ny_patent`
SQL: SELECT * FROM `ny_patent` ORDER BY id desc LIMIT 0,10   [ RunTime:0.001000s ]
ERR: 1146:Table 'nengyuan.ny_patent' doesn't exist
 [ SQL语句 ] : SELECT * FROM `ny_patent` ORDER BY id desc LIMIT 0,10  
INFO: [ view_parse ] --START--
INFO: [ template_filter ] --START--
INFO: Run Behavior\ContentReplace [ RunTime:0.000000s ]
INFO: [ template_filter ] --END-- [ RunTime:0.000000s ]
INFO: Run Behavior\ParseTemplate [ RunTime:0.008000s ]
INFO: [ view_parse ] --END-- [ RunTime:0.008000s ]
INFO: [ view_filter ] --START--
INFO: Run Behavior\WriteHtmlCache [ RunTime:0.001000s ]
INFO: [ view_filter ] --END-- [ RunTime:0.001000s ]
INFO: [ app_end ] --START--
INFO: Run Behavior\ShowPageTrace [ RunTime:0.000000s ]
INFO: [ app_end ] --END-- [ RunTime:0.000000s ]

[ 2017-02-20T23:14:59+08:00 ] ::1 /aboutus/index.html
INFO: [ app_begin ] --START--
INFO: Run Behavior\ReadHtmlCache [ RunTime:0.000000s ]
INFO: [ app_begin ] --END-- [ RunTime:0.001000s ]
SQL: SHOW COLUMNS FROM `ny_product` [ RunTime:0.003000s ]
SQL: SHOW COLUMNS FROM `ny_show` [ RunTime:0.004001s ]
SQL: SELECT * FROM `ny_show` WHERE ( `id` = '1' ) LIMIT 1   [ RunTime:0.000000s ]
SQL: SHOW COLUMNS FROM `ny_patent` [ RunTime:0.003000s ]
ERR: 1146:Table 'nengyuan.ny_patent' doesn't exist
 [ SQL语句 ] : SHOW COLUMNS FROM `ny_patent`
SQL: SELECT * FROM `ny_patent` ORDER BY id desc LIMIT 0,10   [ RunTime:0.001000s ]
ERR: 1146:Table 'nengyuan.ny_patent' doesn't exist
 [ SQL语句 ] : SELECT * FROM `ny_patent` ORDER BY id desc LIMIT 0,10  
INFO: [ view_parse ] --START--
INFO: [ template_filter ] --START--
INFO: Run Behavior\ContentReplace [ RunTime:0.000000s ]
INFO: [ template_filter ] --END-- [ RunTime:0.000000s ]
INFO: Run Behavior\ParseTemplate [ RunTime:0.008000s ]
INFO: [ view_parse ] --END-- [ RunTime:0.008000s ]
INFO: [ view_filter ] --START--
INFO: Run Behavior\WriteHtmlCache [ RunTime:0.000000s ]
INFO: [ view_filter ] --END-- [ RunTime:0.000000s ]
INFO: [ app_end ] --START--
INFO: Run Behavior\ShowPageTrace [ RunTime:0.000000s ]
INFO: [ app_end ] --END-- [ RunTime:0.001000s ]

[ 2017-02-20T23:15:15+08:00 ] ::1 /aboutus/index.html
INFO: [ app_begin ] --START--
INFO: Run Behavior\ReadHtmlCache [ RunTime:0.000000s ]
INFO: [ app_begin ] --END-- [ RunTime:0.000000s ]
SQL: SHOW COLUMNS FROM `ny_product` [ RunTime:0.004000s ]
SQL: SHOW COLUMNS FROM `ny_show` [ RunTime:0.003000s ]
SQL: SELECT * FROM `ny_show` WHERE ( `id` = '1' ) LIMIT 1   [ RunTime:0.000000s ]
SQL: SHOW COLUMNS FROM `ny_patent` [ RunTime:0.003001s ]
ERR: 1146:Table 'nengyuan.ny_patent' doesn't exist
 [ SQL语句 ] : SHOW COLUMNS FROM `ny_patent`
SQL: SELECT * FROM `ny_patent` ORDER BY id desc LIMIT 0,10   [ RunTime:0.000000s ]
ERR: 1146:Table 'nengyuan.ny_patent' doesn't exist
 [ SQL语句 ] : SELECT * FROM `ny_patent` ORDER BY id desc LIMIT 0,10  
INFO: [ view_parse ] --START--
INFO: [ template_filter ] --START--
INFO: Run Behavior\ContentReplace [ RunTime:0.000000s ]
INFO: [ template_filter ] --END-- [ RunTime:0.000000s ]
INFO: Run Behavior\ParseTemplate [ RunTime:0.008000s ]
INFO: [ view_parse ] --END-- [ RunTime:0.008000s ]
INFO: [ view_filter ] --START--
INFO: Run Behavior\WriteHtmlCache [ RunTime:0.000000s ]
INFO: [ view_filter ] --END-- [ RunTime:0.000000s ]
INFO: [ app_end ] --START--
INFO: Run Behavior\ShowPageTrace [ RunTime:0.000000s ]
INFO: [ app_end ] --END-- [ RunTime:0.000000s ]

[ 2017-02-20T23:17:09+08:00 ] ::1 /news/index.html
INFO: [ app_begin ] --START--
INFO: Run Behavior\ReadHtmlCache [ RunTime:0.000000s ]
INFO: [ app_begin ] --END-- [ RunTime:0.002000s ]
NOTIC: [2048] Declaration of Home\Controller\NewsController::show() should be compatible with that of Think\Controller::show() D:\phpStudy\WWW\Application\Home\Controller\NewsController.class.php 第 46 行.
SQL: SHOW COLUMNS FROM `ny_news` [ RunTime:0.005001s ]
NOTIC: [8] Undefined variable: map D:\phpStudy\WWW\Application\Home\Controller\NewsController.class.php 第 13 行.
SQL: SELECT COUNT(*) AS tp_count FROM `ny_news` LIMIT 1   [ RunTime:0.000000s ]
NOTIC: [8] Undefined variable: map D:\phpStudy\WWW\Application\Home\Controller\NewsController.class.php 第 19 行.
SQL: SELECT * FROM `ny_news` ORDER BY sort desc,id desc LIMIT 0,9   [ RunTime:0.001000s ]
NOTIC: [8] Undefined variable: type D:\phpStudy\WWW\Application\Home\Controller\NewsController.class.php 第 22 行.
INFO: [ view_parse ] --START--
INFO: [ template_filter ] --START--
INFO: Run Behavior\ContentReplace [ RunTime:0.000000s ]
INFO: [ template_filter ] --END-- [ RunTime:0.000000s ]
INFO: Run Behavior\ParseTemplate [ RunTime:0.013001s ]
INFO: [ view_parse ] --END-- [ RunTime:0.013001s ]
INFO: [ view_filter ] --START--
INFO: Run Behavior\WriteHtmlCache [ RunTime:0.000000s ]
INFO: [ view_filter ] --END-- [ RunTime:0.001000s ]
INFO: [ app_end ] --START--
INFO: Run Behavior\ShowPageTrace [ RunTime:0.000000s ]
INFO: [ app_end ] --END-- [ RunTime:0.000000s ]

[ 2017-02-20T23:17:22+08:00 ] ::1 /aboutus/index.html
INFO: [ app_begin ] --START--
INFO: Run Behavior\ReadHtmlCache [ RunTime:0.000000s ]
INFO: [ app_begin ] --END-- [ RunTime:0.000000s ]
SQL: SHOW COLUMNS FROM `ny_product` [ RunTime:0.003001s ]
SQL: SHOW COLUMNS FROM `ny_show` [ RunTime:0.003000s ]
SQL: SELECT * FROM `ny_show` WHERE ( `id` = '1' ) LIMIT 1   [ RunTime:0.000000s ]
SQL: SHOW COLUMNS FROM `ny_patent` [ RunTime:0.003000s ]
ERR: 1146:Table 'nengyuan.ny_patent' doesn't exist
 [ SQL语句 ] : SHOW COLUMNS FROM `ny_patent`
SQL: SELECT * FROM `ny_patent` ORDER BY id desc LIMIT 0,10   [ RunTime:0.000000s ]
ERR: 1146:Table 'nengyuan.ny_patent' doesn't exist
 [ SQL语句 ] : SELECT * FROM `ny_patent` ORDER BY id desc LIMIT 0,10  
INFO: [ view_parse ] --START--
INFO: [ template_filter ] --START--
INFO: Run Behavior\ContentReplace [ RunTime:0.000000s ]
INFO: [ template_filter ] --END-- [ RunTime:0.000000s ]
INFO: Run Behavior\ParseTemplate [ RunTime:0.008000s ]
INFO: [ view_parse ] --END-- [ RunTime:0.008000s ]
INFO: [ view_filter ] --START--
INFO: Run Behavior\WriteHtmlCache [ RunTime:0.001001s ]
INFO: [ view_filter ] --END-- [ RunTime:0.001001s ]
INFO: [ app_end ] --START--
INFO: Run Behavior\ShowPageTrace [ RunTime:0.000000s ]
INFO: [ app_end ] --END-- [ RunTime:0.000000s ]

[ 2017-02-20T23:17:23+08:00 ] ::1 /product/index.html
INFO: [ app_begin ] --START--
INFO: Run Behavior\ReadHtmlCache [ RunTime:0.001000s ]
INFO: [ app_begin ] --END-- [ RunTime:0.001000s ]
ERR: 无法加载控制器:Product

[ 2017-02-20T23:27:00+08:00 ] ::1 /product/index.html
INFO: [ app_begin ] --START--
INFO: Run Behavior\ReadHtmlCache [ RunTime:0.001000s ]
INFO: [ app_begin ] --END-- [ RunTime:0.001000s ]
ERR: 无法加载控制器:Product

