[ 2017-03-20T20:05:24+08:00 ] ::1 /
INFO: [ app_begin ] --START--
INFO: Run Behavior\ReadHtmlCache [ RunTime:0.001001s ]
INFO: [ app_begin ] --END-- [ RunTime:0.002001s ]
SQL: SHOW COLUMNS FROM `zr_producttype` [ RunTime:0.004001s ]
SQL: SELECT * FROM `zr_producttype`  [ RunTime:0.000000s ]
SQL: SELECT * FROM `zr_producttype` LIMIT 0,5   [ RunTime:0.000000s ]
SQL: SHOW COLUMNS FROM `zr_product` [ RunTime:0.005000s ]
SQL: SELECT * FROM `zr_product` ORDER BY sort desc,id desc LIMIT 0,8   [ RunTime:0.001000s ]
SQL: SHOW COLUMNS FROM `zr_news` [ RunTime:0.004000s ]
SQL: SELECT * FROM `zr_news` ORDER BY sort desc,id desc LIMIT 0,7   [ RunTime:0.000000s ]
SQL: SELECT * FROM `zr_news` ORDER BY sort desc,id desc LIMIT 7,14   [ RunTime:0.001000s ]
SQL: SHOW COLUMNS FROM `zr_cooperation` [ RunTime:0.004001s ]
SQL: SELECT * FROM `zr_cooperation` ORDER BY sort desc,id desc LIMIT 0,10   [ RunTime:0.000000s ]
INFO: [ view_parse ] --START--
INFO: [ template_filter ] --START--
INFO: Run Behavior\ContentReplace [ RunTime:0.000000s ]
INFO: [ template_filter ] --END-- [ RunTime:0.001000s ]
NOTIC: [8] Use of undefined constant id - assumed 'id' D:\phpStudy\WWW\Application\Runtime\Cache\Home\2a94b8bda04ff446dcedd42276fc99ee.php 第 115 行.
NOTIC: [8] Use of undefined constant id - assumed 'id' D:\phpStudy\WWW\Application\Runtime\Cache\Home\2a94b8bda04ff446dcedd42276fc99ee.php 第 115 行.
NOTIC: [8] Use of undefined constant id - assumed 'id' D:\phpStudy\WWW\Application\Runtime\Cache\Home\2a94b8bda04ff446dcedd42276fc99ee.php 第 115 行.
NOTIC: [8] Use of undefined constant id - assumed 'id' D:\phpStudy\WWW\Application\Runtime\Cache\Home\2a94b8bda04ff446dcedd42276fc99ee.php 第 115 行.
NOTIC: [8] Use of undefined constant id - assumed 'id' D:\phpStudy\WWW\Application\Runtime\Cache\Home\2a94b8bda04ff446dcedd42276fc99ee.php 第 115 行.
NOTIC: [8] Use of undefined constant id - assumed 'id' D:\phpStudy\WWW\Application\Runtime\Cache\Home\2a94b8bda04ff446dcedd42276fc99ee.php 第 115 行.
NOTIC: [8] Use of undefined constant id - assumed 'id' D:\phpStudy\WWW\Application\Runtime\Cache\Home\2a94b8bda04ff446dcedd42276fc99ee.php 第 115 行.
NOTIC: [8] Use of undefined constant id - assumed 'id' D:\phpStudy\WWW\Application\Runtime\Cache\Home\2a94b8bda04ff446dcedd42276fc99ee.php 第 115 行.
INFO: Run Behavior\ParseTemplate [ RunTime:0.028001s ]
INFO: [ view_parse ] --END-- [ RunTime:0.028001s ]
INFO: [ view_filter ] --START--
INFO: Run Behavior\WriteHtmlCache [ RunTime:0.001000s ]
INFO: [ view_filter ] --END-- [ RunTime:0.001000s ]
INFO: [ app_end ] --START--
INFO: Run Behavior\ShowPageTrace [ RunTime:0.001000s ]
INFO: [ app_end ] --END-- [ RunTime:0.001000s ]

[ 2017-03-20T20:05:27+08:00 ] ::1 /
INFO: [ app_begin ] --START--
INFO: Run Behavior\ReadHtmlCache [ RunTime:0.001000s ]
INFO: [ app_begin ] --END-- [ RunTime:0.001000s ]
SQL: SHOW COLUMNS FROM `zr_producttype` [ RunTime:0.002000s ]
SQL: SELECT * FROM `zr_producttype`  [ RunTime:0.000000s ]
SQL: SELECT * FROM `zr_producttype` LIMIT 0,5   [ RunTime:0.000000s ]
SQL: SHOW COLUMNS FROM `zr_product` [ RunTime:0.003000s ]
SQL: SELECT * FROM `zr_product` ORDER BY sort desc,id desc LIMIT 0,8   [ RunTime:0.001000s ]
SQL: SHOW COLUMNS FROM `zr_news` [ RunTime:0.003000s ]
SQL: SELECT * FROM `zr_news` ORDER BY sort desc,id desc LIMIT 0,7   [ RunTime:0.000000s ]
SQL: SELECT * FROM `zr_news` ORDER BY sort desc,id desc LIMIT 7,14   [ RunTime:0.001000s ]
SQL: SHOW COLUMNS FROM `zr_cooperation` [ RunTime:0.002000s ]
SQL: SELECT * FROM `zr_cooperation` ORDER BY sort desc,id desc LIMIT 0,10   [ RunTime:0.001000s ]
INFO: [ view_parse ] --START--
INFO: [ template_filter ] --START--
INFO: Run Behavior\ContentReplace [ RunTime:0.000000s ]
INFO: [ template_filter ] --END-- [ RunTime:0.000000s ]
NOTIC: [8] Undefined variable: key D:\phpStudy\WWW\Application\Runtime\Cache\Home\da2245feab9f58b4dceab1f100adff9d.php 第 33 行.
NOTIC: [8] Undefined variable: company D:\phpStudy\WWW\Application\Runtime\Cache\Home\da2245feab9f58b4dceab1f100adff9d.php 第 141 行.
NOTIC: [8] Undefined variable: news D:\phpStudy\WWW\Application\Runtime\Cache\Home\da2245feab9f58b4dceab1f100adff9d.php 第 244 行.
INFO: Run Behavior\ParseTemplate [ RunTime:0.013001s ]
INFO: [ view_parse ] --END-- [ RunTime:0.013001s ]
INFO: [ view_filter ] --START--
INFO: Run Behavior\WriteHtmlCache [ RunTime:0.001000s ]
INFO: [ view_filter ] --END-- [ RunTime:0.001000s ]
INFO: [ app_end ] --START--
INFO: Run Behavior\ShowPageTrace [ RunTime:0.000000s ]
INFO: [ app_end ] --END-- [ RunTime:0.001000s ]

[ 2017-03-20T20:05:27+08:00 ] ::1 /Public/mobile/js/jquery.min.map
INFO: [ app_begin ] --START--
INFO: Run Behavior\ReadHtmlCache [ RunTime:0.000000s ]
INFO: [ app_begin ] --END-- [ RunTime:0.002000s ]
ERR: 无法加载控制器:Public

[ 2017-03-20T20:05:27+08:00 ] ::1 /Public/mobile/js/maps/swiper.min.js.map
INFO: [ app_begin ] --START--
INFO: Run Behavior\ReadHtmlCache [ RunTime:0.000000s ]
INFO: [ app_begin ] --END-- [ RunTime:0.000000s ]
ERR: 无法加载控制器:Public

[ 2017-03-20T20:10:01+08:00 ] ::1 /Public/mobile/js/jquery.min.map
INFO: [ app_begin ] --START--
INFO: Run Behavior\ReadHtmlCache [ RunTime:0.001000s ]
INFO: [ app_begin ] --END-- [ RunTime:0.002000s ]
ERR: 无法加载控制器:Public

[ 2017-03-20T20:10:01+08:00 ] ::1 /Public/mobile/js/maps/swiper.min.js.map
INFO: [ app_begin ] --START--
INFO: Run Behavior\ReadHtmlCache [ RunTime:0.001000s ]
INFO: [ app_begin ] --END-- [ RunTime:0.001000s ]
ERR: 无法加载控制器:Public

[ 2017-03-20T20:10:12+08:00 ] ::1 /
INFO: [ app_begin ] --START--
INFO: Run Behavior\ReadHtmlCache [ RunTime:0.001000s ]
INFO: [ app_begin ] --END-- [ RunTime:0.001000s ]
SQL: SHOW COLUMNS FROM `zr_producttype` [ RunTime:0.004000s ]
SQL: SELECT * FROM `zr_producttype`  [ RunTime:0.000000s ]
SQL: SELECT * FROM `zr_producttype` LIMIT 0,5   [ RunTime:0.000000s ]
SQL: SHOW COLUMNS FROM `zr_product` [ RunTime:0.003000s ]
SQL: SELECT * FROM `zr_product` ORDER BY sort desc,id desc LIMIT 0,8   [ RunTime:0.000000s ]
SQL: SHOW COLUMNS FROM `zr_news` [ RunTime:0.003000s ]
SQL: SELECT * FROM `zr_news` ORDER BY sort desc,id desc LIMIT 0,7   [ RunTime:0.000000s ]
SQL: SELECT * FROM `zr_news` ORDER BY sort desc,id desc LIMIT 7,14   [ RunTime:0.000000s ]
SQL: SHOW COLUMNS FROM `zr_cooperation` [ RunTime:0.003000s ]
SQL: SELECT * FROM `zr_cooperation` ORDER BY sort desc,id desc LIMIT 0,10   [ RunTime:0.000000s ]
INFO: [ view_parse ] --START--
INFO: [ template_filter ] --START--
INFO: Run Behavior\ContentReplace [ RunTime:0.000000s ]
INFO: [ template_filter ] --END-- [ RunTime:0.000000s ]
NOTIC: [8] Use of undefined constant id - assumed 'id' D:\phpStudy\WWW\Application\Runtime\Cache\Home\2a94b8bda04ff446dcedd42276fc99ee.php 第 115 行.
NOTIC: [8] Use of undefined constant id - assumed 'id' D:\phpStudy\WWW\Application\Runtime\Cache\Home\2a94b8bda04ff446dcedd42276fc99ee.php 第 115 行.
NOTIC: [8] Use of undefined constant id - assumed 'id' D:\phpStudy\WWW\Application\Runtime\Cache\Home\2a94b8bda04ff446dcedd42276fc99ee.php 第 115 行.
NOTIC: [8] Use of undefined constant id - assumed 'id' D:\phpStudy\WWW\Application\Runtime\Cache\Home\2a94b8bda04ff446dcedd42276fc99ee.php 第 115 行.
NOTIC: [8] Use of undefined constant id - assumed 'id' D:\phpStudy\WWW\Application\Runtime\Cache\Home\2a94b8bda04ff446dcedd42276fc99ee.php 第 115 行.
NOTIC: [8] Use of undefined constant id - assumed 'id' D:\phpStudy\WWW\Application\Runtime\Cache\Home\2a94b8bda04ff446dcedd42276fc99ee.php 第 115 行.
NOTIC: [8] Use of undefined constant id - assumed 'id' D:\phpStudy\WWW\Application\Runtime\Cache\Home\2a94b8bda04ff446dcedd42276fc99ee.php 第 115 行.
NOTIC: [8] Use of undefined constant id - assumed 'id' D:\phpStudy\WWW\Application\Runtime\Cache\Home\2a94b8bda04ff446dcedd42276fc99ee.php 第 115 行.
INFO: Run Behavior\ParseTemplate [ RunTime:0.015001s ]
INFO: [ view_parse ] --END-- [ RunTime:0.015001s ]
INFO: [ view_filter ] --START--
INFO: Run Behavior\WriteHtmlCache [ RunTime:0.000000s ]
INFO: [ view_filter ] --END-- [ RunTime:0.000000s ]
INFO: [ app_end ] --START--
INFO: Run Behavior\ShowPageTrace [ RunTime:0.000000s ]
INFO: [ app_end ] --END-- [ RunTime:0.000000s ]

