[ 2018-07-31T17:22:07+08:00 ] 127.0.0.1 /robots.txt
INFO: [ app_begin ] --START--
INFO: Run Behavior\ReadHtmlCache [ RunTime:0.015625s ]
INFO: [ app_begin ] --END-- [ RunTime:0.031250s ]
ERR: 无法加载控制器:Robots.txt

[ 2018-07-31T17:22:12+08:00 ] 127.0.0.1 /product/honor/type/2.html
INFO: [ app_begin ] --START--
INFO: Run Behavior\ReadHtmlCache [ RunTime:0.000000s ]
INFO: [ app_begin ] --END-- [ RunTime:0.000000s ]
NOTIC: [2048] Declaration of Home\Controller\ProductController::show() should be compatible with that of Think\Controller::show() D:\wwwroot\bjjsdkj\wwwroot\Application\Home\Controller\ProductController.class.php 第 7 行.
SQL: SHOW COLUMNS FROM `dr_furnituretype` [ RunTime:0.000000s ]
ERR: 1146:Table 'bjjsdkj.dr_furnituretype' doesn't exist
 [ SQL语句 ] : SHOW COLUMNS FROM `dr_furnituretype`
SQL: SELECT * FROM `dr_furnituretype` ORDER BY sort desc,id asc  [ RunTime:0.000000s ]
ERR: 1146:Table 'bjjsdkj.dr_furnituretype' doesn't exist
 [ SQL语句 ] : SELECT * FROM `dr_furnituretype` ORDER BY sort desc,id asc 
SQL: SHOW COLUMNS FROM `dr_show` [ RunTime:0.000000s ]
SQL: SELECT * FROM `dr_show` WHERE ( type=2 )  [ RunTime:0.000000s ]
SQL: SHOW COLUMNS FROM `dr_storytype` [ RunTime:0.015625s ]
ERR: 1146:Table 'bjjsdkj.dr_storytype' doesn't exist
 [ SQL语句 ] : SHOW COLUMNS FROM `dr_storytype`
SQL: SELECT * FROM `dr_storytype` ORDER BY sort desc,id asc LIMIT 0,5   [ RunTime:0.000000s ]
ERR: 1146:Table 'bjjsdkj.dr_storytype' doesn't exist
 [ SQL语句 ] : SELECT * FROM `dr_storytype` ORDER BY sort desc,id asc LIMIT 0,5  
SQL: SHOW COLUMNS FROM `dr_interlocution` [ RunTime:0.000000s ]
ERR: 1146:Table 'bjjsdkj.dr_interlocution' doesn't exist
 [ SQL语句 ] : SHOW COLUMNS FROM `dr_interlocution`
SQL: SELECT * FROM `dr_interlocution` WHERE ( type=1 ) ORDER BY sort desc,id desc LIMIT 0,6   [ RunTime:0.000000s ]
ERR: 1146:Table 'bjjsdkj.dr_interlocution' doesn't exist
 [ SQL语句 ] : SELECT * FROM `dr_interlocution` WHERE ( type=1 ) ORDER BY sort desc,id desc LIMIT 0,6  
SQL: SELECT * FROM `dr_interlocution` WHERE ( type=2 ) ORDER BY sort desc,id desc LIMIT 0,6   [ RunTime:0.000000s ]
ERR: 1146:Table 'bjjsdkj.dr_interlocution' doesn't exist
 [ SQL语句 ] : SELECT * FROM `dr_interlocution` WHERE ( type=2 ) ORDER BY sort desc,id desc LIMIT 0,6  
SQL: SELECT * FROM `dr_interlocution` WHERE ( type=3 ) ORDER BY sort desc,id desc LIMIT 0,6   [ RunTime:0.000000s ]
ERR: 1146:Table 'bjjsdkj.dr_interlocution' doesn't exist
 [ SQL语句 ] : SELECT * FROM `dr_interlocution` WHERE ( type=3 ) ORDER BY sort desc,id desc LIMIT 0,6  
SQL: SELECT * FROM `dr_interlocution` WHERE ( type=4 ) ORDER BY sort desc,id desc LIMIT 0,6   [ RunTime:0.000000s ]
ERR: 1146:Table 'bjjsdkj.dr_interlocution' doesn't exist
 [ SQL语句 ] : SELECT * FROM `dr_interlocution` WHERE ( type=4 ) ORDER BY sort desc,id desc LIMIT 0,6  
SQL: SHOW COLUMNS FROM `dr_show` [ RunTime:0.000000s ]
SQL: SELECT * FROM `dr_show` WHERE ( `id` = '2' ) LIMIT 1   [ RunTime:0.000000s ]
INFO: [ view_parse ] --START--
INFO: [ template_filter ] --START--
INFO: Run Behavior\ContentReplace [ RunTime:0.000000s ]
INFO: [ template_filter ] --END-- [ RunTime:0.000000s ]
INFO: Run Behavior\ParseTemplate [ RunTime:0.140625s ]
INFO: [ view_parse ] --END-- [ RunTime:0.140625s ]
INFO: [ view_filter ] --START--
INFO: Run Behavior\WriteHtmlCache [ RunTime:0.000000s ]
INFO: [ view_filter ] --END-- [ RunTime:0.000000s ]
INFO: [ app_end ] --START--
INFO: Run Behavior\ShowPageTrace [ RunTime:0.015625s ]
INFO: [ app_end ] --END-- [ RunTime:0.015625s ]

