[ 2018-07-26T03:15:03+08:00 ] 127.0.0.1 /robots.txt
INFO: [ app_begin ] --START--
INFO: Run Behavior\ReadHtmlCache [ RunTime:0.015625s ]
INFO: [ app_begin ] --END-- [ RunTime:0.015625s ]
ERR: 无法加载控制器:Robots.txt

[ 2018-07-26T03:15:07+08:00 ] 127.0.0.1 /product/honor/type/2.html
INFO: [ app_begin ] --START--
INFO: Run Behavior\ReadHtmlCache [ RunTime:0.000000s ]
INFO: [ app_begin ] --END-- [ RunTime:0.000000s ]
NOTIC: [2048] Declaration of Home\Controller\ProductController::show() should be compatible with that of Think\Controller::show() D:\wwwroot\bjjsdkj\wwwroot\Application\Home\Controller\ProductController.class.php 第 7 行.
SQL: SHOW COLUMNS FROM `dr_furnituretype` [ RunTime:0.000000s ]
ERR: 1146:Table 'bjjsdkj.dr_furnituretype' doesn't exist
 [ SQL语句 ] : SHOW COLUMNS FROM `dr_furnituretype`
SQL: SELECT * FROM `dr_furnituretype` ORDER BY sort desc,id asc  [ RunTime:0.000000s ]
ERR: 1146:Table 'bjjsdkj.dr_furnituretype' doesn't exist
 [ SQL语句 ] : SELECT * FROM `dr_furnituretype` ORDER BY sort desc,id asc 
SQL: SHOW COLUMNS FROM `dr_show` [ RunTime:0.015625s ]
SQL: SELECT * FROM `dr_show` WHERE ( type=2 )  [ RunTime:0.015625s ]
SQL: SHOW COLUMNS FROM `dr_storytype` [ RunTime:0.000000s ]
ERR: 1146:Table 'bjjsdkj.dr_storytype' doesn't exist
 [ SQL语句 ] : SHOW COLUMNS FROM `dr_storytype`
SQL: SELECT * FROM `dr_storytype` ORDER BY sort desc,id asc LIMIT 0,5   [ RunTime:0.000000s ]
ERR: 1146:Table 'bjjsdkj.dr_storytype' doesn't exist
 [ SQL语句 ] : SELECT * FROM `dr_storytype` ORDER BY sort desc,id asc LIMIT 0,5  
SQL: SHOW COLUMNS FROM `dr_interlocution` [ RunTime:0.000000s ]
ERR: 1146:Table 'bjjsdkj.dr_interlocution' doesn't exist
 [ SQL语句 ] : SHOW COLUMNS FROM `dr_interlocution`
SQL: SELECT * FROM `dr_interlocution` WHERE ( type=1 ) ORDER BY sort desc,id desc LIMIT 0,6   [ RunTime:0.000000s ]
ERR: 1146:Table 'bjjsdkj.dr_interlocution' doesn't exist
 [ SQL语句 ] : SELECT * FROM `dr_interlocution` WHERE ( type=1 ) ORDER BY sort desc,id desc LIMIT 0,6  
SQL: SELECT * FROM `dr_interlocution` WHERE ( type=2 ) ORDER BY sort desc,id desc LIMIT 0,6   [ RunTime:0.000000s ]
ERR: 1146:Table 'bjjsdkj.dr_interlocution' doesn't exist
 [ SQL语句 ] : SELECT * FROM `dr_interlocution` WHERE ( type=2 ) ORDER BY sort desc,id desc LIMIT 0,6  
SQL: SELECT * FROM `dr_interlocution` WHERE ( type=3 ) ORDER BY sort desc,id desc LIMIT 0,6   [ RunTime:0.000000s ]
ERR: 1146:Table 'bjjsdkj.dr_interlocution' doesn't exist
 [ SQL语句 ] : SELECT * FROM `dr_interlocution` WHERE ( type=3 ) ORDER BY sort desc,id desc LIMIT 0,6  
SQL: SELECT * FROM `dr_interlocution` WHERE ( type=4 ) ORDER BY sort desc,id desc LIMIT 0,6   [ RunTime:0.000000s ]
ERR: 1146:Table 'bjjsdkj.dr_interlocution' doesn't exist
 [ SQL语句 ] : SELECT * FROM `dr_interlocution` WHERE ( type=4 ) ORDER BY sort desc,id desc LIMIT 0,6  
SQL: SHOW COLUMNS FROM `dr_show` [ RunTime:0.015625s ]
SQL: SELECT * FROM `dr_show` WHERE ( `id` = '2' ) LIMIT 1   [ RunTime:0.000000s ]
INFO: [ view_parse ] --START--
INFO: [ template_filter ] --START--
INFO: Run Behavior\ContentReplace [ RunTime:0.000000s ]
INFO: [ template_filter ] --END-- [ RunTime:0.000000s ]
INFO: Run Behavior\ParseTemplate [ RunTime:0.109375s ]
INFO: [ view_parse ] --END-- [ RunTime:0.109375s ]
INFO: [ view_filter ] --START--
INFO: Run Behavior\WriteHtmlCache [ RunTime:0.015625s ]
INFO: [ view_filter ] --END-- [ RunTime:0.015625s ]
INFO: [ app_end ] --START--
INFO: Run Behavior\ShowPageTrace [ RunTime:0.015625s ]
INFO: [ app_end ] --END-- [ RunTime:0.015625s ]

[ 2018-07-26T07:18:51+08:00 ] 127.0.0.1 /robots.txt
INFO: [ app_begin ] --START--
INFO: Run Behavior\ReadHtmlCache [ RunTime:0.000000s ]
INFO: [ app_begin ] --END-- [ RunTime:0.000000s ]
ERR: 无法加载控制器:Robots.txt

[ 2018-07-26T07:18:55+08:00 ] 127.0.0.1 /
INFO: [ app_begin ] --START--
INFO: Run Behavior\ReadHtmlCache [ RunTime:0.000000s ]
INFO: [ app_begin ] --END-- [ RunTime:0.000000s ]
SQL: SHOW COLUMNS FROM `dr_furnituretype` [ RunTime:0.000000s ]
ERR: 1146:Table 'bjjsdkj.dr_furnituretype' doesn't exist
 [ SQL语句 ] : SHOW COLUMNS FROM `dr_furnituretype`
SQL: SELECT * FROM `dr_furnituretype` ORDER BY sort desc,id asc  [ RunTime:0.000000s ]
ERR: 1146:Table 'bjjsdkj.dr_furnituretype' doesn't exist
 [ SQL语句 ] : SELECT * FROM `dr_furnituretype` ORDER BY sort desc,id asc 
SQL: SHOW COLUMNS FROM `dr_show` [ RunTime:0.000000s ]
SQL: SELECT * FROM `dr_show` WHERE ( type=2 )  [ RunTime:0.000000s ]
SQL: SHOW COLUMNS FROM `dr_storytype` [ RunTime:0.000000s ]
ERR: 1146:Table 'bjjsdkj.dr_storytype' doesn't exist
 [ SQL语句 ] : SHOW COLUMNS FROM `dr_storytype`
SQL: SELECT * FROM `dr_storytype` ORDER BY sort desc,id asc LIMIT 0,5   [ RunTime:0.000000s ]
ERR: 1146:Table 'bjjsdkj.dr_storytype' doesn't exist
 [ SQL语句 ] : SELECT * FROM `dr_storytype` ORDER BY sort desc,id asc LIMIT 0,5  
SQL: SHOW COLUMNS FROM `dr_interlocution` [ RunTime:0.015625s ]
ERR: 1146:Table 'bjjsdkj.dr_interlocution' doesn't exist
 [ SQL语句 ] : SHOW COLUMNS FROM `dr_interlocution`
SQL: SELECT * FROM `dr_interlocution` WHERE ( type=1 ) ORDER BY sort desc,id desc LIMIT 0,6   [ RunTime:0.000000s ]
ERR: 1146:Table 'bjjsdkj.dr_interlocution' doesn't exist
 [ SQL语句 ] : SELECT * FROM `dr_interlocution` WHERE ( type=1 ) ORDER BY sort desc,id desc LIMIT 0,6  
SQL: SELECT * FROM `dr_interlocution` WHERE ( type=2 ) ORDER BY sort desc,id desc LIMIT 0,6   [ RunTime:0.000000s ]
ERR: 1146:Table 'bjjsdkj.dr_interlocution' doesn't exist
 [ SQL语句 ] : SELECT * FROM `dr_interlocution` WHERE ( type=2 ) ORDER BY sort desc,id desc LIMIT 0,6  
SQL: SELECT * FROM `dr_interlocution` WHERE ( type=3 ) ORDER BY sort desc,id desc LIMIT 0,6   [ RunTime:0.000000s ]
ERR: 1146:Table 'bjjsdkj.dr_interlocution' doesn't exist
 [ SQL语句 ] : SELECT * FROM `dr_interlocution` WHERE ( type=3 ) ORDER BY sort desc,id desc LIMIT 0,6  
SQL: SELECT * FROM `dr_interlocution` WHERE ( type=4 ) ORDER BY sort desc,id desc LIMIT 0,6   [ RunTime:0.000000s ]
ERR: 1146:Table 'bjjsdkj.dr_interlocution' doesn't exist
 [ SQL语句 ] : SELECT * FROM `dr_interlocution` WHERE ( type=4 ) ORDER BY sort desc,id desc LIMIT 0,6  
SQL: SHOW COLUMNS FROM `dr_case` [ RunTime:0.031250s ]
SQL: SELECT * FROM `dr_case` ORDER BY sort desc,id desc LIMIT 0,6   [ RunTime:0.031250s ]
SQL: SHOW COLUMNS FROM `dr_news` [ RunTime:0.015625s ]
SQL: SELECT * FROM `dr_news` ORDER BY sort desc,id desc LIMIT 0,4   [ RunTime:0.015625s ]
SQL: SHOW COLUMNS FROM `dr_course` [ RunTime:0.015625s ]
SQL: SELECT * FROM `dr_course` ORDER BY sort desc,id desc LIMIT 0,6   [ RunTime:0.015625s ]
SQL: SHOW COLUMNS FROM `dr_product` [ RunTime:0.015625s ]
SQL: SELECT * FROM `dr_product` WHERE ( type = 1 ) LIMIT 6   [ RunTime:0.000000s ]
SQL: SELECT * FROM `dr_product` WHERE ( type = 2 ) LIMIT 12   [ RunTime:0.000000s ]
SQL: SHOW COLUMNS FROM `dr_programme` [ RunTime:0.031250s ]
SQL: SELECT * FROM `dr_programme` WHERE ( type = 1 ) LIMIT 8   [ RunTime:0.000000s ]
INFO: [ view_parse ] --START--
INFO: [ template_filter ] --START--
INFO: Run Behavior\ContentReplace [ RunTime:0.000000s ]
INFO: [ template_filter ] --END-- [ RunTime:0.000000s ]
INFO: Run Behavior\ParseTemplate [ RunTime:0.046875s ]
INFO: [ view_parse ] --END-- [ RunTime:0.046875s ]
INFO: [ view_filter ] --START--
INFO: Run Behavior\WriteHtmlCache [ RunTime:0.000000s ]
INFO: [ view_filter ] --END-- [ RunTime:0.000000s ]
INFO: [ app_end ] --START--
INFO: Run Behavior\ShowPageTrace [ RunTime:0.000000s ]
INFO: [ app_end ] --END-- [ RunTime:0.000000s ]

[ 2018-07-26T07:21:25+08:00 ] 127.0.0.1 /
INFO: [ app_begin ] --START--
INFO: Run Behavior\ReadHtmlCache [ RunTime:0.015625s ]
INFO: [ app_begin ] --END-- [ RunTime:0.015625s ]
SQL: SHOW COLUMNS FROM `dr_furnituretype` [ RunTime:0.000000s ]
ERR: 1146:Table 'bjjsdkj.dr_furnituretype' doesn't exist
 [ SQL语句 ] : SHOW COLUMNS FROM `dr_furnituretype`
SQL: SELECT * FROM `dr_furnituretype` ORDER BY sort desc,id asc  [ RunTime:0.000000s ]
ERR: 1146:Table 'bjjsdkj.dr_furnituretype' doesn't exist
 [ SQL语句 ] : SELECT * FROM `dr_furnituretype` ORDER BY sort desc,id asc 
SQL: SHOW COLUMNS FROM `dr_show` [ RunTime:0.000000s ]
SQL: SELECT * FROM `dr_show` WHERE ( type=2 )  [ RunTime:0.000000s ]
SQL: SHOW COLUMNS FROM `dr_storytype` [ RunTime:0.015625s ]
ERR: 1146:Table 'bjjsdkj.dr_storytype' doesn't exist
 [ SQL语句 ] : SHOW COLUMNS FROM `dr_storytype`
SQL: SELECT * FROM `dr_storytype` ORDER BY sort desc,id asc LIMIT 0,5   [ RunTime:0.000000s ]
ERR: 1146:Table 'bjjsdkj.dr_storytype' doesn't exist
 [ SQL语句 ] : SELECT * FROM `dr_storytype` ORDER BY sort desc,id asc LIMIT 0,5  
SQL: SHOW COLUMNS FROM `dr_interlocution` [ RunTime:0.000000s ]
ERR: 1146:Table 'bjjsdkj.dr_interlocution' doesn't exist
 [ SQL语句 ] : SHOW COLUMNS FROM `dr_interlocution`
SQL: SELECT * FROM `dr_interlocution` WHERE ( type=1 ) ORDER BY sort desc,id desc LIMIT 0,6   [ RunTime:0.000000s ]
ERR: 1146:Table 'bjjsdkj.dr_interlocution' doesn't exist
 [ SQL语句 ] : SELECT * FROM `dr_interlocution` WHERE ( type=1 ) ORDER BY sort desc,id desc LIMIT 0,6  
SQL: SELECT * FROM `dr_interlocution` WHERE ( type=2 ) ORDER BY sort desc,id desc LIMIT 0,6   [ RunTime:0.000000s ]
ERR: 1146:Table 'bjjsdkj.dr_interlocution' doesn't exist
 [ SQL语句 ] : SELECT * FROM `dr_interlocution` WHERE ( type=2 ) ORDER BY sort desc,id desc LIMIT 0,6  
SQL: SELECT * FROM `dr_interlocution` WHERE ( type=3 ) ORDER BY sort desc,id desc LIMIT 0,6   [ RunTime:0.000000s ]
ERR: 1146:Table 'bjjsdkj.dr_interlocution' doesn't exist
 [ SQL语句 ] : SELECT * FROM `dr_interlocution` WHERE ( type=3 ) ORDER BY sort desc,id desc LIMIT 0,6  
SQL: SELECT * FROM `dr_interlocution` WHERE ( type=4 ) ORDER BY sort desc,id desc LIMIT 0,6   [ RunTime:0.000000s ]
ERR: 1146:Table 'bjjsdkj.dr_interlocution' doesn't exist
 [ SQL语句 ] : SELECT * FROM `dr_interlocution` WHERE ( type=4 ) ORDER BY sort desc,id desc LIMIT 0,6  
SQL: SHOW COLUMNS FROM `dr_case` [ RunTime:0.000000s ]
SQL: SELECT * FROM `dr_case` ORDER BY sort desc,id desc LIMIT 0,6   [ RunTime:0.015625s ]
SQL: SHOW COLUMNS FROM `dr_news` [ RunTime:0.000000s ]
SQL: SELECT * FROM `dr_news` ORDER BY sort desc,id desc LIMIT 0,4   [ RunTime:0.000000s ]
SQL: SHOW COLUMNS FROM `dr_course` [ RunTime:0.000000s ]
SQL: SELECT * FROM `dr_course` ORDER BY sort desc,id desc LIMIT 0,6   [ RunTime:0.000000s ]
SQL: SHOW COLUMNS FROM `dr_product` [ RunTime:0.000000s ]
SQL: SELECT * FROM `dr_product` WHERE ( type = 1 ) LIMIT 6   [ RunTime:0.000000s ]
SQL: SELECT * FROM `dr_product` WHERE ( type = 2 ) LIMIT 12   [ RunTime:0.015625s ]
SQL: SHOW COLUMNS FROM `dr_programme` [ RunTime:0.000000s ]
SQL: SELECT * FROM `dr_programme` WHERE ( type = 1 ) LIMIT 8   [ RunTime:0.000000s ]
INFO: [ view_parse ] --START--
INFO: [ template_filter ] --START--
INFO: Run Behavior\ContentReplace [ RunTime:0.000000s ]
INFO: [ template_filter ] --END-- [ RunTime:0.000000s ]
INFO: Run Behavior\ParseTemplate [ RunTime:0.015625s ]
INFO: [ view_parse ] --END-- [ RunTime:0.015625s ]
INFO: [ view_filter ] --START--
INFO: Run Behavior\WriteHtmlCache [ RunTime:0.000000s ]
INFO: [ view_filter ] --END-- [ RunTime:0.000000s ]
INFO: [ app_end ] --START--
INFO: Run Behavior\ShowPageTrace [ RunTime:0.000000s ]
INFO: [ app_end ] --END-- [ RunTime:0.000000s ]

[ 2018-07-26T10:34:49+08:00 ] 127.0.0.1 /
INFO: [ app_begin ] --START--
INFO: Run Behavior\ReadHtmlCache [ RunTime:0.015625s ]
INFO: [ app_begin ] --END-- [ RunTime:0.015625s ]
SQL: SHOW COLUMNS FROM `dr_furnituretype` [ RunTime:0.000000s ]
ERR: 1146:Table 'bjjsdkj.dr_furnituretype' doesn't exist
 [ SQL语句 ] : SHOW COLUMNS FROM `dr_furnituretype`
SQL: SELECT * FROM `dr_furnituretype` ORDER BY sort desc,id asc  [ RunTime:0.000000s ]
ERR: 1146:Table 'bjjsdkj.dr_furnituretype' doesn't exist
 [ SQL语句 ] : SELECT * FROM `dr_furnituretype` ORDER BY sort desc,id asc 
SQL: SHOW COLUMNS FROM `dr_show` [ RunTime:0.000000s ]
SQL: SELECT * FROM `dr_show` WHERE ( type=2 )  [ RunTime:0.000000s ]
SQL: SHOW COLUMNS FROM `dr_storytype` [ RunTime:0.000000s ]
ERR: 1146:Table 'bjjsdkj.dr_storytype' doesn't exist
 [ SQL语句 ] : SHOW COLUMNS FROM `dr_storytype`
SQL: SELECT * FROM `dr_storytype` ORDER BY sort desc,id asc LIMIT 0,5   [ RunTime:0.000000s ]
ERR: 1146:Table 'bjjsdkj.dr_storytype' doesn't exist
 [ SQL语句 ] : SELECT * FROM `dr_storytype` ORDER BY sort desc,id asc LIMIT 0,5  
SQL: SHOW COLUMNS FROM `dr_interlocution` [ RunTime:0.015625s ]
ERR: 1146:Table 'bjjsdkj.dr_interlocution' doesn't exist
 [ SQL语句 ] : SHOW COLUMNS FROM `dr_interlocution`
SQL: SELECT * FROM `dr_interlocution` WHERE ( type=1 ) ORDER BY sort desc,id desc LIMIT 0,6   [ RunTime:0.000000s ]
ERR: 1146:Table 'bjjsdkj.dr_interlocution' doesn't exist
 [ SQL语句 ] : SELECT * FROM `dr_interlocution` WHERE ( type=1 ) ORDER BY sort desc,id desc LIMIT 0,6  
SQL: SELECT * FROM `dr_interlocution` WHERE ( type=2 ) ORDER BY sort desc,id desc LIMIT 0,6   [ RunTime:0.000000s ]
ERR: 1146:Table 'bjjsdkj.dr_interlocution' doesn't exist
 [ SQL语句 ] : SELECT * FROM `dr_interlocution` WHERE ( type=2 ) ORDER BY sort desc,id desc LIMIT 0,6  
SQL: SELECT * FROM `dr_interlocution` WHERE ( type=3 ) ORDER BY sort desc,id desc LIMIT 0,6   [ RunTime:0.000000s ]
ERR: 1146:Table 'bjjsdkj.dr_interlocution' doesn't exist
 [ SQL语句 ] : SELECT * FROM `dr_interlocution` WHERE ( type=3 ) ORDER BY sort desc,id desc LIMIT 0,6  
SQL: SELECT * FROM `dr_interlocution` WHERE ( type=4 ) ORDER BY sort desc,id desc LIMIT 0,6   [ RunTime:0.000000s ]
ERR: 1146:Table 'bjjsdkj.dr_interlocution' doesn't exist
 [ SQL语句 ] : SELECT * FROM `dr_interlocution` WHERE ( type=4 ) ORDER BY sort desc,id desc LIMIT 0,6  
SQL: SHOW COLUMNS FROM `dr_case` [ RunTime:0.000000s ]
SQL: SELECT * FROM `dr_case` ORDER BY sort desc,id desc LIMIT 0,6   [ RunTime:0.000000s ]
SQL: SHOW COLUMNS FROM `dr_news` [ RunTime:0.000000s ]
SQL: SELECT * FROM `dr_news` ORDER BY sort desc,id desc LIMIT 0,4   [ RunTime:0.000000s ]
SQL: SHOW COLUMNS FROM `dr_course` [ RunTime:0.000000s ]
SQL: SELECT * FROM `dr_course` ORDER BY sort desc,id desc LIMIT 0,6   [ RunTime:0.000000s ]
SQL: SHOW COLUMNS FROM `dr_product` [ RunTime:0.015625s ]
SQL: SELECT * FROM `dr_product` WHERE ( type = 1 ) LIMIT 6   [ RunTime:0.000000s ]
SQL: SELECT * FROM `dr_product` WHERE ( type = 2 ) LIMIT 12   [ RunTime:0.000000s ]
SQL: SHOW COLUMNS FROM `dr_programme` [ RunTime:0.000000s ]
SQL: SELECT * FROM `dr_programme` WHERE ( type = 1 ) LIMIT 8   [ RunTime:0.015625s ]
INFO: [ view_parse ] --START--
INFO: [ template_filter ] --START--
INFO: Run Behavior\ContentReplace [ RunTime:0.000000s ]
INFO: [ template_filter ] --END-- [ RunTime:0.000000s ]
INFO: Run Behavior\ParseTemplate [ RunTime:0.031250s ]
INFO: [ view_parse ] --END-- [ RunTime:0.031250s ]
INFO: [ view_filter ] --START--
INFO: Run Behavior\WriteHtmlCache [ RunTime:0.000000s ]
INFO: [ view_filter ] --END-- [ RunTime:0.000000s ]
INFO: [ app_end ] --START--
INFO: Run Behavior\ShowPageTrace [ RunTime:0.000000s ]
INFO: [ app_end ] --END-- [ RunTime:0.000000s ]

[ 2018-07-26T10:34:49+08:00 ] 127.0.0.1 /Public/home/css/animate.css
INFO: [ app_begin ] --START--
INFO: Run Behavior\ReadHtmlCache [ RunTime:0.000000s ]
INFO: [ app_begin ] --END-- [ RunTime:0.000000s ]
ERR: 无法加载控制器:Public

[ 2018-07-26T10:34:49+08:00 ] 127.0.0.1 /Public/home/js/wow.js
INFO: [ app_begin ] --START--
INFO: Run Behavior\ReadHtmlCache [ RunTime:0.000000s ]
INFO: [ app_begin ] --END-- [ RunTime:0.000000s ]
ERR: 无法加载控制器:Public

[ 2018-07-26T10:34:49+08:00 ] 127.0.0.1 /fonts/ZELDA.ttf?t=1493272872812
INFO: [ app_begin ] --START--
INFO: Run Behavior\ReadHtmlCache [ RunTime:0.000000s ]
INFO: [ app_begin ] --END-- [ RunTime:0.000000s ]
ERR: 无法加载控制器:Fonts

[ 2018-07-26T10:34:49+08:00 ] 127.0.0.1 /fonts/ZELDA.otf?t=1493272872812
INFO: [ app_begin ] --START--
INFO: Run Behavior\ReadHtmlCache [ RunTime:0.000000s ]
INFO: [ app_begin ] --END-- [ RunTime:0.000000s ]
ERR: 无法加载控制器:Fonts

[ 2018-07-26T10:34:50+08:00 ] 127.0.0.1 /
INFO: [ app_begin ] --START--
INFO: Run Behavior\ReadHtmlCache [ RunTime:0.015625s ]
INFO: [ app_begin ] --END-- [ RunTime:0.015625s ]
SQL: SHOW COLUMNS FROM `dr_furnituretype` [ RunTime:0.000000s ]
ERR: 1146:Table 'bjjsdkj.dr_furnituretype' doesn't exist
 [ SQL语句 ] : SHOW COLUMNS FROM `dr_furnituretype`
SQL: SELECT * FROM `dr_furnituretype` ORDER BY sort desc,id asc  [ RunTime:0.000000s ]
ERR: 1146:Table 'bjjsdkj.dr_furnituretype' doesn't exist
 [ SQL语句 ] : SELECT * FROM `dr_furnituretype` ORDER BY sort desc,id asc 
SQL: SHOW COLUMNS FROM `dr_show` [ RunTime:0.015625s ]
SQL: SELECT * FROM `dr_show` WHERE ( type=2 )  [ RunTime:0.000000s ]
SQL: SHOW COLUMNS FROM `dr_storytype` [ RunTime:0.000000s ]
ERR: 1146:Table 'bjjsdkj.dr_storytype' doesn't exist
 [ SQL语句 ] : SHOW COLUMNS FROM `dr_storytype`
SQL: SELECT * FROM `dr_storytype` ORDER BY sort desc,id asc LIMIT 0,5   [ RunTime:0.000000s ]
ERR: 1146:Table 'bjjsdkj.dr_storytype' doesn't exist
 [ SQL语句 ] : SELECT * FROM `dr_storytype` ORDER BY sort desc,id asc LIMIT 0,5  
SQL: SHOW COLUMNS FROM `dr_interlocution` [ RunTime:0.015625s ]
ERR: 1146:Table 'bjjsdkj.dr_interlocution' doesn't exist
 [ SQL语句 ] : SHOW COLUMNS FROM `dr_interlocution`
SQL: SELECT * FROM `dr_interlocution` WHERE ( type=1 ) ORDER BY sort desc,id desc LIMIT 0,6   [ RunTime:0.000000s ]
ERR: 1146:Table 'bjjsdkj.dr_interlocution' doesn't exist
 [ SQL语句 ] : SELECT * FROM `dr_interlocution` WHERE ( type=1 ) ORDER BY sort desc,id desc LIMIT 0,6  
SQL: SELECT * FROM `dr_interlocution` WHERE ( type=2 ) ORDER BY sort desc,id desc LIMIT 0,6   [ RunTime:0.000000s ]
ERR: 1146:Table 'bjjsdkj.dr_interlocution' doesn't exist
 [ SQL语句 ] : SELECT * FROM `dr_interlocution` WHERE ( type=2 ) ORDER BY sort desc,id desc LIMIT 0,6  
SQL: SELECT * FROM `dr_interlocution` WHERE ( type=3 ) ORDER BY sort desc,id desc LIMIT 0,6   [ RunTime:0.000000s ]
ERR: 1146:Table 'bjjsdkj.dr_interlocution' doesn't exist
 [ SQL语句 ] : SELECT * FROM `dr_interlocution` WHERE ( type=3 ) ORDER BY sort desc,id desc LIMIT 0,6  
SQL: SELECT * FROM `dr_interlocution` WHERE ( type=4 ) ORDER BY sort desc,id desc LIMIT 0,6   [ RunTime:0.000000s ]
ERR: 1146:Table 'bjjsdkj.dr_interlocution' doesn't exist
 [ SQL语句 ] : SELECT * FROM `dr_interlocution` WHERE ( type=4 ) ORDER BY sort desc,id desc LIMIT 0,6  
SQL: SHOW COLUMNS FROM `dr_case` [ RunTime:0.000000s ]
SQL: SELECT * FROM `dr_case` ORDER BY sort desc,id desc LIMIT 0,6   [ RunTime:0.000000s ]
SQL: SHOW COLUMNS FROM `dr_news` [ RunTime:0.015625s ]
SQL: SELECT * FROM `dr_news` ORDER BY sort desc,id desc LIMIT 0,4   [ RunTime:0.000000s ]
SQL: SHOW COLUMNS FROM `dr_course` [ RunTime:0.000000s ]
SQL: SELECT * FROM `dr_course` ORDER BY sort desc,id desc LIMIT 0,6   [ RunTime:0.000000s ]
SQL: SHOW COLUMNS FROM `dr_product` [ RunTime:0.000000s ]
SQL: SELECT * FROM `dr_product` WHERE ( type = 1 ) LIMIT 6   [ RunTime:0.000000s ]
SQL: SELECT * FROM `dr_product` WHERE ( type = 2 ) LIMIT 12   [ RunTime:0.000000s ]
SQL: SHOW COLUMNS FROM `dr_programme` [ RunTime:0.000000s ]
SQL: SELECT * FROM `dr_programme` WHERE ( type = 1 ) LIMIT 8   [ RunTime:0.000000s ]
INFO: [ view_parse ] --START--
INFO: [ template_filter ] --START--
INFO: Run Behavior\ContentReplace [ RunTime:0.000000s ]
INFO: [ template_filter ] --END-- [ RunTime:0.000000s ]
INFO: Run Behavior\ParseTemplate [ RunTime:0.031250s ]
INFO: [ view_parse ] --END-- [ RunTime:0.031250s ]
INFO: [ view_filter ] --START--
INFO: Run Behavior\WriteHtmlCache [ RunTime:0.000000s ]
INFO: [ view_filter ] --END-- [ RunTime:0.000000s ]
INFO: [ app_end ] --START--
INFO: Run Behavior\ShowPageTrace [ RunTime:0.000000s ]
INFO: [ app_end ] --END-- [ RunTime:0.000000s ]

[ 2018-07-26T10:34:55+08:00 ] 127.0.0.1 /dr_htadmin
INFO: [ app_begin ] --START--
INFO: Run Behavior\ReadHtmlCache [ RunTime:0.000000s ]
INFO: [ app_begin ] --END-- [ RunTime:0.000000s ]
NOTIC: [8] Undefined index: admin D:\wwwroot\bjjsdkj\wwwroot\Application\Dr_htadmin\Controller\BaseController.class.php 第 13 行.
INFO: [ view_parse ] --START--
INFO: [ template_filter ] --START--
INFO: Run Behavior\ContentReplace [ RunTime:0.000000s ]
INFO: [ template_filter ] --END-- [ RunTime:0.000000s ]
NOTIC: [8] Undefined variable: error D:\wwwroot\bjjsdkj\wwwroot\Application\Runtime\Cache\Dr_htadmin\1515704efad5c3051be86a79b6fb2682.php 第 51 行.
INFO: Run Behavior\ParseTemplate [ RunTime:0.046875s ]
INFO: [ view_parse ] --END-- [ RunTime:0.046875s ]
INFO: [ view_filter ] --START--
INFO: Run Behavior\WriteHtmlCache [ RunTime:0.000000s ]
INFO: [ view_filter ] --END-- [ RunTime:0.000000s ]

[ 2018-07-26T10:34:57+08:00 ] 127.0.0.1 /Dr_htadmin/login/index.html
INFO: [ app_begin ] --START--
INFO: Run Behavior\ReadHtmlCache [ RunTime:0.000000s ]
INFO: [ app_begin ] --END-- [ RunTime:0.000000s ]
NOTIC: [8] Undefined index: login D:\wwwroot\bjjsdkj\wwwroot\Application\Dr_htadmin\Controller\LoginController.class.php 第 10 行.
INFO: [ view_parse ] --START--
INFO: [ template_filter ] --START--
INFO: Run Behavior\ContentReplace [ RunTime:0.000000s ]
INFO: [ template_filter ] --END-- [ RunTime:0.000000s ]
INFO: Run Behavior\ParseTemplate [ RunTime:0.031250s ]
INFO: [ view_parse ] --END-- [ RunTime:0.031250s ]
INFO: [ view_filter ] --START--
INFO: Run Behavior\WriteHtmlCache [ RunTime:0.000000s ]
INFO: [ view_filter ] --END-- [ RunTime:0.000000s ]
INFO: [ app_end ] --START--
INFO: Run Behavior\ShowPageTrace [ RunTime:0.000000s ]
INFO: [ app_end ] --END-- [ RunTime:0.000000s ]

[ 2018-07-26T10:34:57+08:00 ] 127.0.0.1 /dr_htadmin/login/verify.html
INFO: [ app_begin ] --START--
INFO: Run Behavior\ReadHtmlCache [ RunTime:0.015625s ]
INFO: [ app_begin ] --END-- [ RunTime:0.015625s ]
INFO: [ app_end ] --START--
INFO: Run Behavior\ShowPageTrace [ RunTime:0.000000s ]
INFO: [ app_end ] --END-- [ RunTime:0.000000s ]

[ 2018-07-26T10:35:06+08:00 ] 127.0.0.1 /Dr_htadmin/login/index.html
INFO: [ app_begin ] --START--
INFO: Run Behavior\ReadHtmlCache [ RunTime:0.015625s ]
INFO: [ app_begin ] --END-- [ RunTime:0.031250s ]
SQL: SHOW COLUMNS FROM `dr_user` [ RunTime:0.171875s ]
NOTIC: [8] Use of undefined constant login - assumed 'login' D:\wwwroot\bjjsdkj\wwwroot\Application\Dr_htadmin\Controller\LoginController.class.php 第 22 行.
NOTIC: [8] Use of undefined constant username - assumed 'username' D:\wwwroot\bjjsdkj\wwwroot\Application\Dr_htadmin\Controller\LoginController.class.php 第 22 行.
SQL: SELECT * FROM `dr_user` WHERE ( username='admin' ) LIMIT 1   [ RunTime:0.000000s ]
NOTIC: [8] Use of undefined constant login - assumed 'login' D:\wwwroot\bjjsdkj\wwwroot\Application\Dr_htadmin\Controller\LoginController.class.php 第 26 行.
NOTIC: [8] Use of undefined constant passwd - assumed 'passwd' D:\wwwroot\bjjsdkj\wwwroot\Application\Dr_htadmin\Controller\LoginController.class.php 第 26 行.
NOTIC: [8] A session had already been started - ignoring session_start() D:\wwwroot\bjjsdkj\wwwroot\ThinkPHP\Common\functions.php 第 1092 行.
NOTIC: [8] Undefined index: lang D:\wwwroot\bjjsdkj\wwwroot\Application\Dr_htadmin\Controller\LoginController.class.php 第 32 行.
INFO: [ view_parse ] --START--
INFO: [ template_filter ] --START--
INFO: Run Behavior\ContentReplace [ RunTime:0.000000s ]
INFO: [ template_filter ] --END-- [ RunTime:0.000000s ]
NOTIC: [8] Undefined variable: error D:\wwwroot\bjjsdkj\wwwroot\Application\Runtime\Cache\Dr_htadmin\1515704efad5c3051be86a79b6fb2682.php 第 51 行.
INFO: Run Behavior\ParseTemplate [ RunTime:0.031250s ]
INFO: [ view_parse ] --END-- [ RunTime:0.031250s ]
INFO: [ view_filter ] --START--
INFO: Run Behavior\WriteHtmlCache [ RunTime:0.000000s ]
INFO: [ view_filter ] --END-- [ RunTime:0.000000s ]

[ 2018-07-26T10:35:07+08:00 ] 127.0.0.1 /Dr_htadmin/index/index.html
INFO: [ app_begin ] --START--
INFO: Run Behavior\ReadHtmlCache [ RunTime:0.000000s ]
INFO: [ app_begin ] --END-- [ RunTime:0.000000s ]
SQL: SHOW COLUMNS FROM `dr_user` [ RunTime:0.000000s ]
SQL: SELECT * FROM `dr_user` WHERE ( uid='1' ) LIMIT 1   [ RunTime:0.000000s ]
SQL: SHOW COLUMNS FROM `dr_show` [ RunTime:0.000000s ]
SQL: SELECT * FROM `dr_show` WHERE ( type=1 )  [ RunTime:0.015625s ]
SQL: SELECT * FROM `dr_show` WHERE ( type=2 )  [ RunTime:0.000000s ]
SQL: SHOW COLUMNS FROM `dr_icolor` [ RunTime:0.000000s ]
ERR: 1146:Table 'bjjsdkj.dr_icolor' doesn't exist
 [ SQL语句 ] : SHOW COLUMNS FROM `dr_icolor`
SQL: SELECT * FROM `dr_icolor`  [ RunTime:0.000000s ]
ERR: 1146:Table 'bjjsdkj.dr_icolor' doesn't exist
 [ SQL语句 ] : SELECT * FROM `dr_icolor` 
SQL: SHOW COLUMNS FROM `dr_furnituretype` [ RunTime:0.000000s ]
ERR: 1146:Table 'bjjsdkj.dr_furnituretype' doesn't exist
 [ SQL语句 ] : SHOW COLUMNS FROM `dr_furnituretype`
SQL: SELECT * FROM `dr_furnituretype` ORDER BY sort desc,id asc  [ RunTime:0.000000s ]
ERR: 1146:Table 'bjjsdkj.dr_furnituretype' doesn't exist
 [ SQL语句 ] : SELECT * FROM `dr_furnituretype` ORDER BY sort desc,id asc 
SQL: SHOW COLUMNS FROM `dr_show` [ RunTime:0.000000s ]
SQL: SELECT * FROM `dr_show` WHERE ( type=2 )  [ RunTime:0.015625s ]
SQL: SHOW COLUMNS FROM `dr_storytype` [ RunTime:0.000000s ]
ERR: 1146:Table 'bjjsdkj.dr_storytype' doesn't exist
 [ SQL语句 ] : SHOW COLUMNS FROM `dr_storytype`
SQL: SELECT * FROM `dr_storytype` ORDER BY sort desc,id asc  [ RunTime:0.000000s ]
ERR: 1146:Table 'bjjsdkj.dr_storytype' doesn't exist
 [ SQL语句 ] : SELECT * FROM `dr_storytype` ORDER BY sort desc,id asc 
INFO: [ view_parse ] --START--
INFO: [ template_filter ] --START--
INFO: Run Behavior\ContentReplace [ RunTime:0.000000s ]
INFO: [ template_filter ] --END-- [ RunTime:0.000000s ]
NOTIC: [8] Undefined variable: gu D:\wwwroot\bjjsdkj\wwwroot\Application\Runtime\Cache\Dr_htadmin\0a7718ac7acd76d46d7fdb62ffe16357.php 第 72 行.
NOTIC: [8] Undefined variable: type D:\wwwroot\bjjsdkj\wwwroot\Application\Runtime\Cache\Dr_htadmin\0a7718ac7acd76d46d7fdb62ffe16357.php 第 140 行.
NOTIC: [8] Undefined variable: type D:\wwwroot\bjjsdkj\wwwroot\Application\Runtime\Cache\Dr_htadmin\0a7718ac7acd76d46d7fdb62ffe16357.php 第 152 行.
SQL: select version() as v; [ RunTime:0.000000s ]
INFO: Run Behavior\ParseTemplate [ RunTime:0.031250s ]
INFO: [ view_parse ] --END-- [ RunTime:0.031250s ]
INFO: [ view_filter ] --START--
INFO: Run Behavior\WriteHtmlCache [ RunTime:0.015625s ]
INFO: [ view_filter ] --END-- [ RunTime:0.015625s ]
INFO: [ app_end ] --START--
INFO: Run Behavior\ShowPageTrace [ RunTime:0.000000s ]
INFO: [ app_end ] --END-- [ RunTime:0.000000s ]

[ 2018-07-26T10:39:15+08:00 ] 127.0.0.1 /
INFO: [ app_begin ] --START--
INFO: Run Behavior\ReadHtmlCache [ RunTime:0.000000s ]
INFO: [ app_begin ] --END-- [ RunTime:0.000000s ]
SQL: SHOW COLUMNS FROM `dr_furnituretype` [ RunTime:0.000000s ]
ERR: 1146:Table 'bjjsdkj.dr_furnituretype' doesn't exist
 [ SQL语句 ] : SHOW COLUMNS FROM `dr_furnituretype`
SQL: SELECT * FROM `dr_furnituretype` ORDER BY sort desc,id asc  [ RunTime:0.000000s ]
ERR: 1146:Table 'bjjsdkj.dr_furnituretype' doesn't exist
 [ SQL语句 ] : SELECT * FROM `dr_furnituretype` ORDER BY sort desc,id asc 
SQL: SHOW COLUMNS FROM `dr_show` [ RunTime:0.000000s ]
SQL: SELECT * FROM `dr_show` WHERE ( type=2 )  [ RunTime:0.000000s ]
SQL: SHOW COLUMNS FROM `dr_storytype` [ RunTime:0.000000s ]
ERR: 1146:Table 'bjjsdkj.dr_storytype' doesn't exist
 [ SQL语句 ] : SHOW COLUMNS FROM `dr_storytype`
SQL: SELECT * FROM `dr_storytype` ORDER BY sort desc,id asc LIMIT 0,5   [ RunTime:0.015625s ]
ERR: 1146:Table 'bjjsdkj.dr_storytype' doesn't exist
 [ SQL语句 ] : SELECT * FROM `dr_storytype` ORDER BY sort desc,id asc LIMIT 0,5  
SQL: SHOW COLUMNS FROM `dr_interlocution` [ RunTime:0.000000s ]
ERR: 1146:Table 'bjjsdkj.dr_interlocution' doesn't exist
 [ SQL语句 ] : SHOW COLUMNS FROM `dr_interlocution`
SQL: SELECT * FROM `dr_interlocution` WHERE ( type=1 ) ORDER BY sort desc,id desc LIMIT 0,6   [ RunTime:0.000000s ]
ERR: 1146:Table 'bjjsdkj.dr_interlocution' doesn't exist
 [ SQL语句 ] : SELECT * FROM `dr_interlocution` WHERE ( type=1 ) ORDER BY sort desc,id desc LIMIT 0,6  
SQL: SELECT * FROM `dr_interlocution` WHERE ( type=2 ) ORDER BY sort desc,id desc LIMIT 0,6   [ RunTime:0.015625s ]
ERR: 1146:Table 'bjjsdkj.dr_interlocution' doesn't exist
 [ SQL语句 ] : SELECT * FROM `dr_interlocution` WHERE ( type=2 ) ORDER BY sort desc,id desc LIMIT 0,6  
SQL: SELECT * FROM `dr_interlocution` WHERE ( type=3 ) ORDER BY sort desc,id desc LIMIT 0,6   [ RunTime:0.000000s ]
ERR: 1146:Table 'bjjsdkj.dr_interlocution' doesn't exist
 [ SQL语句 ] : SELECT * FROM `dr_interlocution` WHERE ( type=3 ) ORDER BY sort desc,id desc LIMIT 0,6  
SQL: SELECT * FROM `dr_interlocution` WHERE ( type=4 ) ORDER BY sort desc,id desc LIMIT 0,6   [ RunTime:0.000000s ]
ERR: 1146:Table 'bjjsdkj.dr_interlocution' doesn't exist
 [ SQL语句 ] : SELECT * FROM `dr_interlocution` WHERE ( type=4 ) ORDER BY sort desc,id desc LIMIT 0,6  
SQL: SHOW COLUMNS FROM `dr_case` [ RunTime:0.000000s ]
SQL: SELECT * FROM `dr_case` ORDER BY sort desc,id desc LIMIT 0,6   [ RunTime:0.000000s ]
SQL: SHOW COLUMNS FROM `dr_news` [ RunTime:0.000000s ]
SQL: SELECT * FROM `dr_news` ORDER BY sort desc,id desc LIMIT 0,4   [ RunTime:0.015625s ]
SQL: SHOW COLUMNS FROM `dr_course` [ RunTime:0.000000s ]
SQL: SELECT * FROM `dr_course` ORDER BY sort desc,id desc LIMIT 0,6   [ RunTime:0.000000s ]
SQL: SHOW COLUMNS FROM `dr_product` [ RunTime:0.000000s ]
SQL: SELECT * FROM `dr_product` WHERE ( type = 1 ) LIMIT 6   [ RunTime:0.000000s ]
SQL: SELECT * FROM `dr_product` WHERE ( type = 2 ) LIMIT 12   [ RunTime:0.000000s ]
SQL: SHOW COLUMNS FROM `dr_programme` [ RunTime:0.015625s ]
SQL: SELECT * FROM `dr_programme` WHERE ( type = 1 ) LIMIT 8   [ RunTime:0.000000s ]
INFO: [ view_parse ] --START--
INFO: [ template_filter ] --START--
INFO: Run Behavior\ContentReplace [ RunTime:0.000000s ]
INFO: [ template_filter ] --END-- [ RunTime:0.000000s ]
INFO: Run Behavior\ParseTemplate [ RunTime:0.031250s ]
INFO: [ view_parse ] --END-- [ RunTime:0.031250s ]
INFO: [ view_filter ] --START--
INFO: Run Behavior\WriteHtmlCache [ RunTime:0.000000s ]
INFO: [ view_filter ] --END-- [ RunTime:0.000000s ]
INFO: [ app_end ] --START--
INFO: Run Behavior\ShowPageTrace [ RunTime:0.000000s ]
INFO: [ app_end ] --END-- [ RunTime:0.000000s ]

[ 2018-07-26T10:39:16+08:00 ] 127.0.0.1 /Public/home/css/animate.css
INFO: [ app_begin ] --START--
INFO: Run Behavior\ReadHtmlCache [ RunTime:0.000000s ]
INFO: [ app_begin ] --END-- [ RunTime:0.000000s ]
ERR: 无法加载控制器:Public

[ 2018-07-26T10:39:16+08:00 ] 127.0.0.1 /fonts/ZELDA.ttf?t=1493272872812
INFO: [ app_begin ] --START--
INFO: Run Behavior\ReadHtmlCache [ RunTime:0.000000s ]
INFO: [ app_begin ] --END-- [ RunTime:0.000000s ]
ERR: 无法加载控制器:Fonts

[ 2018-07-26T10:39:16+08:00 ] 127.0.0.1 /Public/home/js/wow.js
INFO: [ app_begin ] --START--
INFO: Run Behavior\ReadHtmlCache [ RunTime:0.000000s ]
INFO: [ app_begin ] --END-- [ RunTime:0.000000s ]
ERR: 无法加载控制器:Public

[ 2018-07-26T10:39:16+08:00 ] 127.0.0.1 /fonts/ZELDA.otf?t=1493272872812
INFO: [ app_begin ] --START--
INFO: Run Behavior\ReadHtmlCache [ RunTime:0.000000s ]
INFO: [ app_begin ] --END-- [ RunTime:0.015625s ]
ERR: 无法加载控制器:Fonts

[ 2018-07-26T10:39:16+08:00 ] 127.0.0.1 /
INFO: [ app_begin ] --START--
INFO: Run Behavior\ReadHtmlCache [ RunTime:0.000000s ]
INFO: [ app_begin ] --END-- [ RunTime:0.000000s ]
SQL: SHOW COLUMNS FROM `dr_furnituretype` [ RunTime:0.000000s ]
ERR: 1146:Table 'bjjsdkj.dr_furnituretype' doesn't exist
 [ SQL语句 ] : SHOW COLUMNS FROM `dr_furnituretype`
SQL: SELECT * FROM `dr_furnituretype` ORDER BY sort desc,id asc  [ RunTime:0.000000s ]
ERR: 1146:Table 'bjjsdkj.dr_furnituretype' doesn't exist
 [ SQL语句 ] : SELECT * FROM `dr_furnituretype` ORDER BY sort desc,id asc 
SQL: SHOW COLUMNS FROM `dr_show` [ RunTime:0.000000s ]
SQL: SELECT * FROM `dr_show` WHERE ( type=2 )  [ RunTime:0.000000s ]
SQL: SHOW COLUMNS FROM `dr_storytype` [ RunTime:0.000000s ]
ERR: 1146:Table 'bjjsdkj.dr_storytype' doesn't exist
 [ SQL语句 ] : SHOW COLUMNS FROM `dr_storytype`
SQL: SELECT * FROM `dr_storytype` ORDER BY sort desc,id asc LIMIT 0,5   [ RunTime:0.000000s ]
ERR: 1146:Table 'bjjsdkj.dr_storytype' doesn't exist
 [ SQL语句 ] : SELECT * FROM `dr_storytype` ORDER BY sort desc,id asc LIMIT 0,5  
SQL: SHOW COLUMNS FROM `dr_interlocution` [ RunTime:0.015625s ]
ERR: 1146:Table 'bjjsdkj.dr_interlocution' doesn't exist
 [ SQL语句 ] : SHOW COLUMNS FROM `dr_interlocution`
SQL: SELECT * FROM `dr_interlocution` WHERE ( type=1 ) ORDER BY sort desc,id desc LIMIT 0,6   [ RunTime:0.000000s ]
ERR: 1146:Table 'bjjsdkj.dr_interlocution' doesn't exist
 [ SQL语句 ] : SELECT * FROM `dr_interlocution` WHERE ( type=1 ) ORDER BY sort desc,id desc LIMIT 0,6  
SQL: SELECT * FROM `dr_interlocution` WHERE ( type=2 ) ORDER BY sort desc,id desc LIMIT 0,6   [ RunTime:0.000000s ]
ERR: 1146:Table 'bjjsdkj.dr_interlocution' doesn't exist
 [ SQL语句 ] : SELECT * FROM `dr_interlocution` WHERE ( type=2 ) ORDER BY sort desc,id desc LIMIT 0,6  
SQL: SELECT * FROM `dr_interlocution` WHERE ( type=3 ) ORDER BY sort desc,id desc LIMIT 0,6   [ RunTime:0.000000s ]
ERR: 1146:Table 'bjjsdkj.dr_interlocution' doesn't exist
 [ SQL语句 ] : SELECT * FROM `dr_interlocution` WHERE ( type=3 ) ORDER BY sort desc,id desc LIMIT 0,6  
SQL: SELECT * FROM `dr_interlocution` WHERE ( type=4 ) ORDER BY sort desc,id desc LIMIT 0,6   [ RunTime:0.000000s ]
ERR: 1146:Table 'bjjsdkj.dr_interlocution' doesn't exist
 [ SQL语句 ] : SELECT * FROM `dr_interlocution` WHERE ( type=4 ) ORDER BY sort desc,id desc LIMIT 0,6  
SQL: SHOW COLUMNS FROM `dr_case` [ RunTime:0.000000s ]
SQL: SELECT * FROM `dr_case` ORDER BY sort desc,id desc LIMIT 0,6   [ RunTime:0.000000s ]
SQL: SHOW COLUMNS FROM `dr_news` [ RunTime:0.000000s ]
SQL: SELECT * FROM `dr_news` ORDER BY sort desc,id desc LIMIT 0,4   [ RunTime:0.000000s ]
SQL: SHOW COLUMNS FROM `dr_course` [ RunTime:0.015625s ]
SQL: SELECT * FROM `dr_course` ORDER BY sort desc,id desc LIMIT 0,6   [ RunTime:0.000000s ]
SQL: SHOW COLUMNS FROM `dr_product` [ RunTime:0.000000s ]
SQL: SELECT * FROM `dr_product` WHERE ( type = 1 ) LIMIT 6   [ RunTime:0.000000s ]
SQL: SELECT * FROM `dr_product` WHERE ( type = 2 ) LIMIT 12   [ RunTime:0.000000s ]
SQL: SHOW COLUMNS FROM `dr_programme` [ RunTime:0.000000s ]
SQL: SELECT * FROM `dr_programme` WHERE ( type = 1 ) LIMIT 8   [ RunTime:0.000000s ]
INFO: [ view_parse ] --START--
INFO: [ template_filter ] --START--
INFO: Run Behavior\ContentReplace [ RunTime:0.000000s ]
INFO: [ template_filter ] --END-- [ RunTime:0.000000s ]
INFO: Run Behavior\ParseTemplate [ RunTime:0.031250s ]
INFO: [ view_parse ] --END-- [ RunTime:0.031250s ]
INFO: [ view_filter ] --START--
INFO: Run Behavior\WriteHtmlCache [ RunTime:0.000000s ]
INFO: [ view_filter ] --END-- [ RunTime:0.000000s ]
INFO: [ app_end ] --START--
INFO: Run Behavior\ShowPageTrace [ RunTime:0.000000s ]
INFO: [ app_end ] --END-- [ RunTime:0.000000s ]

[ 2018-07-26T10:39:19+08:00 ] 127.0.0.1 /dr_htadmin
INFO: [ app_begin ] --START--
INFO: Run Behavior\ReadHtmlCache [ RunTime:0.000000s ]
INFO: [ app_begin ] --END-- [ RunTime:0.000000s ]
SQL: SHOW COLUMNS FROM `dr_user` [ RunTime:0.000000s ]
SQL: SELECT * FROM `dr_user` WHERE ( uid='1' ) LIMIT 1   [ RunTime:0.000000s ]
SQL: SHOW COLUMNS FROM `dr_show` [ RunTime:0.000000s ]
SQL: SELECT * FROM `dr_show` WHERE ( type=1 )  [ RunTime:0.000000s ]
SQL: SELECT * FROM `dr_show` WHERE ( type=2 )  [ RunTime:0.000000s ]
SQL: SHOW COLUMNS FROM `dr_icolor` [ RunTime:0.015625s ]
ERR: 1146:Table 'bjjsdkj.dr_icolor' doesn't exist
 [ SQL语句 ] : SHOW COLUMNS FROM `dr_icolor`
SQL: SELECT * FROM `dr_icolor`  [ RunTime:0.000000s ]
ERR: 1146:Table 'bjjsdkj.dr_icolor' doesn't exist
 [ SQL语句 ] : SELECT * FROM `dr_icolor` 
SQL: SHOW COLUMNS FROM `dr_furnituretype` [ RunTime:0.000000s ]
ERR: 1146:Table 'bjjsdkj.dr_furnituretype' doesn't exist
 [ SQL语句 ] : SHOW COLUMNS FROM `dr_furnituretype`
SQL: SELECT * FROM `dr_furnituretype` ORDER BY sort desc,id asc  [ RunTime:0.000000s ]
ERR: 1146:Table 'bjjsdkj.dr_furnituretype' doesn't exist
 [ SQL语句 ] : SELECT * FROM `dr_furnituretype` ORDER BY sort desc,id asc 
SQL: SHOW COLUMNS FROM `dr_show` [ RunTime:0.000000s ]
SQL: SELECT * FROM `dr_show` WHERE ( type=2 )  [ RunTime:0.000000s ]
SQL: SHOW COLUMNS FROM `dr_storytype` [ RunTime:0.000000s ]
ERR: 1146:Table 'bjjsdkj.dr_storytype' doesn't exist
 [ SQL语句 ] : SHOW COLUMNS FROM `dr_storytype`
SQL: SELECT * FROM `dr_storytype` ORDER BY sort desc,id asc  [ RunTime:0.015625s ]
ERR: 1146:Table 'bjjsdkj.dr_storytype' doesn't exist
 [ SQL语句 ] : SELECT * FROM `dr_storytype` ORDER BY sort desc,id asc 
INFO: [ view_parse ] --START--
INFO: [ template_filter ] --START--
INFO: Run Behavior\ContentReplace [ RunTime:0.000000s ]
INFO: [ template_filter ] --END-- [ RunTime:0.000000s ]
NOTIC: [8] Undefined variable: gu D:\wwwroot\bjjsdkj\wwwroot\Application\Runtime\Cache\Dr_htadmin\0a7718ac7acd76d46d7fdb62ffe16357.php 第 72 行.
NOTIC: [8] Undefined variable: type D:\wwwroot\bjjsdkj\wwwroot\Application\Runtime\Cache\Dr_htadmin\0a7718ac7acd76d46d7fdb62ffe16357.php 第 140 行.
NOTIC: [8] Undefined variable: type D:\wwwroot\bjjsdkj\wwwroot\Application\Runtime\Cache\Dr_htadmin\0a7718ac7acd76d46d7fdb62ffe16357.php 第 152 行.
SQL: select version() as v; [ RunTime:0.000000s ]
INFO: Run Behavior\ParseTemplate [ RunTime:0.015625s ]
INFO: [ view_parse ] --END-- [ RunTime:0.015625s ]
INFO: [ view_filter ] --START--
INFO: Run Behavior\WriteHtmlCache [ RunTime:0.000000s ]
INFO: [ view_filter ] --END-- [ RunTime:0.000000s ]
INFO: [ app_end ] --START--
INFO: Run Behavior\ShowPageTrace [ RunTime:0.000000s ]
INFO: [ app_end ] --END-- [ RunTime:0.000000s ]

[ 2018-07-26T15:52:30+08:00 ] 127.0.0.1 /
INFO: [ app_begin ] --START--
INFO: Run Behavior\ReadHtmlCache [ RunTime:0.000000s ]
INFO: [ app_begin ] --END-- [ RunTime:0.000000s ]
SQL: SHOW COLUMNS FROM `dr_furnituretype` [ RunTime:0.000000s ]
ERR: 1146:Table 'bjjsdkj.dr_furnituretype' doesn't exist
 [ SQL语句 ] : SHOW COLUMNS FROM `dr_furnituretype`
SQL: SELECT * FROM `dr_furnituretype` ORDER BY sort desc,id asc  [ RunTime:0.000000s ]
ERR: 1146:Table 'bjjsdkj.dr_furnituretype' doesn't exist
 [ SQL语句 ] : SELECT * FROM `dr_furnituretype` ORDER BY sort desc,id asc 
SQL: SHOW COLUMNS FROM `dr_show` [ RunTime:0.000000s ]
SQL: SELECT * FROM `dr_show` WHERE ( type=2 )  [ RunTime:0.000000s ]
SQL: SHOW COLUMNS FROM `dr_storytype` [ RunTime:0.015625s ]
ERR: 1146:Table 'bjjsdkj.dr_storytype' doesn't exist
 [ SQL语句 ] : SHOW COLUMNS FROM `dr_storytype`
SQL: SELECT * FROM `dr_storytype` ORDER BY sort desc,id asc LIMIT 0,5   [ RunTime:0.000000s ]
ERR: 1146:Table 'bjjsdkj.dr_storytype' doesn't exist
 [ SQL语句 ] : SELECT * FROM `dr_storytype` ORDER BY sort desc,id asc LIMIT 0,5  
SQL: SHOW COLUMNS FROM `dr_interlocution` [ RunTime:0.000000s ]
ERR: 1146:Table 'bjjsdkj.dr_interlocution' doesn't exist
 [ SQL语句 ] : SHOW COLUMNS FROM `dr_interlocution`
SQL: SELECT * FROM `dr_interlocution` WHERE ( type=1 ) ORDER BY sort desc,id desc LIMIT 0,6   [ RunTime:0.000000s ]
ERR: 1146:Table 'bjjsdkj.dr_interlocution' doesn't exist
 [ SQL语句 ] : SELECT * FROM `dr_interlocution` WHERE ( type=1 ) ORDER BY sort desc,id desc LIMIT 0,6  
SQL: SELECT * FROM `dr_interlocution` WHERE ( type=2 ) ORDER BY sort desc,id desc LIMIT 0,6   [ RunTime:0.000000s ]
ERR: 1146:Table 'bjjsdkj.dr_interlocution' doesn't exist
 [ SQL语句 ] : SELECT * FROM `dr_interlocution` WHERE ( type=2 ) ORDER BY sort desc,id desc LIMIT 0,6  
SQL: SELECT * FROM `dr_interlocution` WHERE ( type=3 ) ORDER BY sort desc,id desc LIMIT 0,6   [ RunTime:0.000000s ]
ERR: 1146:Table 'bjjsdkj.dr_interlocution' doesn't exist
 [ SQL语句 ] : SELECT * FROM `dr_interlocution` WHERE ( type=3 ) ORDER BY sort desc,id desc LIMIT 0,6  
SQL: SELECT * FROM `dr_interlocution` WHERE ( type=4 ) ORDER BY sort desc,id desc LIMIT 0,6   [ RunTime:0.000000s ]
ERR: 1146:Table 'bjjsdkj.dr_interlocution' doesn't exist
 [ SQL语句 ] : SELECT * FROM `dr_interlocution` WHERE ( type=4 ) ORDER BY sort desc,id desc LIMIT 0,6  
SQL: SHOW COLUMNS FROM `dr_case` [ RunTime:0.000000s ]
SQL: SELECT * FROM `dr_case` ORDER BY sort desc,id desc LIMIT 0,6   [ RunTime:0.000000s ]
SQL: SHOW COLUMNS FROM `dr_news` [ RunTime:0.000000s ]
SQL: SELECT * FROM `dr_news` ORDER BY sort desc,id desc LIMIT 0,4   [ RunTime:0.000000s ]
SQL: SHOW COLUMNS FROM `dr_course` [ RunTime:0.015625s ]
SQL: SELECT * FROM `dr_course` ORDER BY sort desc,id desc LIMIT 0,6   [ RunTime:0.000000s ]
SQL: SHOW COLUMNS FROM `dr_product` [ RunTime:0.000000s ]
SQL: SELECT * FROM `dr_product` WHERE ( type = 1 ) LIMIT 6   [ RunTime:0.000000s ]
SQL: SELECT * FROM `dr_product` WHERE ( type = 2 ) LIMIT 12   [ RunTime:0.000000s ]
SQL: SHOW COLUMNS FROM `dr_programme` [ RunTime:0.015625s ]
SQL: SELECT * FROM `dr_programme` WHERE ( type = 1 ) LIMIT 8   [ RunTime:0.000000s ]
INFO: [ view_parse ] --START--
INFO: [ template_filter ] --START--
INFO: Run Behavior\ContentReplace [ RunTime:0.000000s ]
INFO: [ template_filter ] --END-- [ RunTime:0.000000s ]
INFO: Run Behavior\ParseTemplate [ RunTime:0.062500s ]
INFO: [ view_parse ] --END-- [ RunTime:0.062500s ]
INFO: [ view_filter ] --START--
INFO: Run Behavior\WriteHtmlCache [ RunTime:0.000000s ]
INFO: [ view_filter ] --END-- [ RunTime:0.000000s ]
INFO: [ app_end ] --START--
INFO: Run Behavior\ShowPageTrace [ RunTime:0.000000s ]
INFO: [ app_end ] --END-- [ RunTime:0.000000s ]

[ 2018-07-26T15:52:33+08:00 ] 127.0.0.1 /fonts/ZELDA.ttf?t=1493272872812
INFO: [ app_begin ] --START--
INFO: Run Behavior\ReadHtmlCache [ RunTime:0.000000s ]
INFO: [ app_begin ] --END-- [ RunTime:0.000000s ]
ERR: 无法加载控制器:Fonts

[ 2018-07-26T15:52:33+08:00 ] 127.0.0.1 /fonts/ZELDA.otf?t=1493272872812
INFO: [ app_begin ] --START--
INFO: Run Behavior\ReadHtmlCache [ RunTime:0.000000s ]
INFO: [ app_begin ] --END-- [ RunTime:0.000000s ]
ERR: 无法加载控制器:Fonts

[ 2018-07-26T15:52:33+08:00 ] 127.0.0.1 /
INFO: [ app_begin ] --START--
INFO: Run Behavior\ReadHtmlCache [ RunTime:0.000000s ]
INFO: [ app_begin ] --END-- [ RunTime:0.000000s ]
SQL: SHOW COLUMNS FROM `dr_furnituretype` [ RunTime:0.000000s ]
ERR: 1146:Table 'bjjsdkj.dr_furnituretype' doesn't exist
 [ SQL语句 ] : SHOW COLUMNS FROM `dr_furnituretype`
SQL: SELECT * FROM `dr_furnituretype` ORDER BY sort desc,id asc  [ RunTime:0.000000s ]
ERR: 1146:Table 'bjjsdkj.dr_furnituretype' doesn't exist
 [ SQL语句 ] : SELECT * FROM `dr_furnituretype` ORDER BY sort desc,id asc 
SQL: SHOW COLUMNS FROM `dr_show` [ RunTime:0.000000s ]
SQL: SELECT * FROM `dr_show` WHERE ( type=2 )  [ RunTime:0.000000s ]
SQL: SHOW COLUMNS FROM `dr_storytype` [ RunTime:0.000000s ]
ERR: 1146:Table 'bjjsdkj.dr_storytype' doesn't exist
 [ SQL语句 ] : SHOW COLUMNS FROM `dr_storytype`
SQL: SELECT * FROM `dr_storytype` ORDER BY sort desc,id asc LIMIT 0,5   [ RunTime:0.000000s ]
ERR: 1146:Table 'bjjsdkj.dr_storytype' doesn't exist
 [ SQL语句 ] : SELECT * FROM `dr_storytype` ORDER BY sort desc,id asc LIMIT 0,5  
SQL: SHOW COLUMNS FROM `dr_interlocution` [ RunTime:0.000000s ]
ERR: 1146:Table 'bjjsdkj.dr_interlocution' doesn't exist
 [ SQL语句 ] : SHOW COLUMNS FROM `dr_interlocution`
SQL: SELECT * FROM `dr_interlocution` WHERE ( type=1 ) ORDER BY sort desc,id desc LIMIT 0,6   [ RunTime:0.000000s ]
ERR: 1146:Table 'bjjsdkj.dr_interlocution' doesn't exist
 [ SQL语句 ] : SELECT * FROM `dr_interlocution` WHERE ( type=1 ) ORDER BY sort desc,id desc LIMIT 0,6  
SQL: SELECT * FROM `dr_interlocution` WHERE ( type=2 ) ORDER BY sort desc,id desc LIMIT 0,6   [ RunTime:0.000000s ]
ERR: 1146:Table 'bjjsdkj.dr_interlocution' doesn't exist
 [ SQL语句 ] : SELECT * FROM `dr_interlocution` WHERE ( type=2 ) ORDER BY sort desc,id desc LIMIT 0,6  
SQL: SELECT * FROM `dr_interlocution` WHERE ( type=3 ) ORDER BY sort desc,id desc LIMIT 0,6   [ RunTime:0.000000s ]
ERR: 1146:Table 'bjjsdkj.dr_interlocution' doesn't exist
 [ SQL语句 ] : SELECT * FROM `dr_interlocution` WHERE ( type=3 ) ORDER BY sort desc,id desc LIMIT 0,6  
SQL: SELECT * FROM `dr_interlocution` WHERE ( type=4 ) ORDER BY sort desc,id desc LIMIT 0,6   [ RunTime:0.000000s ]
ERR: 1146:Table 'bjjsdkj.dr_interlocution' doesn't exist
 [ SQL语句 ] : SELECT * FROM `dr_interlocution` WHERE ( type=4 ) ORDER BY sort desc,id desc LIMIT 0,6  
SQL: SHOW COLUMNS FROM `dr_case` [ RunTime:0.000000s ]
SQL: SELECT * FROM `dr_case` ORDER BY sort desc,id desc LIMIT 0,6   [ RunTime:0.000000s ]
SQL: SHOW COLUMNS FROM `dr_news` [ RunTime:0.000000s ]
SQL: SELECT * FROM `dr_news` ORDER BY sort desc,id desc LIMIT 0,4   [ RunTime:0.000000s ]
SQL: SHOW COLUMNS FROM `dr_course` [ RunTime:0.015625s ]
SQL: SELECT * FROM `dr_course` ORDER BY sort desc,id desc LIMIT 0,6   [ RunTime:0.000000s ]
SQL: SHOW COLUMNS FROM `dr_product` [ RunTime:0.000000s ]
SQL: SELECT * FROM `dr_product` WHERE ( type = 1 ) LIMIT 6   [ RunTime:0.000000s ]
SQL: SELECT * FROM `dr_product` WHERE ( type = 2 ) LIMIT 12   [ RunTime:0.000000s ]
SQL: SHOW COLUMNS FROM `dr_programme` [ RunTime:0.000000s ]
SQL: SELECT * FROM `dr_programme` WHERE ( type = 1 ) LIMIT 8   [ RunTime:0.000000s ]
INFO: [ view_parse ] --START--
INFO: [ template_filter ] --START--
INFO: Run Behavior\ContentReplace [ RunTime:0.000000s ]
INFO: [ template_filter ] --END-- [ RunTime:0.000000s ]
INFO: Run Behavior\ParseTemplate [ RunTime:0.031250s ]
INFO: [ view_parse ] --END-- [ RunTime:0.031250s ]
INFO: [ view_filter ] --START--
INFO: Run Behavior\WriteHtmlCache [ RunTime:0.000000s ]
INFO: [ view_filter ] --END-- [ RunTime:0.000000s ]
INFO: [ app_end ] --START--
INFO: Run Behavior\ShowPageTrace [ RunTime:0.000000s ]
INFO: [ app_end ] --END-- [ RunTime:0.000000s ]

[ 2018-07-26T16:35:28+08:00 ] 127.0.0.1 /
INFO: [ app_begin ] --START--
INFO: Run Behavior\ReadHtmlCache [ RunTime:0.000000s ]
INFO: [ app_begin ] --END-- [ RunTime:0.000000s ]
SQL: SHOW COLUMNS FROM `dr_furnituretype` [ RunTime:0.000000s ]
ERR: 1146:Table 'bjjsdkj.dr_furnituretype' doesn't exist
 [ SQL语句 ] : SHOW COLUMNS FROM `dr_furnituretype`
SQL: SELECT * FROM `dr_furnituretype` ORDER BY sort desc,id asc  [ RunTime:0.000000s ]
ERR: 1146:Table 'bjjsdkj.dr_furnituretype' doesn't exist
 [ SQL语句 ] : SELECT * FROM `dr_furnituretype` ORDER BY sort desc,id asc 
SQL: SHOW COLUMNS FROM `dr_show` [ RunTime:0.000000s ]
SQL: SELECT * FROM `dr_show` WHERE ( type=2 )  [ RunTime:0.000000s ]
SQL: SHOW COLUMNS FROM `dr_storytype` [ RunTime:0.000000s ]
ERR: 1146:Table 'bjjsdkj.dr_storytype' doesn't exist
 [ SQL语句 ] : SHOW COLUMNS FROM `dr_storytype`
SQL: SELECT * FROM `dr_storytype` ORDER BY sort desc,id asc LIMIT 0,5   [ RunTime:0.000000s ]
ERR: 1146:Table 'bjjsdkj.dr_storytype' doesn't exist
 [ SQL语句 ] : SELECT * FROM `dr_storytype` ORDER BY sort desc,id asc LIMIT 0,5  
SQL: SHOW COLUMNS FROM `dr_interlocution` [ RunTime:0.015625s ]
ERR: 1146:Table 'bjjsdkj.dr_interlocution' doesn't exist
 [ SQL语句 ] : SHOW COLUMNS FROM `dr_interlocution`
SQL: SELECT * FROM `dr_interlocution` WHERE ( type=1 ) ORDER BY sort desc,id desc LIMIT 0,6   [ RunTime:0.000000s ]
ERR: 1146:Table 'bjjsdkj.dr_interlocution' doesn't exist
 [ SQL语句 ] : SELECT * FROM `dr_interlocution` WHERE ( type=1 ) ORDER BY sort desc,id desc LIMIT 0,6  
SQL: SELECT * FROM `dr_interlocution` WHERE ( type=2 ) ORDER BY sort desc,id desc LIMIT 0,6   [ RunTime:0.000000s ]
ERR: 1146:Table 'bjjsdkj.dr_interlocution' doesn't exist
 [ SQL语句 ] : SELECT * FROM `dr_interlocution` WHERE ( type=2 ) ORDER BY sort desc,id desc LIMIT 0,6  
SQL: SELECT * FROM `dr_interlocution` WHERE ( type=3 ) ORDER BY sort desc,id desc LIMIT 0,6   [ RunTime:0.000000s ]
ERR: 1146:Table 'bjjsdkj.dr_interlocution' doesn't exist
 [ SQL语句 ] : SELECT * FROM `dr_interlocution` WHERE ( type=3 ) ORDER BY sort desc,id desc LIMIT 0,6  
SQL: SELECT * FROM `dr_interlocution` WHERE ( type=4 ) ORDER BY sort desc,id desc LIMIT 0,6   [ RunTime:0.000000s ]
ERR: 1146:Table 'bjjsdkj.dr_interlocution' doesn't exist
 [ SQL语句 ] : SELECT * FROM `dr_interlocution` WHERE ( type=4 ) ORDER BY sort desc,id desc LIMIT 0,6  
SQL: SHOW COLUMNS FROM `dr_case` [ RunTime:0.000000s ]
SQL: SELECT * FROM `dr_case` ORDER BY sort desc,id desc LIMIT 0,6   [ RunTime:0.000000s ]
SQL: SHOW COLUMNS FROM `dr_news` [ RunTime:0.015625s ]
SQL: SELECT * FROM `dr_news` ORDER BY sort desc,id desc LIMIT 0,4   [ RunTime:0.000000s ]
SQL: SHOW COLUMNS FROM `dr_course` [ RunTime:0.000000s ]
SQL: SELECT * FROM `dr_course` ORDER BY sort desc,id desc LIMIT 0,6   [ RunTime:0.000000s ]
SQL: SHOW COLUMNS FROM `dr_product` [ RunTime:0.015625s ]
SQL: SELECT * FROM `dr_product` WHERE ( type = 1 ) LIMIT 6   [ RunTime:0.000000s ]
SQL: SELECT * FROM `dr_product` WHERE ( type = 2 ) LIMIT 12   [ RunTime:0.000000s ]
SQL: SHOW COLUMNS FROM `dr_programme` [ RunTime:0.000000s ]
SQL: SELECT * FROM `dr_programme` WHERE ( type = 1 ) LIMIT 8   [ RunTime:0.000000s ]
INFO: [ view_parse ] --START--
INFO: [ template_filter ] --START--
INFO: Run Behavior\ContentReplace [ RunTime:0.000000s ]
INFO: [ template_filter ] --END-- [ RunTime:0.000000s ]
INFO: Run Behavior\ParseTemplate [ RunTime:0.031250s ]
INFO: [ view_parse ] --END-- [ RunTime:0.031250s ]
INFO: [ view_filter ] --START--
INFO: Run Behavior\WriteHtmlCache [ RunTime:0.015625s ]
INFO: [ view_filter ] --END-- [ RunTime:0.015625s ]
INFO: [ app_end ] --START--
INFO: Run Behavior\ShowPageTrace [ RunTime:0.000000s ]
INFO: [ app_end ] --END-- [ RunTime:0.000000s ]

[ 2018-07-26T16:35:28+08:00 ] 127.0.0.1 /Public/home/css/animate.css
INFO: [ app_begin ] --START--
INFO: Run Behavior\ReadHtmlCache [ RunTime:0.000000s ]
INFO: [ app_begin ] --END-- [ RunTime:0.000000s ]
ERR: 无法加载控制器:Public

[ 2018-07-26T16:35:29+08:00 ] 127.0.0.1 /fonts/ZELDA.ttf?t=1493272872812
INFO: [ app_begin ] --START--
INFO: Run Behavior\ReadHtmlCache [ RunTime:0.000000s ]
INFO: [ app_begin ] --END-- [ RunTime:0.000000s ]
ERR: 无法加载控制器:Fonts

[ 2018-07-26T16:35:29+08:00 ] 127.0.0.1 /
INFO: [ app_begin ] --START--
INFO: Run Behavior\ReadHtmlCache [ RunTime:0.000000s ]
INFO: [ app_begin ] --END-- [ RunTime:0.000000s ]
SQL: SHOW COLUMNS FROM `dr_furnituretype` [ RunTime:0.000000s ]
ERR: 1146:Table 'bjjsdkj.dr_furnituretype' doesn't exist
 [ SQL语句 ] : SHOW COLUMNS FROM `dr_furnituretype`
SQL: SELECT * FROM `dr_furnituretype` ORDER BY sort desc,id asc  [ RunTime:0.000000s ]
ERR: 1146:Table 'bjjsdkj.dr_furnituretype' doesn't exist
 [ SQL语句 ] : SELECT * FROM `dr_furnituretype` ORDER BY sort desc,id asc 
SQL: SHOW COLUMNS FROM `dr_show` [ RunTime:0.000000s ]
SQL: SELECT * FROM `dr_show` WHERE ( type=2 )  [ RunTime:0.000000s ]
SQL: SHOW COLUMNS FROM `dr_storytype` [ RunTime:0.015625s ]
ERR: 1146:Table 'bjjsdkj.dr_storytype' doesn't exist
 [ SQL语句 ] : SHOW COLUMNS FROM `dr_storytype`
SQL: SELECT * FROM `dr_storytype` ORDER BY sort desc,id asc LIMIT 0,5   [ RunTime:0.000000s ]
ERR: 1146:Table 'bjjsdkj.dr_storytype' doesn't exist
 [ SQL语句 ] : SELECT * FROM `dr_storytype` ORDER BY sort desc,id asc LIMIT 0,5  
SQL: SHOW COLUMNS FROM `dr_interlocution` [ RunTime:0.000000s ]
ERR: 1146:Table 'bjjsdkj.dr_interlocution' doesn't exist
 [ SQL语句 ] : SHOW COLUMNS FROM `dr_interlocution`
SQL: SELECT * FROM `dr_interlocution` WHERE ( type=1 ) ORDER BY sort desc,id desc LIMIT 0,6   [ RunTime:0.000000s ]
ERR: 1146:Table 'bjjsdkj.dr_interlocution' doesn't exist
 [ SQL语句 ] : SELECT * FROM `dr_interlocution` WHERE ( type=1 ) ORDER BY sort desc,id desc LIMIT 0,6  
SQL: SELECT * FROM `dr_interlocution` WHERE ( type=2 ) ORDER BY sort desc,id desc LIMIT 0,6   [ RunTime:0.000000s ]
ERR: 1146:Table 'bjjsdkj.dr_interlocution' doesn't exist
 [ SQL语句 ] : SELECT * FROM `dr_interlocution` WHERE ( type=2 ) ORDER BY sort desc,id desc LIMIT 0,6  
SQL: SELECT * FROM `dr_interlocution` WHERE ( type=3 ) ORDER BY sort desc,id desc LIMIT 0,6   [ RunTime:0.000000s ]
ERR: 1146:Table 'bjjsdkj.dr_interlocution' doesn't exist
 [ SQL语句 ] : SELECT * FROM `dr_interlocution` WHERE ( type=3 ) ORDER BY sort desc,id desc LIMIT 0,6  
SQL: SELECT * FROM `dr_interlocution` WHERE ( type=4 ) ORDER BY sort desc,id desc LIMIT 0,6   [ RunTime:0.000000s ]
ERR: 1146:Table 'bjjsdkj.dr_interlocution' doesn't exist
 [ SQL语句 ] : SELECT * FROM `dr_interlocution` WHERE ( type=4 ) ORDER BY sort desc,id desc LIMIT 0,6  
SQL: SHOW COLUMNS FROM `dr_case` [ RunTime:0.000000s ]
SQL: SELECT * FROM `dr_case` ORDER BY sort desc,id desc LIMIT 0,6   [ RunTime:0.000000s ]
SQL: SHOW COLUMNS FROM `dr_news` [ RunTime:0.015625s ]
SQL: SELECT * FROM `dr_news` ORDER BY sort desc,id desc LIMIT 0,4   [ RunTime:0.000000s ]
SQL: SHOW COLUMNS FROM `dr_course` [ RunTime:0.000000s ]
SQL: SELECT * FROM `dr_course` ORDER BY sort desc,id desc LIMIT 0,6   [ RunTime:0.000000s ]
SQL: SHOW COLUMNS FROM `dr_product` [ RunTime:0.015625s ]
SQL: SELECT * FROM `dr_product` WHERE ( type = 1 ) LIMIT 6   [ RunTime:0.000000s ]
SQL: SELECT * FROM `dr_product` WHERE ( type = 2 ) LIMIT 12   [ RunTime:0.000000s ]
SQL: SHOW COLUMNS FROM `dr_programme` [ RunTime:0.000000s ]
SQL: SELECT * FROM `dr_programme` WHERE ( type = 1 ) LIMIT 8   [ RunTime:0.000000s ]
INFO: [ view_parse ] --START--
INFO: [ template_filter ] --START--
INFO: Run Behavior\ContentReplace [ RunTime:0.000000s ]
INFO: [ template_filter ] --END-- [ RunTime:0.000000s ]
INFO: Run Behavior\ParseTemplate [ RunTime:0.031250s ]
INFO: [ view_parse ] --END-- [ RunTime:0.031250s ]
INFO: [ view_filter ] --START--
INFO: Run Behavior\WriteHtmlCache [ RunTime:0.000000s ]
INFO: [ view_filter ] --END-- [ RunTime:0.000000s ]
INFO: [ app_end ] --START--
INFO: Run Behavior\ShowPageTrace [ RunTime:0.000000s ]
INFO: [ app_end ] --END-- [ RunTime:0.000000s ]

[ 2018-07-26T16:35:29+08:00 ] 127.0.0.1 /Public/home/js/wow.js
INFO: [ app_begin ] --START--
INFO: Run Behavior\ReadHtmlCache [ RunTime:0.000000s ]
INFO: [ app_begin ] --END-- [ RunTime:0.000000s ]
ERR: 无法加载控制器:Public

[ 2018-07-26T16:35:29+08:00 ] 127.0.0.1 /fonts/ZELDA.otf?t=1493272872812
INFO: [ app_begin ] --START--
INFO: Run Behavior\ReadHtmlCache [ RunTime:0.015625s ]
INFO: [ app_begin ] --END-- [ RunTime:0.015625s ]
ERR: 无法加载控制器:Fonts

