[ 2018-07-29T07:52:59+08:00 ] 127.0.0.1 /robots.txt
INFO: [ app_begin ] --START--
INFO: Run Behavior\ReadHtmlCache [ RunTime:0.015625s ]
INFO: [ app_begin ] --END-- [ RunTime:0.015625s ]
ERR: 无法加载控制器:Robots.txt

[ 2018-07-29T07:53:03+08:00 ] 127.0.0.1 /
INFO: [ app_begin ] --START--
INFO: Run Behavior\ReadHtmlCache [ RunTime:0.000000s ]
INFO: [ app_begin ] --END-- [ RunTime:0.000000s ]
SQL: SHOW COLUMNS FROM `dr_furnituretype` [ RunTime:0.000000s ]
ERR: 1146:Table 'bjjsdkj.dr_furnituretype' doesn't exist
 [ SQL语句 ] : SHOW COLUMNS FROM `dr_furnituretype`
SQL: SELECT * FROM `dr_furnituretype` ORDER BY sort desc,id asc  [ RunTime:0.000000s ]
ERR: 1146:Table 'bjjsdkj.dr_furnituretype' doesn't exist
 [ SQL语句 ] : SELECT * FROM `dr_furnituretype` ORDER BY sort desc,id asc 
SQL: SHOW COLUMNS FROM `dr_show` [ RunTime:0.015625s ]
SQL: SELECT * FROM `dr_show` WHERE ( type=2 )  [ RunTime:0.000000s ]
SQL: SHOW COLUMNS FROM `dr_storytype` [ RunTime:0.000000s ]
ERR: 1146:Table 'bjjsdkj.dr_storytype' doesn't exist
 [ SQL语句 ] : SHOW COLUMNS FROM `dr_storytype`
SQL: SELECT * FROM `dr_storytype` ORDER BY sort desc,id asc LIMIT 0,5   [ RunTime:0.000000s ]
ERR: 1146:Table 'bjjsdkj.dr_storytype' doesn't exist
 [ SQL语句 ] : SELECT * FROM `dr_storytype` ORDER BY sort desc,id asc LIMIT 0,5  
SQL: SHOW COLUMNS FROM `dr_interlocution` [ RunTime:0.000000s ]
ERR: 1146:Table 'bjjsdkj.dr_interlocution' doesn't exist
 [ SQL语句 ] : SHOW COLUMNS FROM `dr_interlocution`
SQL: SELECT * FROM `dr_interlocution` WHERE ( type=1 ) ORDER BY sort desc,id desc LIMIT 0,6   [ RunTime:0.000000s ]
ERR: 1146:Table 'bjjsdkj.dr_interlocution' doesn't exist
 [ SQL语句 ] : SELECT * FROM `dr_interlocution` WHERE ( type=1 ) ORDER BY sort desc,id desc LIMIT 0,6  
SQL: SELECT * FROM `dr_interlocution` WHERE ( type=2 ) ORDER BY sort desc,id desc LIMIT 0,6   [ RunTime:0.000000s ]
ERR: 1146:Table 'bjjsdkj.dr_interlocution' doesn't exist
 [ SQL语句 ] : SELECT * FROM `dr_interlocution` WHERE ( type=2 ) ORDER BY sort desc,id desc LIMIT 0,6  
SQL: SELECT * FROM `dr_interlocution` WHERE ( type=3 ) ORDER BY sort desc,id desc LIMIT 0,6   [ RunTime:0.000000s ]
ERR: 1146:Table 'bjjsdkj.dr_interlocution' doesn't exist
 [ SQL语句 ] : SELECT * FROM `dr_interlocution` WHERE ( type=3 ) ORDER BY sort desc,id desc LIMIT 0,6  
SQL: SELECT * FROM `dr_interlocution` WHERE ( type=4 ) ORDER BY sort desc,id desc LIMIT 0,6   [ RunTime:0.000000s ]
ERR: 1146:Table 'bjjsdkj.dr_interlocution' doesn't exist
 [ SQL语句 ] : SELECT * FROM `dr_interlocution` WHERE ( type=4 ) ORDER BY sort desc,id desc LIMIT 0,6  
SQL: SHOW COLUMNS FROM `dr_case` [ RunTime:0.031250s ]
SQL: SELECT * FROM `dr_case` ORDER BY sort desc,id desc LIMIT 0,6   [ RunTime:0.031250s ]
SQL: SHOW COLUMNS FROM `dr_news` [ RunTime:0.031250s ]
SQL: SELECT * FROM `dr_news` ORDER BY sort desc,id desc LIMIT 0,4   [ RunTime:0.015625s ]
SQL: SHOW COLUMNS FROM `dr_course` [ RunTime:0.031250s ]
SQL: SELECT * FROM `dr_course` ORDER BY sort desc,id desc LIMIT 0,6   [ RunTime:0.000000s ]
SQL: SHOW COLUMNS FROM `dr_product` [ RunTime:0.015625s ]
SQL: SELECT * FROM `dr_product` WHERE ( type = 1 ) LIMIT 6   [ RunTime:0.000000s ]
SQL: SELECT * FROM `dr_product` WHERE ( type = 2 ) LIMIT 12   [ RunTime:0.000000s ]
SQL: SHOW COLUMNS FROM `dr_programme` [ RunTime:0.015625s ]
SQL: SELECT * FROM `dr_programme` WHERE ( type = 1 ) LIMIT 8   [ RunTime:0.015625s ]
INFO: [ view_parse ] --START--
INFO: [ template_filter ] --START--
INFO: Run Behavior\ContentReplace [ RunTime:0.000000s ]
INFO: [ template_filter ] --END-- [ RunTime:0.000000s ]
INFO: Run Behavior\ParseTemplate [ RunTime:0.093750s ]
INFO: [ view_parse ] --END-- [ RunTime:0.093750s ]
INFO: [ view_filter ] --START--
INFO: Run Behavior\WriteHtmlCache [ RunTime:0.015625s ]
INFO: [ view_filter ] --END-- [ RunTime:0.015625s ]
INFO: [ app_end ] --START--
INFO: Run Behavior\ShowPageTrace [ RunTime:0.000000s ]
INFO: [ app_end ] --END-- [ RunTime:0.000000s ]

[ 2018-07-29T08:43:34+08:00 ] 127.0.0.1 /
INFO: [ app_begin ] --START--
INFO: Run Behavior\ReadHtmlCache [ RunTime:0.000000s ]
INFO: [ app_begin ] --END-- [ RunTime:0.000000s ]
SQL: SHOW COLUMNS FROM `dr_furnituretype` [ RunTime:0.000000s ]
ERR: 1146:Table 'bjjsdkj.dr_furnituretype' doesn't exist
 [ SQL语句 ] : SHOW COLUMNS FROM `dr_furnituretype`
SQL: SELECT * FROM `dr_furnituretype` ORDER BY sort desc,id asc  [ RunTime:0.000000s ]
ERR: 1146:Table 'bjjsdkj.dr_furnituretype' doesn't exist
 [ SQL语句 ] : SELECT * FROM `dr_furnituretype` ORDER BY sort desc,id asc 
SQL: SHOW COLUMNS FROM `dr_show` [ RunTime:0.000000s ]
SQL: SELECT * FROM `dr_show` WHERE ( type=2 )  [ RunTime:0.000000s ]
SQL: SHOW COLUMNS FROM `dr_storytype` [ RunTime:0.015625s ]
ERR: 1146:Table 'bjjsdkj.dr_storytype' doesn't exist
 [ SQL语句 ] : SHOW COLUMNS FROM `dr_storytype`
SQL: SELECT * FROM `dr_storytype` ORDER BY sort desc,id asc LIMIT 0,5   [ RunTime:0.000000s ]
ERR: 1146:Table 'bjjsdkj.dr_storytype' doesn't exist
 [ SQL语句 ] : SELECT * FROM `dr_storytype` ORDER BY sort desc,id asc LIMIT 0,5  
SQL: SHOW COLUMNS FROM `dr_interlocution` [ RunTime:0.000000s ]
ERR: 1146:Table 'bjjsdkj.dr_interlocution' doesn't exist
 [ SQL语句 ] : SHOW COLUMNS FROM `dr_interlocution`
SQL: SELECT * FROM `dr_interlocution` WHERE ( type=1 ) ORDER BY sort desc,id desc LIMIT 0,6   [ RunTime:0.000000s ]
ERR: 1146:Table 'bjjsdkj.dr_interlocution' doesn't exist
 [ SQL语句 ] : SELECT * FROM `dr_interlocution` WHERE ( type=1 ) ORDER BY sort desc,id desc LIMIT 0,6  
SQL: SELECT * FROM `dr_interlocution` WHERE ( type=2 ) ORDER BY sort desc,id desc LIMIT 0,6   [ RunTime:0.000000s ]
ERR: 1146:Table 'bjjsdkj.dr_interlocution' doesn't exist
 [ SQL语句 ] : SELECT * FROM `dr_interlocution` WHERE ( type=2 ) ORDER BY sort desc,id desc LIMIT 0,6  
SQL: SELECT * FROM `dr_interlocution` WHERE ( type=3 ) ORDER BY sort desc,id desc LIMIT 0,6   [ RunTime:0.000000s ]
ERR: 1146:Table 'bjjsdkj.dr_interlocution' doesn't exist
 [ SQL语句 ] : SELECT * FROM `dr_interlocution` WHERE ( type=3 ) ORDER BY sort desc,id desc LIMIT 0,6  
SQL: SELECT * FROM `dr_interlocution` WHERE ( type=4 ) ORDER BY sort desc,id desc LIMIT 0,6   [ RunTime:0.000000s ]
ERR: 1146:Table 'bjjsdkj.dr_interlocution' doesn't exist
 [ SQL语句 ] : SELECT * FROM `dr_interlocution` WHERE ( type=4 ) ORDER BY sort desc,id desc LIMIT 0,6  
SQL: SHOW COLUMNS FROM `dr_case` [ RunTime:0.000000s ]
SQL: SELECT * FROM `dr_case` ORDER BY sort desc,id desc LIMIT 0,6   [ RunTime:0.000000s ]
SQL: SHOW COLUMNS FROM `dr_news` [ RunTime:0.031250s ]
SQL: SELECT * FROM `dr_news` ORDER BY sort desc,id desc LIMIT 0,4   [ RunTime:0.000000s ]
SQL: SHOW COLUMNS FROM `dr_course` [ RunTime:0.000000s ]
SQL: SELECT * FROM `dr_course` ORDER BY sort desc,id desc LIMIT 0,6   [ RunTime:0.000000s ]
SQL: SHOW COLUMNS FROM `dr_product` [ RunTime:0.000000s ]
SQL: SELECT * FROM `dr_product` WHERE ( type = 1 ) LIMIT 6   [ RunTime:0.000000s ]
SQL: SELECT * FROM `dr_product` WHERE ( type = 2 ) LIMIT 12   [ RunTime:0.015625s ]
SQL: SHOW COLUMNS FROM `dr_programme` [ RunTime:0.000000s ]
SQL: SELECT * FROM `dr_programme` WHERE ( type = 1 ) LIMIT 8   [ RunTime:0.000000s ]
INFO: [ view_parse ] --START--
INFO: [ template_filter ] --START--
INFO: Run Behavior\ContentReplace [ RunTime:0.000000s ]
INFO: [ template_filter ] --END-- [ RunTime:0.000000s ]
INFO: Run Behavior\ParseTemplate [ RunTime:0.015625s ]
INFO: [ view_parse ] --END-- [ RunTime:0.015625s ]
INFO: [ view_filter ] --START--
INFO: Run Behavior\WriteHtmlCache [ RunTime:0.000000s ]
INFO: [ view_filter ] --END-- [ RunTime:0.000000s ]
INFO: [ app_end ] --START--
INFO: Run Behavior\ShowPageTrace [ RunTime:0.000000s ]
INFO: [ app_end ] --END-- [ RunTime:0.000000s ]

[ 2018-07-29T08:43:35+08:00 ] 127.0.0.1 /Public/home/css/animate.css
INFO: [ app_begin ] --START--
INFO: Run Behavior\ReadHtmlCache [ RunTime:0.015625s ]
INFO: [ app_begin ] --END-- [ RunTime:0.015625s ]
ERR: 无法加载控制器:Public

[ 2018-07-29T08:43:39+08:00 ] 127.0.0.1 /Public/home/js/wow.js
INFO: [ app_begin ] --START--
INFO: Run Behavior\ReadHtmlCache [ RunTime:0.000000s ]
INFO: [ app_begin ] --END-- [ RunTime:0.000000s ]
ERR: 无法加载控制器:Public

[ 2018-07-29T08:43:41+08:00 ] 127.0.0.1 /fonts/ZELDA.ttf?t=1493272872812
INFO: [ app_begin ] --START--
INFO: Run Behavior\ReadHtmlCache [ RunTime:0.000000s ]
INFO: [ app_begin ] --END-- [ RunTime:0.000000s ]
ERR: 无法加载控制器:Fonts

[ 2018-07-29T08:43:42+08:00 ] 127.0.0.1 /fonts/ZELDA.otf?t=1493272872812
INFO: [ app_begin ] --START--
INFO: Run Behavior\ReadHtmlCache [ RunTime:0.000000s ]
INFO: [ app_begin ] --END-- [ RunTime:0.000000s ]
ERR: 无法加载控制器:Fonts

